Summary for Connections 1 to 50:
  Avg Non-persistent count: 1929.54
  Avg Persistent count: 1927.50
  Avg Total when both present: 3857.04
  Avg Only persistent count: 5536.04
  Avg Only non-persistent count: 2882.92
  Avg Persistent bytes read: 6797241.12
  Avg Non-persistent bytes read: 4881297.12
  Avg Persistent ratio: 0.50
  Avg Non-persistent ratio: 0.50
  Avg Connection 2 duration: 0.844640 sec
  Avg Throughput Persistent: 60.86 Mbps
  Avg Throughput Non-Persistent: 45.90 Mbps
  Avg Persistent packets: 4695.86
  Avg Non-Persistent packets: 3372.20

Summary for Connections 51 to 100:
  Avg Non-persistent count: 1912.84
  Avg Persistent count: 1912.26
  Avg Total when both present: 3825.10
  Avg Only persistent count: 4849.88
  Avg Only non-persistent count: 2914.88
  Avg Persistent bytes read: 6279454.72
  Avg Non-persistent bytes read: 4883990.40
  Avg Persistent ratio: 0.50
  Avg Non-persistent ratio: 0.50
  Avg Connection 2 duration: 0.841252 sec
  Avg Throughput Persistent: 59.69 Mbps
  Avg Throughput Non-Persistent: 46.39 Mbps
  Avg Persistent packets: 4339.92
  Avg Non-Persistent packets: 3376.32

Summary for Connections 101 to 150:
  Avg Non-persistent count: 1916.06
  Avg Persistent count: 1914.70
  Avg Total when both present: 3830.76
  Avg Only persistent count: 4882.40
  Avg Only non-persistent count: 2912.68
  Avg Persistent bytes read: 6304331.36
  Avg Non-persistent bytes read: 4883411.20
  Avg Persistent ratio: 0.50
  Avg Non-persistent ratio: 0.50
  Avg Connection 2 duration: 0.842717 sec
  Avg Throughput Persistent: 60.38 Mbps
  Avg Throughput Non-Persistent: 45.71 Mbps
  Avg Persistent packets: 4354.90
  Avg Non-Persistent packets: 3373.22

Summary for Connections 151 to 200:
  Avg Non-persistent count: 1926.96
  Avg Persistent count: 1925.80
  Avg Total when both present: 3852.76
  Avg Only persistent count: 4955.98
  Avg Only non-persistent count: 2891.88
  Avg Persistent bytes read: 6373545.76
  Avg Non-persistent bytes read: 4884569.60
  Avg Persistent ratio: 0.50
  Avg Non-persistent ratio: 0.50
  Avg Connection 2 duration: 0.849308 sec
  Avg Throughput Persistent: 60.91 Mbps
  Avg Throughput Non-Persistent: 45.05 Mbps
  Avg Persistent packets: 4402.50
  Avg Non-Persistent packets: 3374.16

Summary for Connections 201 to 250:
  Avg Non-persistent count: 1920.62
  Avg Persistent count: 1918.88
  Avg Total when both present: 3839.50
  Avg Only persistent count: 4913.30
  Avg Only non-persistent count: 2904.22
  Avg Persistent bytes read: 6332655.28
  Avg Non-persistent bytes read: 4883498.08
  Avg Persistent ratio: 0.50
  Avg Non-persistent ratio: 0.50
  Avg Connection 2 duration: 0.845418 sec
  Avg Throughput Persistent: 59.51 Mbps
  Avg Throughput Non-Persistent: 45.23 Mbps
  Avg Persistent packets: 4374.20
  Avg Non-Persistent packets: 3373.22

Summary for Connections 251 to 300:
  Avg Non-persistent count: 1940.78
  Avg Persistent count: 1940.76
  Avg Total when both present: 3881.54
  Avg Only persistent count: 4911.40
  Avg Only non-persistent count: 2861.98
  Avg Persistent bytes read: 6361642.16
  Avg Non-persistent bytes read: 4883208.48
  Avg Persistent ratio: 0.50
  Avg Non-persistent ratio: 0.50
  Avg Connection 2 duration: 0.847926 sec
  Avg Throughput Persistent: 59.65 Mbps
  Avg Throughput Non-Persistent: 46.64 Mbps
  Avg Persistent packets: 4394.12
  Avg Non-Persistent packets: 3372.86

Summary for Connections 301 to 350:
  Avg Non-persistent count: 1908.66
  Avg Persistent count: 1906.76
  Avg Total when both present: 3815.42
  Avg Only persistent count: 4966.40
  Avg Only non-persistent count: 2934.66
  Avg Persistent bytes read: 6359123.68
  Avg Non-persistent bytes read: 4888826.72
  Avg Persistent ratio: 0.50
  Avg Non-persistent ratio: 0.50
  Avg Connection 2 duration: 0.848679 sec
  Avg Throughput Persistent: 58.98 Mbps
  Avg Throughput Non-Persistent: 47.42 Mbps
  Avg Persistent packets: 4393.68
  Avg Non-Persistent packets: 3377.52

Summary for Connections 351 to 400:
  Avg Non-persistent count: 1888.94
  Avg Persistent count: 1889.54
  Avg Total when both present: 3778.48
  Avg Only persistent count: 4948.58
  Avg Only non-persistent count: 2964.12
  Avg Persistent bytes read: 6320085.60
  Avg Non-persistent bytes read: 4882832.00
  Avg Persistent ratio: 0.50
  Avg Non-persistent ratio: 0.50
  Avg Connection 2 duration: 0.844253 sec
  Avg Throughput Persistent: 60.51 Mbps
  Avg Throughput Non-Persistent: 45.57 Mbps
  Avg Persistent packets: 4366.10
  Avg Non-Persistent packets: 3372.88

Summary for Connections 401 to 450:
  Avg Non-persistent count: 1886.60
  Avg Persistent count: 1886.66
  Avg Total when both present: 3773.26
  Avg Only persistent count: 4995.94
  Avg Only non-persistent count: 2973.88
  Avg Persistent bytes read: 6350059.20
  Avg Non-persistent bytes read: 4885814.88
  Avg Persistent ratio: 0.50
  Avg Non-persistent ratio: 0.50
  Avg Connection 2 duration: 0.847308 sec
  Avg Throughput Persistent: 57.84 Mbps
  Avg Throughput Non-Persistent: 47.85 Mbps
  Avg Persistent packets: 4386.46
  Avg Non-Persistent packets: 3374.64

Summary for Connections 451 to 500:
  Avg Non-persistent count: 1895.86
  Avg Persistent count: 1897.02
  Avg Total when both present: 3792.88
  Avg Only persistent count: 4988.32
  Avg Only non-persistent count: 2945.40
  Avg Persistent bytes read: 6360021.44
  Avg Non-persistent bytes read: 4880688.96
  Avg Persistent ratio: 0.50
  Avg Non-persistent ratio: 0.50
  Avg Connection 2 duration: 0.847014 sec
  Avg Throughput Persistent: 60.58 Mbps
  Avg Throughput Non-Persistent: 45.93 Mbps
  Avg Persistent packets: 4394.46
  Avg Non-Persistent packets: 3372.30

Summary for Connections 501 to 550:
  Avg Non-persistent count: 1894.76
  Avg Persistent count: 1893.90
  Avg Total when both present: 3788.66
  Avg Only persistent count: 5023.24
  Avg Only non-persistent count: 2953.82
  Avg Persistent bytes read: 6381162.24
  Avg Non-persistent bytes read: 4883150.56
  Avg Persistent ratio: 0.50
  Avg Non-persistent ratio: 0.50
  Avg Connection 2 duration: 0.849070 sec
  Avg Throughput Persistent: 60.18 Mbps
  Avg Throughput Non-Persistent: 46.15 Mbps
  Avg Persistent packets: 4407.94
  Avg Non-Persistent packets: 3373.50

Summary for Connections 551 to 600:
  Avg Non-persistent count: 1886.98
  Avg Persistent count: 1886.72
  Avg Total when both present: 3773.70
  Avg Only persistent count: 4992.66
  Avg Only non-persistent count: 2972.20
  Avg Persistent bytes read: 6347510.72
  Avg Non-persistent bytes read: 4884627.52
  Avg Persistent ratio: 0.50
  Avg Non-persistent ratio: 0.50
  Avg Connection 2 duration: 0.846431 sec
  Avg Throughput Persistent: 59.46 Mbps
  Avg Throughput Non-Persistent: 47.20 Mbps
  Avg Persistent packets: 4384.10
  Avg Non-Persistent packets: 3373.58

Summary for Connections 601 to 650:
  Avg Non-persistent count: 1880.36
  Avg Persistent count: 1880.02
  Avg Total when both present: 3760.38
  Avg Only persistent count: 5027.86
  Avg Only non-persistent count: 2985.24
  Avg Persistent bytes read: 6363641.44
  Avg Non-persistent bytes read: 4884511.68
  Avg Persistent ratio: 0.50
  Avg Non-persistent ratio: 0.50
  Avg Connection 2 duration: 0.847603 sec
  Avg Throughput Persistent: 59.67 Mbps
  Avg Throughput Non-Persistent: 47.13 Mbps
  Avg Persistent packets: 4395.48
  Avg Non-Persistent packets: 3373.64

Summary for Connections 651 to 700:
  Avg Non-persistent count: 1915.92
  Avg Persistent count: 1916.70
  Avg Total when both present: 3832.62
  Avg Only persistent count: 4956.52
  Avg Only non-persistent count: 2911.38
  Avg Persistent bytes read: 6365350.08
  Avg Non-persistent bytes read: 4884280.00
  Avg Persistent ratio: 0.50
  Avg Non-persistent ratio: 0.50
  Avg Connection 2 duration: 0.848399 sec
  Avg Throughput Persistent: 58.91 Mbps
  Avg Throughput Non-Persistent: 47.26 Mbps
  Avg Persistent packets: 4397.76
  Avg Non-Persistent packets: 3374.32

Summary for Connections 701 to 750:
  Avg Non-persistent count: 1919.64
  Avg Persistent count: 1919.42
  Avg Total when both present: 3839.06
  Avg Only persistent count: 4966.90
  Avg Only non-persistent count: 2906.92
  Avg Persistent bytes read: 6376412.80
  Avg Non-persistent bytes read: 4885293.60
  Avg Persistent ratio: 0.50
  Avg Non-persistent ratio: 0.50
  Avg Connection 2 duration: 0.849507 sec
  Avg Throughput Persistent: 60.28 Mbps
  Avg Throughput Non-Persistent: 46.26 Mbps
  Avg Persistent packets: 4404.36
  Avg Non-Persistent packets: 3374.62

Summary for Connections 751 to 800:
  Avg Non-persistent count: 1898.22
  Avg Persistent count: 1898.08
  Avg Total when both present: 3796.30
  Avg Only persistent count: 4956.92
  Avg Only non-persistent count: 2950.20
  Avg Persistent bytes read: 6338764.80
  Avg Non-persistent bytes read: 4885699.04
  Avg Persistent ratio: 0.50
  Avg Non-persistent ratio: 0.50
  Avg Connection 2 duration: 0.846193 sec
  Avg Throughput Persistent: 60.03 Mbps
  Avg Throughput Non-Persistent: 45.83 Mbps
  Avg Persistent packets: 4378.78
  Avg Non-Persistent packets: 3374.86

Summary for Connections 801 to 850:
  Avg Non-persistent count: 1899.06
  Avg Persistent count: 1898.70
  Avg Total when both present: 3797.76
  Avg Only persistent count: 4999.46
  Avg Only non-persistent count: 2944.24
  Avg Persistent bytes read: 6370533.92
  Avg Non-persistent bytes read: 4882513.44
  Avg Persistent ratio: 0.50
  Avg Non-persistent ratio: 0.50
  Avg Connection 2 duration: 0.848459 sec
  Avg Throughput Persistent: 59.65 Mbps
  Avg Throughput Non-Persistent: 47.12 Mbps
  Avg Persistent packets: 4400.70
  Avg Non-Persistent packets: 3372.82

Summary for Connections 851 to 900:
  Avg Non-persistent count: 1891.36
  Avg Persistent count: 1892.46
  Avg Total when both present: 3783.82
  Avg Only persistent count: 5007.08
  Avg Only non-persistent count: 2956.82
  Avg Persistent bytes read: 6367174.56
  Avg Non-persistent bytes read: 4882165.92
  Avg Persistent ratio: 0.50
  Avg Non-persistent ratio: 0.50
  Avg Connection 2 duration: 0.847929 sec
  Avg Throughput Persistent: 61.30 Mbps
  Avg Throughput Non-Persistent: 45.26 Mbps
  Avg Persistent packets: 4399.24
  Avg Non-Persistent packets: 3373.14

Summary for Connections 901 to 950:
  Avg Non-persistent count: 1874.38
  Avg Persistent count: 1874.58
  Avg Total when both present: 3748.96
  Avg Only persistent count: 4939.90
  Avg Only non-persistent count: 2998.48
  Avg Persistent bytes read: 6291646.88
  Avg Non-persistent bytes read: 4886012.64
  Avg Persistent ratio: 0.50
  Avg Non-persistent ratio: 0.50
  Avg Connection 2 duration: 0.841970 sec
  Avg Throughput Persistent: 58.78 Mbps
  Avg Throughput Non-Persistent: 47.68 Mbps
  Avg Persistent packets: 4345.84
  Avg Non-Persistent packets: 3374.82

Summary for Connections 951 to 1000:
  Avg Non-persistent count: 1886.16
  Avg Persistent count: 1886.70
  Avg Total when both present: 3772.86
  Avg Only persistent count: 4971.08
  Avg Only non-persistent count: 2972.96
  Avg Persistent bytes read: 6331930.24
  Avg Non-persistent bytes read: 4885148.80
  Avg Persistent ratio: 0.50
  Avg Non-persistent ratio: 0.50
  Avg Connection 2 duration: 0.845477 sec
  Avg Throughput Persistent: 59.67 Mbps
  Avg Throughput Non-Persistent: 45.46 Mbps
  Avg Persistent packets: 4373.94
  Avg Non-Persistent packets: 3374.42

Summary for Connections 1001 to 1050:
  Avg Non-persistent count: 1995.38
  Avg Persistent count: 1994.24
  Avg Total when both present: 3989.62
  Avg Only persistent count: 4763.26
  Avg Only non-persistent count: 2752.52
  Avg Persistent bytes read: 6339720.48
  Avg Non-persistent bytes read: 4883787.68
  Avg Persistent ratio: 0.50
  Avg Non-persistent ratio: 0.50
  Avg Connection 2 duration: 0.845455 sec
  Avg Throughput Persistent: 58.89 Mbps
  Avg Throughput Non-Persistent: 47.24 Mbps
  Avg Persistent packets: 4380.52
  Avg Non-Persistent packets: 3374.70

Summary for Connections 1051 to 1100:
  Avg Non-persistent count: 2002.56
  Avg Persistent count: 2003.20
  Avg Total when both present: 4005.76
  Avg Only persistent count: 4786.80
  Avg Only non-persistent count: 2738.50
  Avg Persistent bytes read: 6366884.96
  Avg Non-persistent bytes read: 4884019.36
  Avg Persistent ratio: 0.50
  Avg Non-persistent ratio: 0.50
  Avg Connection 2 duration: 0.847949 sec
  Avg Throughput Persistent: 59.37 Mbps
  Avg Throughput Non-Persistent: 46.69 Mbps
  Avg Persistent packets: 4397.86
  Avg Non-Persistent packets: 3373.62

Summary for Connections 1101 to 1150:
  Avg Non-persistent count: 2006.52
  Avg Persistent count: 2006.70
  Avg Total when both present: 4013.22
  Avg Only persistent count: 4791.30
  Avg Only non-persistent count: 2731.28
  Avg Persistent bytes read: 6376007.36
  Avg Non-persistent bytes read: 4884077.28
  Avg Persistent ratio: 0.50
  Avg Non-persistent ratio: 0.50
  Avg Connection 2 duration: 0.849201 sec
  Avg Throughput Persistent: 60.31 Mbps
  Avg Throughput Non-Persistent: 45.88 Mbps
  Avg Persistent packets: 4404.64
  Avg Non-Persistent packets: 3373.64

Summary for Connections 1151 to 1200:
  Avg Non-persistent count: 1992.96
  Avg Persistent count: 1992.12
  Avg Total when both present: 3985.08
  Avg Only persistent count: 4792.90
  Avg Only non-persistent count: 2757.00
  Avg Persistent bytes read: 6356227.68
  Avg Non-persistent bytes read: 4882281.76
  Avg Persistent ratio: 0.50
  Avg Non-persistent ratio: 0.50
  Avg Connection 2 duration: 0.846771 sec
  Avg Throughput Persistent: 59.02 Mbps
  Avg Throughput Non-Persistent: 46.10 Mbps
  Avg Persistent packets: 4390.40
  Avg Non-Persistent packets: 3372.32

Summary for Connections 1201 to 1250:
  Avg Non-persistent count: 1996.12
  Avg Persistent count: 1996.00
  Avg Total when both present: 3992.12
  Avg Only persistent count: 4792.18
  Avg Only non-persistent count: 2750.48
  Avg Persistent bytes read: 6361092.96
  Avg Non-persistent bytes read: 4882745.12
  Avg Persistent ratio: 0.50
  Avg Non-persistent ratio: 0.50
  Avg Connection 2 duration: 0.846897 sec
  Avg Throughput Persistent: 60.64 Mbps
  Avg Throughput Non-Persistent: 45.47 Mbps
  Avg Persistent packets: 4394.04
  Avg Non-Persistent packets: 3372.70

Summary for Connections 1251 to 1300:
  Avg Non-persistent count: 1999.48
  Avg Persistent count: 1998.82
  Avg Total when both present: 3998.30
  Avg Only persistent count: 4820.48
  Avg Only non-persistent count: 2737.78
  Avg Persistent bytes read: 6386085.44
  Avg Non-persistent bytes read: 4878198.40
  Avg Persistent ratio: 0.50
  Avg Non-persistent ratio: 0.50
  Avg Connection 2 duration: 0.848618 sec
  Avg Throughput Persistent: 60.17 Mbps
  Avg Throughput Non-Persistent: 46.45 Mbps
  Avg Persistent packets: 4411.34
  Avg Non-Persistent packets: 3369.84

Summary for Connections 1301 to 1350:
  Avg Non-persistent count: 1998.78
  Avg Persistent count: 1998.82
  Avg Total when both present: 3997.60
  Avg Only persistent count: 4752.04
  Avg Only non-persistent count: 2746.94
  Avg Persistent bytes read: 6336332.16
  Avg Non-persistent bytes read: 4884714.40
  Avg Persistent ratio: 0.50
  Avg Non-persistent ratio: 0.50
  Avg Connection 2 duration: 0.846115 sec
  Avg Throughput Persistent: 59.93 Mbps
  Avg Throughput Non-Persistent: 46.31 Mbps
  Avg Persistent packets: 4377.12
  Avg Non-Persistent packets: 3374.56

Summary for Connections 1351 to 1400:
  Avg Non-persistent count: 2008.12
  Avg Persistent count: 2008.00
  Avg Total when both present: 4016.12
  Avg Only persistent count: 4791.38
  Avg Only non-persistent count: 2730.34
  Avg Persistent bytes read: 6378787.52
  Avg Non-persistent bytes read: 4886133.44
  Avg Persistent ratio: 0.50
  Avg Non-persistent ratio: 0.50
  Avg Connection 2 duration: 0.849343 sec
  Avg Throughput Persistent: 59.84 Mbps
  Avg Throughput Non-Persistent: 45.61 Mbps
  Avg Persistent packets: 4407.04
  Avg Non-Persistent packets: 3375.56

Summary for Connections 1401 to 1450:
  Avg Non-persistent count: 1999.66
  Avg Persistent count: 2002.18
  Avg Total when both present: 4001.84
  Avg Only persistent count: 4772.70
  Avg Only non-persistent count: 2737.82
  Avg Persistent bytes read: 6358370.72
  Avg Non-persistent bytes read: 4884337.92
  Avg Persistent ratio: 0.50
  Avg Non-persistent ratio: 0.50
  Avg Connection 2 duration: 0.846797 sec
  Avg Throughput Persistent: 59.42 Mbps
  Avg Throughput Non-Persistent: 46.34 Mbps
  Avg Persistent packets: 4396.26
  Avg Non-Persistent packets: 3377.32

Summary for Connections 1451 to 1500:
  Avg Non-persistent count: 2002.36
  Avg Persistent count: 2004.54
  Avg Total when both present: 4006.90
  Avg Only persistent count: 4755.54
  Avg Only non-persistent count: 2736.44
  Avg Persistent bytes read: 6345657.28
  Avg Non-persistent bytes read: 4884019.36
  Avg Persistent ratio: 0.50
  Avg Non-persistent ratio: 0.50
  Avg Connection 2 duration: 0.846209 sec
  Avg Throughput Persistent: 60.33 Mbps
  Avg Throughput Non-Persistent: 46.22 Mbps
  Avg Persistent packets: 4383.72
  Avg Non-Persistent packets: 3374.20

Summary for Connections 1501 to 1550:
  Avg Non-persistent count: 1997.92
  Avg Persistent count: 1998.86
  Avg Total when both present: 3996.78
  Avg Only persistent count: 4798.08
  Avg Only non-persistent count: 2748.68
  Avg Persistent bytes read: 6368999.04
  Avg Non-persistent bytes read: 4885293.60
  Avg Persistent ratio: 0.50
  Avg Non-persistent ratio: 0.50
  Avg Connection 2 duration: 0.848240 sec
  Avg Throughput Persistent: 60.21 Mbps
  Avg Throughput Non-Persistent: 46.28 Mbps
  Avg Persistent packets: 4399.72
  Avg Non-Persistent packets: 3374.84

Summary for Connections 1551 to 1600:
  Avg Non-persistent count: 1998.78
  Avg Persistent count: 1999.14
  Avg Total when both present: 3997.92
  Avg Only persistent count: 4806.08
  Avg Only non-persistent count: 2741.80
  Avg Persistent bytes read: 6375949.44
  Avg Non-persistent bytes read: 4881094.40
  Avg Persistent ratio: 0.50
  Avg Non-persistent ratio: 0.50
  Avg Connection 2 duration: 0.848138 sec
  Avg Throughput Persistent: 60.40 Mbps
  Avg Throughput Non-Persistent: 45.24 Mbps
  Avg Persistent packets: 4404.68
  Avg Non-Persistent packets: 3371.92

Summary for Connections 1601 to 1650:
  Avg Non-persistent count: 2013.50
  Avg Persistent count: 2013.46
  Avg Total when both present: 4026.96
  Avg Only persistent count: 4837.72
  Avg Only non-persistent count: 2713.50
  Avg Persistent bytes read: 6420663.68
  Avg Non-persistent bytes read: 4881905.28
  Avg Persistent ratio: 0.50
  Avg Non-persistent ratio: 0.50
  Avg Connection 2 duration: 0.852327 sec
  Avg Throughput Persistent: 60.73 Mbps
  Avg Throughput Non-Persistent: 45.60 Mbps
  Avg Persistent packets: 4436.50
  Avg Non-Persistent packets: 3372.78

Summary for Connections 1651 to 1700:
  Avg Non-persistent count: 2001.40
  Avg Persistent count: 2003.08
  Avg Total when both present: 4004.48
  Avg Only persistent count: 4794.44
  Avg Only non-persistent count: 2738.48
  Avg Persistent bytes read: 6372184.64
  Avg Non-persistent bytes read: 4883613.92
  Avg Persistent ratio: 0.50
  Avg Non-persistent ratio: 0.50
  Avg Connection 2 duration: 0.848623 sec
  Avg Throughput Persistent: 60.11 Mbps
  Avg Throughput Non-Persistent: 45.89 Mbps
  Avg Persistent packets: 4402.14
  Avg Non-Persistent packets: 3373.86

Summary for Connections 1701 to 1750:
  Avg Non-persistent count: 1994.48
  Avg Persistent count: 1993.60
  Avg Total when both present: 3988.08
  Avg Only persistent count: 4799.28
  Avg Only non-persistent count: 2757.28
  Avg Persistent bytes read: 6363149.12
  Avg Non-persistent bytes read: 4884627.52
  Avg Persistent ratio: 0.50
  Avg Non-persistent ratio: 0.50
  Avg Connection 2 duration: 0.847208 sec
  Avg Throughput Persistent: 59.41 Mbps
  Avg Throughput Non-Persistent: 46.89 Mbps
  Avg Persistent packets: 4395.32
  Avg Non-Persistent packets: 3373.94

Summary for Connections 1751 to 1800:
  Avg Non-persistent count: 2014.02
  Avg Persistent count: 2014.20
  Avg Total when both present: 4028.22
  Avg Only persistent count: 4811.56
  Avg Only non-persistent count: 2716.94
  Avg Persistent bytes read: 6401318.40
  Avg Non-persistent bytes read: 4884598.56
  Avg Persistent ratio: 0.50
  Avg Non-persistent ratio: 0.50
  Avg Connection 2 duration: 0.851398 sec
  Avg Throughput Persistent: 60.17 Mbps
  Avg Throughput Non-Persistent: 46.07 Mbps
  Avg Persistent packets: 4421.84
  Avg Non-Persistent packets: 3373.96

Summary for Connections 1801 to 1850:
  Avg Non-persistent count: 2000.70
  Avg Persistent count: 1999.50
  Avg Total when both present: 4000.20
  Avg Only persistent count: 4769.64
  Avg Only non-persistent count: 2744.68
  Avg Persistent bytes read: 6351449.28
  Avg Non-persistent bytes read: 4884598.56
  Avg Persistent ratio: 0.50
  Avg Non-persistent ratio: 0.50
  Avg Connection 2 duration: 0.847134 sec
  Avg Throughput Persistent: 59.95 Mbps
  Avg Throughput Non-Persistent: 46.46 Mbps
  Avg Persistent packets: 4388.10
  Avg Non-Persistent packets: 3374.08

Summary for Connections 1851 to 1900:
  Avg Non-persistent count: 1993.20
  Avg Persistent count: 1993.02
  Avg Total when both present: 3986.22
  Avg Only persistent count: 4764.00
  Avg Only non-persistent count: 2758.08
  Avg Persistent bytes read: 6336650.72
  Avg Non-persistent bytes read: 4884337.92
  Avg Persistent ratio: 0.50
  Avg Non-persistent ratio: 0.50
  Avg Connection 2 duration: 0.845505 sec
  Avg Throughput Persistent: 59.93 Mbps
  Avg Throughput Non-Persistent: 46.80 Mbps
  Avg Persistent packets: 4377.48
  Avg Non-Persistent packets: 3374.00

Summary for Connections 1901 to 1950:
  Avg Non-persistent count: 2011.84
  Avg Persistent count: 2011.48
  Avg Total when both present: 4023.32
  Avg Only persistent count: 4745.72
  Avg Only non-persistent count: 2725.40
  Avg Persistent bytes read: 6350261.92
  Avg Non-persistent bytes read: 4887552.48
  Avg Persistent ratio: 0.50
  Avg Non-persistent ratio: 0.50
  Avg Connection 2 duration: 0.847745 sec
  Avg Throughput Persistent: 60.34 Mbps
  Avg Throughput Non-Persistent: 45.83 Mbps
  Avg Persistent packets: 4386.82
  Avg Non-Persistent packets: 3376.36

Summary for Connections 1951 to 2000:
  Avg Non-persistent count: 2214.84
  Avg Persistent count: 2215.86
  Avg Total when both present: 4430.70
  Avg Only persistent count: 4442.52
  Avg Only non-persistent count: 2322.22
  Avg Persistent bytes read: 6425557.92
  Avg Non-persistent bytes read: 4890448.48
  Avg Persistent ratio: 0.50
  Avg Non-persistent ratio: 0.50
  Avg Connection 2 duration: 0.852877 sec
  Avg Throughput Persistent: 60.23 Mbps
  Avg Throughput Non-Persistent: 45.99 Mbps
  Avg Persistent packets: 4438.56
  Avg Non-Persistent packets: 3378.22

Summary for Connections 2001 to 2050:
  Avg Non-persistent count: 1864.16
  Avg Persistent count: 1864.76
  Avg Total when both present: 3728.92
  Avg Only persistent count: 5055.74
  Avg Only non-persistent count: 3014.18
  Avg Persistent bytes read: 6361816.96
  Avg Non-persistent bytes read: 4883266.40
  Avg Persistent ratio: 0.50
  Avg Non-persistent ratio: 0.50
  Avg Connection 2 duration: 0.847571 sec
  Avg Throughput Persistent: 60.99 Mbps
  Avg Throughput Non-Persistent: 44.87 Mbps
  Avg Persistent packets: 4395.02
  Avg Non-Persistent packets: 3373.30

Summary for Connections 2051 to 2100:
  Avg Non-persistent count: 1817.48
  Avg Persistent count: 1818.16
  Avg Total when both present: 3635.64
  Avg Only persistent count: 5108.38
  Avg Only non-persistent count: 3102.24
  Avg Persistent bytes read: 6331930.24
  Avg Non-persistent bytes read: 4879327.84
  Avg Persistent ratio: 0.50
  Avg Non-persistent ratio: 0.50
  Avg Connection 2 duration: 0.844664 sec
  Avg Throughput Persistent: 60.41 Mbps
  Avg Throughput Non-Persistent: 46.14 Mbps
  Avg Persistent packets: 4373.82
  Avg Non-Persistent packets: 3370.40

Summary for Connections 2101 to 2150:
  Avg Non-persistent count: 1815.30
  Avg Persistent count: 1815.04
  Avg Total when both present: 3630.34
  Avg Only persistent count: 5155.96
  Avg Only non-persistent count: 3108.52
  Avg Persistent bytes read: 6362772.64
  Avg Non-persistent bytes read: 4880080.80
  Avg Persistent ratio: 0.50
  Avg Non-persistent ratio: 0.50
  Avg Connection 2 duration: 0.847148 sec
  Avg Throughput Persistent: 60.58 Mbps
  Avg Throughput Non-Persistent: 45.75 Mbps
  Avg Persistent packets: 4395.34
  Avg Non-Persistent packets: 3370.90

Summary for Connections 2151 to 2200:
  Avg Non-persistent count: 1819.14
  Avg Persistent count: 1818.30
  Avg Total when both present: 3637.44
  Avg Only persistent count: 5130.66
  Avg Only non-persistent count: 3101.86
  Avg Persistent bytes read: 6350001.28
  Avg Non-persistent bytes read: 4880746.88
  Avg Persistent ratio: 0.50
  Avg Non-persistent ratio: 0.50
  Avg Connection 2 duration: 0.846489 sec
  Avg Throughput Persistent: 61.10 Mbps
  Avg Throughput Non-Persistent: 44.72 Mbps
  Avg Persistent packets: 4386.94
  Avg Non-Persistent packets: 3371.68

Summary for Connections 2201 to 2250:
  Avg Non-persistent count: 1801.18
  Avg Persistent count: 1800.02
  Avg Total when both present: 3601.20
  Avg Only persistent count: 5025.62
  Avg Only non-persistent count: 3143.60
  Avg Persistent bytes read: 6248091.04
  Avg Non-persistent bytes read: 4884917.12
  Avg Persistent ratio: 0.50
  Avg Non-persistent ratio: 0.50
  Avg Connection 2 duration: 0.838430 sec
  Avg Throughput Persistent: 60.31 Mbps
  Avg Throughput Non-Persistent: 45.77 Mbps
  Avg Persistent packets: 4316.98
  Avg Non-Persistent packets: 3374.64

Summary for Connections 2251 to 2300:
  Avg Non-persistent count: 1824.64
  Avg Persistent count: 1825.22
  Avg Total when both present: 3649.86
  Avg Only persistent count: 5078.78
  Avg Only non-persistent count: 3093.82
  Avg Persistent bytes read: 6321215.04
  Avg Non-persistent bytes read: 4883874.56
  Avg Persistent ratio: 0.50
  Avg Non-persistent ratio: 0.50
  Avg Connection 2 duration: 0.844229 sec
  Avg Throughput Persistent: 60.50 Mbps
  Avg Throughput Non-Persistent: 45.62 Mbps
  Avg Persistent packets: 4366.86
  Avg Non-Persistent packets: 3373.86

Summary for Connections 2301 to 2350:
  Avg Non-persistent count: 1833.96
  Avg Persistent count: 1836.16
  Avg Total when both present: 3670.12
  Avg Only persistent count: 5124.18
  Avg Only non-persistent count: 3068.22
  Avg Persistent bytes read: 6374501.44
  Avg Non-persistent bytes read: 4884366.88
  Avg Persistent ratio: 0.50
  Avg Non-persistent ratio: 0.50
  Avg Connection 2 duration: 0.849285 sec
  Avg Throughput Persistent: 59.58 Mbps
  Avg Throughput Non-Persistent: 46.16 Mbps
  Avg Persistent packets: 4408.74
  Avg Non-Persistent packets: 3378.24

Summary for Connections 2351 to 2400:
  Avg Non-persistent count: 1822.20
  Avg Persistent count: 1821.52
  Avg Total when both present: 3643.72
  Avg Only persistent count: 5098.80
  Avg Only non-persistent count: 3093.76
  Avg Persistent bytes read: 6333059.68
  Avg Non-persistent bytes read: 4881355.04
  Avg Persistent ratio: 0.50
  Avg Non-persistent ratio: 0.50
  Avg Connection 2 duration: 0.845282 sec
  Avg Throughput Persistent: 59.45 Mbps
  Avg Throughput Non-Persistent: 46.01 Mbps
  Avg Persistent packets: 4376.48
  Avg Non-Persistent packets: 3373.64

Summary for Connections 2401 to 2450:
  Avg Non-persistent count: 1814.82
  Avg Persistent count: 1815.34
  Avg Total when both present: 3630.16
  Avg Only persistent count: 5094.20
  Avg Only non-persistent count: 3108.14
  Avg Persistent bytes read: 6319593.28
  Avg Non-persistent bytes read: 4881210.24
  Avg Persistent ratio: 0.50
  Avg Non-persistent ratio: 0.50
  Avg Connection 2 duration: 0.843720 sec
  Avg Throughput Persistent: 59.61 Mbps
  Avg Throughput Non-Persistent: 47.21 Mbps
  Avg Persistent packets: 4367.00
  Avg Non-Persistent packets: 3372.98

Summary for Connections 2451 to 2500:
  Avg Non-persistent count: 1812.44
  Avg Persistent count: 1812.74
  Avg Total when both present: 3625.18
  Avg Only persistent count: 5166.46
  Avg Only non-persistent count: 3116.28
  Avg Persistent bytes read: 6367493.12
  Avg Non-persistent bytes read: 4882136.96
  Avg Persistent ratio: 0.50
  Avg Non-persistent ratio: 0.50
  Avg Connection 2 duration: 0.848734 sec
  Avg Throughput Persistent: 58.83 Mbps
  Avg Throughput Non-Persistent: 47.51 Mbps
  Avg Persistent packets: 4399.28
  Avg Non-Persistent packets: 3372.48

Summary for Connections 2501 to 2550:
  Avg Non-persistent count: 1813.30
  Avg Persistent count: 1812.60
  Avg Total when both present: 3625.90
  Avg Only persistent count: 5102.58
  Avg Only non-persistent count: 3115.02
  Avg Persistent bytes read: 6320664.80
  Avg Non-persistent bytes read: 4881818.40
  Avg Persistent ratio: 0.50
  Avg Non-persistent ratio: 0.50
  Avg Connection 2 duration: 0.843553 sec
  Avg Throughput Persistent: 60.86 Mbps
  Avg Throughput Non-Persistent: 45.38 Mbps
  Avg Persistent packets: 4366.02
  Avg Non-Persistent packets: 3372.30

Summary for Connections 2551 to 2600:
  Avg Non-persistent count: 1818.06
  Avg Persistent count: 1818.82
  Avg Total when both present: 3636.88
  Avg Only persistent count: 5048.34
  Avg Only non-persistent count: 3104.22
  Avg Persistent bytes read: 6290749.12
  Avg Non-persistent bytes read: 4882397.60
  Avg Persistent ratio: 0.50
  Avg Non-persistent ratio: 0.50
  Avg Connection 2 duration: 0.841486 sec
  Avg Throughput Persistent: 59.36 Mbps
  Avg Throughput Non-Persistent: 46.51 Mbps
  Avg Persistent packets: 4346.70
  Avg Non-Persistent packets: 3373.08

Summary for Connections 2601 to 2650:
  Avg Non-persistent count: 1813.98
  Avg Persistent count: 1814.70
  Avg Total when both present: 3628.68
  Avg Only persistent count: 5096.22
  Avg Only non-persistent count: 3109.42
  Avg Persistent bytes read: 6320577.92
  Avg Non-persistent bytes read: 4881297.12
  Avg Persistent ratio: 0.50
  Avg Non-persistent ratio: 0.50
  Avg Connection 2 duration: 0.844141 sec
  Avg Throughput Persistent: 60.91 Mbps
  Avg Throughput Non-Persistent: 45.30 Mbps
  Avg Persistent packets: 4368.28
  Avg Non-Persistent packets: 3373.36

Summary for Connections 2651 to 2700:
  Avg Non-persistent count: 1819.20
  Avg Persistent count: 1820.48
  Avg Total when both present: 3639.68
  Avg Only persistent count: 5064.52
  Avg Only non-persistent count: 3105.14
  Avg Persistent bytes read: 6303868.00
  Avg Non-persistent bytes read: 4884917.12
  Avg Persistent ratio: 0.50
  Avg Non-persistent ratio: 0.50
  Avg Connection 2 duration: 0.843584 sec
  Avg Throughput Persistent: 58.36 Mbps
  Avg Throughput Non-Persistent: 48.01 Mbps
  Avg Persistent packets: 4355.36
  Avg Non-Persistent packets: 3374.68

Summary for Connections 2701 to 2750:
  Avg Non-persistent count: 1815.30
  Avg Persistent count: 1815.70
  Avg Total when both present: 3631.00
  Avg Only persistent count: 5094.64
  Avg Only non-persistent count: 3109.22
  Avg Persistent bytes read: 6320751.68
  Avg Non-persistent bytes read: 4882976.80
  Avg Persistent ratio: 0.50
  Avg Non-persistent ratio: 0.50
  Avg Connection 2 duration: 0.844098 sec
  Avg Throughput Persistent: 59.98 Mbps
  Avg Throughput Non-Persistent: 45.67 Mbps
  Avg Persistent packets: 4367.62
  Avg Non-Persistent packets: 3374.30

Summary for Connections 2751 to 2800:
  Avg Non-persistent count: 1811.88
  Avg Persistent count: 1812.46
  Avg Total when both present: 3624.34
  Avg Only persistent count: 5108.44
  Avg Only non-persistent count: 3115.86
  Avg Persistent bytes read: 6324632.32
  Avg Non-persistent bytes read: 4881731.52
  Avg Persistent ratio: 0.50
  Avg Non-persistent ratio: 0.50
  Avg Connection 2 duration: 0.844614 sec
  Avg Throughput Persistent: 60.73 Mbps
  Avg Throughput Non-Persistent: 45.48 Mbps
  Avg Persistent packets: 4369.54
  Avg Non-Persistent packets: 3372.76

Summary for Connections 2801 to 2850:
  Avg Non-persistent count: 1826.02
  Avg Persistent count: 1825.78
  Avg Total when both present: 3651.80
  Avg Only persistent count: 5092.30
  Avg Only non-persistent count: 3084.76
  Avg Persistent bytes read: 6333233.44
  Avg Non-persistent bytes read: 4879617.44
  Avg Persistent ratio: 0.50
  Avg Non-persistent ratio: 0.50
  Avg Connection 2 duration: 0.844685 sec
  Avg Throughput Persistent: 60.65 Mbps
  Avg Throughput Non-Persistent: 45.45 Mbps
  Avg Persistent packets: 4375.78
  Avg Non-Persistent packets: 3371.30

Summary for Connections 2851 to 2900:
  Avg Non-persistent count: 1817.02
  Avg Persistent count: 1817.84
  Avg Total when both present: 3634.86
  Avg Only persistent count: 5093.86
  Avg Only non-persistent count: 3103.76
  Avg Persistent bytes read: 6322228.64
  Avg Non-persistent bytes read: 4881210.24
  Avg Persistent ratio: 0.50
  Avg Non-persistent ratio: 0.50
  Avg Connection 2 duration: 0.844209 sec
  Avg Throughput Persistent: 60.11 Mbps
  Avg Throughput Non-Persistent: 46.92 Mbps
  Avg Persistent packets: 4368.30
  Avg Non-Persistent packets: 3372.78

Summary for Connections 2901 to 2950:
  Avg Non-persistent count: 1803.34
  Avg Persistent count: 1803.22
  Avg Total when both present: 3606.56
  Avg Only persistent count: 5076.84
  Avg Only non-persistent count: 3128.56
  Avg Persistent bytes read: 6288895.68
  Avg Non-persistent bytes read: 4877816.96
  Avg Persistent ratio: 0.50
  Avg Non-persistent ratio: 0.50
  Avg Connection 2 duration: 0.841139 sec
  Avg Throughput Persistent: 60.49 Mbps
  Avg Throughput Non-Persistent: 45.46 Mbps
  Avg Persistent packets: 4344.74
  Avg Non-Persistent packets: 3369.66

Summary for Connections 2951 to 3000:
  Avg Non-persistent count: 1820.08
  Avg Persistent count: 1820.32
  Avg Total when both present: 3640.40
  Avg Only persistent count: 5096.10
  Avg Only non-persistent count: 3099.14
  Avg Persistent bytes read: 6327615.20
  Avg Non-persistent bytes read: 4881210.24
  Avg Persistent ratio: 0.50
  Avg Non-persistent ratio: 0.50
  Avg Connection 2 duration: 0.844655 sec
  Avg Throughput Persistent: 59.71 Mbps
  Avg Throughput Non-Persistent: 46.26 Mbps
  Avg Persistent packets: 4371.70
  Avg Non-Persistent packets: 3372.36

Summary for Connections 3001 to 3050:
  Avg Non-persistent count: 1811.68
  Avg Persistent count: 1812.24
  Avg Total when both present: 3623.92
  Avg Only persistent count: 5094.40
  Avg Only non-persistent count: 3119.82
  Avg Persistent bytes read: 6313222.08
  Avg Non-persistent bytes read: 4883642.88
  Avg Persistent ratio: 0.50
  Avg Non-persistent ratio: 0.50
  Avg Connection 2 duration: 0.843792 sec
  Avg Throughput Persistent: 60.10 Mbps
  Avg Throughput Non-Persistent: 46.03 Mbps
  Avg Persistent packets: 4360.70
  Avg Non-Persistent packets: 3373.38

Summary for Connections 3051 to 3100:
  Avg Non-persistent count: 1810.78
  Avg Persistent count: 1811.14
  Avg Total when both present: 3621.92
  Avg Only persistent count: 5087.52
  Avg Only non-persistent count: 3118.14
  Avg Persistent bytes read: 6307082.56
  Avg Non-persistent bytes read: 4881181.28
  Avg Persistent ratio: 0.50
  Avg Non-persistent ratio: 0.50
  Avg Connection 2 duration: 0.842891 sec
  Avg Throughput Persistent: 61.12 Mbps
  Avg Throughput Non-Persistent: 44.91 Mbps
  Avg Persistent packets: 4356.82
  Avg Non-Persistent packets: 3371.92

Summary for Connections 3101 to 3150:
  Avg Non-persistent count: 1824.44
  Avg Persistent count: 1824.48
  Avg Total when both present: 3648.92
  Avg Only persistent count: 5126.74
  Avg Only non-persistent count: 3089.02
  Avg Persistent bytes read: 6355938.08
  Avg Non-persistent bytes read: 4879791.20
  Avg Persistent ratio: 0.50
  Avg Non-persistent ratio: 0.50
  Avg Connection 2 duration: 0.847069 sec
  Avg Throughput Persistent: 60.85 Mbps
  Avg Throughput Non-Persistent: 45.40 Mbps
  Avg Persistent packets: 4391.42
  Avg Non-Persistent packets: 3370.96

Summary for Connections 3151 to 3200:
  Avg Non-persistent count: 1824.22
  Avg Persistent count: 1823.76
  Avg Total when both present: 3647.98
  Avg Only persistent count: 5136.72
  Avg Only non-persistent count: 3089.46
  Avg Persistent bytes read: 6361469.44
  Avg Non-persistent bytes read: 4878922.40
  Avg Persistent ratio: 0.50
  Avg Non-persistent ratio: 0.50
  Avg Connection 2 duration: 0.847311 sec
  Avg Throughput Persistent: 61.34 Mbps
  Avg Throughput Non-Persistent: 44.40 Mbps
  Avg Persistent packets: 4394.42
  Avg Non-Persistent packets: 3369.88

Summary for Connections 3201 to 3250:
  Avg Non-persistent count: 1827.58
  Avg Persistent count: 1826.34
  Avg Total when both present: 3653.92
  Avg Only persistent count: 5143.40
  Avg Only non-persistent count: 3084.30
  Avg Persistent bytes read: 6372590.08
  Avg Non-persistent bytes read: 4880920.64
  Avg Persistent ratio: 0.50
  Avg Non-persistent ratio: 0.50
  Avg Connection 2 duration: 0.847982 sec
  Avg Throughput Persistent: 60.55 Mbps
  Avg Throughput Non-Persistent: 45.26 Mbps
  Avg Persistent packets: 4403.96
  Avg Non-Persistent packets: 3372.64

Summary for Connections 3251 to 3300:
  Avg Non-persistent count: 1821.24
  Avg Persistent count: 1821.64
  Avg Total when both present: 3642.88
  Avg Only persistent count: 5108.50
  Avg Only non-persistent count: 3096.50
  Avg Persistent bytes read: 6338388.32
  Avg Non-persistent bytes read: 4880862.72
  Avg Persistent ratio: 0.50
  Avg Non-persistent ratio: 0.50
  Avg Connection 2 duration: 0.846165 sec
  Avg Throughput Persistent: 61.07 Mbps
  Avg Throughput Non-Persistent: 45.48 Mbps
  Avg Persistent packets: 4379.38
  Avg Non-Persistent packets: 3371.82

Summary for Connections 3301 to 3350:
  Avg Non-persistent count: 1816.26
  Avg Persistent count: 1816.50
  Avg Total when both present: 3632.76
  Avg Only persistent count: 5053.34
  Avg Only non-persistent count: 3101.24
  Avg Persistent bytes read: 6290285.76
  Avg Non-persistent bytes read: 4876895.20
  Avg Persistent ratio: 0.50
  Avg Non-persistent ratio: 0.50
  Avg Connection 2 duration: 0.841079 sec
  Avg Throughput Persistent: 58.95 Mbps
  Avg Throughput Non-Persistent: 47.80 Mbps
  Avg Persistent packets: 4345.38
  Avg Non-Persistent packets: 3369.02

Summary for Connections 3351 to 3400:
  Avg Non-persistent count: 1808.38
  Avg Persistent count: 1808.34
  Avg Total when both present: 3616.72
  Avg Only persistent count: 5103.48
  Avg Only non-persistent count: 3128.38
  Avg Persistent bytes read: 6314351.52
  Avg Non-persistent bytes read: 4884251.04
  Avg Persistent ratio: 0.50
  Avg Non-persistent ratio: 0.50
  Avg Connection 2 duration: 0.844318 sec
  Avg Throughput Persistent: 59.15 Mbps
  Avg Throughput Non-Persistent: 46.32 Mbps
  Avg Persistent packets: 4361.46
  Avg Non-Persistent packets: 3373.34

Summary for Connections 3401 to 3450:
  Avg Non-persistent count: 1811.96
  Avg Persistent count: 1811.88
  Avg Total when both present: 3623.84
  Avg Only persistent count: 5104.12
  Avg Only non-persistent count: 3117.16
  Avg Persistent bytes read: 6319853.92
  Avg Non-persistent bytes read: 4881355.04
  Avg Persistent ratio: 0.50
  Avg Non-persistent ratio: 0.50
  Avg Connection 2 duration: 0.844045 sec
  Avg Throughput Persistent: 59.95 Mbps
  Avg Throughput Non-Persistent: 46.44 Mbps
  Avg Persistent packets: 4365.16
  Avg Non-Persistent packets: 3371.62

Summary for Connections 3451 to 3500:
  Avg Non-persistent count: 1814.22
  Avg Persistent count: 1813.80
  Avg Total when both present: 3628.02
  Avg Only persistent count: 5106.04
  Avg Only non-persistent count: 3111.46
  Avg Persistent bytes read: 6325327.36
  Avg Non-persistent bytes read: 4880544.16
  Avg Persistent ratio: 0.50
  Avg Non-persistent ratio: 0.50
  Avg Connection 2 duration: 0.844121 sec
  Avg Throughput Persistent: 59.98 Mbps
  Avg Throughput Non-Persistent: 46.62 Mbps
  Avg Persistent packets: 4369.68
  Avg Non-Persistent packets: 3371.20

Summary for Connections 3501 to 3550:
  Avg Non-persistent count: 1815.92
  Avg Persistent count: 1817.06
  Avg Total when both present: 3632.98
  Avg Only persistent count: 5082.14
  Avg Only non-persistent count: 3103.86
  Avg Persistent bytes read: 6311455.52
  Avg Non-persistent bytes read: 4879385.76
  Avg Persistent ratio: 0.50
  Avg Non-persistent ratio: 0.50
  Avg Connection 2 duration: 0.842338 sec
  Avg Throughput Persistent: 60.33 Mbps
  Avg Throughput Non-Persistent: 45.57 Mbps
  Avg Persistent packets: 4360.06
  Avg Non-Persistent packets: 3370.94

Summary for Connections 3551 to 3600:
  Avg Non-persistent count: 1808.02
  Avg Persistent count: 1807.90
  Avg Total when both present: 3615.92
  Avg Only persistent count: 5127.62
  Avg Only non-persistent count: 3126.02
  Avg Persistent bytes read: 6331437.92
  Avg Non-persistent bytes read: 4882426.56
  Avg Persistent ratio: 0.50
  Avg Non-persistent ratio: 0.50
  Avg Connection 2 duration: 0.844571 sec
  Avg Throughput Persistent: 60.35 Mbps
  Avg Throughput Non-Persistent: 45.97 Mbps
  Avg Persistent packets: 4373.48
  Avg Non-Persistent packets: 3372.66

Summary for Connections 3601 to 3650:
  Avg Non-persistent count: 1827.80
  Avg Persistent count: 1827.04
  Avg Total when both present: 3654.84
  Avg Only persistent count: 5179.26
  Avg Only non-persistent count: 3083.46
  Avg Persistent bytes read: 6397148.16
  Avg Non-persistent bytes read: 4879849.12
  Avg Persistent ratio: 0.50
  Avg Non-persistent ratio: 0.50
  Avg Connection 2 duration: 0.850206 sec
  Avg Throughput Persistent: 59.45 Mbps
  Avg Throughput Non-Persistent: 46.73 Mbps
  Avg Persistent packets: 4418.98
  Avg Non-Persistent packets: 3370.86

Summary for Connections 3651 to 3700:
  Avg Non-persistent count: 1816.24
  Avg Persistent count: 1815.16
  Avg Total when both present: 3631.40
  Avg Only persistent count: 5120.44
  Avg Only non-persistent count: 3105.96
  Avg Persistent bytes read: 6339488.80
  Avg Non-persistent bytes read: 4880254.56
  Avg Persistent ratio: 0.50
  Avg Non-persistent ratio: 0.50
  Avg Connection 2 duration: 0.845180 sec
  Avg Throughput Persistent: 59.36 Mbps
  Avg Throughput Non-Persistent: 47.75 Mbps
  Avg Persistent packets: 4380.84
  Avg Non-Persistent packets: 3372.22

Summary for Connections 3701 to 3750:
  Avg Non-persistent count: 1804.16
  Avg Persistent count: 1804.22
  Avg Total when both present: 3608.38
  Avg Only persistent count: 5171.88
  Avg Only non-persistent count: 3125.86
  Avg Persistent bytes read: 6358920.96
  Avg Non-persistent bytes read: 4877821.92
  Avg Persistent ratio: 0.50
  Avg Non-persistent ratio: 0.50
  Avg Connection 2 duration: 0.846744 sec
  Avg Throughput Persistent: 59.55 Mbps
  Avg Throughput Non-Persistent: 47.25 Mbps
  Avg Persistent packets: 4393.14
  Avg Non-Persistent packets: 3370.32

Summary for Connections 3751 to 3771:
  Avg Non-persistent count: 1777.29
  Avg Persistent count: 1777.86
  Avg Total when both present: 3555.14
  Avg Only persistent count: 5021.19
  Avg Only non-persistent count: 3198.86
  Avg Persistent bytes read: 6210050.67
  Avg Non-persistent bytes read: 4890347.81
  Avg Persistent ratio: 0.50
  Avg Non-persistent ratio: 0.50
  Avg Connection 2 duration: 0.837195 sec
  Avg Throughput Persistent: 42.51 Mbps
  Avg Throughput Non-Persistent: 69.12 Mbps
  Avg Persistent packets: 4289.24
  Avg Non-Persistent packets: 3377.24


Overall Statistics (Averaged):
Average events when both were present: 3783.88
Average Persistent count: 1891.96
Average Non-Persistent count: 1891.93
Average Persistent Ratio: 0.50
Average Non-Persistent Ratio: 0.50
Rejected connections: 0
Average Only Persistent count: 4984.68
Average Only Non Persistent count: 2958.03
Average persistent bytes per connection: 6349940.49
Average non-persistent bytes per connection: 4882819.58
Average persistent packets per connection: 4386.92
Average non-persistent packets per connection: 3373.26
Total persistent duration: 3600.080416 sec
Total non-persistent duration: 3190.662402 sec
Average Throughput Persistent: 53.21 Mbps
Average Throughput Non-Persistent: 46.17 Mbps
