Summary for Connections 1 to 50:
  Avg Non-persistent count: 25260.84
  Avg Persistent count: 25461.40
  Avg Total when both present: 50722.24
  Avg Only persistent count: 69400.72
  Avg Only non-persistent count: 50702.44
  Avg Persistent bytes read: 121309156.00
  Avg Non-persistent bytes read: 102287559.52
  Avg Persistent ratio: 0.51
  Avg Non-persistent ratio: 0.49
  Avg Connection 2 duration: 1.762885 sec
  Avg Throughput Persistent: 530.58 Mbps
  Avg Throughput Non-Persistent: 464.14 Mbps
  Avg Persistent packets: 116644.68
  Avg Non-Persistent packets: 98284.94

Summary for Connections 51 to 100:
  Avg Non-persistent count: 25000.30
  Avg Persistent count: 25180.48
  Avg Total when both present: 50180.78
  Avg Only persistent count: 65597.32
  Avg Only non-persistent count: 51249.68
  Avg Persistent bytes read: 116895041.76
  Avg Non-persistent bytes read: 102288693.92
  Avg Persistent ratio: 0.53
  Avg Non-persistent ratio: 0.47
  Avg Connection 2 duration: 1.763252 sec
  Avg Throughput Persistent: 530.63 Mbps
  Avg Throughput Non-Persistent: 463.71 Mbps
  Avg Persistent packets: 112394.16
  Avg Non-Persistent packets: 98287.28

Summary for Connections 101 to 150:
  Avg Non-persistent count: 25092.46
  Avg Persistent count: 25479.06
  Avg Total when both present: 50571.52
  Avg Only persistent count: 65216.62
  Avg Only non-persistent count: 50858.10
  Avg Persistent bytes read: 116906278.24
  Avg Non-persistent bytes read: 102293256.48
  Avg Persistent ratio: 0.51
  Avg Non-persistent ratio: 0.49
  Avg Connection 2 duration: 1.763445 sec
  Avg Throughput Persistent: 529.86 Mbps
  Avg Throughput Non-Persistent: 464.39 Mbps
  Avg Persistent packets: 112405.50
  Avg Non-Persistent packets: 98287.84

Summary for Connections 151 to 200:
  Avg Non-persistent count: 25663.46
  Avg Persistent count: 25480.88
  Avg Total when both present: 51144.34
  Avg Only persistent count: 64697.28
  Avg Only non-persistent count: 50283.20
  Avg Persistent bytes read: 116962084.16
  Avg Non-persistent bytes read: 102294797.44
  Avg Persistent ratio: 0.51
  Avg Non-persistent ratio: 0.49
  Avg Connection 2 duration: 1.763873 sec
  Avg Throughput Persistent: 530.31 Mbps
  Avg Throughput Non-Persistent: 463.96 Mbps
  Avg Persistent packets: 112461.10
  Avg Non-Persistent packets: 98288.12

Summary for Connections 201 to 250:
  Avg Non-persistent count: 25098.92
  Avg Persistent count: 25591.60
  Avg Total when both present: 50690.52
  Avg Only persistent count: 65094.68
  Avg Only non-persistent count: 50745.00
  Avg Persistent bytes read: 116904885.28
  Avg Non-persistent bytes read: 102296569.12
  Avg Persistent ratio: 0.53
  Avg Non-persistent ratio: 0.47
  Avg Connection 2 duration: 1.763424 sec
  Avg Throughput Persistent: 530.66 Mbps
  Avg Throughput Non-Persistent: 464.21 Mbps
  Avg Persistent packets: 112403.12
  Avg Non-Persistent packets: 98292.54

Summary for Connections 251 to 300:
  Avg Non-persistent count: 25095.72
  Avg Persistent count: 25118.86
  Avg Total when both present: 50214.58
  Avg Only persistent count: 65627.32
  Avg Only non-persistent count: 51214.46
  Avg Persistent bytes read: 116955802.72
  Avg Non-persistent bytes read: 102293747.84
  Avg Persistent ratio: 0.52
  Avg Non-persistent ratio: 0.48
  Avg Connection 2 duration: 1.763723 sec
  Avg Throughput Persistent: 530.49 Mbps
  Avg Throughput Non-Persistent: 463.81 Mbps
  Avg Persistent packets: 112455.10
  Avg Non-Persistent packets: 98285.66

Summary for Connections 301 to 350:
  Avg Non-persistent count: 25617.10
  Avg Persistent count: 25902.02
  Avg Total when both present: 51519.12
  Avg Only persistent count: 64295.28
  Avg Only non-persistent count: 49910.10
  Avg Persistent bytes read: 116930546.72
  Avg Non-persistent bytes read: 102297495.68
  Avg Persistent ratio: 0.51
  Avg Non-persistent ratio: 0.49
  Avg Connection 2 duration: 1.763529 sec
  Avg Throughput Persistent: 530.84 Mbps
  Avg Throughput Non-Persistent: 463.88 Mbps
  Avg Persistent packets: 112431.04
  Avg Non-Persistent packets: 98290.80

Summary for Connections 351 to 400:
  Avg Non-persistent count: 25167.70
  Avg Persistent count: 25323.52
  Avg Total when both present: 50491.22
  Avg Only persistent count: 65289.42
  Avg Only non-persistent count: 50940.64
  Avg Persistent bytes read: 116898126.24
  Avg Non-persistent bytes read: 102293533.92
  Avg Persistent ratio: 0.48
  Avg Non-persistent ratio: 0.52
  Avg Connection 2 duration: 1.763373 sec
  Avg Throughput Persistent: 530.64 Mbps
  Avg Throughput Non-Persistent: 463.66 Mbps
  Avg Persistent packets: 112398.30
  Avg Non-Persistent packets: 98289.30

Summary for Connections 401 to 450:
  Avg Non-persistent count: 24868.96
  Avg Persistent count: 24625.74
  Avg Total when both present: 49494.70
  Avg Only persistent count: 66344.50
  Avg Only non-persistent count: 51926.42
  Avg Persistent bytes read: 116955484.16
  Avg Non-persistent bytes read: 102282450.72
  Avg Persistent ratio: 0.51
  Avg Non-persistent ratio: 0.49
  Avg Connection 2 duration: 1.763651 sec
  Avg Throughput Persistent: 531.23 Mbps
  Avg Throughput Non-Persistent: 463.72 Mbps
  Avg Persistent packets: 112451.26
  Avg Non-Persistent packets: 98274.88

Summary for Connections 451 to 500:
  Avg Non-persistent count: 25153.88
  Avg Persistent count: 25283.24
  Avg Total when both present: 50437.12
  Avg Only persistent count: 65367.88
  Avg Only non-persistent count: 51001.14
  Avg Persistent bytes read: 116924331.68
  Avg Non-persistent bytes read: 102300287.36
  Avg Persistent ratio: 0.48
  Avg Non-persistent ratio: 0.52
  Avg Connection 2 duration: 1.763591 sec
  Avg Throughput Persistent: 530.38 Mbps
  Avg Throughput Non-Persistent: 463.94 Mbps
  Avg Persistent packets: 112420.10
  Avg Non-Persistent packets: 98293.84

Summary for Connections 501 to 550:
  Avg Non-persistent count: 25025.86
  Avg Persistent count: 25306.88
  Avg Total when both present: 50332.74
  Avg Only persistent count: 65423.34
  Avg Only non-persistent count: 51091.64
  Avg Persistent bytes read: 116872337.12
  Avg Non-persistent bytes read: 102288342.72
  Avg Persistent ratio: 0.47
  Avg Non-persistent ratio: 0.53
  Avg Connection 2 duration: 1.763110 sec
  Avg Throughput Persistent: 530.15 Mbps
  Avg Throughput Non-Persistent: 464.75 Mbps
  Avg Persistent packets: 112373.22
  Avg Non-Persistent packets: 98281.46

Summary for Connections 551 to 600:
  Avg Non-persistent count: 25159.02
  Avg Persistent count: 25847.12
  Avg Total when both present: 51006.14
  Avg Only persistent count: 64778.72
  Avg Only non-persistent count: 50424.86
  Avg Persistent bytes read: 116905322.56
  Avg Non-persistent bytes read: 102293434.40
  Avg Persistent ratio: 0.54
  Avg Non-persistent ratio: 0.46
  Avg Connection 2 duration: 1.763374 sec
  Avg Throughput Persistent: 531.02 Mbps
  Avg Throughput Non-Persistent: 463.65 Mbps
  Avg Persistent packets: 112404.66
  Avg Non-Persistent packets: 98288.30

Summary for Connections 601 to 650:
  Avg Non-persistent count: 24935.54
  Avg Persistent count: 25465.56
  Avg Total when both present: 50401.10
  Avg Only persistent count: 65416.22
  Avg Only non-persistent count: 51032.66
  Avg Persistent bytes read: 116937680.00
  Avg Non-persistent bytes read: 102294129.28
  Avg Persistent ratio: 0.53
  Avg Non-persistent ratio: 0.47
  Avg Connection 2 duration: 1.763677 sec
  Avg Throughput Persistent: 530.05 Mbps
  Avg Throughput Non-Persistent: 464.20 Mbps
  Avg Persistent packets: 112434.46
  Avg Non-Persistent packets: 98290.48

Summary for Connections 651 to 700:
  Avg Non-persistent count: 25220.18
  Avg Persistent count: 25180.64
  Avg Total when both present: 50400.82
  Avg Only persistent count: 65346.28
  Avg Only non-persistent count: 51030.78
  Avg Persistent bytes read: 116863640.00
  Avg Non-persistent bytes read: 102298081.92
  Avg Persistent ratio: 0.47
  Avg Non-persistent ratio: 0.53
  Avg Connection 2 duration: 1.763142 sec
  Avg Throughput Persistent: 530.48 Mbps
  Avg Throughput Non-Persistent: 463.87 Mbps
  Avg Persistent packets: 112365.80
  Avg Non-Persistent packets: 98290.10

Summary for Connections 701 to 750:
  Avg Non-persistent count: 25037.08
  Avg Persistent count: 25602.74
  Avg Total when both present: 50639.82
  Avg Only persistent count: 65191.54
  Avg Only non-persistent count: 50774.46
  Avg Persistent bytes read: 116951339.20
  Avg Non-persistent bytes read: 102278326.56
  Avg Persistent ratio: 0.50
  Avg Non-persistent ratio: 0.50
  Avg Connection 2 duration: 1.763559 sec
  Avg Throughput Persistent: 530.56 Mbps
  Avg Throughput Non-Persistent: 463.78 Mbps
  Avg Persistent packets: 112447.90
  Avg Non-Persistent packets: 98271.80

Summary for Connections 751 to 800:
  Avg Non-persistent count: 25310.74
  Avg Persistent count: 25265.62
  Avg Total when both present: 50576.36
  Avg Only persistent count: 65219.42
  Avg Only non-persistent count: 50860.78
  Avg Persistent bytes read: 116918529.12
  Avg Non-persistent bytes read: 102299798.24
  Avg Persistent ratio: 0.51
  Avg Non-persistent ratio: 0.49
  Avg Connection 2 duration: 1.763540 sec
  Avg Throughput Persistent: 530.11 Mbps
  Avg Throughput Non-Persistent: 463.87 Mbps
  Avg Persistent packets: 112413.42
  Avg Non-Persistent packets: 98295.24

Summary for Connections 801 to 850:
  Avg Non-persistent count: 25371.90
  Avg Persistent count: 25518.12
  Avg Total when both present: 50890.02
  Avg Only persistent count: 64884.60
  Avg Only non-persistent count: 50528.50
  Avg Persistent bytes read: 116894607.36
  Avg Non-persistent bytes read: 102285434.72
  Avg Persistent ratio: 0.50
  Avg Non-persistent ratio: 0.50
  Avg Connection 2 duration: 1.763163 sec
  Avg Throughput Persistent: 530.55 Mbps
  Avg Throughput Non-Persistent: 463.75 Mbps
  Avg Persistent packets: 112394.32
  Avg Non-Persistent packets: 98275.14

Summary for Connections 851 to 900:
  Avg Non-persistent count: 25261.60
  Avg Persistent count: 25282.88
  Avg Total when both present: 50544.48
  Avg Only persistent count: 65251.60
  Avg Only non-persistent count: 50882.30
  Avg Persistent bytes read: 116910390.56
  Avg Non-persistent bytes read: 102295284.16
  Avg Persistent ratio: 0.49
  Avg Non-persistent ratio: 0.51
  Avg Connection 2 duration: 1.763497 sec
  Avg Throughput Persistent: 529.79 Mbps
  Avg Throughput Non-Persistent: 464.55 Mbps
  Avg Persistent packets: 112412.32
  Avg Non-Persistent packets: 98284.10

Summary for Connections 901 to 950:
  Avg Non-persistent count: 25078.20
  Avg Persistent count: 25343.96
  Avg Total when both present: 50422.16
  Avg Only persistent count: 65392.56
  Avg Only non-persistent count: 51016.56
  Avg Persistent bytes read: 116931792.00
  Avg Non-persistent bytes read: 102304883.84
  Avg Persistent ratio: 0.47
  Avg Non-persistent ratio: 0.53
  Avg Connection 2 duration: 1.763732 sec
  Avg Throughput Persistent: 530.11 Mbps
  Avg Throughput Non-Persistent: 464.11 Mbps
  Avg Persistent packets: 112430.14
  Avg Non-Persistent packets: 98296.32

Summary for Connections 951 to 1000:
  Avg Non-persistent count: 25291.94
  Avg Persistent count: 25569.84
  Avg Total when both present: 50861.78
  Avg Only persistent count: 64920.50
  Avg Only non-persistent count: 50575.54
  Avg Persistent bytes read: 116899878.08
  Avg Non-persistent bytes read: 102301243.36
  Avg Persistent ratio: 0.50
  Avg Non-persistent ratio: 0.50
  Avg Connection 2 duration: 1.763415 sec
  Avg Throughput Persistent: 530.29 Mbps
  Avg Throughput Non-Persistent: 464.48 Mbps
  Avg Persistent packets: 112399.54
  Avg Non-Persistent packets: 98293.56

Summary for Connections 1001 to 1050:
  Avg Non-persistent count: 25368.54
  Avg Persistent count: 25249.14
  Avg Total when both present: 50617.68
  Avg Only persistent count: 65179.68
  Avg Only non-persistent count: 50807.72
  Avg Persistent bytes read: 116915516.48
  Avg Non-persistent bytes read: 102285888.08
  Avg Persistent ratio: 0.51
  Avg Non-persistent ratio: 0.49
  Avg Connection 2 duration: 1.763356 sec
  Avg Throughput Persistent: 530.22 Mbps
  Avg Throughput Non-Persistent: 464.14 Mbps
  Avg Persistent packets: 112415.12
  Avg Non-Persistent packets: 98283.10

Summary for Connections 1051 to 1100:
  Avg Non-persistent count: 24984.28
  Avg Persistent count: 25394.76
  Avg Total when both present: 50379.04
  Avg Only persistent count: 65492.52
  Avg Only non-persistent count: 51057.26
  Avg Persistent bytes read: 116987453.12
  Avg Non-persistent bytes read: 102301069.76
  Avg Persistent ratio: 0.49
  Avg Non-persistent ratio: 0.51
  Avg Connection 2 duration: 1.764147 sec
  Avg Throughput Persistent: 530.98 Mbps
  Avg Throughput Non-Persistent: 463.36 Mbps
  Avg Persistent packets: 112483.76
  Avg Non-Persistent packets: 98294.70

Summary for Connections 1101 to 1150:
  Avg Non-persistent count: 25201.82
  Avg Persistent count: 25411.04
  Avg Total when both present: 50612.86
  Avg Only persistent count: 65204.98
  Avg Only non-persistent count: 50817.12
  Avg Persistent bytes read: 116933355.84
  Avg Non-persistent bytes read: 102296192.48
  Avg Persistent ratio: 0.50
  Avg Non-persistent ratio: 0.50
  Avg Connection 2 duration: 1.763572 sec
  Avg Throughput Persistent: 530.62 Mbps
  Avg Throughput Non-Persistent: 463.46 Mbps
  Avg Persistent packets: 112432.46
  Avg Non-Persistent packets: 98289.86

Summary for Connections 1151 to 1200:
  Avg Non-persistent count: 25488.82
  Avg Persistent count: 25524.76
  Avg Total when both present: 51013.58
  Avg Only persistent count: 64783.72
  Avg Only non-persistent count: 50415.70
  Avg Persistent bytes read: 116917775.36
  Avg Non-persistent bytes read: 102296482.24
  Avg Persistent ratio: 0.48
  Avg Non-persistent ratio: 0.52
  Avg Connection 2 duration: 1.763492 sec
  Avg Throughput Persistent: 530.69 Mbps
  Avg Throughput Non-Persistent: 464.18 Mbps
  Avg Persistent packets: 112416.52
  Avg Non-Persistent packets: 98287.74

Summary for Connections 1201 to 1250:
  Avg Non-persistent count: 25596.12
  Avg Persistent count: 25763.02
  Avg Total when both present: 51359.14
  Avg Only persistent count: 64482.56
  Avg Only non-persistent count: 50059.72
  Avg Persistent bytes read: 116962924.00
  Avg Non-persistent bytes read: 102284718.56
  Avg Persistent ratio: 0.46
  Avg Non-persistent ratio: 0.54
  Avg Connection 2 duration: 1.763582 sec
  Avg Throughput Persistent: 530.91 Mbps
  Avg Throughput Non-Persistent: 463.92 Mbps
  Avg Persistent packets: 112460.16
  Avg Non-Persistent packets: 98279.44

Summary for Connections 1251 to 1300:
  Avg Non-persistent count: 24989.14
  Avg Persistent count: 25355.96
  Avg Total when both present: 50345.10
  Avg Only persistent count: 65460.90
  Avg Only non-persistent count: 51086.16
  Avg Persistent bytes read: 116926810.88
  Avg Non-persistent bytes read: 102293807.20
  Avg Persistent ratio: 0.50
  Avg Non-persistent ratio: 0.50
  Avg Connection 2 duration: 1.763536 sec
  Avg Throughput Persistent: 530.09 Mbps
  Avg Throughput Non-Persistent: 464.40 Mbps
  Avg Persistent packets: 112424.78
  Avg Non-Persistent packets: 98286.64

Summary for Connections 1301 to 1350:
  Avg Non-persistent count: 25057.04
  Avg Persistent count: 25147.08
  Avg Total when both present: 50204.12
  Avg Only persistent count: 65591.52
  Avg Only non-persistent count: 51228.60
  Avg Persistent bytes read: 116912272.96
  Avg Non-persistent bytes read: 102300010.08
  Avg Persistent ratio: 0.47
  Avg Non-persistent ratio: 0.53
  Avg Connection 2 duration: 1.763472 sec
  Avg Throughput Persistent: 530.23 Mbps
  Avg Throughput Non-Persistent: 464.10 Mbps
  Avg Persistent packets: 112411.58
  Avg Non-Persistent packets: 98291.02

Summary for Connections 1351 to 1400:
  Avg Non-persistent count: 25287.16
  Avg Persistent count: 25434.14
  Avg Total when both present: 50721.30
  Avg Only persistent count: 65071.60
  Avg Only non-persistent count: 50704.44
  Avg Persistent bytes read: 116914097.44
  Avg Non-persistent bytes read: 102286788.80
  Avg Persistent ratio: 0.51
  Avg Non-persistent ratio: 0.49
  Avg Connection 2 duration: 1.763330 sec
  Avg Throughput Persistent: 529.74 Mbps
  Avg Throughput Non-Persistent: 464.72 Mbps
  Avg Persistent packets: 112412.08
  Avg Non-Persistent packets: 98284.88

Summary for Connections 1401 to 1450:
  Avg Non-persistent count: 25313.36
  Avg Persistent count: 25584.20
  Avg Total when both present: 50897.56
  Avg Only persistent count: 64916.60
  Avg Only non-persistent count: 50534.28
  Avg Persistent bytes read: 116931994.72
  Avg Non-persistent bytes read: 102294745.76
  Avg Persistent ratio: 0.52
  Avg Non-persistent ratio: 0.48
  Avg Connection 2 duration: 1.763612 sec
  Avg Throughput Persistent: 530.99 Mbps
  Avg Throughput Non-Persistent: 463.83 Mbps
  Avg Persistent packets: 112431.02
  Avg Non-Persistent packets: 98289.04

Summary for Connections 1451 to 1500:
  Avg Non-persistent count: 25255.38
  Avg Persistent count: 25390.62
  Avg Total when both present: 50646.00
  Avg Only persistent count: 65166.42
  Avg Only non-persistent count: 50779.96
  Avg Persistent bytes read: 116933935.04
  Avg Non-persistent bytes read: 102289852.96
  Avg Persistent ratio: 0.51
  Avg Non-persistent ratio: 0.49
  Avg Connection 2 duration: 1.763572 sec
  Avg Throughput Persistent: 530.03 Mbps
  Avg Throughput Non-Persistent: 464.48 Mbps
  Avg Persistent packets: 112429.78
  Avg Non-Persistent packets: 98285.06

Summary for Connections 1501 to 1550:
  Avg Non-persistent count: 25324.68
  Avg Persistent count: 25336.92
  Avg Total when both present: 50661.60
  Avg Only persistent count: 65110.16
  Avg Only non-persistent count: 50762.66
  Avg Persistent bytes read: 116884471.36
  Avg Non-persistent bytes read: 102287992.00
  Avg Persistent ratio: 0.47
  Avg Non-persistent ratio: 0.53
  Avg Connection 2 duration: 1.763116 sec
  Avg Throughput Persistent: 530.70 Mbps
  Avg Throughput Non-Persistent: 464.39 Mbps
  Avg Persistent packets: 112389.82
  Avg Non-Persistent packets: 98282.62

Summary for Connections 1551 to 1600:
  Avg Non-persistent count: 25007.36
  Avg Persistent count: 25291.94
  Avg Total when both present: 50299.30
  Avg Only persistent count: 65497.48
  Avg Only non-persistent count: 51127.02
  Avg Persistent bytes read: 116916796.16
  Avg Non-persistent bytes read: 102292713.28
  Avg Persistent ratio: 0.51
  Avg Non-persistent ratio: 0.49
  Avg Connection 2 duration: 1.763454 sec
  Avg Throughput Persistent: 530.49 Mbps
  Avg Throughput Non-Persistent: 463.79 Mbps
  Avg Persistent packets: 112414.60
  Avg Non-Persistent packets: 98284.42

Summary for Connections 1601 to 1650:
  Avg Non-persistent count: 25390.94
  Avg Persistent count: 25627.96
  Avg Total when both present: 51018.90
  Avg Only persistent count: 64802.26
  Avg Only non-persistent count: 50403.76
  Avg Persistent bytes read: 116938186.72
  Avg Non-persistent bytes read: 102294304.64
  Avg Persistent ratio: 0.49
  Avg Non-persistent ratio: 0.51
  Avg Connection 2 duration: 1.763589 sec
  Avg Throughput Persistent: 530.49 Mbps
  Avg Throughput Non-Persistent: 463.69 Mbps
  Avg Persistent packets: 112437.82
  Avg Non-Persistent packets: 98281.30

Summary for Connections 1651 to 1700:
  Avg Non-persistent count: 25352.14
  Avg Persistent count: 25456.70
  Avg Total when both present: 50808.84
  Avg Only persistent count: 65010.04
  Avg Only non-persistent count: 50624.20
  Avg Persistent bytes read: 116935746.08
  Avg Non-persistent bytes read: 102296408.80
  Avg Persistent ratio: 0.49
  Avg Non-persistent ratio: 0.51
  Avg Connection 2 duration: 1.763609 sec
  Avg Throughput Persistent: 530.64 Mbps
  Avg Throughput Non-Persistent: 463.53 Mbps
  Avg Persistent packets: 112437.78
  Avg Non-Persistent packets: 98290.20

Summary for Connections 1701 to 1750:
  Avg Non-persistent count: 25201.40
  Avg Persistent count: 25393.78
  Avg Total when both present: 50595.18
  Avg Only persistent count: 65166.94
  Avg Only non-persistent count: 50827.68
  Avg Persistent bytes read: 116878316.32
  Avg Non-persistent bytes read: 102289280.80
  Avg Persistent ratio: 0.51
  Avg Non-persistent ratio: 0.49
  Avg Connection 2 duration: 1.763099 sec
  Avg Throughput Persistent: 529.23 Mbps
  Avg Throughput Non-Persistent: 465.21 Mbps
  Avg Persistent packets: 112377.30
  Avg Non-Persistent packets: 98282.70

Summary for Connections 1751 to 1800:
  Avg Non-persistent count: 24899.36
  Avg Persistent count: 25397.42
  Avg Total when both present: 50296.78
  Avg Only persistent count: 65507.18
  Avg Only non-persistent count: 51128.96
  Avg Persistent bytes read: 116919223.36
  Avg Non-persistent bytes read: 102291390.72
  Avg Persistent ratio: 0.51
  Avg Non-persistent ratio: 0.49
  Avg Connection 2 duration: 1.763465 sec
  Avg Throughput Persistent: 530.53 Mbps
  Avg Throughput Non-Persistent: 463.67 Mbps
  Avg Persistent packets: 112419.46
  Avg Non-Persistent packets: 98283.24

Summary for Connections 1801 to 1850:
  Avg Non-persistent count: 24913.36
  Avg Persistent count: 25504.98
  Avg Total when both present: 50418.34
  Avg Only persistent count: 65405.78
  Avg Only non-persistent count: 51002.16
  Avg Persistent bytes read: 116940219.36
  Avg Non-persistent bytes read: 102288623.20
  Avg Persistent ratio: 0.51
  Avg Non-persistent ratio: 0.49
  Avg Connection 2 duration: 1.763630 sec
  Avg Throughput Persistent: 530.34 Mbps
  Avg Throughput Non-Persistent: 464.04 Mbps
  Avg Persistent packets: 112438.94
  Avg Non-Persistent packets: 98279.14

Summary for Connections 1851 to 1900:
  Avg Non-persistent count: 25407.32
  Avg Persistent count: 25905.52
  Avg Total when both present: 51312.84
  Avg Only persistent count: 64490.00
  Avg Only non-persistent count: 50114.14
  Avg Persistent bytes read: 116924725.76
  Avg Non-persistent bytes read: 102293205.76
  Avg Persistent ratio: 0.50
  Avg Non-persistent ratio: 0.50
  Avg Connection 2 duration: 1.763523 sec
  Avg Throughput Persistent: 530.37 Mbps
  Avg Throughput Non-Persistent: 463.73 Mbps
  Avg Persistent packets: 112422.22
  Avg Non-Persistent packets: 98286.34

Summary for Connections 1901 to 1932:
  Avg Non-persistent count: 24705.38
  Avg Persistent count: 25003.44
  Avg Total when both present: 49708.81
  Avg Only persistent count: 65315.22
  Avg Only non-persistent count: 51707.34
  Avg Persistent bytes read: 116135822.00
  Avg Non-persistent bytes read: 102281023.25
  Avg Persistent ratio: 0.52
  Avg Non-persistent ratio: 0.48
  Avg Connection 2 duration: 1.756600 sec
  Avg Throughput Persistent: 475.39 Mbps
  Avg Throughput Non-Persistent: 526.55 Mbps
  Avg Persistent packets: 111666.06
  Avg Non-Persistent packets: 98279.78


Overall Statistics (Averaged):
Average events when both were present: 50609.82
Average Persistent count: 25414.14
Average Non-Persistent count: 25195.68
Average Persistent Ratio: 0.50
Average Non-Persistent Ratio: 0.50
Rejected connections: 0
Average Only Persistent count: 65292.39
Average Only Non Persistent count: 50818.41
Average persistent bytes per connection: 117021946.17
Average non-persistent bytes per connection: 102292719.49
Average persistent packets per connection: 112517.12
Average non-persistent packets per connection: 98286.29
Total persistent duration: 3600.002752 sec
Total non-persistent duration: 3406.816699 sec
Average Throughput Persistent: 502.41 Mbps
Average Throughput Non-Persistent: 464.08 Mbps
