Summary for Connections 1 to 50:
  Avg Non-persistent count: 48217.30
  Avg Persistent count: 47728.50
  Avg Total when both present: 95945.80
  Avg Only persistent count: 23544.12
  Avg Only non-persistent count: 7557.28
  Avg Persistent bytes read: 118311428.00
  Avg Non-persistent bytes read: 102191897.92
  Avg Persistent ratio: 0.49
  Avg Non-persistent ratio: 0.51
  Avg Connection 2 duration: 1.753963 sec
  Avg Throughput Persistent: 524.14 Mbps
  Avg Throughput Non-Persistent: 469.65 Mbps
  Avg Persistent packets: 112021.70
  Avg Non-Persistent packets: 96535.38

Summary for Connections 51 to 100:
  Avg Non-persistent count: 48207.14
  Avg Persistent count: 47657.98
  Avg Total when both present: 95865.12
  Avg Only persistent count: 20881.94
  Avg Only non-persistent count: 7632.38
  Avg Persistent bytes read: 115564706.24
  Avg Non-persistent bytes read: 102187943.36
  Avg Persistent ratio: 0.50
  Avg Non-persistent ratio: 0.50
  Avg Connection 2 duration: 1.753438 sec
  Avg Throughput Persistent: 527.71 Mbps
  Avg Throughput Non-Persistent: 465.69 Mbps
  Avg Persistent packets: 109370.16
  Avg Non-Persistent packets: 96527.86

Summary for Connections 101 to 150:
  Avg Non-persistent count: 48134.06
  Avg Persistent count: 47813.08
  Avg Total when both present: 95947.14
  Avg Only persistent count: 21016.06
  Avg Only non-persistent count: 7604.36
  Avg Persistent bytes read: 115702479.52
  Avg Non-persistent bytes read: 102169499.68
  Avg Persistent ratio: 0.50
  Avg Non-persistent ratio: 0.50
  Avg Connection 2 duration: 1.754300 sec
  Avg Throughput Persistent: 527.98 Mbps
  Avg Throughput Non-Persistent: 465.67 Mbps
  Avg Persistent packets: 109559.38
  Avg Non-Persistent packets: 96562.80

Summary for Connections 151 to 200:
  Avg Non-persistent count: 48409.30
  Avg Persistent count: 47477.96
  Avg Total when both present: 95887.26
  Avg Only persistent count: 20752.66
  Avg Only non-persistent count: 7570.50
  Avg Persistent bytes read: 115449232.16
  Avg Non-persistent bytes read: 102155826.24
  Avg Persistent ratio: 0.49
  Avg Non-persistent ratio: 0.51
  Avg Connection 2 duration: 1.751856 sec
  Avg Throughput Persistent: 525.55 Mbps
  Avg Throughput Non-Persistent: 468.86 Mbps
  Avg Persistent packets: 109274.56
  Avg Non-Persistent packets: 96502.22

Summary for Connections 201 to 250:
  Avg Non-persistent count: 48221.26
  Avg Persistent count: 47673.62
  Avg Total when both present: 95894.88
  Avg Only persistent count: 21166.88
  Avg Only non-persistent count: 7578.68
  Avg Persistent bytes read: 115879530.40
  Avg Non-persistent bytes read: 102160962.56
  Avg Persistent ratio: 0.50
  Avg Non-persistent ratio: 0.50
  Avg Connection 2 duration: 1.755639 sec
  Avg Throughput Persistent: 527.97 Mbps
  Avg Throughput Non-Persistent: 465.67 Mbps
  Avg Persistent packets: 109682.04
  Avg Non-Persistent packets: 96505.74

Summary for Connections 251 to 300:
  Avg Non-persistent count: 48206.00
  Avg Persistent count: 47701.52
  Avg Total when both present: 95907.52
  Avg Only persistent count: 20921.02
  Avg Only non-persistent count: 7572.62
  Avg Persistent bytes read: 115625985.60
  Avg Non-persistent bytes read: 102167539.36
  Avg Persistent ratio: 0.49
  Avg Non-persistent ratio: 0.51
  Avg Connection 2 duration: 1.753670 sec
  Avg Throughput Persistent: 527.86 Mbps
  Avg Throughput Non-Persistent: 465.76 Mbps
  Avg Persistent packets: 109457.02
  Avg Non-Persistent packets: 96519.24

Summary for Connections 301 to 350:
  Avg Non-persistent count: 48306.98
  Avg Persistent count: 47540.14
  Avg Total when both present: 95847.12
  Avg Only persistent count: 20954.60
  Avg Only non-persistent count: 7645.30
  Avg Persistent bytes read: 115590220.00
  Avg Non-persistent bytes read: 102163199.84
  Avg Persistent ratio: 0.49
  Avg Non-persistent ratio: 0.51
  Avg Connection 2 duration: 1.753177 sec
  Avg Throughput Persistent: 530.25 Mbps
  Avg Throughput Non-Persistent: 463.57 Mbps
  Avg Persistent packets: 109413.46
  Avg Non-Persistent packets: 96517.58

Summary for Connections 351 to 400:
  Avg Non-persistent count: 48277.20
  Avg Persistent count: 47518.82
  Avg Total when both present: 95796.02
  Avg Only persistent count: 21064.30
  Avg Only non-persistent count: 7759.40
  Avg Persistent bytes read: 115560030.24
  Avg Non-persistent bytes read: 102165363.36
  Avg Persistent ratio: 0.49
  Avg Non-persistent ratio: 0.51
  Avg Connection 2 duration: 1.753092 sec
  Avg Throughput Persistent: 526.51 Mbps
  Avg Throughput Non-Persistent: 466.92 Mbps
  Avg Persistent packets: 109104.96
  Avg Non-Persistent packets: 96246.28

Summary for Connections 401 to 450:
  Avg Non-persistent count: 48283.22
  Avg Persistent count: 47808.26
  Avg Total when both present: 96091.48
  Avg Only persistent count: 20673.96
  Avg Only non-persistent count: 7405.48
  Avg Persistent bytes read: 115565588.48
  Avg Non-persistent bytes read: 102170288.16
  Avg Persistent ratio: 0.49
  Avg Non-persistent ratio: 0.51
  Avg Connection 2 duration: 1.753232 sec
  Avg Throughput Persistent: 527.96 Mbps
  Avg Throughput Non-Persistent: 466.11 Mbps
  Avg Persistent packets: 109397.72
  Avg Non-Persistent packets: 96540.02

Summary for Connections 451 to 500:
  Avg Non-persistent count: 48064.00
  Avg Persistent count: 47829.64
  Avg Total when both present: 95893.64
  Avg Only persistent count: 21014.54
  Avg Only non-persistent count: 7586.28
  Avg Persistent bytes read: 115704487.68
  Avg Non-persistent bytes read: 102160585.44
  Avg Persistent ratio: 0.50
  Avg Non-persistent ratio: 0.50
  Avg Connection 2 duration: 1.754191 sec
  Avg Throughput Persistent: 527.97 Mbps
  Avg Throughput Non-Persistent: 465.39 Mbps
  Avg Persistent packets: 109529.50
  Avg Non-Persistent packets: 96509.58

Summary for Connections 501 to 550:
  Avg Non-persistent count: 48170.12
  Avg Persistent count: 47682.14
  Avg Total when both present: 95852.26
  Avg Only persistent count: 20856.26
  Avg Only non-persistent count: 7620.46
  Avg Persistent bytes read: 115505839.04
  Avg Non-persistent bytes read: 102158834.08
  Avg Persistent ratio: 0.50
  Avg Non-persistent ratio: 0.50
  Avg Connection 2 duration: 1.752446 sec
  Avg Throughput Persistent: 523.87 Mbps
  Avg Throughput Non-Persistent: 470.04 Mbps
  Avg Persistent packets: 109337.76
  Avg Non-Persistent packets: 96510.24

Summary for Connections 551 to 600:
  Avg Non-persistent count: 48035.38
  Avg Persistent count: 47734.30
  Avg Total when both present: 95769.68
  Avg Only persistent count: 21001.14
  Avg Only non-persistent count: 7718.72
  Avg Persistent bytes read: 115564076.16
  Avg Non-persistent bytes read: 102165437.12
  Avg Persistent ratio: 0.50
  Avg Non-persistent ratio: 0.50
  Avg Connection 2 duration: 1.752956 sec
  Avg Throughput Persistent: 527.52 Mbps
  Avg Throughput Non-Persistent: 465.92 Mbps
  Avg Persistent packets: 109385.82
  Avg Non-Persistent packets: 96512.40

Summary for Connections 601 to 650:
  Avg Non-persistent count: 47966.90
  Avg Persistent count: 47811.60
  Avg Total when both present: 95778.50
  Avg Only persistent count: 21059.74
  Avg Only non-persistent count: 7739.14
  Avg Persistent bytes read: 115616813.76
  Avg Non-persistent bytes read: 102178121.60
  Avg Persistent ratio: 0.49
  Avg Non-persistent ratio: 0.51
  Avg Connection 2 duration: 1.753585 sec
  Avg Throughput Persistent: 525.97 Mbps
  Avg Throughput Non-Persistent: 467.72 Mbps
  Avg Persistent packets: 109441.26
  Avg Non-Persistent packets: 96531.62

Summary for Connections 651 to 700:
  Avg Non-persistent count: 48218.36
  Avg Persistent count: 47536.62
  Avg Total when both present: 95754.98
  Avg Only persistent count: 21093.60
  Avg Only non-persistent count: 7719.02
  Avg Persistent bytes read: 115657188.96
  Avg Non-persistent bytes read: 102164538.40
  Avg Persistent ratio: 0.50
  Avg Non-persistent ratio: 0.50
  Avg Connection 2 duration: 1.753909 sec
  Avg Throughput Persistent: 528.18 Mbps
  Avg Throughput Non-Persistent: 465.23 Mbps
  Avg Persistent packets: 109466.30
  Avg Non-Persistent packets: 96501.58

Summary for Connections 701 to 750:
  Avg Non-persistent count: 48188.28
  Avg Persistent count: 47670.82
  Avg Total when both present: 95859.10
  Avg Only persistent count: 20973.54
  Avg Only non-persistent count: 7620.66
  Avg Persistent bytes read: 115637772.32
  Avg Non-persistent bytes read: 102165750.24
  Avg Persistent ratio: 0.50
  Avg Non-persistent ratio: 0.50
  Avg Connection 2 duration: 1.753859 sec
  Avg Throughput Persistent: 528.93 Mbps
  Avg Throughput Non-Persistent: 464.18 Mbps
  Avg Persistent packets: 109457.76
  Avg Non-Persistent packets: 96513.60

Summary for Connections 751 to 800:
  Avg Non-persistent count: 47891.00
  Avg Persistent count: 47927.06
  Avg Total when both present: 95818.06
  Avg Only persistent count: 21264.12
  Avg Only non-persistent count: 7712.44
  Avg Persistent bytes read: 115832821.44
  Avg Non-persistent bytes read: 102162729.76
  Avg Persistent ratio: 0.50
  Avg Non-persistent ratio: 0.50
  Avg Connection 2 duration: 1.755367 sec
  Avg Throughput Persistent: 529.06 Mbps
  Avg Throughput Non-Persistent: 464.81 Mbps
  Avg Persistent packets: 109661.90
  Avg Non-Persistent packets: 96530.86

Summary for Connections 801 to 850:
  Avg Non-persistent count: 48136.86
  Avg Persistent count: 47701.64
  Avg Total when both present: 95838.50
  Avg Only persistent count: 21045.90
  Avg Only non-persistent count: 7673.62
  Avg Persistent bytes read: 115648512.96
  Avg Non-persistent bytes read: 102160154.56
  Avg Persistent ratio: 0.50
  Avg Non-persistent ratio: 0.50
  Avg Connection 2 duration: 1.753629 sec
  Avg Throughput Persistent: 528.54 Mbps
  Avg Throughput Non-Persistent: 465.42 Mbps
  Avg Persistent packets: 109488.12
  Avg Non-Persistent packets: 96524.92

Summary for Connections 851 to 900:
  Avg Non-persistent count: 48064.82
  Avg Persistent count: 47843.56
  Avg Total when both present: 95908.38
  Avg Only persistent count: 20982.74
  Avg Only non-persistent count: 7562.12
  Avg Persistent bytes read: 115697280.16
  Avg Non-persistent bytes read: 102161240.80
  Avg Persistent ratio: 0.50
  Avg Non-persistent ratio: 0.50
  Avg Connection 2 duration: 1.754107 sec
  Avg Throughput Persistent: 526.45 Mbps
  Avg Throughput Non-Persistent: 467.36 Mbps
  Avg Persistent packets: 109517.82
  Avg Non-Persistent packets: 96509.20

Summary for Connections 901 to 950:
  Avg Non-persistent count: 48209.46
  Avg Persistent count: 47676.82
  Avg Total when both present: 95886.28
  Avg Only persistent count: 21031.38
  Avg Only non-persistent count: 7625.46
  Avg Persistent bytes read: 115681796.48
  Avg Non-persistent bytes read: 102158672.96
  Avg Persistent ratio: 0.50
  Avg Non-persistent ratio: 0.50
  Avg Connection 2 duration: 1.753982 sec
  Avg Throughput Persistent: 529.12 Mbps
  Avg Throughput Non-Persistent: 464.69 Mbps
  Avg Persistent packets: 109521.50
  Avg Non-Persistent packets: 96525.80

Summary for Connections 951 to 1000:
  Avg Non-persistent count: 48000.86
  Avg Persistent count: 47759.60
  Avg Total when both present: 95760.46
  Avg Only persistent count: 21122.08
  Avg Only non-persistent count: 7824.82
  Avg Persistent bytes read: 115579346.56
  Avg Non-persistent bytes read: 102158105.92
  Avg Persistent ratio: 0.50
  Avg Non-persistent ratio: 0.50
  Avg Connection 2 duration: 1.753075 sec
  Avg Throughput Persistent: 528.20 Mbps
  Avg Throughput Non-Persistent: 465.15 Mbps
  Avg Persistent packets: 109447.40
  Avg Non-Persistent packets: 96563.88

Summary for Connections 1001 to 1050:
  Avg Non-persistent count: 48155.64
  Avg Persistent count: 47805.22
  Avg Total when both present: 95960.86
  Avg Only persistent count: 20819.76
  Avg Only non-persistent count: 7571.88
  Avg Persistent bytes read: 115517456.96
  Avg Non-persistent bytes read: 102166460.96
  Avg Persistent ratio: 0.50
  Avg Non-persistent ratio: 0.50
  Avg Connection 2 duration: 1.752849 sec
  Avg Throughput Persistent: 527.26 Mbps
  Avg Throughput Non-Persistent: 466.89 Mbps
  Avg Persistent packets: 109389.02
  Avg Non-Persistent packets: 96556.10

Summary for Connections 1051 to 1100:
  Avg Non-persistent count: 48088.50
  Avg Persistent count: 47637.22
  Avg Total when both present: 95725.72
  Avg Only persistent count: 21150.04
  Avg Only non-persistent count: 7824.52
  Avg Persistent bytes read: 115611824.16
  Avg Non-persistent bytes read: 102165161.92
  Avg Persistent ratio: 0.49
  Avg Non-persistent ratio: 0.51
  Avg Connection 2 duration: 1.753501 sec
  Avg Throughput Persistent: 528.22 Mbps
  Avg Throughput Non-Persistent: 465.18 Mbps
  Avg Persistent packets: 109458.08
  Avg Non-Persistent packets: 96546.26

Summary for Connections 1101 to 1150:
  Avg Non-persistent count: 48105.74
  Avg Persistent count: 47680.70
  Avg Total when both present: 95786.44
  Avg Only persistent count: 21056.84
  Avg Only non-persistent count: 7680.68
  Avg Persistent bytes read: 115658826.24
  Avg Non-persistent bytes read: 102159291.52
  Avg Persistent ratio: 0.50
  Avg Non-persistent ratio: 0.50
  Avg Connection 2 duration: 1.753792 sec
  Avg Throughput Persistent: 528.08 Mbps
  Avg Throughput Non-Persistent: 465.43 Mbps
  Avg Persistent packets: 109463.00
  Avg Non-Persistent packets: 96496.44

Summary for Connections 1151 to 1200:
  Avg Non-persistent count: 48081.96
  Avg Persistent count: 47699.84
  Avg Total when both present: 95781.80
  Avg Only persistent count: 21260.20
  Avg Only non-persistent count: 7726.16
  Avg Persistent bytes read: 115821755.20
  Avg Non-persistent bytes read: 102165576.00
  Avg Persistent ratio: 0.50
  Avg Non-persistent ratio: 0.50
  Avg Connection 2 duration: 1.755230 sec
  Avg Throughput Persistent: 527.90 Mbps
  Avg Throughput Non-Persistent: 465.51 Mbps
  Avg Persistent packets: 109638.90
  Avg Non-Persistent packets: 96517.82

Summary for Connections 1201 to 1250:
  Avg Non-persistent count: 48170.88
  Avg Persistent count: 47585.14
  Avg Total when both present: 95756.02
  Avg Only persistent count: 20869.94
  Avg Only non-persistent count: 7721.94
  Avg Persistent bytes read: 115428970.72
  Avg Non-persistent bytes read: 102169336.80
  Avg Persistent ratio: 0.50
  Avg Non-persistent ratio: 0.50
  Avg Connection 2 duration: 1.751980 sec
  Avg Throughput Persistent: 525.54 Mbps
  Avg Throughput Non-Persistent: 468.16 Mbps
  Avg Persistent packets: 109250.90
  Avg Non-Persistent packets: 96511.50

Summary for Connections 1251 to 1300:
  Avg Non-persistent count: 48024.52
  Avg Persistent count: 47806.90
  Avg Total when both present: 95831.42
  Avg Only persistent count: 21034.82
  Avg Only non-persistent count: 7640.86
  Avg Persistent bytes read: 115674580.48
  Avg Non-persistent bytes read: 102157067.36
  Avg Persistent ratio: 0.50
  Avg Non-persistent ratio: 0.50
  Avg Connection 2 duration: 1.753887 sec
  Avg Throughput Persistent: 527.89 Mbps
  Avg Throughput Non-Persistent: 465.43 Mbps
  Avg Persistent packets: 109483.40
  Avg Non-Persistent packets: 96499.18

Summary for Connections 1301 to 1350:
  Avg Non-persistent count: 48145.14
  Avg Persistent count: 47684.16
  Avg Total when both present: 95829.30
  Avg Only persistent count: 20924.86
  Avg Only non-persistent count: 7634.46
  Avg Persistent bytes read: 115564420.16
  Avg Non-persistent bytes read: 102160040.64
  Avg Persistent ratio: 0.50
  Avg Non-persistent ratio: 0.50
  Avg Connection 2 duration: 1.752935 sec
  Avg Throughput Persistent: 527.70 Mbps
  Avg Throughput Non-Persistent: 465.81 Mbps
  Avg Persistent packets: 109382.44
  Avg Non-Persistent packets: 96505.44

Summary for Connections 1351 to 1400:
  Avg Non-persistent count: 48328.20
  Avg Persistent count: 47582.24
  Avg Total when both present: 95910.44
  Avg Only persistent count: 20807.10
  Avg Only non-persistent count: 7588.14
  Avg Persistent bytes read: 115510481.12
  Avg Non-persistent bytes read: 102163242.08
  Avg Persistent ratio: 0.49
  Avg Non-persistent ratio: 0.51
  Avg Connection 2 duration: 1.752761 sec
  Avg Throughput Persistent: 523.57 Mbps
  Avg Throughput Non-Persistent: 470.24 Mbps
  Avg Persistent packets: 109338.00
  Avg Non-Persistent packets: 96525.48

Summary for Connections 1401 to 1450:
  Avg Non-persistent count: 48429.64
  Avg Persistent count: 47546.58
  Avg Total when both present: 95976.22
  Avg Only persistent count: 20827.34
  Avg Only non-persistent count: 7528.20
  Avg Persistent bytes read: 115576832.00
  Avg Non-persistent bytes read: 102164401.92
  Avg Persistent ratio: 0.49
  Avg Non-persistent ratio: 0.51
  Avg Connection 2 duration: 1.753206 sec
  Avg Throughput Persistent: 525.30 Mbps
  Avg Throughput Non-Persistent: 468.42 Mbps
  Avg Persistent packets: 109423.12
  Avg Non-Persistent packets: 96533.46

Summary for Connections 1451 to 1500:
  Avg Non-persistent count: 48118.04
  Avg Persistent count: 47764.94
  Avg Total when both present: 95882.98
  Avg Only persistent count: 20822.48
  Avg Only non-persistent count: 7635.56
  Avg Persistent bytes read: 115462952.80
  Avg Non-persistent bytes read: 102161298.56
  Avg Persistent ratio: 0.49
  Avg Non-persistent ratio: 0.51
  Avg Connection 2 duration: 1.752145 sec
  Avg Throughput Persistent: 528.63 Mbps
  Avg Throughput Non-Persistent: 465.41 Mbps
  Avg Persistent packets: 109312.54
  Avg Non-Persistent packets: 96535.58

Summary for Connections 1501 to 1550:
  Avg Non-persistent count: 48347.16
  Avg Persistent count: 47652.32
  Avg Total when both present: 95999.48
  Avg Only persistent count: 20827.44
  Avg Only non-persistent count: 7473.68
  Avg Persistent bytes read: 115631579.84
  Avg Non-persistent bytes read: 102161522.88
  Avg Persistent ratio: 0.49
  Avg Non-persistent ratio: 0.51
  Avg Connection 2 duration: 1.753661 sec
  Avg Throughput Persistent: 525.02 Mbps
  Avg Throughput Non-Persistent: 468.89 Mbps
  Avg Persistent packets: 109456.92
  Avg Non-Persistent packets: 96513.76

Summary for Connections 1551 to 1600:
  Avg Non-persistent count: 48148.84
  Avg Persistent count: 47852.46
  Avg Total when both present: 96001.30
  Avg Only persistent count: 20916.82
  Avg Only non-persistent count: 7519.10
  Avg Persistent bytes read: 115669631.84
  Avg Non-persistent bytes read: 102160274.40
  Avg Persistent ratio: 0.51
  Avg Non-persistent ratio: 0.49
  Avg Connection 2 duration: 1.753878 sec
  Avg Throughput Persistent: 528.11 Mbps
  Avg Throughput Non-Persistent: 465.48 Mbps
  Avg Persistent packets: 109525.88
  Avg Non-Persistent packets: 96540.14

Summary for Connections 1601 to 1650:
  Avg Non-persistent count: 48162.92
  Avg Persistent count: 47772.16
  Avg Total when both present: 95935.08
  Avg Only persistent count: 20855.38
  Avg Only non-persistent count: 7530.02
  Avg Persistent bytes read: 115594560.48
  Avg Non-persistent bytes read: 102159292.96
  Avg Persistent ratio: 0.50
  Avg Non-persistent ratio: 0.50
  Avg Connection 2 duration: 1.753226 sec
  Avg Throughput Persistent: 528.25 Mbps
  Avg Throughput Non-Persistent: 465.01 Mbps
  Avg Persistent packets: 109419.26
  Avg Non-Persistent packets: 96504.80

Summary for Connections 1651 to 1700:
  Avg Non-persistent count: 48336.22
  Avg Persistent count: 47682.64
  Avg Total when both present: 96018.86
  Avg Only persistent count: 20910.50
  Avg Only non-persistent count: 7514.68
  Avg Persistent bytes read: 115677360.64
  Avg Non-persistent bytes read: 102162477.76
  Avg Persistent ratio: 0.50
  Avg Non-persistent ratio: 0.50
  Avg Connection 2 duration: 1.754019 sec
  Avg Throughput Persistent: 528.12 Mbps
  Avg Throughput Non-Persistent: 465.82 Mbps
  Avg Persistent packets: 109537.76
  Avg Non-Persistent packets: 96555.52

Summary for Connections 1701 to 1750:
  Avg Non-persistent count: 48325.24
  Avg Persistent count: 47737.86
  Avg Total when both present: 96063.10
  Avg Only persistent count: 20849.10
  Avg Only non-persistent count: 7484.70
  Avg Persistent bytes read: 115642956.16
  Avg Non-persistent bytes read: 102165562.40
  Avg Persistent ratio: 0.50
  Avg Non-persistent ratio: 0.50
  Avg Connection 2 duration: 1.753773 sec
  Avg Throughput Persistent: 528.85 Mbps
  Avg Throughput Non-Persistent: 464.29 Mbps
  Avg Persistent packets: 109516.30
  Avg Non-Persistent packets: 96566.88

Summary for Connections 1751 to 1800:
  Avg Non-persistent count: 48301.30
  Avg Persistent count: 47639.28
  Avg Total when both present: 95940.58
  Avg Only persistent count: 20679.00
  Avg Only non-persistent count: 7537.16
  Avg Persistent bytes read: 115416632.32
  Avg Non-persistent bytes read: 102158985.28
  Avg Persistent ratio: 0.50
  Avg Non-persistent ratio: 0.50
  Avg Connection 2 duration: 1.751664 sec
  Avg Throughput Persistent: 528.13 Mbps
  Avg Throughput Non-Persistent: 465.83 Mbps
  Avg Persistent packets: 109254.74
  Avg Non-Persistent packets: 96520.62

Summary for Connections 1801 to 1850:
  Avg Non-persistent count: 48447.14
  Avg Persistent count: 47592.38
  Avg Total when both present: 96039.52
  Avg Only persistent count: 20794.92
  Avg Only non-persistent count: 7450.04
  Avg Persistent bytes read: 115624414.72
  Avg Non-persistent bytes read: 102166619.20
  Avg Persistent ratio: 0.49
  Avg Non-persistent ratio: 0.51
  Avg Connection 2 duration: 1.753804 sec
  Avg Throughput Persistent: 528.87 Mbps
  Avg Throughput Non-Persistent: 464.90 Mbps
  Avg Persistent packets: 109463.26
  Avg Non-Persistent packets: 96527.22

Summary for Connections 1851 to 1900:
  Avg Non-persistent count: 48175.96
  Avg Persistent count: 47613.06
  Avg Total when both present: 95789.02
  Avg Only persistent count: 20986.12
  Avg Only non-persistent count: 7701.94
  Avg Persistent bytes read: 115552754.24
  Avg Non-persistent bytes read: 102160036.32
  Avg Persistent ratio: 0.49
  Avg Non-persistent ratio: 0.51
  Avg Connection 2 duration: 1.752991 sec
  Avg Throughput Persistent: 528.63 Mbps
  Avg Throughput Non-Persistent: 464.75 Mbps
  Avg Persistent packets: 109388.08
  Avg Non-Persistent packets: 96516.04

Summary for Connections 1901 to 1944:
  Avg Non-persistent count: 48074.23
  Avg Persistent count: 47628.05
  Avg Total when both present: 95702.27
  Avg Only persistent count: 21050.95
  Avg Only non-persistent count: 7781.75
  Avg Persistent bytes read: 115544443.45
  Avg Non-persistent bytes read: 102161713.45
  Avg Persistent ratio: 0.49
  Avg Non-persistent ratio: 0.51
  Avg Connection 2 duration: 1.752853 sec
  Avg Throughput Persistent: 527.10 Mbps
  Avg Throughput Non-Persistent: 467.03 Mbps
  Avg Persistent packets: 109363.02
  Avg Non-Persistent packets: 96504.82


Overall Statistics (Averaged):
Average events when both were present: 95878.30
Average Persistent count: 47693.97
Average Non-Persistent count: 48184.33
Average Persistent Ratio: 0.50
Average Non-Persistent Ratio: 0.50
Rejected connections: 0
Average Only Persistent count: 21024.44
Average Only Non Persistent count: 7621.92
Average persistent bytes per connection: 115683766.26
Average non-persistent bytes per connection: 102164497.12
Average persistent packets per connection: 109505.30
Average non-persistent packets per connection: 96517.16
Total persistent duration: 3600.004837 sec
Total non-persistent duration: 3408.764272 sec
Average Throughput Persistent: 499.75 Mbps
Average Throughput Non-Persistent: 466.11 Mbps
