Summary for Connections 1 to 50:
  Avg Non-persistent count: 5950.64
  Avg Persistent count: 6280.44
  Avg Total when both present: 12231.08
  Avg Only persistent count: 35308.42
  Avg Only non-persistent count: 12935.76
  Avg Persistent bytes read: 48101635.36
  Avg Non-persistent bytes read: 25355313.12
  Avg Persistent ratio: 0.55
  Avg Non-persistent ratio: 0.45
  Avg Connection 2 duration: 0.455675 sec
  Avg Throughput Persistent: 703.32 Mbps
  Avg Throughput Non-Persistent: 444.45 Mbps
  Avg Persistent packets: 46283.02
  Avg Non-Persistent packets: 24331.94

Summary for Connections 51 to 100:
  Avg Non-persistent count: 6066.70
  Avg Persistent count: 6174.50
  Avg Total when both present: 12241.20
  Avg Only persistent count: 27261.58
  Avg Only non-persistent count: 12924.96
  Avg Persistent bytes read: 39944846.56
  Avg Non-persistent bytes read: 25353921.60
  Avg Persistent ratio: 0.53
  Avg Non-persistent ratio: 0.47
  Avg Connection 2 duration: 0.455683 sec
  Avg Throughput Persistent: 701.74 Mbps
  Avg Throughput Non-Persistent: 445.42 Mbps
  Avg Persistent packets: 38425.14
  Avg Non-Persistent packets: 24334.06

Summary for Connections 101 to 150:
  Avg Non-persistent count: 5980.50
  Avg Persistent count: 6279.98
  Avg Total when both present: 12260.48
  Avg Only persistent count: 27318.68
  Avg Only non-persistent count: 12902.48
  Avg Persistent bytes read: 40017072.80
  Avg Non-persistent bytes read: 25351265.76
  Avg Persistent ratio: 0.55
  Avg Non-persistent ratio: 0.45
  Avg Connection 2 duration: 0.456268 sec
  Avg Throughput Persistent: 700.44 Mbps
  Avg Throughput Non-Persistent: 444.41 Mbps
  Avg Persistent packets: 38498.30
  Avg Non-Persistent packets: 24327.14

Summary for Connections 151 to 200:
  Avg Non-persistent count: 6018.14
  Avg Persistent count: 6177.28
  Avg Total when both present: 12195.42
  Avg Only persistent count: 27358.96
  Avg Only non-persistent count: 12972.28
  Avg Persistent bytes read: 39994831.52
  Avg Non-persistent bytes read: 25357287.36
  Avg Persistent ratio: 0.47
  Avg Non-persistent ratio: 0.53
  Avg Connection 2 duration: 0.456146 sec
  Avg Throughput Persistent: 700.86 Mbps
  Avg Throughput Non-Persistent: 444.62 Mbps
  Avg Persistent packets: 38474.70
  Avg Non-Persistent packets: 24334.64

Summary for Connections 201 to 250:
  Avg Non-persistent count: 6069.82
  Avg Persistent count: 6145.72
  Avg Total when both present: 12215.54
  Avg Only persistent count: 27345.62
  Avg Only non-persistent count: 12957.30
  Avg Persistent bytes read: 40000304.96
  Avg Non-persistent bytes read: 25362095.84
  Avg Persistent ratio: 0.56
  Avg Non-persistent ratio: 0.44
  Avg Connection 2 duration: 0.456285 sec
  Avg Throughput Persistent: 702.16 Mbps
  Avg Throughput Non-Persistent: 443.66 Mbps
  Avg Persistent packets: 38481.22
  Avg Non-Persistent packets: 24339.22

Summary for Connections 251 to 300:
  Avg Non-persistent count: 6031.82
  Avg Persistent count: 6087.58
  Avg Total when both present: 12119.40
  Avg Only persistent count: 27466.56
  Avg Only non-persistent count: 13045.32
  Avg Persistent bytes read: 40027583.84
  Avg Non-persistent bytes read: 25352635.36
  Avg Persistent ratio: 0.47
  Avg Non-persistent ratio: 0.53
  Avg Connection 2 duration: 0.456345 sec
  Avg Throughput Persistent: 699.72 Mbps
  Avg Throughput Non-Persistent: 446.20 Mbps
  Avg Persistent packets: 38505.70
  Avg Non-Persistent packets: 24331.96

Summary for Connections 301 to 350:
  Avg Non-persistent count: 5939.76
  Avg Persistent count: 6218.24
  Avg Total when both present: 12158.00
  Avg Only persistent count: 27392.26
  Avg Only non-persistent count: 13006.98
  Avg Persistent bytes read: 39989533.28
  Avg Non-persistent bytes read: 25353785.28
  Avg Persistent ratio: 0.49
  Avg Non-persistent ratio: 0.51
  Avg Connection 2 duration: 0.456072 sec
  Avg Throughput Persistent: 702.79 Mbps
  Avg Throughput Non-Persistent: 443.83 Mbps
  Avg Persistent packets: 38469.08
  Avg Non-Persistent packets: 24330.84

Summary for Connections 351 to 400:
  Avg Non-persistent count: 6118.08
  Avg Persistent count: 6292.10
  Avg Total when both present: 12410.18
  Avg Only persistent count: 27164.10
  Avg Only non-persistent count: 12749.30
  Avg Persistent bytes read: 40016290.88
  Avg Non-persistent bytes read: 25351156.32
  Avg Persistent ratio: 0.56
  Avg Non-persistent ratio: 0.44
  Avg Connection 2 duration: 0.456287 sec
  Avg Throughput Persistent: 702.29 Mbps
  Avg Throughput Non-Persistent: 445.62 Mbps
  Avg Persistent packets: 38493.96
  Avg Non-Persistent packets: 24326.28

Summary for Connections 401 to 450:
  Avg Non-persistent count: 6078.12
  Avg Persistent count: 6274.62
  Avg Total when both present: 12352.74
  Avg Only persistent count: 27183.74
  Avg Only non-persistent count: 12815.58
  Avg Persistent bytes read: 39977745.12
  Avg Non-persistent bytes read: 25356403.68
  Avg Persistent ratio: 0.43
  Avg Non-persistent ratio: 0.57
  Avg Connection 2 duration: 0.455985 sec
  Avg Throughput Persistent: 701.80 Mbps
  Avg Throughput Non-Persistent: 446.06 Mbps
  Avg Persistent packets: 38460.12
  Avg Non-Persistent packets: 24333.78

Summary for Connections 451 to 500:
  Avg Non-persistent count: 6035.72
  Avg Persistent count: 6099.62
  Avg Total when both present: 12135.34
  Avg Only persistent count: 27399.48
  Avg Only non-persistent count: 13034.10
  Avg Persistent bytes read: 39975196.64
  Avg Non-persistent bytes read: 25357023.84
  Avg Persistent ratio: 0.50
  Avg Non-persistent ratio: 0.50
  Avg Connection 2 duration: 0.455988 sec
  Avg Throughput Persistent: 700.94 Mbps
  Avg Throughput Non-Persistent: 443.92 Mbps
  Avg Persistent packets: 38455.84
  Avg Non-Persistent packets: 24335.76

Summary for Connections 501 to 550:
  Avg Non-persistent count: 5957.20
  Avg Persistent count: 6075.66
  Avg Total when both present: 12032.86
  Avg Only persistent count: 27528.26
  Avg Only non-persistent count: 13138.78
  Avg Persistent bytes read: 39999436.16
  Avg Non-persistent bytes read: 25360103.52
  Avg Persistent ratio: 0.53
  Avg Non-persistent ratio: 0.47
  Avg Connection 2 duration: 0.456288 sec
  Avg Throughput Persistent: 701.42 Mbps
  Avg Throughput Non-Persistent: 444.21 Mbps
  Avg Persistent packets: 38481.06
  Avg Non-Persistent packets: 24337.40

Summary for Connections 551 to 600:
  Avg Non-persistent count: 5998.84
  Avg Persistent count: 6366.64
  Avg Total when both present: 12365.48
  Avg Only persistent count: 27179.34
  Avg Only non-persistent count: 12800.98
  Avg Persistent bytes read: 39985100.96
  Avg Non-persistent bytes read: 25355092.00
  Avg Persistent ratio: 0.50
  Avg Non-persistent ratio: 0.50
  Avg Connection 2 duration: 0.456107 sec
  Avg Throughput Persistent: 702.83 Mbps
  Avg Throughput Non-Persistent: 444.74 Mbps
  Avg Persistent packets: 38464.24
  Avg Non-Persistent packets: 24333.38

Summary for Connections 601 to 650:
  Avg Non-persistent count: 5943.48
  Avg Persistent count: 6148.20
  Avg Total when both present: 12091.68
  Avg Only persistent count: 27444.16
  Avg Only non-persistent count: 13079.42
  Avg Persistent bytes read: 39978613.92
  Avg Non-persistent bytes read: 25360050.56
  Avg Persistent ratio: 0.52
  Avg Non-persistent ratio: 0.48
  Avg Connection 2 duration: 0.456104 sec
  Avg Throughput Persistent: 701.69 Mbps
  Avg Throughput Non-Persistent: 444.21 Mbps
  Avg Persistent packets: 38455.06
  Avg Non-Persistent packets: 24337.28

Summary for Connections 651 to 700:
  Avg Non-persistent count: 5985.18
  Avg Persistent count: 6167.52
  Avg Total when both present: 12152.70
  Avg Only persistent count: 27418.80
  Avg Only non-persistent count: 13020.58
  Avg Persistent bytes read: 40012091.68
  Avg Non-persistent bytes read: 25362370.24
  Avg Persistent ratio: 0.53
  Avg Non-persistent ratio: 0.47
  Avg Connection 2 duration: 0.456419 sec
  Avg Throughput Persistent: 703.15 Mbps
  Avg Throughput Non-Persistent: 444.24 Mbps
  Avg Persistent packets: 38489.96
  Avg Non-Persistent packets: 24339.48

Summary for Connections 701 to 750:
  Avg Non-persistent count: 5992.62
  Avg Persistent count: 6106.22
  Avg Total when both present: 12098.84
  Avg Only persistent count: 27445.88
  Avg Only non-persistent count: 13063.66
  Avg Persistent bytes read: 39984348.00
  Avg Non-persistent bytes read: 25352492.00
  Avg Persistent ratio: 0.53
  Avg Non-persistent ratio: 0.47
  Avg Connection 2 duration: 0.456034 sec
  Avg Throughput Persistent: 701.86 Mbps
  Avg Throughput Non-Persistent: 443.83 Mbps
  Avg Persistent packets: 38464.82
  Avg Non-Persistent packets: 24329.72

Summary for Connections 751 to 800:
  Avg Non-persistent count: 5907.86
  Avg Persistent count: 6217.50
  Avg Total when both present: 12125.36
  Avg Only persistent count: 27419.88
  Avg Only non-persistent count: 13042.14
  Avg Persistent bytes read: 39984334.56
  Avg Non-persistent bytes read: 25357492.16
  Avg Persistent ratio: 0.50
  Avg Non-persistent ratio: 0.50
  Avg Connection 2 duration: 0.456099 sec
  Avg Throughput Persistent: 701.18 Mbps
  Avg Throughput Non-Persistent: 444.97 Mbps
  Avg Persistent packets: 38464.40
  Avg Non-Persistent packets: 24331.96

Summary for Connections 801 to 850:
  Avg Non-persistent count: 6019.62
  Avg Persistent count: 6188.80
  Avg Total when both present: 12208.42
  Avg Only persistent count: 27360.88
  Avg Only non-persistent count: 12970.30
  Avg Persistent bytes read: 40010657.12
  Avg Non-persistent bytes read: 25366050.24
  Avg Persistent ratio: 0.49
  Avg Non-persistent ratio: 0.51
  Avg Connection 2 duration: 0.456490 sec
  Avg Throughput Persistent: 700.04 Mbps
  Avg Throughput Non-Persistent: 445.04 Mbps
  Avg Persistent packets: 38490.28
  Avg Non-Persistent packets: 24344.92

Summary for Connections 851 to 900:
  Avg Non-persistent count: 5999.08
  Avg Persistent count: 6339.36
  Avg Total when both present: 12338.44
  Avg Only persistent count: 27220.64
  Avg Only non-persistent count: 12823.50
  Avg Persistent bytes read: 39999638.88
  Avg Non-persistent bytes read: 25353650.40
  Avg Persistent ratio: 0.57
  Avg Non-persistent ratio: 0.43
  Avg Connection 2 duration: 0.456146 sec
  Avg Throughput Persistent: 700.56 Mbps
  Avg Throughput Non-Persistent: 445.93 Mbps
  Avg Persistent packets: 38478.92
  Avg Non-Persistent packets: 24329.52

Summary for Connections 901 to 950:
  Avg Non-persistent count: 6077.00
  Avg Persistent count: 6242.60
  Avg Total when both present: 12319.60
  Avg Only persistent count: 27251.48
  Avg Only non-persistent count: 12847.18
  Avg Persistent bytes read: 40010818.08
  Avg Non-persistent bytes read: 25357480.16
  Avg Persistent ratio: 0.50
  Avg Non-persistent ratio: 0.50
  Avg Connection 2 duration: 0.456286 sec
  Avg Throughput Persistent: 701.82 Mbps
  Avg Throughput Non-Persistent: 444.56 Mbps
  Avg Persistent packets: 38491.60
  Avg Non-Persistent packets: 24334.48

Summary for Connections 951 to 1000:
  Avg Non-persistent count: 6103.20
  Avg Persistent count: 6311.50
  Avg Total when both present: 12414.70
  Avg Only persistent count: 27123.92
  Avg Only non-persistent count: 12757.28
  Avg Persistent bytes read: 39980292.96
  Avg Non-persistent bytes read: 25358684.48
  Avg Persistent ratio: 0.48
  Avg Non-persistent ratio: 0.52
  Avg Connection 2 duration: 0.456086 sec
  Avg Throughput Persistent: 702.01 Mbps
  Avg Throughput Non-Persistent: 445.51 Mbps
  Avg Persistent packets: 38460.02
  Avg Non-Persistent packets: 24336.96

Summary for Connections 1001 to 1050:
  Avg Non-persistent count: 5930.26
  Avg Persistent count: 6006.74
  Avg Total when both present: 11937.00
  Avg Only persistent count: 27652.40
  Avg Only non-persistent count: 13230.44
  Avg Persistent bytes read: 40027295.68
  Avg Non-persistent bytes read: 25356059.04
  Avg Persistent ratio: 0.50
  Avg Non-persistent ratio: 0.50
  Avg Connection 2 duration: 0.456410 sec
  Avg Throughput Persistent: 701.92 Mbps
  Avg Throughput Non-Persistent: 443.71 Mbps
  Avg Persistent packets: 38506.80
  Avg Non-Persistent packets: 24333.32

Summary for Connections 1051 to 1100:
  Avg Non-persistent count: 6270.48
  Avg Persistent count: 6331.30
  Avg Total when both present: 12601.78
  Avg Only persistent count: 26939.46
  Avg Only non-persistent count: 12564.86
  Avg Persistent bytes read: 39981741.60
  Avg Non-persistent bytes read: 25357454.72
  Avg Persistent ratio: 0.44
  Avg Non-persistent ratio: 0.56
  Avg Connection 2 duration: 0.456090 sec
  Avg Throughput Persistent: 701.42 Mbps
  Avg Throughput Non-Persistent: 444.90 Mbps
  Avg Persistent packets: 38461.40
  Avg Non-Persistent packets: 24334.76

Summary for Connections 1101 to 1150:
  Avg Non-persistent count: 5875.82
  Avg Persistent count: 6008.56
  Avg Total when both present: 11884.38
  Avg Only persistent count: 27646.46
  Avg Only non-persistent count: 13287.72
  Avg Persistent bytes read: 39968506.88
  Avg Non-persistent bytes read: 25361483.84
  Avg Persistent ratio: 0.49
  Avg Non-persistent ratio: 0.51
  Avg Connection 2 duration: 0.456058 sec
  Avg Throughput Persistent: 701.20 Mbps
  Avg Throughput Non-Persistent: 445.36 Mbps
  Avg Persistent packets: 38449.92
  Avg Non-Persistent packets: 24338.28

Summary for Connections 1151 to 1200:
  Avg Non-persistent count: 5923.96
  Avg Persistent count: 6205.88
  Avg Total when both present: 12129.84
  Avg Only persistent count: 27438.96
  Avg Only non-persistent count: 13031.68
  Avg Persistent bytes read: 40009803.84
  Avg Non-persistent bytes read: 25352277.28
  Avg Persistent ratio: 0.50
  Avg Non-persistent ratio: 0.50
  Avg Connection 2 duration: 0.456201 sec
  Avg Throughput Persistent: 700.59 Mbps
  Avg Throughput Non-Persistent: 446.20 Mbps
  Avg Persistent packets: 38487.48
  Avg Non-Persistent packets: 24329.74

Summary for Connections 1201 to 1250:
  Avg Non-persistent count: 5960.72
  Avg Persistent count: 6145.66
  Avg Total when both present: 12106.38
  Avg Only persistent count: 27455.32
  Avg Only non-persistent count: 13066.46
  Avg Persistent bytes read: 40002100.48
  Avg Non-persistent bytes read: 25361092.48
  Avg Persistent ratio: 0.52
  Avg Non-persistent ratio: 0.48
  Avg Connection 2 duration: 0.456291 sec
  Avg Throughput Persistent: 701.86 Mbps
  Avg Throughput Non-Persistent: 443.63 Mbps
  Avg Persistent packets: 38480.96
  Avg Non-Persistent packets: 24340.30

Summary for Connections 1251 to 1300:
  Avg Non-persistent count: 6151.92
  Avg Persistent count: 6207.54
  Avg Total when both present: 12359.46
  Avg Only persistent count: 27204.04
  Avg Only non-persistent count: 12809.40
  Avg Persistent bytes read: 40004446.24
  Avg Non-persistent bytes read: 25356102.88
  Avg Persistent ratio: 0.46
  Avg Non-persistent ratio: 0.54
  Avg Connection 2 duration: 0.456271 sec
  Avg Throughput Persistent: 701.61 Mbps
  Avg Throughput Non-Persistent: 443.78 Mbps
  Avg Persistent packets: 38484.00
  Avg Non-Persistent packets: 24334.58

Summary for Connections 1301 to 1350:
  Avg Non-persistent count: 6011.28
  Avg Persistent count: 6134.54
  Avg Total when both present: 12145.82
  Avg Only persistent count: 27432.40
  Avg Only non-persistent count: 13024.64
  Avg Persistent bytes read: 40016435.68
  Avg Non-persistent bytes read: 25359833.76
  Avg Persistent ratio: 0.51
  Avg Non-persistent ratio: 0.49
  Avg Connection 2 duration: 0.456397 sec
  Avg Throughput Persistent: 701.00 Mbps
  Avg Throughput Non-Persistent: 444.21 Mbps
  Avg Persistent packets: 38496.88
  Avg Non-Persistent packets: 24338.10

Summary for Connections 1351 to 1400:
  Avg Non-persistent count: 6089.50
  Avg Persistent count: 6274.46
  Avg Total when both present: 12363.96
  Avg Only persistent count: 27184.06
  Avg Only non-persistent count: 12807.14
  Avg Persistent bytes read: 39989068.48
  Avg Non-persistent bytes read: 25360056.96
  Avg Persistent ratio: 0.46
  Avg Non-persistent ratio: 0.54
  Avg Connection 2 duration: 0.456112 sec
  Avg Throughput Persistent: 701.42 Mbps
  Avg Throughput Non-Persistent: 444.86 Mbps
  Avg Persistent packets: 38469.54
  Avg Non-Persistent packets: 24337.40

Summary for Connections 1401 to 1450:
  Avg Non-persistent count: 6076.16
  Avg Persistent count: 6183.74
  Avg Total when both present: 12259.90
  Avg Only persistent count: 27275.18
  Avg Only non-persistent count: 12908.98
  Avg Persistent bytes read: 39976123.36
  Avg Non-persistent bytes read: 25358053.76
  Avg Persistent ratio: 0.53
  Avg Non-persistent ratio: 0.47
  Avg Connection 2 duration: 0.456062 sec
  Avg Throughput Persistent: 701.06 Mbps
  Avg Throughput Non-Persistent: 444.95 Mbps
  Avg Persistent packets: 38455.40
  Avg Non-Persistent packets: 24334.54

Summary for Connections 1451 to 1500:
  Avg Non-persistent count: 6191.56
  Avg Persistent count: 6147.34
  Avg Total when both present: 12338.90
  Avg Only persistent count: 27187.40
  Avg Only non-persistent count: 12831.44
  Avg Persistent bytes read: 39969607.36
  Avg Non-persistent bytes read: 25359111.04
  Avg Persistent ratio: 0.52
  Avg Non-persistent ratio: 0.48
  Avg Connection 2 duration: 0.455923 sec
  Avg Throughput Persistent: 700.51 Mbps
  Avg Throughput Non-Persistent: 445.37 Mbps
  Avg Persistent packets: 38445.98
  Avg Non-Persistent packets: 24336.34

Summary for Connections 1501 to 1550:
  Avg Non-persistent count: 5984.72
  Avg Persistent count: 6240.00
  Avg Total when both present: 12224.72
  Avg Only persistent count: 27310.70
  Avg Only non-persistent count: 12944.94
  Avg Persistent bytes read: 39974298.88
  Avg Non-persistent bytes read: 25359147.04
  Avg Persistent ratio: 0.49
  Avg Non-persistent ratio: 0.51
  Avg Connection 2 duration: 0.456029 sec
  Avg Throughput Persistent: 703.91 Mbps
  Avg Throughput Non-Persistent: 443.89 Mbps
  Avg Persistent packets: 38455.80
  Avg Non-Persistent packets: 24337.18

Summary for Connections 1551 to 1600:
  Avg Non-persistent count: 5894.00
  Avg Persistent count: 6200.58
  Avg Total when both present: 12094.58
  Avg Only persistent count: 27476.62
  Avg Only non-persistent count: 13071.22
  Avg Persistent bytes read: 40012526.08
  Avg Non-persistent bytes read: 25354182.24
  Avg Persistent ratio: 0.46
  Avg Non-persistent ratio: 0.54
  Avg Connection 2 duration: 0.456237 sec
  Avg Throughput Persistent: 701.46 Mbps
  Avg Throughput Non-Persistent: 444.39 Mbps
  Avg Persistent packets: 38490.40
  Avg Non-Persistent packets: 24331.46

Summary for Connections 1601 to 1650:
  Avg Non-persistent count: 6059.58
  Avg Persistent count: 6122.40
  Avg Total when both present: 12181.98
  Avg Only persistent count: 27347.98
  Avg Only non-persistent count: 12987.06
  Avg Persistent bytes read: 39972792.96
  Avg Non-persistent bytes read: 25358021.28
  Avg Persistent ratio: 0.54
  Avg Non-persistent ratio: 0.46
  Avg Connection 2 duration: 0.455992 sec
  Avg Throughput Persistent: 702.47 Mbps
  Avg Throughput Non-Persistent: 444.72 Mbps
  Avg Persistent packets: 38451.30
  Avg Non-Persistent packets: 24335.58

Summary for Connections 1651 to 1700:
  Avg Non-persistent count: 6129.48
  Avg Persistent count: 6271.38
  Avg Total when both present: 12400.86
  Avg Only persistent count: 27165.46
  Avg Only non-persistent count: 12767.58
  Avg Persistent bytes read: 40007805.60
  Avg Non-persistent bytes read: 25357973.28
  Avg Persistent ratio: 0.51
  Avg Non-persistent ratio: 0.49
  Avg Connection 2 duration: 0.456298 sec
  Avg Throughput Persistent: 700.13 Mbps
  Avg Throughput Non-Persistent: 446.37 Mbps
  Avg Persistent packets: 38486.04
  Avg Non-Persistent packets: 24336.24

Summary for Connections 1701 to 1750:
  Avg Non-persistent count: 6074.90
  Avg Persistent count: 6188.26
  Avg Total when both present: 12263.16
  Avg Only persistent count: 27319.44
  Avg Only non-persistent count: 12908.62
  Avg Persistent bytes read: 40023299.20
  Avg Non-persistent bytes read: 25362894.88
  Avg Persistent ratio: 0.49
  Avg Non-persistent ratio: 0.51
  Avg Connection 2 duration: 0.456519 sec
  Avg Throughput Persistent: 701.88 Mbps
  Avg Throughput Non-Persistent: 443.26 Mbps
  Avg Persistent packets: 38502.64
  Avg Non-Persistent packets: 24338.66

Summary for Connections 1751 to 1800:
  Avg Non-persistent count: 5803.50
  Avg Persistent count: 6100.14
  Avg Total when both present: 11903.64
  Avg Only persistent count: 27657.94
  Avg Only non-persistent count: 13267.00
  Avg Persistent bytes read: 40002129.44
  Avg Non-persistent bytes read: 25357841.92
  Avg Persistent ratio: 0.53
  Avg Non-persistent ratio: 0.47
  Avg Connection 2 duration: 0.456228 sec
  Avg Throughput Persistent: 702.21 Mbps
  Avg Throughput Non-Persistent: 443.48 Mbps
  Avg Persistent packets: 38480.92
  Avg Non-Persistent packets: 24336.48

Summary for Connections 1801 to 1850:
  Avg Non-persistent count: 5911.20
  Avg Persistent count: 6238.70
  Avg Total when both present: 12149.90
  Avg Only persistent count: 27410.80
  Avg Only non-persistent count: 13018.96
  Avg Persistent bytes read: 40003374.72
  Avg Non-persistent bytes read: 25357887.04
  Avg Persistent ratio: 0.51
  Avg Non-persistent ratio: 0.49
  Avg Connection 2 duration: 0.456302 sec
  Avg Throughput Persistent: 701.76 Mbps
  Avg Throughput Non-Persistent: 444.44 Mbps
  Avg Persistent packets: 38482.10
  Avg Non-Persistent packets: 24336.72

Summary for Connections 1851 to 1900:
  Avg Non-persistent count: 6029.28
  Avg Persistent count: 6323.90
  Avg Total when both present: 12353.18
  Avg Only persistent count: 27175.92
  Avg Only non-persistent count: 12812.76
  Avg Persistent bytes read: 39970997.44
  Avg Non-persistent bytes read: 25356734.24
  Avg Persistent ratio: 0.50
  Avg Non-persistent ratio: 0.50
  Avg Connection 2 duration: 0.455958 sec
  Avg Throughput Persistent: 701.38 Mbps
  Avg Throughput Non-Persistent: 445.01 Mbps
  Avg Persistent packets: 38452.00
  Avg Non-Persistent packets: 24333.78

Summary for Connections 1901 to 1950:
  Avg Non-persistent count: 6185.08
  Avg Persistent count: 6283.78
  Avg Total when both present: 12468.86
  Avg Only persistent count: 27088.96
  Avg Only non-persistent count: 12698.12
  Avg Persistent bytes read: 39997611.68
  Avg Non-persistent bytes read: 25353766.88
  Avg Persistent ratio: 0.58
  Avg Non-persistent ratio: 0.42
  Avg Connection 2 duration: 0.456151 sec
  Avg Throughput Persistent: 700.69 Mbps
  Avg Throughput Non-Persistent: 445.09 Mbps
  Avg Persistent packets: 38477.52
  Avg Non-Persistent packets: 24333.46

Summary for Connections 1951 to 2000:
  Avg Non-persistent count: 5837.00
  Avg Persistent count: 6023.52
  Avg Total when both present: 11860.52
  Avg Only persistent count: 27668.92
  Avg Only non-persistent count: 13310.76
  Avg Persistent bytes read: 39966900.64
  Avg Non-persistent bytes read: 25357492.16
  Avg Persistent ratio: 0.50
  Avg Non-persistent ratio: 0.50
  Avg Connection 2 duration: 0.455925 sec
  Avg Throughput Persistent: 701.43 Mbps
  Avg Throughput Non-Persistent: 444.98 Mbps
  Avg Persistent packets: 38448.48
  Avg Non-Persistent packets: 24335.52

Summary for Connections 2001 to 2050:
  Avg Non-persistent count: 6040.32
  Avg Persistent count: 6133.06
  Avg Total when both present: 12173.38
  Avg Only persistent count: 27389.08
  Avg Only non-persistent count: 12991.26
  Avg Persistent bytes read: 40000781.76
  Avg Non-persistent bytes read: 25353831.20
  Avg Persistent ratio: 0.52
  Avg Non-persistent ratio: 0.48
  Avg Connection 2 duration: 0.456141 sec
  Avg Throughput Persistent: 701.19 Mbps
  Avg Throughput Non-Persistent: 445.32 Mbps
  Avg Persistent packets: 38482.78
  Avg Non-Persistent packets: 24330.80

Summary for Connections 2051 to 2100:
  Avg Non-persistent count: 5981.84
  Avg Persistent count: 6200.74
  Avg Total when both present: 12182.58
  Avg Only persistent count: 27374.56
  Avg Only non-persistent count: 12992.76
  Avg Persistent bytes read: 39999638.88
  Avg Non-persistent bytes read: 25362474.72
  Avg Persistent ratio: 0.47
  Avg Non-persistent ratio: 0.53
  Avg Connection 2 duration: 0.456295 sec
  Avg Throughput Persistent: 701.98 Mbps
  Avg Throughput Non-Persistent: 444.70 Mbps
  Avg Persistent packets: 38478.62
  Avg Non-Persistent packets: 24341.82

Summary for Connections 2101 to 2150:
  Avg Non-persistent count: 6138.02
  Avg Persistent count: 6104.42
  Avg Total when both present: 12242.44
  Avg Only persistent count: 27330.48
  Avg Only non-persistent count: 12921.48
  Avg Persistent bytes read: 40013336.96
  Avg Non-persistent bytes read: 25352511.04
  Avg Persistent ratio: 0.46
  Avg Non-persistent ratio: 0.54
  Avg Connection 2 duration: 0.456257 sec
  Avg Throughput Persistent: 702.75 Mbps
  Avg Throughput Non-Persistent: 445.88 Mbps
  Avg Persistent packets: 38492.88
  Avg Non-Persistent packets: 24331.06

Summary for Connections 2151 to 2200:
  Avg Non-persistent count: 6093.08
  Avg Persistent count: 6125.74
  Avg Total when both present: 12218.82
  Avg Only persistent count: 27317.38
  Avg Only non-persistent count: 12952.66
  Avg Persistent bytes read: 39977177.12
  Avg Non-persistent bytes read: 25360025.12
  Avg Persistent ratio: 0.49
  Avg Non-persistent ratio: 0.51
  Avg Connection 2 duration: 0.456052 sec
  Avg Throughput Persistent: 701.19 Mbps
  Avg Throughput Non-Persistent: 444.48 Mbps
  Avg Persistent packets: 38456.62
  Avg Non-Persistent packets: 24337.56

Summary for Connections 2201 to 2250:
  Avg Non-persistent count: 6207.48
  Avg Persistent count: 6341.50
  Avg Total when both present: 12548.98
  Avg Only persistent count: 27009.70
  Avg Only non-persistent count: 12615.86
  Avg Persistent bytes read: 39999669.12
  Avg Non-persistent bytes read: 25355063.84
  Avg Persistent ratio: 0.48
  Avg Non-persistent ratio: 0.52
  Avg Connection 2 duration: 0.456136 sec
  Avg Throughput Persistent: 701.63 Mbps
  Avg Throughput Non-Persistent: 445.87 Mbps
  Avg Persistent packets: 38479.78
  Avg Non-Persistent packets: 24332.04

Summary for Connections 2251 to 2300:
  Avg Non-persistent count: 5896.02
  Avg Persistent count: 6123.48
  Avg Total when both present: 12019.50
  Avg Only persistent count: 27541.50
  Avg Only non-persistent count: 13148.42
  Avg Persistent bytes read: 39998403.68
  Avg Non-persistent bytes read: 25357529.60
  Avg Persistent ratio: 0.51
  Avg Non-persistent ratio: 0.49
  Avg Connection 2 duration: 0.456217 sec
  Avg Throughput Persistent: 702.02 Mbps
  Avg Throughput Non-Persistent: 443.12 Mbps
  Avg Persistent packets: 38479.26
  Avg Non-Persistent packets: 24334.50

Summary for Connections 2301 to 2350:
  Avg Non-persistent count: 5887.70
  Avg Persistent count: 6081.14
  Avg Total when both present: 11968.84
  Avg Only persistent count: 27564.88
  Avg Only non-persistent count: 13210.38
  Avg Persistent bytes read: 39972741.44
  Avg Non-persistent bytes read: 25366512.32
  Avg Persistent ratio: 0.51
  Avg Non-persistent ratio: 0.49
  Avg Connection 2 duration: 0.456123 sec
  Avg Throughput Persistent: 700.48 Mbps
  Avg Throughput Non-Persistent: 444.86 Mbps
  Avg Persistent packets: 38454.44
  Avg Non-Persistent packets: 24345.52

Summary for Connections 2351 to 2400:
  Avg Non-persistent count: 6043.84
  Avg Persistent count: 6055.64
  Avg Total when both present: 12099.48
  Avg Only persistent count: 27488.62
  Avg Only non-persistent count: 13068.86
  Avg Persistent bytes read: 40030510.24
  Avg Non-persistent bytes read: 25356811.52
  Avg Persistent ratio: 0.50
  Avg Non-persistent ratio: 0.50
  Avg Connection 2 duration: 0.456494 sec
  Avg Throughput Persistent: 700.84 Mbps
  Avg Throughput Non-Persistent: 445.23 Mbps
  Avg Persistent packets: 38507.76
  Avg Non-Persistent packets: 24333.90

Summary for Connections 2401 to 2450:
  Avg Non-persistent count: 5883.98
  Avg Persistent count: 6219.74
  Avg Total when both present: 12103.72
  Avg Only persistent count: 27402.74
  Avg Only non-persistent count: 13066.30
  Avg Persistent bytes read: 39948350.72
  Avg Non-persistent bytes read: 25360105.60
  Avg Persistent ratio: 0.53
  Avg Non-persistent ratio: 0.47
  Avg Connection 2 duration: 0.455828 sec
  Avg Throughput Persistent: 701.11 Mbps
  Avg Throughput Non-Persistent: 445.13 Mbps
  Avg Persistent packets: 38427.26
  Avg Non-Persistent packets: 24337.36

Summary for Connections 2451 to 2500:
  Avg Non-persistent count: 5836.64
  Avg Persistent count: 5999.62
  Avg Total when both present: 11836.26
  Avg Only persistent count: 27695.80
  Avg Only non-persistent count: 13328.56
  Avg Persistent bytes read: 39970202.72
  Avg Non-persistent bytes read: 25351407.84
  Avg Persistent ratio: 0.51
  Avg Non-persistent ratio: 0.49
  Avg Connection 2 duration: 0.455849 sec
  Avg Throughput Persistent: 701.48 Mbps
  Avg Throughput Non-Persistent: 444.82 Mbps
  Avg Persistent packets: 38451.32
  Avg Non-Persistent packets: 24328.86

Summary for Connections 2501 to 2550:
  Avg Non-persistent count: 5954.04
  Avg Persistent count: 6177.58
  Avg Total when both present: 12131.62
  Avg Only persistent count: 27421.78
  Avg Only non-persistent count: 13042.98
  Avg Persistent bytes read: 39992498.56
  Avg Non-persistent bytes read: 25363648.64
  Avg Persistent ratio: 0.48
  Avg Non-persistent ratio: 0.52
  Avg Connection 2 duration: 0.456272 sec
  Avg Throughput Persistent: 701.50 Mbps
  Avg Throughput Non-Persistent: 444.20 Mbps
  Avg Persistent packets: 38473.16
  Avg Non-Persistent packets: 24340.92

Summary for Connections 2551 to 2600:
  Avg Non-persistent count: 6119.94
  Avg Persistent count: 6315.80
  Avg Total when both present: 12435.74
  Avg Only persistent count: 27109.68
  Avg Only non-persistent count: 12734.64
  Avg Persistent bytes read: 39986954.40
  Avg Non-persistent bytes read: 25358692.96
  Avg Persistent ratio: 0.48
  Avg Non-persistent ratio: 0.52
  Avg Connection 2 duration: 0.456181 sec
  Avg Throughput Persistent: 701.12 Mbps
  Avg Throughput Non-Persistent: 444.85 Mbps
  Avg Persistent packets: 38468.08
  Avg Non-Persistent packets: 24337.62

Summary for Connections 2601 to 2650:
  Avg Non-persistent count: 5903.10
  Avg Persistent count: 6186.24
  Avg Total when both present: 12089.34
  Avg Only persistent count: 27470.88
  Avg Only non-persistent count: 13072.52
  Avg Persistent bytes read: 40002042.56
  Avg Non-persistent bytes read: 25351128.80
  Avg Persistent ratio: 0.45
  Avg Non-persistent ratio: 0.55
  Avg Connection 2 duration: 0.456115 sec
  Avg Throughput Persistent: 701.29 Mbps
  Avg Throughput Non-Persistent: 445.12 Mbps
  Avg Persistent packets: 38481.26
  Avg Non-Persistent packets: 24328.12

Summary for Connections 2651 to 2700:
  Avg Non-persistent count: 5999.44
  Avg Persistent count: 6135.72
  Avg Total when both present: 12135.16
  Avg Only persistent count: 27443.64
  Avg Only non-persistent count: 13029.36
  Avg Persistent bytes read: 40018462.88
  Avg Non-persistent bytes read: 25351488.96
  Avg Persistent ratio: 0.56
  Avg Non-persistent ratio: 0.44
  Avg Connection 2 duration: 0.456200 sec
  Avg Throughput Persistent: 701.43 Mbps
  Avg Throughput Non-Persistent: 444.72 Mbps
  Avg Persistent packets: 38497.06
  Avg Non-Persistent packets: 24331.30

Summary for Connections 2701 to 2750:
  Avg Non-persistent count: 6127.36
  Avg Persistent count: 6224.54
  Avg Total when both present: 12351.90
  Avg Only persistent count: 27159.26
  Avg Only non-persistent count: 12823.80
  Avg Persistent bytes read: 39952260.32
  Avg Non-persistent bytes read: 25365951.20
  Avg Persistent ratio: 0.50
  Avg Non-persistent ratio: 0.50
  Avg Connection 2 duration: 0.455958 sec
  Avg Throughput Persistent: 701.53 Mbps
  Avg Throughput Non-Persistent: 443.80 Mbps
  Avg Persistent packets: 38434.02
  Avg Non-Persistent packets: 24343.48

Summary for Connections 2751 to 2800:
  Avg Non-persistent count: 5932.58
  Avg Persistent count: 6192.80
  Avg Total when both present: 12125.38
  Avg Only persistent count: 27405.46
  Avg Only non-persistent count: 13046.60
  Avg Persistent bytes read: 39972937.76
  Avg Non-persistent bytes read: 25359171.84
  Avg Persistent ratio: 0.47
  Avg Non-persistent ratio: 0.53
  Avg Connection 2 duration: 0.456021 sec
  Avg Throughput Persistent: 701.53 Mbps
  Avg Throughput Non-Persistent: 443.89 Mbps
  Avg Persistent packets: 38451.80
  Avg Non-Persistent packets: 24337.86

Summary for Connections 2801 to 2850:
  Avg Non-persistent count: 5982.64
  Avg Persistent count: 6279.84
  Avg Total when both present: 12262.48
  Avg Only persistent count: 27312.88
  Avg Only non-persistent count: 12915.14
  Avg Persistent bytes read: 40015827.52
  Avg Non-persistent bytes read: 25366905.44
  Avg Persistent ratio: 0.51
  Avg Non-persistent ratio: 0.49
  Avg Connection 2 duration: 0.456465 sec
  Avg Throughput Persistent: 700.44 Mbps
  Avg Throughput Non-Persistent: 444.43 Mbps
  Avg Persistent packets: 38494.16
  Avg Non-Persistent packets: 24345.14

Summary for Connections 2851 to 2900:
  Avg Non-persistent count: 6142.00
  Avg Persistent count: 6268.58
  Avg Total when both present: 12410.58
  Avg Only persistent count: 27133.02
  Avg Only non-persistent count: 12760.66
  Avg Persistent bytes read: 39983450.24
  Avg Non-persistent bytes read: 25361875.84
  Avg Persistent ratio: 0.46
  Avg Non-persistent ratio: 0.54
  Avg Connection 2 duration: 0.456187 sec
  Avg Throughput Persistent: 700.98 Mbps
  Avg Throughput Non-Persistent: 445.52 Mbps
  Avg Persistent packets: 38463.62
  Avg Non-Persistent packets: 24339.36

Summary for Connections 2901 to 2950:
  Avg Non-persistent count: 6191.06
  Avg Persistent count: 6127.74
  Avg Total when both present: 12318.80
  Avg Only persistent count: 27236.52
  Avg Only non-persistent count: 12842.24
  Avg Persistent bytes read: 39995903.04
  Avg Non-persistent bytes read: 25351622.40
  Avg Persistent ratio: 0.49
  Avg Non-persistent ratio: 0.51
  Avg Connection 2 duration: 0.456148 sec
  Avg Throughput Persistent: 701.63 Mbps
  Avg Throughput Non-Persistent: 443.79 Mbps
  Avg Persistent packets: 38474.14
  Avg Non-Persistent packets: 24328.10

Summary for Connections 2951 to 3000:
  Avg Non-persistent count: 5878.40
  Avg Persistent count: 6198.16
  Avg Total when both present: 12076.56
  Avg Only persistent count: 27475.86
  Avg Only non-persistent count: 13091.36
  Avg Persistent bytes read: 39989528.16
  Avg Non-persistent bytes read: 25355305.28
  Avg Persistent ratio: 0.53
  Avg Non-persistent ratio: 0.47
  Avg Connection 2 duration: 0.456080 sec
  Avg Throughput Persistent: 703.32 Mbps
  Avg Throughput Non-Persistent: 444.35 Mbps
  Avg Persistent packets: 38471.40
  Avg Non-Persistent packets: 24334.20

Summary for Connections 3001 to 3050:
  Avg Non-persistent count: 5939.12
  Avg Persistent count: 6272.68
  Avg Total when both present: 12211.80
  Avg Only persistent count: 27363.10
  Avg Only non-persistent count: 12949.44
  Avg Persistent bytes read: 40012240.16
  Avg Non-persistent bytes read: 25350298.08
  Avg Persistent ratio: 0.58
  Avg Non-persistent ratio: 0.42
  Avg Connection 2 duration: 0.456224 sec
  Avg Throughput Persistent: 703.42 Mbps
  Avg Throughput Non-Persistent: 442.45 Mbps
  Avg Persistent packets: 38492.92
  Avg Non-Persistent packets: 24326.32

Summary for Connections 3051 to 3100:
  Avg Non-persistent count: 6001.44
  Avg Persistent count: 6251.24
  Avg Total when both present: 12252.68
  Avg Only persistent count: 27298.72
  Avg Only non-persistent count: 12914.78
  Avg Persistent bytes read: 39995506.72
  Avg Non-persistent bytes read: 25357459.68
  Avg Persistent ratio: 0.53
  Avg Non-persistent ratio: 0.47
  Avg Connection 2 duration: 0.456180 sec
  Avg Throughput Persistent: 700.68 Mbps
  Avg Throughput Non-Persistent: 446.18 Mbps
  Avg Persistent packets: 38473.06
  Avg Non-Persistent packets: 24335.14

Summary for Connections 3101 to 3150:
  Avg Non-persistent count: 6158.04
  Avg Persistent count: 6294.46
  Avg Total when both present: 12452.50
  Avg Only persistent count: 27115.98
  Avg Only non-persistent count: 12715.24
  Avg Persistent bytes read: 40009592.00
  Avg Non-persistent bytes read: 25356188.32
  Avg Persistent ratio: 0.56
  Avg Non-persistent ratio: 0.44
  Avg Connection 2 duration: 0.456331 sec
  Avg Throughput Persistent: 701.55 Mbps
  Avg Throughput Non-Persistent: 445.45 Mbps
  Avg Persistent packets: 38488.50
  Avg Non-Persistent packets: 24334.52

Summary for Connections 3151 to 3200:
  Avg Non-persistent count: 6092.62
  Avg Persistent count: 6314.42
  Avg Total when both present: 12407.04
  Avg Only persistent count: 27121.52
  Avg Only non-persistent count: 12764.40
  Avg Persistent bytes read: 39967667.04
  Avg Non-persistent bytes read: 25360970.24
  Avg Persistent ratio: 0.49
  Avg Non-persistent ratio: 0.51
  Avg Connection 2 duration: 0.455986 sec
  Avg Throughput Persistent: 702.35 Mbps
  Avg Throughput Non-Persistent: 444.24 Mbps
  Avg Persistent packets: 38449.12
  Avg Non-Persistent packets: 24340.28

Summary for Connections 3201 to 3250:
  Avg Non-persistent count: 6240.80
  Avg Persistent count: 6160.22
  Avg Total when both present: 12401.02
  Avg Only persistent count: 27183.30
  Avg Only non-persistent count: 12770.50
  Avg Persistent bytes read: 40025268.48
  Avg Non-persistent bytes read: 25360492.80
  Avg Persistent ratio: 0.49
  Avg Non-persistent ratio: 0.51
  Avg Connection 2 duration: 0.456591 sec
  Avg Throughput Persistent: 700.82 Mbps
  Avg Throughput Non-Persistent: 445.20 Mbps
  Avg Persistent packets: 38503.84
  Avg Non-Persistent packets: 24337.54

Summary for Connections 3251 to 3300:
  Avg Non-persistent count: 6151.22
  Avg Persistent count: 6387.80
  Avg Total when both present: 12539.02
  Avg Only persistent count: 26950.98
  Avg Only non-persistent count: 12631.80
  Avg Persistent bytes read: 39932017.28
  Avg Non-persistent bytes read: 25360694.08
  Avg Persistent ratio: 0.50
  Avg Non-persistent ratio: 0.50
  Avg Connection 2 duration: 0.455680 sec
  Avg Throughput Persistent: 699.46 Mbps
  Avg Throughput Non-Persistent: 447.49 Mbps
  Avg Persistent packets: 38412.62
  Avg Non-Persistent packets: 24338.22

Summary for Connections 3301 to 3350:
  Avg Non-persistent count: 5975.00
  Avg Persistent count: 6095.42
  Avg Total when both present: 12070.42
  Avg Only persistent count: 27501.50
  Avg Only non-persistent count: 13101.06
  Avg Persistent bytes read: 40010498.88
  Avg Non-persistent bytes read: 25359101.92
  Avg Persistent ratio: 0.47
  Avg Non-persistent ratio: 0.53
  Avg Connection 2 duration: 0.456378 sec
  Avg Throughput Persistent: 700.36 Mbps
  Avg Throughput Non-Persistent: 445.08 Mbps
  Avg Persistent packets: 38490.54
  Avg Non-Persistent packets: 24338.18

Summary for Connections 3351 to 3400:
  Avg Non-persistent count: 5887.04
  Avg Persistent count: 6100.78
  Avg Total when both present: 11987.82
  Avg Only persistent count: 27518.62
  Avg Only non-persistent count: 13185.78
  Avg Persistent bytes read: 39943601.28
  Avg Non-persistent bytes read: 25360273.76
  Avg Persistent ratio: 0.50
  Avg Non-persistent ratio: 0.50
  Avg Connection 2 duration: 0.455819 sec
  Avg Throughput Persistent: 701.14 Mbps
  Avg Throughput Non-Persistent: 445.13 Mbps
  Avg Persistent packets: 38425.22
  Avg Non-Persistent packets: 24339.44

Summary for Connections 3401 to 3450:
  Avg Non-persistent count: 6158.08
  Avg Persistent count: 6134.20
  Avg Total when both present: 12292.28
  Avg Only persistent count: 27284.68
  Avg Only non-persistent count: 12869.08
  Avg Persistent bytes read: 40018318.08
  Avg Non-persistent bytes read: 25348899.52
  Avg Persistent ratio: 0.55
  Avg Non-persistent ratio: 0.45
  Avg Connection 2 duration: 0.456252 sec
  Avg Throughput Persistent: 702.35 Mbps
  Avg Throughput Non-Persistent: 443.05 Mbps
  Avg Persistent packets: 38496.38
  Avg Non-Persistent packets: 24328.08

Summary for Connections 3451 to 3500:
  Avg Non-persistent count: 6183.90
  Avg Persistent count: 6362.16
  Avg Total when both present: 12546.06
  Avg Only persistent count: 27023.36
  Avg Only non-persistent count: 12622.22
  Avg Persistent bytes read: 40011396.64
  Avg Non-persistent bytes read: 25357624.96
  Avg Persistent ratio: 0.58
  Avg Non-persistent ratio: 0.42
  Avg Connection 2 duration: 0.456371 sec
  Avg Throughput Persistent: 701.11 Mbps
  Avg Throughput Non-Persistent: 444.82 Mbps
  Avg Persistent packets: 38490.06
  Avg Non-Persistent packets: 24335.94

Summary for Connections 3501 to 3550:
  Avg Non-persistent count: 6161.36
  Avg Persistent count: 6239.58
  Avg Total when both present: 12400.94
  Avg Only persistent count: 27173.20
  Avg Only non-persistent count: 12767.84
  Avg Persistent bytes read: 40012786.72
  Avg Non-persistent bytes read: 25357699.84
  Avg Persistent ratio: 0.52
  Avg Non-persistent ratio: 0.48
  Avg Connection 2 duration: 0.456282 sec
  Avg Throughput Persistent: 702.36 Mbps
  Avg Throughput Non-Persistent: 445.63 Mbps
  Avg Persistent packets: 38493.86
  Avg Non-Persistent packets: 24337.02

Summary for Connections 3551 to 3600:
  Avg Non-persistent count: 5993.18
  Avg Persistent count: 6192.34
  Avg Total when both present: 12185.52
  Avg Only persistent count: 27366.66
  Avg Only non-persistent count: 12985.30
  Avg Persistent bytes read: 39992167.20
  Avg Non-persistent bytes read: 25361175.04
  Avg Persistent ratio: 0.52
  Avg Non-persistent ratio: 0.48
  Avg Connection 2 duration: 0.456210 sec
  Avg Throughput Persistent: 701.57 Mbps
  Avg Throughput Non-Persistent: 443.75 Mbps
  Avg Persistent packets: 38471.38
  Avg Non-Persistent packets: 24337.42

Summary for Connections 3601 to 3650:
  Avg Non-persistent count: 5973.54
  Avg Persistent count: 6136.86
  Avg Total when both present: 12110.40
  Avg Only persistent count: 27456.68
  Avg Only non-persistent count: 13056.74
  Avg Persistent bytes read: 40010035.52
  Avg Non-persistent bytes read: 25356715.20
  Avg Persistent ratio: 0.52
  Avg Non-persistent ratio: 0.48
  Avg Connection 2 duration: 0.456321 sec
  Avg Throughput Persistent: 700.53 Mbps
  Avg Throughput Non-Persistent: 444.63 Mbps
  Avg Persistent packets: 38487.76
  Avg Non-Persistent packets: 24334.34

Summary for Connections 3651 to 3700:
  Avg Non-persistent count: 5860.10
  Avg Persistent count: 6082.86
  Avg Total when both present: 11942.96
  Avg Only persistent count: 27581.76
  Avg Only non-persistent count: 13222.88
  Avg Persistent bytes read: 39962019.84
  Avg Non-persistent bytes read: 25355005.92
  Avg Persistent ratio: 0.52
  Avg Non-persistent ratio: 0.48
  Avg Connection 2 duration: 0.455908 sec
  Avg Throughput Persistent: 695.96 Mbps
  Avg Throughput Non-Persistent: 450.65 Mbps
  Avg Persistent packets: 38444.56
  Avg Non-Persistent packets: 24333.18

Summary for Connections 3701 to 3750:
  Avg Non-persistent count: 5852.84
  Avg Persistent count: 6207.28
  Avg Total when both present: 12060.12
  Avg Only persistent count: 27505.98
  Avg Only non-persistent count: 13109.04
  Avg Persistent bytes read: 40005691.52
  Avg Non-persistent bytes read: 25358697.92
  Avg Persistent ratio: 0.58
  Avg Non-persistent ratio: 0.42
  Avg Connection 2 duration: 0.456281 sec
  Avg Throughput Persistent: 701.11 Mbps
  Avg Throughput Non-Persistent: 443.84 Mbps
  Avg Persistent packets: 38483.82
  Avg Non-Persistent packets: 24335.12

Summary for Connections 3751 to 3800:
  Avg Non-persistent count: 6004.60
  Avg Persistent count: 6211.08
  Avg Total when both present: 12215.68
  Avg Only persistent count: 27325.60
  Avg Only non-persistent count: 12955.62
  Avg Persistent bytes read: 39981741.60
  Avg Non-persistent bytes read: 25359847.84
  Avg Persistent ratio: 0.49
  Avg Non-persistent ratio: 0.51
  Avg Connection 2 duration: 0.456133 sec
  Avg Throughput Persistent: 700.45 Mbps
  Avg Throughput Non-Persistent: 445.78 Mbps
  Avg Persistent packets: 38462.28
  Avg Non-Persistent packets: 24338.42

Summary for Connections 3801 to 3850:
  Avg Non-persistent count: 5976.54
  Avg Persistent count: 6270.76
  Avg Total when both present: 12247.30
  Avg Only persistent count: 27311.52
  Avg Only non-persistent count: 12917.90
  Avg Persistent bytes read: 39999328.00
  Avg Non-persistent bytes read: 25353548.00
  Avg Persistent ratio: 0.52
  Avg Non-persistent ratio: 0.48
  Avg Connection 2 duration: 0.456123 sec
  Avg Throughput Persistent: 702.80 Mbps
  Avg Throughput Non-Persistent: 444.27 Mbps
  Avg Persistent packets: 38479.18
  Avg Non-Persistent packets: 24331.28

Summary for Connections 3851 to 3900:
  Avg Non-persistent count: 6005.12
  Avg Persistent count: 6213.22
  Avg Total when both present: 12218.34
  Avg Only persistent count: 27330.90
  Avg Only non-persistent count: 12952.12
  Avg Persistent bytes read: 39989263.52
  Avg Non-persistent bytes read: 25357500.64
  Avg Persistent ratio: 0.53
  Avg Non-persistent ratio: 0.47
  Avg Connection 2 duration: 0.456184 sec
  Avg Throughput Persistent: 699.80 Mbps
  Avg Throughput Non-Persistent: 446.85 Mbps
  Avg Persistent packets: 38469.34
  Avg Non-Persistent packets: 24335.46

Summary for Connections 3901 to 3950:
  Avg Non-persistent count: 6005.66
  Avg Persistent count: 6291.50
  Avg Total when both present: 12297.16
  Avg Only persistent count: 27277.26
  Avg Only non-persistent count: 12869.08
  Avg Persistent bytes read: 40015769.60
  Avg Non-persistent bytes read: 25355044.00
  Avg Persistent ratio: 0.45
  Avg Non-persistent ratio: 0.55
  Avg Connection 2 duration: 0.456293 sec
  Avg Throughput Persistent: 703.48 Mbps
  Avg Throughput Non-Persistent: 444.52 Mbps
  Avg Persistent packets: 38494.90
  Avg Non-Persistent packets: 24331.96

Summary for Connections 3951 to 4000:
  Avg Non-persistent count: 5959.20
  Avg Persistent count: 6304.96
  Avg Total when both present: 12264.16
  Avg Only persistent count: 27261.22
  Avg Only non-persistent count: 12902.34
  Avg Persistent bytes read: 39966103.20
  Avg Non-persistent bytes read: 25358584.16
  Avg Persistent ratio: 0.49
  Avg Non-persistent ratio: 0.51
  Avg Connection 2 duration: 0.455939 sec
  Avg Throughput Persistent: 701.14 Mbps
  Avg Throughput Non-Persistent: 443.71 Mbps
  Avg Persistent packets: 38445.80
  Avg Non-Persistent packets: 24334.10

Summary for Connections 4001 to 4050:
  Avg Non-persistent count: 5988.26
  Avg Persistent count: 6150.20
  Avg Total when both present: 12138.46
  Avg Only persistent count: 27460.76
  Avg Only non-persistent count: 13022.36
  Avg Persistent bytes read: 40041080.64
  Avg Non-persistent bytes read: 25349896.96
  Avg Persistent ratio: 0.57
  Avg Non-persistent ratio: 0.43
  Avg Connection 2 duration: 0.456454 sec
  Avg Throughput Persistent: 699.93 Mbps
  Avg Throughput Non-Persistent: 447.33 Mbps
  Avg Persistent packets: 38519.12
  Avg Non-Persistent packets: 24326.20

Summary for Connections 4051 to 4100:
  Avg Non-persistent count: 6017.86
  Avg Persistent count: 6137.02
  Avg Total when both present: 12154.88
  Avg Only persistent count: 27399.22
  Avg Only non-persistent count: 13019.52
  Avg Persistent bytes read: 39992763.20
  Avg Non-persistent bytes read: 25361887.04
  Avg Persistent ratio: 0.53
  Avg Non-persistent ratio: 0.47
  Avg Connection 2 duration: 0.456200 sec
  Avg Throughput Persistent: 701.52 Mbps
  Avg Throughput Non-Persistent: 444.07 Mbps
  Avg Persistent packets: 38473.84
  Avg Non-Persistent packets: 24341.56

Summary for Connections 4101 to 4150:
  Avg Non-persistent count: 6051.60
  Avg Persistent count: 6190.66
  Avg Total when both present: 12242.26
  Avg Only persistent count: 27295.52
  Avg Only non-persistent count: 12933.48
  Avg Persistent bytes read: 39977438.72
  Avg Non-persistent bytes read: 25363616.96
  Avg Persistent ratio: 0.55
  Avg Non-persistent ratio: 0.45
  Avg Connection 2 duration: 0.456084 sec
  Avg Throughput Persistent: 700.82 Mbps
  Avg Throughput Non-Persistent: 446.10 Mbps
  Avg Persistent packets: 38458.10
  Avg Non-Persistent packets: 24341.16

Summary for Connections 4151 to 4200:
  Avg Non-persistent count: 6156.02
  Avg Persistent count: 6447.02
  Avg Total when both present: 12603.04
  Avg Only persistent count: 26930.72
  Avg Only non-persistent count: 12563.30
  Avg Persistent bytes read: 39973488.00
  Avg Non-persistent bytes read: 25354874.56
  Avg Persistent ratio: 0.53
  Avg Non-persistent ratio: 0.47
  Avg Connection 2 duration: 0.455960 sec
  Avg Throughput Persistent: 701.29 Mbps
  Avg Throughput Non-Persistent: 445.71 Mbps
  Avg Persistent packets: 38456.38
  Avg Non-Persistent packets: 24334.28

Summary for Connections 4201 to 4250:
  Avg Non-persistent count: 5983.80
  Avg Persistent count: 6275.70
  Avg Total when both present: 12259.50
  Avg Only persistent count: 27319.52
  Avg Only non-persistent count: 12904.66
  Avg Persistent bytes read: 40018578.72
  Avg Non-persistent bytes read: 25353624.96
  Avg Persistent ratio: 0.49
  Avg Non-persistent ratio: 0.51
  Avg Connection 2 duration: 0.456292 sec
  Avg Throughput Persistent: 700.82 Mbps
  Avg Throughput Non-Persistent: 445.20 Mbps
  Avg Persistent packets: 38498.46
  Avg Non-Persistent packets: 24331.98

Summary for Connections 4251 to 4300:
  Avg Non-persistent count: 6020.20
  Avg Persistent count: 6191.06
  Avg Total when both present: 12211.26
  Avg Only persistent count: 27358.24
  Avg Only non-persistent count: 12957.10
  Avg Persistent bytes read: 40008761.28
  Avg Non-persistent bytes read: 25356115.52
  Avg Persistent ratio: 0.50
  Avg Non-persistent ratio: 0.50
  Avg Connection 2 duration: 0.456283 sec
  Avg Throughput Persistent: 701.02 Mbps
  Avg Throughput Non-Persistent: 445.10 Mbps
  Avg Persistent packets: 38489.74
  Avg Non-Persistent packets: 24334.84

Summary for Connections 4301 to 4350:
  Avg Non-persistent count: 5963.90
  Avg Persistent count: 6059.60
  Avg Total when both present: 12023.50
  Avg Only persistent count: 27507.04
  Avg Only non-persistent count: 13150.14
  Avg Persistent bytes read: 39970331.36
  Avg Non-persistent bytes read: 25359229.44
  Avg Persistent ratio: 0.43
  Avg Non-persistent ratio: 0.57
  Avg Connection 2 duration: 0.455980 sec
  Avg Throughput Persistent: 699.89 Mbps
  Avg Throughput Non-Persistent: 445.47 Mbps
  Avg Persistent packets: 38449.78
  Avg Non-Persistent packets: 24339.28

Summary for Connections 4351 to 4400:
  Avg Non-persistent count: 5881.22
  Avg Persistent count: 6197.90
  Avg Total when both present: 12079.12
  Avg Only persistent count: 27468.60
  Avg Only non-persistent count: 13075.00
  Avg Persistent bytes read: 39989155.36
  Avg Non-persistent bytes read: 25344226.56
  Avg Persistent ratio: 0.52
  Avg Non-persistent ratio: 0.48
  Avg Connection 2 duration: 0.455874 sec
  Avg Throughput Persistent: 701.06 Mbps
  Avg Throughput Non-Persistent: 445.21 Mbps
  Avg Persistent packets: 38467.04
  Avg Non-Persistent packets: 24321.56

Summary for Connections 4401 to 4450:
  Avg Non-persistent count: 6129.98
  Avg Persistent count: 6283.86
  Avg Total when both present: 12413.84
  Avg Only persistent count: 27152.70
  Avg Only non-persistent count: 12756.10
  Avg Persistent bytes read: 40007451.52
  Avg Non-persistent bytes read: 25359962.24
  Avg Persistent ratio: 0.48
  Avg Non-persistent ratio: 0.52
  Avg Connection 2 duration: 0.456371 sec
  Avg Throughput Persistent: 702.05 Mbps
  Avg Throughput Non-Persistent: 443.24 Mbps
  Avg Persistent packets: 38486.16
  Avg Non-Persistent packets: 24336.84

Summary for Connections 4451 to 4500:
  Avg Non-persistent count: 5977.18
  Avg Persistent count: 6241.00
  Avg Total when both present: 12218.18
  Avg Only persistent count: 27345.30
  Avg Only non-persistent count: 12946.90
  Avg Persistent bytes read: 40003555.04
  Avg Non-persistent bytes read: 25355016.48
  Avg Persistent ratio: 0.52
  Avg Non-persistent ratio: 0.48
  Avg Connection 2 duration: 0.456214 sec
  Avg Throughput Persistent: 701.77 Mbps
  Avg Throughput Non-Persistent: 444.87 Mbps
  Avg Persistent packets: 38481.86
  Avg Non-Persistent packets: 24332.22

Summary for Connections 4501 to 4550:
  Avg Non-persistent count: 6025.94
  Avg Persistent count: 6268.78
  Avg Total when both present: 12294.72
  Avg Only persistent count: 27273.98
  Avg Only non-persistent count: 12867.62
  Avg Persistent bytes read: 40007110.56
  Avg Non-persistent bytes read: 25351296.16
  Avg Persistent ratio: 0.51
  Avg Non-persistent ratio: 0.49
  Avg Connection 2 duration: 0.456122 sec
  Avg Throughput Persistent: 701.58 Mbps
  Avg Throughput Non-Persistent: 444.76 Mbps
  Avg Persistent packets: 38487.22
  Avg Non-Persistent packets: 24330.04

Summary for Connections 4551 to 4600:
  Avg Non-persistent count: 5955.92
  Avg Persistent count: 6114.96
  Avg Total when both present: 12070.88
  Avg Only persistent count: 27451.74
  Avg Only non-persistent count: 13098.90
  Avg Persistent bytes read: 39963583.68
  Avg Non-persistent bytes read: 25358347.52
  Avg Persistent ratio: 0.49
  Avg Non-persistent ratio: 0.51
  Avg Connection 2 duration: 0.455892 sec
  Avg Throughput Persistent: 702.69 Mbps
  Avg Throughput Non-Persistent: 445.11 Mbps
  Avg Persistent packets: 38442.38
  Avg Non-Persistent packets: 24335.10

Summary for Connections 4601 to 4650:
  Avg Non-persistent count: 6062.16
  Avg Persistent count: 6089.54
  Avg Total when both present: 12151.70
  Avg Only persistent count: 27409.00
  Avg Only non-persistent count: 13023.62
  Avg Persistent bytes read: 39999580.96
  Avg Non-persistent bytes read: 25363943.84
  Avg Persistent ratio: 0.58
  Avg Non-persistent ratio: 0.42
  Avg Connection 2 duration: 0.456366 sec
  Avg Throughput Persistent: 701.84 Mbps
  Avg Throughput Non-Persistent: 444.21 Mbps
  Avg Persistent packets: 38479.56
  Avg Non-Persistent packets: 24340.18

Summary for Connections 4651 to 4700:
  Avg Non-persistent count: 6037.94
  Avg Persistent count: 6154.58
  Avg Total when both present: 12192.52
  Avg Only persistent count: 27322.06
  Avg Only non-persistent count: 12970.98
  Avg Persistent bytes read: 39954808.80
  Avg Non-persistent bytes read: 25351771.68
  Avg Persistent ratio: 0.49
  Avg Non-persistent ratio: 0.51
  Avg Connection 2 duration: 0.455715 sec
  Avg Throughput Persistent: 701.50 Mbps
  Avg Throughput Non-Persistent: 443.70 Mbps
  Avg Persistent packets: 38435.74
  Avg Non-Persistent packets: 24329.88

Summary for Connections 4701 to 4750:
  Avg Non-persistent count: 5938.36
  Avg Persistent count: 6130.40
  Avg Total when both present: 12068.76
  Avg Only persistent count: 27490.50
  Avg Only non-persistent count: 13105.40
  Avg Persistent bytes read: 39999638.88
  Avg Non-persistent bytes read: 25363598.72
  Avg Persistent ratio: 0.51
  Avg Non-persistent ratio: 0.49
  Avg Connection 2 duration: 0.456299 sec
  Avg Throughput Persistent: 701.89 Mbps
  Avg Throughput Non-Persistent: 443.76 Mbps
  Avg Persistent packets: 38479.76
  Avg Non-Persistent packets: 24339.98

Summary for Connections 4751 to 4800:
  Avg Non-persistent count: 5984.38
  Avg Persistent count: 6326.40
  Avg Total when both present: 12310.78
  Avg Only persistent count: 27259.12
  Avg Only non-persistent count: 12862.82
  Avg Persistent bytes read: 40009601.12
  Avg Non-persistent bytes read: 25362739.52
  Avg Persistent ratio: 0.54
  Avg Non-persistent ratio: 0.46
  Avg Connection 2 duration: 0.456338 sec
  Avg Throughput Persistent: 701.50 Mbps
  Avg Throughput Non-Persistent: 444.72 Mbps
  Avg Persistent packets: 38489.50
  Avg Non-Persistent packets: 24340.84

Summary for Connections 4801 to 4850:
  Avg Non-persistent count: 6221.96
  Avg Persistent count: 6251.66
  Avg Total when both present: 12473.62
  Avg Only persistent count: 27096.76
  Avg Only non-persistent count: 12690.90
  Avg Persistent bytes read: 40012091.68
  Avg Non-persistent bytes read: 25354542.08
  Avg Persistent ratio: 0.48
  Avg Non-persistent ratio: 0.52
  Avg Connection 2 duration: 0.456290 sec
  Avg Throughput Persistent: 701.21 Mbps
  Avg Throughput Non-Persistent: 443.75 Mbps
  Avg Persistent packets: 38489.90
  Avg Non-Persistent packets: 24332.24

Summary for Connections 4851 to 4900:
  Avg Non-persistent count: 6083.18
  Avg Persistent count: 6297.38
  Avg Total when both present: 12380.56
  Avg Only persistent count: 27140.54
  Avg Only non-persistent count: 12792.10
  Avg Persistent bytes read: 39962280.48
  Avg Non-persistent bytes read: 25360523.84
  Avg Persistent ratio: 0.54
  Avg Non-persistent ratio: 0.46
  Avg Connection 2 duration: 0.455983 sec
  Avg Throughput Persistent: 701.78 Mbps
  Avg Throughput Non-Persistent: 443.86 Mbps
  Avg Persistent packets: 38442.60
  Avg Non-Persistent packets: 24339.32

Summary for Connections 4901 to 4950:
  Avg Non-persistent count: 5841.38
  Avg Persistent count: 6212.86
  Avg Total when both present: 12054.24
  Avg Only persistent count: 27504.92
  Avg Only non-persistent count: 13111.48
  Avg Persistent bytes read: 39997148.32
  Avg Non-persistent bytes read: 25353756.32
  Avg Persistent ratio: 0.53
  Avg Non-persistent ratio: 0.47
  Avg Connection 2 duration: 0.456129 sec
  Avg Throughput Persistent: 701.23 Mbps
  Avg Throughput Non-Persistent: 445.63 Mbps
  Avg Persistent packets: 38478.86
  Avg Non-Persistent packets: 24330.50

Summary for Connections 4951 to 5000:
  Avg Non-persistent count: 6049.66
  Avg Persistent count: 6128.74
  Avg Total when both present: 12178.40
  Avg Only persistent count: 27362.34
  Avg Only non-persistent count: 12993.56
  Avg Persistent bytes read: 39977223.84
  Avg Non-persistent bytes read: 25362324.80
  Avg Persistent ratio: 0.45
  Avg Non-persistent ratio: 0.55
  Avg Connection 2 duration: 0.456090 sec
  Avg Throughput Persistent: 700.17 Mbps
  Avg Throughput Non-Persistent: 444.74 Mbps
  Avg Persistent packets: 38460.00
  Avg Non-Persistent packets: 24339.66

Summary for Connections 5001 to 5050:
  Avg Non-persistent count: 6183.14
  Avg Persistent count: 6337.54
  Avg Total when both present: 12520.68
  Avg Only persistent count: 27025.58
  Avg Only non-persistent count: 12641.40
  Avg Persistent bytes read: 39990024.16
  Avg Non-persistent bytes read: 25351135.84
  Avg Persistent ratio: 0.51
  Avg Non-persistent ratio: 0.49
  Avg Connection 2 duration: 0.456024 sec
  Avg Throughput Persistent: 702.69 Mbps
  Avg Throughput Non-Persistent: 444.96 Mbps
  Avg Persistent packets: 38467.42
  Avg Non-Persistent packets: 24328.84

Summary for Connections 5051 to 5100:
  Avg Non-persistent count: 5783.16
  Avg Persistent count: 6116.58
  Avg Total when both present: 11899.74
  Avg Only persistent count: 27644.06
  Avg Only non-persistent count: 13264.62
  Avg Persistent bytes read: 39984348.00
  Avg Non-persistent bytes read: 25353600.96
  Avg Persistent ratio: 0.48
  Avg Non-persistent ratio: 0.52
  Avg Connection 2 duration: 0.456034 sec
  Avg Throughput Persistent: 700.55 Mbps
  Avg Throughput Non-Persistent: 444.49 Mbps
  Avg Persistent packets: 38462.68
  Avg Non-Persistent packets: 24329.72

Summary for Connections 5101 to 5150:
  Avg Non-persistent count: 5946.42
  Avg Persistent count: 6137.92
  Avg Total when both present: 12084.34
  Avg Only persistent count: 27464.80
  Avg Only non-persistent count: 13084.08
  Avg Persistent bytes read: 39988807.84
  Avg Non-persistent bytes read: 25356588.16
  Avg Persistent ratio: 0.52
  Avg Non-persistent ratio: 0.48
  Avg Connection 2 duration: 0.456080 sec
  Avg Throughput Persistent: 700.20 Mbps
  Avg Throughput Non-Persistent: 444.75 Mbps
  Avg Persistent packets: 38467.78
  Avg Non-Persistent packets: 24333.84

Summary for Connections 5151 to 5200:
  Avg Non-persistent count: 5848.28
  Avg Persistent count: 6090.84
  Avg Total when both present: 11939.12
  Avg Only persistent count: 27593.66
  Avg Only non-persistent count: 13239.48
  Avg Persistent bytes read: 39974356.80
  Avg Non-persistent bytes read: 25366091.20
  Avg Persistent ratio: 0.50
  Avg Non-persistent ratio: 0.50
  Avg Connection 2 duration: 0.456086 sec
  Avg Throughput Persistent: 701.75 Mbps
  Avg Throughput Non-Persistent: 443.44 Mbps
  Avg Persistent packets: 38453.20
  Avg Non-Persistent packets: 24343.60

Summary for Connections 5201 to 5250:
  Avg Non-persistent count: 6016.08
  Avg Persistent count: 6217.32
  Avg Total when both present: 12233.40
  Avg Only persistent count: 27294.98
  Avg Only non-persistent count: 12935.28
  Avg Persistent bytes read: 39969752.16
  Avg Non-persistent bytes read: 25356952.48
  Avg Persistent ratio: 0.56
  Avg Non-persistent ratio: 0.44
  Avg Connection 2 duration: 0.455929 sec
  Avg Throughput Persistent: 700.24 Mbps
  Avg Throughput Non-Persistent: 446.60 Mbps
  Avg Persistent packets: 38449.84
  Avg Non-Persistent packets: 24334.88

Summary for Connections 5251 to 5300:
  Avg Non-persistent count: 6048.88
  Avg Persistent count: 6217.66
  Avg Total when both present: 12266.54
  Avg Only persistent count: 27276.26
  Avg Only non-persistent count: 12909.04
  Avg Persistent bytes read: 39982975.52
  Avg Non-persistent bytes read: 25364927.20
  Avg Persistent ratio: 0.55
  Avg Non-persistent ratio: 0.45
  Avg Connection 2 duration: 0.456138 sec
  Avg Throughput Persistent: 701.98 Mbps
  Avg Throughput Non-Persistent: 444.29 Mbps
  Avg Persistent packets: 38462.78
  Avg Non-Persistent packets: 24342.48

Summary for Connections 5301 to 5350:
  Avg Non-persistent count: 5886.24
  Avg Persistent count: 6133.26
  Avg Total when both present: 12019.50
  Avg Only persistent count: 27547.40
  Avg Only non-persistent count: 13151.14
  Avg Persistent bytes read: 40007701.12
  Avg Non-persistent bytes read: 25361174.40
  Avg Persistent ratio: 0.50
  Avg Non-persistent ratio: 0.50
  Avg Connection 2 duration: 0.456285 sec
  Avg Throughput Persistent: 701.26 Mbps
  Avg Throughput Non-Persistent: 444.18 Mbps
  Avg Persistent packets: 38485.86
  Avg Non-Persistent packets: 24339.28

Summary for Connections 5351 to 5400:
  Avg Non-persistent count: 6033.96
  Avg Persistent count: 5997.74
  Avg Total when both present: 12031.70
  Avg Only persistent count: 27485.24
  Avg Only non-persistent count: 13144.08
  Avg Persistent bytes read: 39957183.52
  Avg Non-persistent bytes read: 25366280.48
  Avg Persistent ratio: 0.51
  Avg Non-persistent ratio: 0.49
  Avg Connection 2 duration: 0.456083 sec
  Avg Throughput Persistent: 701.21 Mbps
  Avg Throughput Non-Persistent: 444.90 Mbps
  Avg Persistent packets: 38437.64
  Avg Non-Persistent packets: 24341.98

Summary for Connections 5401 to 5450:
  Avg Non-persistent count: 6155.40
  Avg Persistent count: 6215.04
  Avg Total when both present: 12370.44
  Avg Only persistent count: 27197.06
  Avg Only non-persistent count: 12801.18
  Avg Persistent bytes read: 40009716.96
  Avg Non-persistent bytes read: 25358591.36
  Avg Persistent ratio: 0.48
  Avg Non-persistent ratio: 0.52
  Avg Connection 2 duration: 0.456315 sec
  Avg Throughput Persistent: 701.63 Mbps
  Avg Throughput Non-Persistent: 446.21 Mbps
  Avg Persistent packets: 38488.54
  Avg Non-Persistent packets: 24338.12

Summary for Connections 5451 to 5500:
  Avg Non-persistent count: 6017.80
  Avg Persistent count: 6389.90
  Avg Total when both present: 12407.70
  Avg Only persistent count: 27163.28
  Avg Only non-persistent count: 12748.10
  Avg Persistent bytes read: 40011938.24
  Avg Non-persistent bytes read: 25347674.72
  Avg Persistent ratio: 0.47
  Avg Non-persistent ratio: 0.53
  Avg Connection 2 duration: 0.456138 sec
  Avg Throughput Persistent: 702.59 Mbps
  Avg Throughput Non-Persistent: 443.29 Mbps
  Avg Persistent packets: 38489.14
  Avg Non-Persistent packets: 24323.36

Summary for Connections 5501 to 5550:
  Avg Non-persistent count: 5932.96
  Avg Persistent count: 6263.44
  Avg Total when both present: 12196.40
  Avg Only persistent count: 27373.32
  Avg Only non-persistent count: 12976.16
  Avg Persistent bytes read: 40009117.44
  Avg Non-persistent bytes read: 25361495.68
  Avg Persistent ratio: 0.52
  Avg Non-persistent ratio: 0.48
  Avg Connection 2 duration: 0.456364 sec
  Avg Throughput Persistent: 702.18 Mbps
  Avg Throughput Non-Persistent: 443.19 Mbps
  Avg Persistent packets: 38488.04
  Avg Non-Persistent packets: 24338.60

Summary for Connections 5551 to 5600:
  Avg Non-persistent count: 6275.08
  Avg Persistent count: 6277.38
  Avg Total when both present: 12552.46
  Avg Only persistent count: 27002.78
  Avg Only non-persistent count: 12604.88
  Avg Persistent bytes read: 39995642.40
  Avg Non-persistent bytes read: 25348862.08
  Avg Persistent ratio: 0.46
  Avg Non-persistent ratio: 0.54
  Avg Connection 2 duration: 0.456057 sec
  Avg Throughput Persistent: 702.30 Mbps
  Avg Throughput Non-Persistent: 444.24 Mbps
  Avg Persistent packets: 38475.94
  Avg Non-Persistent packets: 24325.06

Summary for Connections 5601 to 5650:
  Avg Non-persistent count: 5931.10
  Avg Persistent count: 6167.92
  Avg Total when both present: 12099.02
  Avg Only persistent count: 27453.96
  Avg Only non-persistent count: 13059.96
  Avg Persistent bytes read: 39991703.84
  Avg Non-persistent bytes read: 25347826.56
  Avg Persistent ratio: 0.50
  Avg Non-persistent ratio: 0.50
  Avg Connection 2 duration: 0.455978 sec
  Avg Throughput Persistent: 701.59 Mbps
  Avg Throughput Non-Persistent: 444.47 Mbps
  Avg Persistent packets: 38471.50
  Avg Non-Persistent packets: 24325.16

Summary for Connections 5651 to 5700:
  Avg Non-persistent count: 6190.66
  Avg Persistent count: 6197.28
  Avg Total when both present: 12387.94
  Avg Only persistent count: 27206.12
  Avg Only non-persistent count: 12779.82
  Avg Persistent bytes read: 40036997.28
  Avg Non-persistent bytes read: 25356676.96
  Avg Persistent ratio: 0.49
  Avg Non-persistent ratio: 0.51
  Avg Connection 2 duration: 0.456574 sec
  Avg Throughput Persistent: 703.48 Mbps
  Avg Throughput Non-Persistent: 444.55 Mbps
  Avg Persistent packets: 38512.90
  Avg Non-Persistent packets: 24334.58

Summary for Connections 5701 to 5750:
  Avg Non-persistent count: 5840.58
  Avg Persistent count: 6152.88
  Avg Total when both present: 11993.46
  Avg Only persistent count: 27527.94
  Avg Only non-persistent count: 13181.98
  Avg Persistent bytes read: 39962280.48
  Avg Non-persistent bytes read: 25363974.24
  Avg Persistent ratio: 0.52
  Avg Non-persistent ratio: 0.48
  Avg Connection 2 duration: 0.456060 sec
  Avg Throughput Persistent: 700.48 Mbps
  Avg Throughput Non-Persistent: 446.12 Mbps
  Avg Persistent packets: 38441.00
  Avg Non-Persistent packets: 24341.28

Summary for Connections 5751 to 5800:
  Avg Non-persistent count: 6060.96
  Avg Persistent count: 6234.38
  Avg Total when both present: 12295.34
  Avg Only persistent count: 27257.00
  Avg Only non-persistent count: 12870.82
  Avg Persistent bytes read: 39995790.72
  Avg Non-persistent bytes read: 25356308.32
  Avg Persistent ratio: 0.50
  Avg Non-persistent ratio: 0.50
  Avg Connection 2 duration: 0.456188 sec
  Avg Throughput Persistent: 701.08 Mbps
  Avg Throughput Non-Persistent: 444.93 Mbps
  Avg Persistent packets: 38472.76
  Avg Non-Persistent packets: 24332.98

Summary for Connections 5801 to 5850:
  Avg Non-persistent count: 5984.84
  Avg Persistent count: 6200.68
  Avg Total when both present: 12185.52
  Avg Only persistent count: 27376.30
  Avg Only non-persistent count: 12979.30
  Avg Persistent bytes read: 40001257.12
  Avg Non-persistent bytes read: 25352643.84
  Avg Persistent ratio: 0.56
  Avg Non-persistent ratio: 0.44
  Avg Connection 2 duration: 0.456228 sec
  Avg Throughput Persistent: 702.08 Mbps
  Avg Throughput Non-Persistent: 443.52 Mbps
  Avg Persistent packets: 38480.74
  Avg Non-Persistent packets: 24331.24

Summary for Connections 5851 to 5900:
  Avg Non-persistent count: 6096.24
  Avg Persistent count: 6274.46
  Avg Total when both present: 12370.70
  Avg Only persistent count: 27197.38
  Avg Only non-persistent count: 12794.48
  Avg Persistent bytes read: 40009340.48
  Avg Non-persistent bytes read: 25354006.40
  Avg Persistent ratio: 0.56
  Avg Non-persistent ratio: 0.44
  Avg Connection 2 duration: 0.456265 sec
  Avg Throughput Persistent: 701.17 Mbps
  Avg Throughput Non-Persistent: 444.49 Mbps
  Avg Persistent packets: 38487.94
  Avg Non-Persistent packets: 24331.42

Summary for Connections 5901 to 5950:
  Avg Non-persistent count: 5946.00
  Avg Persistent count: 6141.72
  Avg Total when both present: 12087.72
  Avg Only persistent count: 27416.04
  Avg Only non-persistent count: 13078.88
  Avg Persistent bytes read: 39942356.00
  Avg Non-persistent bytes read: 25356602.88
  Avg Persistent ratio: 0.52
  Avg Non-persistent ratio: 0.48
  Avg Connection 2 duration: 0.455698 sec
  Avg Throughput Persistent: 687.74 Mbps
  Avg Throughput Non-Persistent: 468.84 Mbps
  Avg Persistent packets: 38423.70
  Avg Non-Persistent packets: 24335.06

Summary for Connections 5951 to 6000:
  Avg Non-persistent count: 5979.64
  Avg Persistent count: 6290.02
  Avg Total when both present: 12269.66
  Avg Only persistent count: 27277.74
  Avg Only non-persistent count: 12896.80
  Avg Persistent bytes read: 39986201.44
  Avg Non-persistent bytes read: 25356658.72
  Avg Persistent ratio: 0.54
  Avg Non-persistent ratio: 0.46
  Avg Connection 2 duration: 0.456094 sec
  Avg Throughput Persistent: 701.49 Mbps
  Avg Throughput Non-Persistent: 444.26 Mbps
  Avg Persistent packets: 38466.98
  Avg Non-Persistent packets: 24333.92

Summary for Connections 6001 to 6050:
  Avg Non-persistent count: 6083.86
  Avg Persistent count: 6202.42
  Avg Total when both present: 12286.28
  Avg Only persistent count: 27248.00
  Avg Only non-persistent count: 12882.22
  Avg Persistent bytes read: 39976268.16
  Avg Non-persistent bytes read: 25358236.48
  Avg Persistent ratio: 0.50
  Avg Non-persistent ratio: 0.50
  Avg Connection 2 duration: 0.456065 sec
  Avg Throughput Persistent: 700.22 Mbps
  Avg Throughput Non-Persistent: 446.75 Mbps
  Avg Persistent packets: 38455.42
  Avg Non-Persistent packets: 24335.22

Summary for Connections 6051 to 6100:
  Avg Non-persistent count: 6020.56
  Avg Persistent count: 6280.40
  Avg Total when both present: 12300.96
  Avg Only persistent count: 27278.18
  Avg Only non-persistent count: 12870.82
  Avg Persistent bytes read: 40017767.84
  Avg Non-persistent bytes read: 25360333.76
  Avg Persistent ratio: 0.53
  Avg Non-persistent ratio: 0.47
  Avg Connection 2 duration: 0.456479 sec
  Avg Throughput Persistent: 701.34 Mbps
  Avg Throughput Non-Persistent: 444.60 Mbps
  Avg Persistent packets: 38498.88
  Avg Non-Persistent packets: 24338.28

Summary for Connections 6101 to 6150:
  Avg Non-persistent count: 6017.52
  Avg Persistent count: 6201.72
  Avg Total when both present: 12219.24
  Avg Only persistent count: 27334.42
  Avg Only non-persistent count: 12950.48
  Avg Persistent bytes read: 39995265.92
  Avg Non-persistent bytes read: 25357317.44
  Avg Persistent ratio: 0.51
  Avg Non-persistent ratio: 0.49
  Avg Connection 2 duration: 0.456168 sec
  Avg Throughput Persistent: 702.92 Mbps
  Avg Throughput Non-Persistent: 442.49 Mbps
  Avg Persistent packets: 38474.86
  Avg Non-Persistent packets: 24335.28

Summary for Connections 6151 to 6200:
  Avg Non-persistent count: 6074.34
  Avg Persistent count: 6115.90
  Avg Total when both present: 12190.24
  Avg Only persistent count: 27380.30
  Avg Only non-persistent count: 12978.94
  Avg Persistent bytes read: 40012120.64
  Avg Non-persistent bytes read: 25357638.40
  Avg Persistent ratio: 0.53
  Avg Non-persistent ratio: 0.47
  Avg Connection 2 duration: 0.456344 sec
  Avg Throughput Persistent: 700.69 Mbps
  Avg Throughput Non-Persistent: 444.93 Mbps
  Avg Persistent packets: 38490.00
  Avg Non-Persistent packets: 24337.06

Summary for Connections 6201 to 6250:
  Avg Non-persistent count: 6106.10
  Avg Persistent count: 6447.56
  Avg Total when both present: 12553.66
  Avg Only persistent count: 27007.06
  Avg Only non-persistent count: 12612.98
  Avg Persistent bytes read: 40001492.32
  Avg Non-persistent bytes read: 25358831.36
  Avg Persistent ratio: 0.52
  Avg Non-persistent ratio: 0.48
  Avg Connection 2 duration: 0.456250 sec
  Avg Throughput Persistent: 701.78 Mbps
  Avg Throughput Non-Persistent: 444.59 Mbps
  Avg Persistent packets: 38482.06
  Avg Non-Persistent packets: 24334.44

Summary for Connections 6251 to 6300:
  Avg Non-persistent count: 5961.50
  Avg Persistent count: 6067.14
  Avg Total when both present: 12028.64
  Avg Only persistent count: 27521.20
  Avg Only non-persistent count: 13142.58
  Avg Persistent bytes read: 39989676.64
  Avg Non-persistent bytes read: 25358005.60
  Avg Persistent ratio: 0.52
  Avg Non-persistent ratio: 0.48
  Avg Connection 2 duration: 0.456197 sec
  Avg Throughput Persistent: 701.07 Mbps
  Avg Throughput Non-Persistent: 444.33 Mbps
  Avg Persistent packets: 38471.34
  Avg Non-Persistent packets: 24337.18

Summary for Connections 6301 to 6350:
  Avg Non-persistent count: 5890.40
  Avg Persistent count: 6273.70
  Avg Total when both present: 12164.10
  Avg Only persistent count: 27416.20
  Avg Only non-persistent count: 13005.46
  Avg Persistent bytes read: 40020142.56
  Avg Non-persistent bytes read: 25357711.68
  Avg Persistent ratio: 0.49
  Avg Non-persistent ratio: 0.51
  Avg Connection 2 duration: 0.456392 sec
  Avg Throughput Persistent: 701.19 Mbps
  Avg Throughput Non-Persistent: 445.00 Mbps
  Avg Persistent packets: 38498.64
  Avg Non-Persistent packets: 24335.12

Summary for Connections 6351 to 6400:
  Avg Non-persistent count: 5997.28
  Avg Persistent count: 6231.52
  Avg Total when both present: 12228.80
  Avg Only persistent count: 27316.38
  Avg Only non-persistent count: 12943.70
  Avg Persistent bytes read: 39984232.16
  Avg Non-persistent bytes read: 25361717.44
  Avg Persistent ratio: 0.51
  Avg Non-persistent ratio: 0.49
  Avg Connection 2 duration: 0.456130 sec
  Avg Throughput Persistent: 700.91 Mbps
  Avg Throughput Non-Persistent: 444.89 Mbps
  Avg Persistent packets: 38464.10
  Avg Non-Persistent packets: 24338.14

Summary for Connections 6401 to 6450:
  Avg Non-persistent count: 5876.50
  Avg Persistent count: 6249.32
  Avg Total when both present: 12125.82
  Avg Only persistent count: 27391.92
  Avg Only non-persistent count: 13045.82
  Avg Persistent bytes read: 39955938.24
  Avg Non-persistent bytes read: 25358037.44
  Avg Persistent ratio: 0.48
  Avg Non-persistent ratio: 0.52
  Avg Connection 2 duration: 0.455898 sec
  Avg Throughput Persistent: 701.17 Mbps
  Avg Throughput Non-Persistent: 444.87 Mbps
  Avg Persistent packets: 38437.94
  Avg Non-Persistent packets: 24336.92

Summary for Connections 6451 to 6477:
  Avg Non-persistent count: 5959.81
  Avg Persistent count: 6170.19
  Avg Total when both present: 12130.00
  Avg Only persistent count: 27397.00
  Avg Only non-persistent count: 13034.37
  Avg Persistent bytes read: 39968875.85
  Avg Non-persistent bytes read: 25353510.22
  Avg Persistent ratio: 0.51
  Avg Non-persistent ratio: 0.49
  Avg Connection 2 duration: 0.455910 sec
  Avg Throughput Persistent: 700.89 Mbps
  Avg Throughput Non-Persistent: 444.81 Mbps
  Avg Persistent packets: 38447.59
  Avg Non-Persistent packets: 24328.81


Overall Statistics (Averaged):
Average events when both were present: 12217.93
Average Persistent count: 6202.36
Average Non-Persistent count: 6015.57
Average Persistent Ratio: 0.51
Average Non-Persistent Ratio: 0.49
Rejected connections: 0
Average Only Persistent count: 27396.72
Average Only Non Persistent count: 12950.56
Average persistent bytes per connection: 40055933.06
Average non-persistent bytes per connection: 25357401.57
Average persistent packets per connection: 38533.26
Average non-persistent packets per connection: 24335.05
Total persistent duration: 3600.000690 sec
Total non-persistent duration: 2954.520837 sec
Average Throughput Persistent: 576.54 Mbps
Average Throughput Non-Persistent: 444.71 Mbps
