Summary for Connections 1 to 50:
  Avg Non-persistent count: 23953.02
  Avg Persistent count: 24126.88
  Avg Total when both present: 48079.90
  Avg Only persistent count: 20136.12
  Avg Only non-persistent count: 3491.26
  Avg Persistent bytes read: 67669224.32
  Avg Non-persistent bytes read: 50898605.76
  Avg Persistent ratio: 0.52
  Avg Non-persistent ratio: 0.48
  Avg Connection 2 duration: 0.880546 sec
  Avg Throughput Persistent: 582.19 Mbps
  Avg Throughput Non-Persistent: 465.92 Mbps
  Avg Persistent packets: 64219.68
  Avg Non-Persistent packets: 48100.70

Summary for Connections 51 to 100:
  Avg Non-persistent count: 23991.40
  Avg Persistent count: 24105.82
  Avg Total when both present: 48097.22
  Avg Only persistent count: 17073.00
  Avg Only non-persistent count: 3494.64
  Avg Persistent bytes read: 64601635.68
  Avg Non-persistent bytes read: 50919145.76
  Avg Persistent ratio: 0.52
  Avg Non-persistent ratio: 0.48
  Avg Connection 2 duration: 0.882368 sec
  Avg Throughput Persistent: 588.24 Mbps
  Avg Throughput Non-Persistent: 459.08 Mbps
  Avg Persistent packets: 61272.36
  Avg Non-Persistent packets: 48114.48

Summary for Connections 101 to 150:
  Avg Non-persistent count: 23968.08
  Avg Persistent count: 24084.42
  Avg Total when both present: 48052.50
  Avg Only persistent count: 17042.84
  Avg Only non-persistent count: 3526.34
  Avg Persistent bytes read: 64530293.76
  Avg Non-persistent bytes read: 50906685.12
  Avg Persistent ratio: 0.51
  Avg Non-persistent ratio: 0.49
  Avg Connection 2 duration: 0.881757 sec
  Avg Throughput Persistent: 584.07 Mbps
  Avg Throughput Non-Persistent: 463.77 Mbps
  Avg Persistent packets: 61203.22
  Avg Non-Persistent packets: 48105.14

Summary for Connections 151 to 200:
  Avg Non-persistent count: 23912.74
  Avg Persistent count: 24165.28
  Avg Total when both present: 48078.02
  Avg Only persistent count: 17043.30
  Avg Only non-persistent count: 3516.64
  Avg Persistent bytes read: 64543455.68
  Avg Non-persistent bytes read: 50905820.00
  Avg Persistent ratio: 0.51
  Avg Non-persistent ratio: 0.49
  Avg Connection 2 duration: 0.881945 sec
  Avg Throughput Persistent: 585.02 Mbps
  Avg Throughput Non-Persistent: 462.78 Mbps
  Avg Persistent packets: 61221.54
  Avg Non-Persistent packets: 48117.80

Summary for Connections 201 to 250:
  Avg Non-persistent count: 23976.48
  Avg Persistent count: 24112.52
  Avg Total when both present: 48089.00
  Avg Only persistent count: 17052.12
  Avg Only non-persistent count: 3478.28
  Avg Persistent bytes read: 64580322.56
  Avg Non-persistent bytes read: 50896813.76
  Avg Persistent ratio: 0.50
  Avg Non-persistent ratio: 0.50
  Avg Connection 2 duration: 0.882019 sec
  Avg Throughput Persistent: 585.15 Mbps
  Avg Throughput Non-Persistent: 461.46 Mbps
  Avg Persistent packets: 61252.50
  Avg Non-Persistent packets: 48097.28

Summary for Connections 251 to 300:
  Avg Non-persistent count: 23917.02
  Avg Persistent count: 24127.18
  Avg Total when both present: 48044.20
  Avg Only persistent count: 16952.20
  Avg Only non-persistent count: 3528.30
  Avg Persistent bytes read: 64432051.52
  Avg Non-persistent bytes read: 50900848.64
  Avg Persistent ratio: 0.50
  Avg Non-persistent ratio: 0.50
  Avg Connection 2 duration: 0.881095 sec
  Avg Throughput Persistent: 586.94 Mbps
  Avg Throughput Non-Persistent: 460.92 Mbps
  Avg Persistent packets: 61106.76
  Avg Non-Persistent packets: 48101.50

Summary for Connections 301 to 350:
  Avg Non-persistent count: 23957.78
  Avg Persistent count: 24072.84
  Avg Total when both present: 48030.62
  Avg Only persistent count: 17041.82
  Avg Only non-persistent count: 3541.38
  Avg Persistent bytes read: 64508713.60
  Avg Non-persistent bytes read: 50899318.72
  Avg Persistent ratio: 0.51
  Avg Non-persistent ratio: 0.49
  Avg Connection 2 duration: 0.881547 sec
  Avg Throughput Persistent: 585.97 Mbps
  Avg Throughput Non-Persistent: 461.31 Mbps
  Avg Persistent packets: 61175.82
  Avg Non-Persistent packets: 48096.14

Summary for Connections 351 to 400:
  Avg Non-persistent count: 23888.54
  Avg Persistent count: 24120.90
  Avg Total when both present: 48009.44
  Avg Only persistent count: 17092.00
  Avg Only non-persistent count: 3566.16
  Avg Persistent bytes read: 64539807.52
  Avg Non-persistent bytes read: 50907283.52
  Avg Persistent ratio: 0.51
  Avg Non-persistent ratio: 0.49
  Avg Connection 2 duration: 0.881699 sec
  Avg Throughput Persistent: 581.89 Mbps
  Avg Throughput Non-Persistent: 466.52 Mbps
  Avg Persistent packets: 61205.64
  Avg Non-Persistent packets: 48101.76

Summary for Connections 401 to 450:
  Avg Non-persistent count: 23886.98
  Avg Persistent count: 24203.52
  Avg Total when both present: 48090.50
  Avg Only persistent count: 17091.60
  Avg Only non-persistent count: 3486.20
  Avg Persistent bytes read: 64616247.04
  Avg Non-persistent bytes read: 50900500.48
  Avg Persistent ratio: 0.50
  Avg Non-persistent ratio: 0.50
  Avg Connection 2 duration: 0.882288 sec
  Avg Throughput Persistent: 587.68 Mbps
  Avg Throughput Non-Persistent: 459.41 Mbps
  Avg Persistent packets: 61286.84
  Avg Non-Persistent packets: 48101.18

Summary for Connections 451 to 500:
  Avg Non-persistent count: 23918.70
  Avg Persistent count: 24145.54
  Avg Total when both present: 48064.24
  Avg Only persistent count: 16826.00
  Avg Only non-persistent count: 3507.16
  Avg Persistent bytes read: 64318288.16
  Avg Non-persistent bytes read: 50902408.32
  Avg Persistent ratio: 0.50
  Avg Non-persistent ratio: 0.50
  Avg Connection 2 duration: 0.879867 sec
  Avg Throughput Persistent: 586.40 Mbps
  Avg Throughput Non-Persistent: 461.57 Mbps
  Avg Persistent packets: 61005.26
  Avg Non-Persistent packets: 48102.72

Summary for Connections 501 to 550:
  Avg Non-persistent count: 23942.64
  Avg Persistent count: 24219.58
  Avg Total when both present: 48162.22
  Avg Only persistent count: 17144.54
  Avg Only non-persistent count: 3468.20
  Avg Persistent bytes read: 64707014.72
  Avg Non-persistent bytes read: 50919263.04
  Avg Persistent ratio: 0.51
  Avg Non-persistent ratio: 0.49
  Avg Connection 2 duration: 0.883378 sec
  Avg Throughput Persistent: 587.17 Mbps
  Avg Throughput Non-Persistent: 460.01 Mbps
  Avg Persistent packets: 61393.42
  Avg Non-Persistent packets: 48143.70

Summary for Connections 551 to 600:
  Avg Non-persistent count: 24036.38
  Avg Persistent count: 24215.48
  Avg Total when both present: 48251.86
  Avg Only persistent count: 16936.56
  Avg Only non-persistent count: 3350.82
  Avg Persistent bytes read: 64602010.08
  Avg Non-persistent bytes read: 50909791.68
  Avg Persistent ratio: 0.50
  Avg Non-persistent ratio: 0.50
  Avg Connection 2 duration: 0.882351 sec
  Avg Throughput Persistent: 585.06 Mbps
  Avg Throughput Non-Persistent: 462.30 Mbps
  Avg Persistent packets: 61293.80
  Avg Non-Persistent packets: 48131.00

Summary for Connections 601 to 650:
  Avg Non-persistent count: 24041.04
  Avg Persistent count: 24221.10
  Avg Total when both present: 48262.14
  Avg Only persistent count: 16902.86
  Avg Only non-persistent count: 3338.24
  Avg Persistent bytes read: 64577389.76
  Avg Non-persistent bytes read: 50893110.72
  Avg Persistent ratio: 0.50
  Avg Non-persistent ratio: 0.50
  Avg Connection 2 duration: 0.881928 sec
  Avg Throughput Persistent: 588.27 Mbps
  Avg Throughput Non-Persistent: 458.57 Mbps
  Avg Persistent packets: 61268.78
  Avg Non-Persistent packets: 48123.50

Summary for Connections 651 to 700:
  Avg Non-persistent count: 23965.02
  Avg Persistent count: 24136.74
  Avg Total when both present: 48101.76
  Avg Only persistent count: 16967.82
  Avg Only non-persistent count: 3477.12
  Avg Persistent bytes read: 64496924.80
  Avg Non-persistent bytes read: 50896884.64
  Avg Persistent ratio: 0.49
  Avg Non-persistent ratio: 0.51
  Avg Connection 2 duration: 0.881370 sec
  Avg Throughput Persistent: 580.96 Mbps
  Avg Throughput Non-Persistent: 467.35 Mbps
  Avg Persistent packets: 61171.06
  Avg Non-Persistent packets: 48102.20

Summary for Connections 701 to 750:
  Avg Non-persistent count: 23907.00
  Avg Persistent count: 24144.38
  Avg Total when both present: 48051.38
  Avg Only persistent count: 16999.72
  Avg Only non-persistent count: 3516.36
  Avg Persistent bytes read: 64484770.72
  Avg Non-persistent bytes read: 50893119.84
  Avg Persistent ratio: 0.51
  Avg Non-persistent ratio: 0.49
  Avg Connection 2 duration: 0.881308 sec
  Avg Throughput Persistent: 588.90 Mbps
  Avg Throughput Non-Persistent: 458.41 Mbps
  Avg Persistent packets: 61161.72
  Avg Non-Persistent packets: 48098.04

Summary for Connections 751 to 800:
  Avg Non-persistent count: 23994.94
  Avg Persistent count: 24077.54
  Avg Total when both present: 48072.48
  Avg Only persistent count: 17018.54
  Avg Only non-persistent count: 3499.78
  Avg Persistent bytes read: 64522211.84
  Avg Non-persistent bytes read: 50896900.16
  Avg Persistent ratio: 0.50
  Avg Non-persistent ratio: 0.50
  Avg Connection 2 duration: 0.881483 sec
  Avg Throughput Persistent: 585.78 Mbps
  Avg Throughput Non-Persistent: 461.46 Mbps
  Avg Persistent packets: 61193.84
  Avg Non-Persistent packets: 48097.40

Summary for Connections 801 to 850:
  Avg Non-persistent count: 24024.64
  Avg Persistent count: 24016.82
  Avg Total when both present: 48041.46
  Avg Only persistent count: 16940.12
  Avg Only non-persistent count: 3526.68
  Avg Persistent bytes read: 64417523.52
  Avg Non-persistent bytes read: 50894344.64
  Avg Persistent ratio: 0.49
  Avg Non-persistent ratio: 0.51
  Avg Connection 2 duration: 0.880546 sec
  Avg Throughput Persistent: 584.42 Mbps
  Avg Throughput Non-Persistent: 463.46 Mbps
  Avg Persistent packets: 61090.26
  Avg Non-Persistent packets: 48095.28

Summary for Connections 851 to 900:
  Avg Non-persistent count: 23921.56
  Avg Persistent count: 24152.62
  Avg Total when both present: 48074.18
  Avg Only persistent count: 16954.66
  Avg Only non-persistent count: 3500.04
  Avg Persistent bytes read: 64462541.44
  Avg Non-persistent bytes read: 50900211.84
  Avg Persistent ratio: 0.51
  Avg Non-persistent ratio: 0.49
  Avg Connection 2 duration: 0.881039 sec
  Avg Throughput Persistent: 585.47 Mbps
  Avg Throughput Non-Persistent: 462.06 Mbps
  Avg Persistent packets: 61139.14
  Avg Non-Persistent packets: 48102.12

Summary for Connections 901 to 950:
  Avg Non-persistent count: 23928.48
  Avg Persistent count: 24079.54
  Avg Total when both present: 48008.02
  Avg Only persistent count: 17002.76
  Avg Only non-persistent count: 3557.34
  Avg Persistent bytes read: 64445091.36
  Avg Non-persistent bytes read: 50896905.12
  Avg Persistent ratio: 0.50
  Avg Non-persistent ratio: 0.50
  Avg Connection 2 duration: 0.880882 sec
  Avg Throughput Persistent: 584.39 Mbps
  Avg Throughput Non-Persistent: 462.95 Mbps
  Avg Persistent packets: 61117.82
  Avg Non-Persistent packets: 48094.40

Summary for Connections 951 to 1000:
  Avg Non-persistent count: 23854.18
  Avg Persistent count: 24198.22
  Avg Total when both present: 48052.40
  Avg Only persistent count: 17037.04
  Avg Only non-persistent count: 3517.06
  Avg Persistent bytes read: 64517597.28
  Avg Non-persistent bytes read: 50895609.76
  Avg Persistent ratio: 0.50
  Avg Non-persistent ratio: 0.50
  Avg Connection 2 duration: 0.881436 sec
  Avg Throughput Persistent: 586.87 Mbps
  Avg Throughput Non-Persistent: 460.70 Mbps
  Avg Persistent packets: 61194.48
  Avg Non-Persistent packets: 48094.24

Summary for Connections 1001 to 1050:
  Avg Non-persistent count: 23883.50
  Avg Persistent count: 24128.36
  Avg Total when both present: 48011.86
  Avg Only persistent count: 17193.68
  Avg Only non-persistent count: 3560.52
  Avg Persistent bytes read: 64644975.36
  Avg Non-persistent bytes read: 50899955.84
  Avg Persistent ratio: 0.49
  Avg Non-persistent ratio: 0.51
  Avg Connection 2 duration: 0.882555 sec
  Avg Throughput Persistent: 586.28 Mbps
  Avg Throughput Non-Persistent: 460.70 Mbps
  Avg Persistent packets: 61306.50
  Avg Non-Persistent packets: 48095.68

Summary for Connections 1051 to 1100:
  Avg Non-persistent count: 23907.30
  Avg Persistent count: 24100.98
  Avg Total when both present: 48008.28
  Avg Only persistent count: 17024.84
  Avg Only non-persistent count: 3563.42
  Avg Persistent bytes read: 64466203.84
  Avg Non-persistent bytes read: 50901749.92
  Avg Persistent ratio: 0.49
  Avg Non-persistent ratio: 0.51
  Avg Connection 2 duration: 0.881082 sec
  Avg Throughput Persistent: 585.58 Mbps
  Avg Throughput Non-Persistent: 461.72 Mbps
  Avg Persistent packets: 61138.90
  Avg Non-Persistent packets: 48098.34

Summary for Connections 1101 to 1150:
  Avg Non-persistent count: 23886.28
  Avg Persistent count: 24145.62
  Avg Total when both present: 48031.90
  Avg Only persistent count: 17140.72
  Avg Only non-persistent count: 3537.20
  Avg Persistent bytes read: 64603402.24
  Avg Non-persistent bytes read: 50898039.52
  Avg Persistent ratio: 0.51
  Avg Non-persistent ratio: 0.49
  Avg Connection 2 duration: 0.882306 sec
  Avg Throughput Persistent: 584.23 Mbps
  Avg Throughput Non-Persistent: 463.32 Mbps
  Avg Persistent packets: 61274.48
  Avg Non-Persistent packets: 48094.96

Summary for Connections 1151 to 1200:
  Avg Non-persistent count: 23858.68
  Avg Persistent count: 24130.06
  Avg Total when both present: 47988.74
  Avg Only persistent count: 17122.08
  Avg Only non-persistent count: 3575.56
  Avg Persistent bytes read: 64539346.24
  Avg Non-persistent bytes read: 50894478.88
  Avg Persistent ratio: 0.50
  Avg Non-persistent ratio: 0.50
  Avg Connection 2 duration: 0.881665 sec
  Avg Throughput Persistent: 585.96 Mbps
  Avg Throughput Non-Persistent: 461.88 Mbps
  Avg Persistent packets: 61213.44
  Avg Non-Persistent packets: 48089.50

Summary for Connections 1201 to 1250:
  Avg Non-persistent count: 23873.80
  Avg Persistent count: 24153.68
  Avg Total when both present: 48027.48
  Avg Only persistent count: 16969.92
  Avg Only non-persistent count: 3553.60
  Avg Persistent bytes read: 64418850.72
  Avg Non-persistent bytes read: 50896903.04
  Avg Persistent ratio: 0.51
  Avg Non-persistent ratio: 0.49
  Avg Connection 2 duration: 0.880581 sec
  Avg Throughput Persistent: 585.23 Mbps
  Avg Throughput Non-Persistent: 462.75 Mbps
  Avg Persistent packets: 61102.84
  Avg Non-Persistent packets: 48107.02

Summary for Connections 1251 to 1300:
  Avg Non-persistent count: 23799.82
  Avg Persistent count: 24198.64
  Avg Total when both present: 47998.46
  Avg Only persistent count: 17098.80
  Avg Only non-persistent count: 3573.52
  Avg Persistent bytes read: 64527228.96
  Avg Non-persistent bytes read: 50899521.44
  Avg Persistent ratio: 0.50
  Avg Non-persistent ratio: 0.50
  Avg Connection 2 duration: 0.881598 sec
  Avg Throughput Persistent: 583.67 Mbps
  Avg Throughput Non-Persistent: 464.37 Mbps
  Avg Persistent packets: 61202.24
  Avg Non-Persistent packets: 48100.48

Summary for Connections 1301 to 1350:
  Avg Non-persistent count: 23914.84
  Avg Persistent count: 24082.80
  Avg Total when both present: 47997.64
  Avg Only persistent count: 17093.66
  Avg Only non-persistent count: 3576.66
  Avg Persistent bytes read: 64528144.32
  Avg Non-persistent bytes read: 50902064.96
  Avg Persistent ratio: 0.52
  Avg Non-persistent ratio: 0.48
  Avg Connection 2 duration: 0.881632 sec
  Avg Throughput Persistent: 585.46 Mbps
  Avg Throughput Non-Persistent: 462.21 Mbps
  Avg Persistent packets: 61196.86
  Avg Non-Persistent packets: 48100.94

Summary for Connections 1351 to 1400:
  Avg Non-persistent count: 24011.12
  Avg Persistent count: 23985.26
  Avg Total when both present: 47996.38
  Avg Only persistent count: 16971.56
  Avg Only non-persistent count: 3578.56
  Avg Persistent bytes read: 64392016.16
  Avg Non-persistent bytes read: 50895732.64
  Avg Persistent ratio: 0.49
  Avg Non-persistent ratio: 0.51
  Avg Connection 2 duration: 0.880411 sec
  Avg Throughput Persistent: 584.29 Mbps
  Avg Throughput Non-Persistent: 463.32 Mbps
  Avg Persistent packets: 61072.80
  Avg Non-Persistent packets: 48099.76

Summary for Connections 1401 to 1450:
  Avg Non-persistent count: 23927.82
  Avg Persistent count: 24106.06
  Avg Total when both present: 48033.88
  Avg Only persistent count: 16942.74
  Avg Only non-persistent count: 3544.16
  Avg Persistent bytes read: 64407011.04
  Avg Non-persistent bytes read: 50904110.24
  Avg Persistent ratio: 0.50
  Avg Non-persistent ratio: 0.50
  Avg Connection 2 duration: 0.880623 sec
  Avg Throughput Persistent: 587.11 Mbps
  Avg Throughput Non-Persistent: 460.79 Mbps
  Avg Persistent packets: 61081.80
  Avg Non-Persistent packets: 48101.18

Summary for Connections 1451 to 1500:
  Avg Non-persistent count: 23899.40
  Avg Persistent count: 24152.24
  Avg Total when both present: 48051.64
  Avg Only persistent count: 16949.84
  Avg Only non-persistent count: 3522.62
  Avg Persistent bytes read: 64426037.76
  Avg Non-persistent bytes read: 50893124.80
  Avg Persistent ratio: 0.49
  Avg Non-persistent ratio: 0.51
  Avg Connection 2 duration: 0.880742 sec
  Avg Throughput Persistent: 584.94 Mbps
  Avg Throughput Non-Persistent: 463.18 Mbps
  Avg Persistent packets: 61107.26
  Avg Non-Persistent packets: 48101.74

Summary for Connections 1501 to 1550:
  Avg Non-persistent count: 23946.48
  Avg Persistent count: 24151.98
  Avg Total when both present: 48098.46
  Avg Only persistent count: 16941.62
  Avg Only non-persistent count: 3480.30
  Avg Persistent bytes read: 64463946.40
  Avg Non-persistent bytes read: 50893155.84
  Avg Persistent ratio: 0.50
  Avg Non-persistent ratio: 0.50
  Avg Connection 2 duration: 0.881023 sec
  Avg Throughput Persistent: 584.64 Mbps
  Avg Throughput Non-Persistent: 462.94 Mbps
  Avg Persistent packets: 61148.10
  Avg Non-Persistent packets: 48104.94

Summary for Connections 1551 to 1600:
  Avg Non-persistent count: 23926.16
  Avg Persistent count: 24117.78
  Avg Total when both present: 48043.94
  Avg Only persistent count: 16834.96
  Avg Only non-persistent count: 3527.50
  Avg Persistent bytes read: 64314425.92
  Avg Non-persistent bytes read: 50895638.72
  Avg Persistent ratio: 0.50
  Avg Non-persistent ratio: 0.50
  Avg Connection 2 duration: 0.879782 sec
  Avg Throughput Persistent: 584.65 Mbps
  Avg Throughput Non-Persistent: 463.19 Mbps
  Avg Persistent packets: 60999.96
  Avg Non-Persistent packets: 48109.22

Summary for Connections 1601 to 1650:
  Avg Non-persistent count: 23962.58
  Avg Persistent count: 24137.96
  Avg Total when both present: 48100.54
  Avg Only persistent count: 17107.14
  Avg Only non-persistent count: 3476.38
  Avg Persistent bytes read: 64636800.16
  Avg Non-persistent bytes read: 50899789.28
  Avg Persistent ratio: 0.51
  Avg Non-persistent ratio: 0.49
  Avg Connection 2 duration: 0.882462 sec
  Avg Throughput Persistent: 587.30 Mbps
  Avg Throughput Non-Persistent: 459.52 Mbps
  Avg Persistent packets: 61310.16
  Avg Non-Persistent packets: 48103.18

Summary for Connections 1651 to 1700:
  Avg Non-persistent count: 23981.58
  Avg Persistent count: 24077.86
  Avg Total when both present: 48059.44
  Avg Only persistent count: 17064.58
  Avg Only non-persistent count: 3506.36
  Avg Persistent bytes read: 64557177.12
  Avg Non-persistent bytes read: 50894845.76
  Avg Persistent ratio: 0.51
  Avg Non-persistent ratio: 0.49
  Avg Connection 2 duration: 0.881754 sec
  Avg Throughput Persistent: 588.68 Mbps
  Avg Throughput Non-Persistent: 458.17 Mbps
  Avg Persistent packets: 61232.20
  Avg Non-Persistent packets: 48095.46

Summary for Connections 1701 to 1750:
  Avg Non-persistent count: 23936.70
  Avg Persistent count: 24189.58
  Avg Total when both present: 48126.28
  Avg Only persistent count: 16915.12
  Avg Only non-persistent count: 3470.16
  Avg Persistent bytes read: 64453578.72
  Avg Non-persistent bytes read: 50901843.20
  Avg Persistent ratio: 0.51
  Avg Non-persistent ratio: 0.49
  Avg Connection 2 duration: 0.881143 sec
  Avg Throughput Persistent: 584.50 Mbps
  Avg Throughput Non-Persistent: 463.04 Mbps
  Avg Persistent packets: 61144.42
  Avg Non-Persistent packets: 48123.50

Summary for Connections 1751 to 1800:
  Avg Non-persistent count: 23877.68
  Avg Persistent count: 24258.74
  Avg Total when both present: 48136.42
  Avg Only persistent count: 16902.36
  Avg Only non-persistent count: 3451.14
  Avg Persistent bytes read: 64457256.64
  Avg Non-persistent bytes read: 50894341.12
  Avg Persistent ratio: 0.50
  Avg Non-persistent ratio: 0.50
  Avg Connection 2 duration: 0.880981 sec
  Avg Throughput Persistent: 580.18 Mbps
  Avg Throughput Non-Persistent: 468.81 Mbps
  Avg Persistent packets: 61145.46
  Avg Non-Persistent packets: 48115.50

Summary for Connections 1801 to 1850:
  Avg Non-persistent count: 23930.12
  Avg Persistent count: 24155.54
  Avg Total when both present: 48085.66
  Avg Only persistent count: 16962.06
  Avg Only non-persistent count: 3491.26
  Avg Persistent bytes read: 64478020.96
  Avg Non-persistent bytes read: 50898175.84
  Avg Persistent ratio: 0.50
  Avg Non-persistent ratio: 0.50
  Avg Connection 2 duration: 0.881120 sec
  Avg Throughput Persistent: 581.70 Mbps
  Avg Throughput Non-Persistent: 466.87 Mbps
  Avg Persistent packets: 61156.32
  Avg Non-Persistent packets: 48105.84

Summary for Connections 1851 to 1900:
  Avg Non-persistent count: 23922.42
  Avg Persistent count: 24172.10
  Avg Total when both present: 48094.52
  Avg Only persistent count: 17088.12
  Avg Only non-persistent count: 3480.86
  Avg Persistent bytes read: 64607819.68
  Avg Non-persistent bytes read: 50894351.04
  Avg Persistent ratio: 0.51
  Avg Non-persistent ratio: 0.49
  Avg Connection 2 duration: 0.882188 sec
  Avg Throughput Persistent: 585.96 Mbps
  Avg Throughput Non-Persistent: 461.31 Mbps
  Avg Persistent packets: 61291.66
  Avg Non-Persistent packets: 48110.70

Summary for Connections 1901 to 1950:
  Avg Non-persistent count: 23925.76
  Avg Persistent count: 24139.58
  Avg Total when both present: 48065.34
  Avg Only persistent count: 16964.10
  Avg Only non-persistent count: 3499.04
  Avg Persistent bytes read: 64461774.40
  Avg Non-persistent bytes read: 50894359.52
  Avg Persistent ratio: 0.49
  Avg Non-persistent ratio: 0.51
  Avg Connection 2 duration: 0.881045 sec
  Avg Throughput Persistent: 583.56 Mbps
  Avg Throughput Non-Persistent: 457.11 Mbps
  Avg Persistent packets: 61137.76
  Avg Non-Persistent packets: 48091.34

Summary for Connections 1951 to 2000:
  Avg Non-persistent count: 24000.00
  Avg Persistent count: 24116.30
  Avg Total when both present: 48116.30
  Avg Only persistent count: 17083.00
  Avg Only non-persistent count: 3455.16
  Avg Persistent bytes read: 64629742.40
  Avg Non-persistent bytes read: 50894344.96
  Avg Persistent ratio: 0.51
  Avg Non-persistent ratio: 0.49
  Avg Connection 2 duration: 0.882478 sec
  Avg Throughput Persistent: 584.61 Mbps
  Avg Throughput Non-Persistent: 462.68 Mbps
  Avg Persistent packets: 61300.76
  Avg Non-Persistent packets: 48099.30

Summary for Connections 2001 to 2050:
  Avg Non-persistent count: 23903.70
  Avg Persistent count: 24212.46
  Avg Total when both present: 48116.16
  Avg Only persistent count: 16886.68
  Avg Only non-persistent count: 3468.30
  Avg Persistent bytes read: 64428259.20
  Avg Non-persistent bytes read: 50904930.88
  Avg Persistent ratio: 0.52
  Avg Non-persistent ratio: 0.48
  Avg Connection 2 duration: 0.880777 sec
  Avg Throughput Persistent: 585.26 Mbps
  Avg Throughput Non-Persistent: 462.03 Mbps
  Avg Persistent packets: 61111.22
  Avg Non-Persistent packets: 48110.48

Summary for Connections 2051 to 2100:
  Avg Non-persistent count: 24021.82
  Avg Persistent count: 24123.02
  Avg Total when both present: 48144.84
  Avg Only persistent count: 16968.64
  Avg Only non-persistent count: 3440.94
  Avg Persistent bytes read: 64544927.04
  Avg Non-persistent bytes read: 50899334.24
  Avg Persistent ratio: 0.51
  Avg Non-persistent ratio: 0.49
  Avg Connection 2 duration: 0.881931 sec
  Avg Throughput Persistent: 584.58 Mbps
  Avg Throughput Non-Persistent: 463.22 Mbps
  Avg Persistent packets: 61222.22
  Avg Non-Persistent packets: 48112.74

Summary for Connections 2101 to 2150:
  Avg Non-persistent count: 23968.06
  Avg Persistent count: 24149.28
  Avg Total when both present: 48117.34
  Avg Only persistent count: 16972.62
  Avg Only non-persistent count: 3474.92
  Avg Persistent bytes read: 64515861.76
  Avg Non-persistent bytes read: 50903879.68
  Avg Persistent ratio: 0.50
  Avg Non-persistent ratio: 0.50
  Avg Connection 2 duration: 0.881494 sec
  Avg Throughput Persistent: 587.58 Mbps
  Avg Throughput Non-Persistent: 459.89 Mbps
  Avg Persistent packets: 61197.50
  Avg Non-Persistent packets: 48120.18

Summary for Connections 2151 to 2200:
  Avg Non-persistent count: 23910.50
  Avg Persistent count: 24263.52
  Avg Total when both present: 48174.02
  Avg Only persistent count: 16800.60
  Avg Only non-persistent count: 3406.92
  Avg Persistent bytes read: 64399780.96
  Avg Non-persistent bytes read: 50896947.52
  Avg Persistent ratio: 0.51
  Avg Non-persistent ratio: 0.49
  Avg Connection 2 duration: 0.880467 sec
  Avg Throughput Persistent: 582.02 Mbps
  Avg Throughput Non-Persistent: 466.24 Mbps
  Avg Persistent packets: 61085.54
  Avg Non-Persistent packets: 48108.58

Summary for Connections 2201 to 2250:
  Avg Non-persistent count: 23964.88
  Avg Persistent count: 24144.56
  Avg Total when both present: 48109.44
  Avg Only persistent count: 17033.74
  Avg Only non-persistent count: 3494.22
  Avg Persistent bytes read: 64535373.76
  Avg Non-persistent bytes read: 50896460.48
  Avg Persistent ratio: 0.51
  Avg Non-persistent ratio: 0.49
  Avg Connection 2 duration: 0.881587 sec
  Avg Throughput Persistent: 584.48 Mbps
  Avg Throughput Non-Persistent: 463.44 Mbps
  Avg Persistent packets: 61233.76
  Avg Non-Persistent packets: 48118.74

Summary for Connections 2251 to 2300:
  Avg Non-persistent count: 23804.98
  Avg Persistent count: 24342.52
  Avg Total when both present: 48147.50
  Avg Only persistent count: 16978.24
  Avg Only non-persistent count: 3428.40
  Avg Persistent bytes read: 64552746.24
  Avg Non-persistent bytes read: 50895659.20
  Avg Persistent ratio: 0.51
  Avg Non-persistent ratio: 0.49
  Avg Connection 2 duration: 0.881687 sec
  Avg Throughput Persistent: 584.64 Mbps
  Avg Throughput Non-Persistent: 463.19 Mbps
  Avg Persistent packets: 61232.62
  Avg Non-Persistent packets: 48106.52

Summary for Connections 2301 to 2350:
  Avg Non-persistent count: 23991.02
  Avg Persistent count: 24179.28
  Avg Total when both present: 48170.30
  Avg Only persistent count: 16897.96
  Avg Only non-persistent count: 3412.44
  Avg Persistent bytes read: 64494635.52
  Avg Non-persistent bytes read: 50901763.52
  Avg Persistent ratio: 0.50
  Avg Non-persistent ratio: 0.50
  Avg Connection 2 duration: 0.881361 sec
  Avg Throughput Persistent: 587.77 Mbps
  Avg Throughput Non-Persistent: 459.67 Mbps
  Avg Persistent packets: 61179.54
  Avg Non-Persistent packets: 48114.22

Summary for Connections 2351 to 2400:
  Avg Non-persistent count: 24096.12
  Avg Persistent count: 24335.62
  Avg Total when both present: 48431.74
  Avg Only persistent count: 16779.96
  Avg Only non-persistent count: 3181.64
  Avg Persistent bytes read: 64620891.20
  Avg Non-persistent bytes read: 50902730.40
  Avg Persistent ratio: 0.50
  Avg Non-persistent ratio: 0.50
  Avg Connection 2 duration: 0.882548 sec
  Avg Throughput Persistent: 581.74 Mbps
  Avg Throughput Non-Persistent: 466.93 Mbps
  Avg Persistent packets: 61321.82
  Avg Non-Persistent packets: 48142.32

Summary for Connections 2401 to 2450:
  Avg Non-persistent count: 24169.14
  Avg Persistent count: 24411.24
  Avg Total when both present: 48580.38
  Avg Only persistent count: 16428.78
  Avg Only non-persistent count: 3048.04
  Avg Persistent bytes read: 64390220.64
  Avg Non-persistent bytes read: 50898077.28
  Avg Persistent ratio: 0.50
  Avg Non-persistent ratio: 0.50
  Avg Connection 2 duration: 0.880397 sec
  Avg Throughput Persistent: 582.83 Mbps
  Avg Throughput Non-Persistent: 465.16 Mbps
  Avg Persistent packets: 61126.00
  Avg Non-Persistent packets: 48160.88

Summary for Connections 2451 to 2500:
  Avg Non-persistent count: 23899.54
  Avg Persistent count: 24299.00
  Avg Total when both present: 48198.54
  Avg Only persistent count: 16812.16
  Avg Only non-persistent count: 3397.34
  Avg Persistent bytes read: 64420625.76
  Avg Non-persistent bytes read: 50894412.48
  Avg Persistent ratio: 0.49
  Avg Non-persistent ratio: 0.51
  Avg Connection 2 duration: 0.880784 sec
  Avg Throughput Persistent: 584.24 Mbps
  Avg Throughput Non-Persistent: 455.89 Mbps
  Avg Persistent packets: 61118.42
  Avg Non-Persistent packets: 48121.48

Summary for Connections 2501 to 2550:
  Avg Non-persistent count: 23888.62
  Avg Persistent count: 24131.18
  Avg Total when both present: 48019.80
  Avg Only persistent count: 17024.52
  Avg Only non-persistent count: 3553.28
  Avg Persistent bytes read: 64483201.28
  Avg Non-persistent bytes read: 50905816.32
  Avg Persistent ratio: 0.50
  Avg Non-persistent ratio: 0.50
  Avg Connection 2 duration: 0.881250 sec
  Avg Throughput Persistent: 586.31 Mbps
  Avg Throughput Non-Persistent: 460.76 Mbps
  Avg Persistent packets: 61153.90
  Avg Non-Persistent packets: 48100.04

Summary for Connections 2551 to 2600:
  Avg Non-persistent count: 24111.86
  Avg Persistent count: 24060.28
  Avg Total when both present: 48172.14
  Avg Only persistent count: 16983.42
  Avg Only non-persistent count: 3460.08
  Avg Persistent bytes read: 64533002.56
  Avg Non-persistent bytes read: 50902170.88
  Avg Persistent ratio: 0.50
  Avg Non-persistent ratio: 0.50
  Avg Connection 2 duration: 0.881617 sec
  Avg Throughput Persistent: 584.54 Mbps
  Avg Throughput Non-Persistent: 463.02 Mbps
  Avg Persistent packets: 61238.10
  Avg Non-Persistent packets: 48141.22

Summary for Connections 2601 to 2650:
  Avg Non-persistent count: 24030.82
  Avg Persistent count: 24147.76
  Avg Total when both present: 48178.58
  Avg Only persistent count: 16931.52
  Avg Only non-persistent count: 3410.52
  Avg Persistent bytes read: 64521503.36
  Avg Non-persistent bytes read: 50894264.80
  Avg Persistent ratio: 0.49
  Avg Non-persistent ratio: 0.51
  Avg Connection 2 duration: 0.881447 sec
  Avg Throughput Persistent: 583.23 Mbps
  Avg Throughput Non-Persistent: 464.78 Mbps
  Avg Persistent packets: 61214.02
  Avg Non-Persistent packets: 48116.10

Summary for Connections 2651 to 2700:
  Avg Non-persistent count: 23940.80
  Avg Persistent count: 24236.16
  Avg Total when both present: 48176.96
  Avg Only persistent count: 16914.44
  Avg Only non-persistent count: 3419.22
  Avg Persistent bytes read: 64518593.92
  Avg Non-persistent bytes read: 50906801.76
  Avg Persistent ratio: 0.51
  Avg Non-persistent ratio: 0.49
  Avg Connection 2 duration: 0.881578 sec
  Avg Throughput Persistent: 588.22 Mbps
  Avg Throughput Non-Persistent: 459.01 Mbps
  Avg Persistent packets: 61200.08
  Avg Non-Persistent packets: 48123.92

Summary for Connections 2701 to 2750:
  Avg Non-persistent count: 23952.74
  Avg Persistent count: 24162.38
  Avg Total when both present: 48115.12
  Avg Only persistent count: 16960.00
  Avg Only non-persistent count: 3466.98
  Avg Persistent bytes read: 64500700.16
  Avg Non-persistent bytes read: 50901740.16
  Avg Persistent ratio: 0.50
  Avg Non-persistent ratio: 0.50
  Avg Connection 2 duration: 0.881330 sec
  Avg Throughput Persistent: 585.75 Mbps
  Avg Throughput Non-Persistent: 462.28 Mbps
  Avg Persistent packets: 61184.26
  Avg Non-Persistent packets: 48113.28

Summary for Connections 2751 to 2800:
  Avg Non-persistent count: 23879.98
  Avg Persistent count: 24254.96
  Avg Total when both present: 48134.94
  Avg Only persistent count: 16978.38
  Avg Only non-persistent count: 3440.32
  Avg Persistent bytes read: 64544625.44
  Avg Non-persistent bytes read: 50895541.92
  Avg Persistent ratio: 0.51
  Avg Non-persistent ratio: 0.49
  Avg Connection 2 duration: 0.881672 sec
  Avg Throughput Persistent: 584.73 Mbps
  Avg Throughput Non-Persistent: 462.66 Mbps
  Avg Persistent packets: 61222.20
  Avg Non-Persistent packets: 48105.30

Summary for Connections 2801 to 2850:
  Avg Non-persistent count: 23932.98
  Avg Persistent count: 24229.38
  Avg Total when both present: 48162.36
  Avg Only persistent count: 16941.72
  Avg Only non-persistent count: 3426.18
  Avg Persistent bytes read: 64522880.00
  Avg Non-persistent bytes read: 50899460.00
  Avg Persistent ratio: 0.50
  Avg Non-persistent ratio: 0.50
  Avg Connection 2 duration: 0.881569 sec
  Avg Throughput Persistent: 584.05 Mbps
  Avg Throughput Non-Persistent: 463.85 Mbps
  Avg Persistent packets: 61215.58
  Avg Non-Persistent packets: 48119.38

Summary for Connections 2851 to 2900:
  Avg Non-persistent count: 24060.24
  Avg Persistent count: 24207.12
  Avg Total when both present: 48267.36
  Avg Only persistent count: 16777.84
  Avg Only non-persistent count: 3367.00
  Avg Persistent bytes read: 64420798.08
  Avg Non-persistent bytes read: 50894324.16
  Avg Persistent ratio: 0.50
  Avg Non-persistent ratio: 0.50
  Avg Connection 2 duration: 0.880625 sec
  Avg Throughput Persistent: 586.10 Mbps
  Avg Throughput Non-Persistent: 461.06 Mbps
  Avg Persistent packets: 61141.60
  Avg Non-Persistent packets: 48149.58

Summary for Connections 2901 to 2950:
  Avg Non-persistent count: 23864.32
  Avg Persistent count: 24351.36
  Avg Total when both present: 48215.68
  Avg Only persistent count: 16899.40
  Avg Only non-persistent count: 3373.68
  Avg Persistent bytes read: 64538068.48
  Avg Non-persistent bytes read: 50895840.32
  Avg Persistent ratio: 0.51
  Avg Non-persistent ratio: 0.49
  Avg Connection 2 duration: 0.881713 sec
  Avg Throughput Persistent: 589.04 Mbps
  Avg Throughput Non-Persistent: 457.97 Mbps
  Avg Persistent packets: 61222.70
  Avg Non-Persistent packets: 48118.58

Summary for Connections 2951 to 3000:
  Avg Non-persistent count: 23953.28
  Avg Persistent count: 24186.78
  Avg Total when both present: 48140.06
  Avg Only persistent count: 16830.14
  Avg Only non-persistent count: 3443.18
  Avg Persistent bytes read: 64382660.64
  Avg Non-persistent bytes read: 50894240.80
  Avg Persistent ratio: 0.49
  Avg Non-persistent ratio: 0.51
  Avg Connection 2 duration: 0.880415 sec
  Avg Throughput Persistent: 584.33 Mbps
  Avg Throughput Non-Persistent: 463.57 Mbps
  Avg Persistent packets: 61081.16
  Avg Non-Persistent packets: 48114.58

Summary for Connections 3001 to 3050:
  Avg Non-persistent count: 23904.00
  Avg Persistent count: 24276.94
  Avg Total when both present: 48180.94
  Avg Only persistent count: 16970.58
  Avg Only non-persistent count: 3435.72
  Avg Persistent bytes read: 64543537.60
  Avg Non-persistent bytes read: 50906967.36
  Avg Persistent ratio: 0.51
  Avg Non-persistent ratio: 0.49
  Avg Connection 2 duration: 0.882043 sec
  Avg Throughput Persistent: 584.11 Mbps
  Avg Throughput Non-Persistent: 463.65 Mbps
  Avg Persistent packets: 61244.74
  Avg Non-Persistent packets: 48136.52

Summary for Connections 3051 to 3100:
  Avg Non-persistent count: 24033.56
  Avg Persistent count: 24079.36
  Avg Total when both present: 48112.92
  Avg Only persistent count: 16981.08
  Avg Only non-persistent count: 3473.32
  Avg Persistent bytes read: 64508746.88
  Avg Non-persistent bytes read: 50895613.92
  Avg Persistent ratio: 0.51
  Avg Non-persistent ratio: 0.49
  Avg Connection 2 duration: 0.881428 sec
  Avg Throughput Persistent: 581.74 Mbps
  Avg Throughput Non-Persistent: 466.50 Mbps
  Avg Persistent packets: 61196.20
  Avg Non-Persistent packets: 48109.98

Summary for Connections 3101 to 3150:
  Avg Non-persistent count: 23968.42
  Avg Persistent count: 24161.30
  Avg Total when both present: 48129.72
  Avg Only persistent count: 16859.80
  Avg Only non-persistent count: 3441.92
  Avg Persistent bytes read: 64416278.24
  Avg Non-persistent bytes read: 50894331.20
  Avg Persistent ratio: 0.50
  Avg Non-persistent ratio: 0.50
  Avg Connection 2 duration: 0.880610 sec
  Avg Throughput Persistent: 583.42 Mbps
  Avg Throughput Non-Persistent: 464.37 Mbps
  Avg Persistent packets: 61103.52
  Avg Non-Persistent packets: 48104.04

Summary for Connections 3151 to 3200:
  Avg Non-persistent count: 23937.84
  Avg Persistent count: 24191.84
  Avg Total when both present: 48129.68
  Avg Only persistent count: 16924.92
  Avg Only non-persistent count: 3458.06
  Avg Persistent bytes read: 64479566.40
  Avg Non-persistent bytes read: 50898296.64
  Avg Persistent ratio: 0.49
  Avg Non-persistent ratio: 0.51
  Avg Connection 2 duration: 0.881198 sec
  Avg Throughput Persistent: 581.77 Mbps
  Avg Throughput Non-Persistent: 463.24 Mbps
  Avg Persistent packets: 61161.36
  Avg Non-Persistent packets: 48111.28

Summary for Connections 3201 to 3250:
  Avg Non-persistent count: 24032.38
  Avg Persistent count: 24116.94
  Avg Total when both present: 48149.32
  Avg Only persistent count: 16833.06
  Avg Only non-persistent count: 3434.60
  Avg Persistent bytes read: 64402886.72
  Avg Non-persistent bytes read: 50893336.00
  Avg Persistent ratio: 0.50
  Avg Non-persistent ratio: 0.50
  Avg Connection 2 duration: 0.880440 sec
  Avg Throughput Persistent: 586.36 Mbps
  Avg Throughput Non-Persistent: 461.31 Mbps
  Avg Persistent packets: 61093.54
  Avg Non-Persistent packets: 48113.00

Summary for Connections 3251 to 3300:
  Avg Non-persistent count: 23936.32
  Avg Persistent count: 24222.76
  Avg Total when both present: 48159.08
  Avg Only persistent count: 16958.18
  Avg Only non-persistent count: 3420.12
  Avg Persistent bytes read: 64535855.52
  Avg Non-persistent bytes read: 50891763.68
  Avg Persistent ratio: 0.50
  Avg Non-persistent ratio: 0.50
  Avg Connection 2 duration: 0.881515 sec
  Avg Throughput Persistent: 586.74 Mbps
  Avg Throughput Non-Persistent: 460.43 Mbps
  Avg Persistent packets: 61219.00
  Avg Non-Persistent packets: 48102.98

Summary for Connections 3301 to 3350:
  Avg Non-persistent count: 23982.00
  Avg Persistent count: 24297.30
  Avg Total when both present: 48279.30
  Avg Only persistent count: 16886.76
  Avg Only non-persistent count: 3361.86
  Avg Persistent bytes read: 64534087.52
  Avg Non-persistent bytes read: 50898849.28
  Avg Persistent ratio: 0.50
  Avg Non-persistent ratio: 0.50
  Avg Connection 2 duration: 0.881577 sec
  Avg Throughput Persistent: 582.82 Mbps
  Avg Throughput Non-Persistent: 465.64 Mbps
  Avg Persistent packets: 61255.46
  Avg Non-Persistent packets: 48156.48

Summary for Connections 3351 to 3400:
  Avg Non-persistent count: 23967.06
  Avg Persistent count: 24128.66
  Avg Total when both present: 48095.72
  Avg Only persistent count: 16864.46
  Avg Only non-persistent count: 3480.80
  Avg Persistent bytes read: 64388308.48
  Avg Non-persistent bytes read: 50898178.72
  Avg Persistent ratio: 0.51
  Avg Non-persistent ratio: 0.49
  Avg Connection 2 duration: 0.880486 sec
  Avg Throughput Persistent: 587.07 Mbps
  Avg Throughput Non-Persistent: 459.70 Mbps
  Avg Persistent packets: 61071.98
  Avg Non-Persistent packets: 48107.88

Summary for Connections 3401 to 3450:
  Avg Non-persistent count: 23877.04
  Avg Persistent count: 24274.32
  Avg Total when both present: 48151.36
  Avg Only persistent count: 16802.28
  Avg Only non-persistent count: 3420.28
  Avg Persistent bytes read: 64381462.72
  Avg Non-persistent bytes read: 50891840.64
  Avg Persistent ratio: 0.52
  Avg Non-persistent ratio: 0.48
  Avg Connection 2 duration: 0.880242 sec
  Avg Throughput Persistent: 587.68 Mbps
  Avg Throughput Non-Persistent: 459.64 Mbps
  Avg Persistent packets: 61066.44
  Avg Non-Persistent packets: 48102.64

Summary for Connections 3451 to 3500:
  Avg Non-persistent count: 23931.56
  Avg Persistent count: 24169.06
  Avg Total when both present: 48100.62
  Avg Only persistent count: 17047.98
  Avg Only non-persistent count: 3472.06
  Avg Persistent bytes read: 64578164.64
  Avg Non-persistent bytes read: 50894497.28
  Avg Persistent ratio: 0.50
  Avg Non-persistent ratio: 0.50
  Avg Connection 2 duration: 0.881934 sec
  Avg Throughput Persistent: 584.07 Mbps
  Avg Throughput Non-Persistent: 463.46 Mbps
  Avg Persistent packets: 61254.18
  Avg Non-Persistent packets: 48099.66

Summary for Connections 3501 to 3550:
  Avg Non-persistent count: 23952.50
  Avg Persistent count: 24244.82
  Avg Total when both present: 48197.32
  Avg Only persistent count: 17025.40
  Avg Only non-persistent count: 3401.30
  Avg Persistent bytes read: 64626759.52
  Avg Non-persistent bytes read: 50891785.60
  Avg Persistent ratio: 0.49
  Avg Non-persistent ratio: 0.51
  Avg Connection 2 duration: 0.882409 sec
  Avg Throughput Persistent: 585.42 Mbps
  Avg Throughput Non-Persistent: 461.99 Mbps
  Avg Persistent packets: 61321.38
  Avg Non-Persistent packets: 48117.72

Summary for Connections 3551 to 3600:
  Avg Non-persistent count: 24018.18
  Avg Persistent count: 24169.24
  Avg Total when both present: 48187.42
  Avg Only persistent count: 16986.88
  Avg Only non-persistent count: 3473.96
  Avg Persistent bytes read: 64530380.64
  Avg Non-persistent bytes read: 50913771.52
  Avg Persistent ratio: 0.51
  Avg Non-persistent ratio: 0.49
  Avg Connection 2 duration: 0.881696 sec
  Avg Throughput Persistent: 586.62 Mbps
  Avg Throughput Non-Persistent: 460.41 Mbps
  Avg Persistent packets: 61248.50
  Avg Non-Persistent packets: 48164.40

Summary for Connections 3601 to 3650:
  Avg Non-persistent count: 23932.68
  Avg Persistent count: 24214.16
  Avg Total when both present: 48146.84
  Avg Only persistent count: 17052.54
  Avg Only non-persistent count: 3449.66
  Avg Persistent bytes read: 64614385.12
  Avg Non-persistent bytes read: 50903343.52
  Avg Persistent ratio: 0.50
  Avg Non-persistent ratio: 0.50
  Avg Connection 2 duration: 0.882311 sec
  Avg Throughput Persistent: 586.86 Mbps
  Avg Throughput Non-Persistent: 460.95 Mbps
  Avg Persistent packets: 61297.32
  Avg Non-Persistent packets: 48118.62

Summary for Connections 3651 to 3670:
  Avg Non-persistent count: 23389.80
  Avg Persistent count: 23813.75
  Avg Total when both present: 47203.55
  Avg Only persistent count: 17603.65
  Avg Only non-persistent count: 4365.20
  Avg Persistent bytes read: 64257974.00
  Avg Non-persistent bytes read: 50912172.80
  Avg Persistent ratio: 0.50
  Avg Non-persistent ratio: 0.50
  Avg Connection 2 duration: 0.878955 sec
  Avg Throughput Persistent: 506.87 Mbps
  Avg Throughput Non-Persistent: 564.86 Mbps
  Avg Persistent packets: 60958.40
  Avg Non-Persistent packets: 48124.05


Overall Statistics (Averaged):
Average events when both were present: 48112.56
Average Persistent count: 24167.96
Average Non-Persistent count: 23944.60
Average Persistent Ratio: 0.50
Average Non-Persistent Ratio: 0.50
Rejected connections: 0
Average Only Persistent count: 17011.75
Average Only Non Persistent count: 3472.69
Average persistent bytes per connection: 64546319.35
Average non-persistent bytes per connection: 50899208.98
Average persistent packets per connection: 61228.30
Average non-persistent packets per connection: 48111.47
Total persistent duration: 3600.007200 sec
Total non-persistent duration: 3234.687219 sec
Average Throughput Persistent: 526.41 Mbps
Average Throughput Non-Persistent: 461.99 Mbps
