Summary for Connections 1 to 50:
  Avg Non-persistent count: 283417.78
  Avg Persistent count: 285410.84
  Avg Total when both present: 568828.62
  Avg Only persistent count: 205349.22
  Avg Only non-persistent count: 186990.28
  Avg Persistent bytes read: 786524760.40
  Avg Non-persistent bytes read: 767832210.56
  Avg Persistent ratio: 0.51
  Avg Non-persistent ratio: 0.49
  Avg Connection 2 duration: 13.067327 sec
  Avg Throughput Persistent: 478.38 Mbps
  Avg Throughput Non-Persistent: 470.36 Mbps
  Avg Persistent packets: 757879.54
  Avg Non-Persistent packets: 739820.10

Summary for Connections 51 to 100:
  Avg Non-persistent count: 283449.52
  Avg Persistent count: 288705.14
  Avg Total when both present: 572154.66
  Avg Only persistent count: 196931.64
  Avg Only non-persistent count: 183638.22
  Avg Persistent bytes read: 781486810.64
  Avg Non-persistent bytes read: 767817514.32
  Avg Persistent ratio: 0.50
  Avg Non-persistent ratio: 0.50
  Avg Connection 2 duration: 13.065252 sec
  Avg Throughput Persistent: 478.17 Mbps
  Avg Throughput Non-Persistent: 470.53 Mbps
  Avg Persistent packets: 753053.74
  Avg Non-Persistent packets: 739787.20

Summary for Connections 101 to 150:
  Avg Non-persistent count: 281989.12
  Avg Persistent count: 288017.06
  Avg Total when both present: 570006.18
  Avg Only persistent count: 199077.08
  Avg Only non-persistent count: 185809.06
  Avg Persistent bytes read: 781429373.44
  Avg Non-persistent bytes read: 767827920.48
  Avg Persistent ratio: 0.50
  Avg Non-persistent ratio: 0.50
  Avg Connection 2 duration: 13.064816 sec
  Avg Throughput Persistent: 477.86 Mbps
  Avg Throughput Non-Persistent: 470.77 Mbps
  Avg Persistent packets: 752965.84
  Avg Non-Persistent packets: 739811.22

Summary for Connections 151 to 200:
  Avg Non-persistent count: 281907.66
  Avg Persistent count: 284218.96
  Avg Total when both present: 566126.62
  Avg Only persistent count: 203161.28
  Avg Only non-persistent count: 189685.68
  Avg Persistent bytes read: 781465422.40
  Avg Non-persistent bytes read: 767817286.56
  Avg Persistent ratio: 0.49
  Avg Non-persistent ratio: 0.51
  Avg Connection 2 duration: 13.065421 sec
  Avg Throughput Persistent: 478.40 Mbps
  Avg Throughput Non-Persistent: 470.29 Mbps
  Avg Persistent packets: 752948.48
  Avg Non-Persistent packets: 739796.88

Summary for Connections 201 to 250:
  Avg Non-persistent count: 283013.92
  Avg Persistent count: 287486.82
  Avg Total when both present: 570500.74
  Avg Only persistent count: 199277.06
  Avg Only non-persistent count: 185301.26
  Avg Persistent bytes read: 782103944.96
  Avg Non-persistent bytes read: 767822728.48
  Avg Persistent ratio: 0.50
  Avg Non-persistent ratio: 0.50
  Avg Connection 2 duration: 13.070338 sec
  Avg Throughput Persistent: 478.99 Mbps
  Avg Throughput Non-Persistent: 469.77 Mbps
  Avg Persistent packets: 753612.68
  Avg Non-Persistent packets: 739793.50

Summary for Connections 251 to 274:
  Avg Non-persistent count: 274362.04
  Avg Persistent count: 281393.17
  Avg Total when both present: 555755.21
  Avg Only persistent count: 191384.54
  Avg Only non-persistent count: 199942.21
  Avg Persistent bytes read: 759203983.67
  Avg Non-persistent bytes read: 767816581.67
  Avg Persistent ratio: 0.50
  Avg Non-persistent ratio: 0.50
  Avg Connection 2 duration: 12.875534 sec
  Avg Throughput Persistent: 213.14 Mbps
  Avg Throughput Non-Persistent: 738.30 Mbps
  Avg Persistent packets: 731586.75
  Avg Non-Persistent packets: 739963.71


Overall Statistics (Averaged):
Average events when both were present: 568317.39
Average Persistent count: 286297.00
Average Non-Persistent count: 282020.40
Average Persistent Ratio: 0.50
Average Non-Persistent Ratio: 0.50
Rejected connections: 0
Average Only Persistent count: 199938.11
Average Only Non Persistent count: 187481.16
Average persistent bytes per connection: 780552595.62
Average non-persistent bytes per connection: 767822923.28
Average persistent packets per connection: 752120.79
Average non-persistent packets per connection: 739815.96
Total persistent duration: 3600.009930 sec
Total non-persistent duration: 3575.670567 sec
Average Throughput Persistent: 475.27 Mbps
Average Throughput Non-Persistent: 470.70 Mbps
