Summary for Connections 1 to 50:
  Avg Non-persistent count: 12760.16
  Avg Persistent count: 12503.34
  Avg Total when both present: 25263.50
  Avg Only persistent count: 19422.82
  Avg Only non-persistent count: 8820.34
  Avg Persistent bytes read: 34171275.68
  Avg Non-persistent bytes read: 25374580.00
  Avg Persistent ratio: 0.49
  Avg Non-persistent ratio: 0.51
  Avg Connection 2 duration: 0.410582 sec
  Avg Throughput Persistent: 592.67 Mbps
  Avg Throughput Non-Persistent: 496.39 Mbps
  Avg Persistent packets: 24835.36
  Avg Non-Persistent packets: 17841.82

Summary for Connections 51 to 100:
  Avg Non-persistent count: 12820.46
  Avg Persistent count: 12732.54
  Avg Total when both present: 25553.00
  Avg Only persistent count: 16084.66
  Avg Only non-persistent count: 9125.94
  Avg Persistent bytes read: 30547674.08
  Avg Non-persistent bytes read: 25374623.04
  Avg Persistent ratio: 0.50
  Avg Non-persistent ratio: 0.50
  Avg Connection 2 duration: 0.410512 sec
  Avg Throughput Persistent: 603.97 Mbps
  Avg Throughput Non-Persistent: 495.05 Mbps
  Avg Persistent packets: 21303.12
  Avg Non-Persistent packets: 17637.00

Summary for Connections 101 to 150:
  Avg Non-persistent count: 12814.78
  Avg Persistent count: 12667.68
  Avg Total when both present: 25482.46
  Avg Only persistent count: 15829.46
  Avg Only non-persistent count: 9065.46
  Avg Persistent bytes read: 30521001.92
  Avg Non-persistent bytes read: 25377865.76
  Avg Persistent ratio: 0.49
  Avg Non-persistent ratio: 0.51
  Avg Connection 2 duration: 0.410595 sec
  Avg Throughput Persistent: 593.77 Mbps
  Avg Throughput Non-Persistent: 494.12 Mbps
  Avg Persistent packets: 21415.28
  Avg Non-Persistent packets: 17686.60

Summary for Connections 151 to 200:
  Avg Non-persistent count: 12762.04
  Avg Persistent count: 12540.00
  Avg Total when both present: 25302.04
  Avg Only persistent count: 15578.12
  Avg Only non-persistent count: 8823.42
  Avg Persistent bytes read: 30582512.96
  Avg Non-persistent bytes read: 25379072.16
  Avg Persistent ratio: 0.50
  Avg Non-persistent ratio: 0.50
  Avg Connection 2 duration: 0.411118 sec
  Avg Throughput Persistent: 583.19 Mbps
  Avg Throughput Non-Persistent: 499.08 Mbps
  Avg Persistent packets: 21624.28
  Avg Non-Persistent packets: 17816.16

Summary for Connections 201 to 250:
  Avg Non-persistent count: 12774.26
  Avg Persistent count: 12593.24
  Avg Total when both present: 25367.50
  Avg Only persistent count: 15602.02
  Avg Only non-persistent count: 8880.64
  Avg Persistent bytes read: 30464761.60
  Avg Non-persistent bytes read: 25376669.92
  Avg Persistent ratio: 0.50
  Avg Non-persistent ratio: 0.50
  Avg Connection 2 duration: 0.410130 sec
  Avg Throughput Persistent: 602.28 Mbps
  Avg Throughput Non-Persistent: 491.87 Mbps
  Avg Persistent packets: 21455.74
  Avg Non-Persistent packets: 17789.30

Summary for Connections 251 to 300:
  Avg Non-persistent count: 12728.26
  Avg Persistent count: 12574.22
  Avg Total when both present: 25302.48
  Avg Only persistent count: 15515.50
  Avg Only non-persistent count: 8944.90
  Avg Persistent bytes read: 30424623.04
  Avg Non-persistent bytes read: 25380067.20
  Avg Persistent ratio: 0.50
  Avg Non-persistent ratio: 0.50
  Avg Connection 2 duration: 0.409754 sec
  Avg Throughput Persistent: 588.36 Mbps
  Avg Throughput Non-Persistent: 499.83 Mbps
  Avg Persistent packets: 21491.00
  Avg Non-Persistent packets: 17807.04

Summary for Connections 301 to 350:
  Avg Non-persistent count: 12764.56
  Avg Persistent count: 12552.34
  Avg Total when both present: 25316.90
  Avg Only persistent count: 15612.04
  Avg Only non-persistent count: 8813.64
  Avg Persistent bytes read: 30601858.24
  Avg Non-persistent bytes read: 25376032.80
  Avg Persistent ratio: 0.49
  Avg Non-persistent ratio: 0.51
  Avg Connection 2 duration: 0.410420 sec
  Avg Throughput Persistent: 601.98 Mbps
  Avg Throughput Non-Persistent: 488.53 Mbps
  Avg Persistent packets: 21657.90
  Avg Non-Persistent packets: 17829.38

Summary for Connections 351 to 400:
  Avg Non-persistent count: 12776.08
  Avg Persistent count: 12681.00
  Avg Total when both present: 25457.08
  Avg Only persistent count: 15908.74
  Avg Only non-persistent count: 9098.96
  Avg Persistent bytes read: 30467802.40
  Avg Non-persistent bytes read: 25378383.52
  Avg Persistent ratio: 0.50
  Avg Non-persistent ratio: 0.50
  Avg Connection 2 duration: 0.410226 sec
  Avg Throughput Persistent: 601.81 Mbps
  Avg Throughput Non-Persistent: 491.82 Mbps
  Avg Persistent packets: 21322.58
  Avg Non-Persistent packets: 17691.04

Summary for Connections 401 to 450:
  Avg Non-persistent count: 12804.30
  Avg Persistent count: 12627.92
  Avg Total when both present: 25432.22
  Avg Only persistent count: 15805.60
  Avg Only non-persistent count: 8944.76
  Avg Persistent bytes read: 30587436.16
  Avg Non-persistent bytes read: 25374199.20
  Avg Persistent ratio: 0.49
  Avg Non-persistent ratio: 0.51
  Avg Connection 2 duration: 0.410866 sec
  Avg Throughput Persistent: 599.46 Mbps
  Avg Throughput Non-Persistent: 494.12 Mbps
  Avg Persistent packets: 21506.82
  Avg Non-Persistent packets: 17737.32

Summary for Connections 451 to 500:
  Avg Non-persistent count: 12793.66
  Avg Persistent count: 12641.34
  Avg Total when both present: 25435.00
  Avg Only persistent count: 15801.70
  Avg Only non-persistent count: 9042.34
  Avg Persistent bytes read: 30505247.68
  Avg Non-persistent bytes read: 25377000.64
  Avg Persistent ratio: 0.50
  Avg Non-persistent ratio: 0.50
  Avg Connection 2 duration: 0.410129 sec
  Avg Throughput Persistent: 591.81 Mbps
  Avg Throughput Non-Persistent: 491.36 Mbps
  Avg Persistent packets: 21404.12
  Avg Non-Persistent packets: 17708.00

Summary for Connections 501 to 550:
  Avg Non-persistent count: 12784.00
  Avg Persistent count: 12539.14
  Avg Total when both present: 25323.14
  Avg Only persistent count: 15460.94
  Avg Only non-persistent count: 8740.52
  Avg Persistent bytes read: 30586364.64
  Avg Non-persistent bytes read: 25378190.72
  Avg Persistent ratio: 0.50
  Avg Non-persistent ratio: 0.50
  Avg Connection 2 duration: 0.410937 sec
  Avg Throughput Persistent: 595.21 Mbps
  Avg Throughput Non-Persistent: 496.17 Mbps
  Avg Persistent packets: 21696.92
  Avg Non-Persistent packets: 17855.78

Summary for Connections 551 to 600:
  Avg Non-persistent count: 12755.30
  Avg Persistent count: 12569.10
  Avg Total when both present: 25324.40
  Avg Only persistent count: 15544.00
  Avg Only non-persistent count: 8915.22
  Avg Persistent bytes read: 30490362.24
  Avg Non-persistent bytes read: 25376405.52
  Avg Persistent ratio: 0.50
  Avg Non-persistent ratio: 0.50
  Avg Connection 2 duration: 0.410218 sec
  Avg Throughput Persistent: 590.24 Mbps
  Avg Throughput Non-Persistent: 496.56 Mbps
  Avg Persistent packets: 21550.30
  Avg Non-Persistent packets: 17792.88

Summary for Connections 601 to 650:
  Avg Non-persistent count: 11976.18
  Avg Persistent count: 11824.18
  Avg Total when both present: 23800.36
  Avg Only persistent count: 14630.84
  Avg Only non-persistent count: 9984.56
  Avg Persistent bytes read: 28576888.16
  Avg Non-persistent bytes read: 25376867.04
  Avg Persistent ratio: 0.50
  Avg Non-persistent ratio: 0.50
  Avg Connection 2 duration: 0.398740 sec
  Avg Throughput Persistent: 589.36 Mbps
  Avg Throughput Non-Persistent: 495.42 Mbps
  Avg Persistent packets: 20130.82
  Avg Non-Persistent packets: 17961.58

Summary for Connections 651 to 700:
  Avg Non-persistent count: 12786.68
  Avg Persistent count: 12687.48
  Avg Total when both present: 25474.16
  Avg Only persistent count: 15866.68
  Avg Only non-persistent count: 9159.72
  Avg Persistent bytes read: 30349124.32
  Avg Non-persistent bytes read: 25375977.12
  Avg Persistent ratio: 0.50
  Avg Non-persistent ratio: 0.50
  Avg Connection 2 duration: 0.409160 sec
  Avg Throughput Persistent: 590.18 Mbps
  Avg Throughput Non-Persistent: 498.07 Mbps
  Avg Persistent packets: 21186.20
  Avg Non-Persistent packets: 17666.90

Summary for Connections 701 to 750:
  Avg Non-persistent count: 12761.34
  Avg Persistent count: 12673.84
  Avg Total when both present: 25435.18
  Avg Only persistent count: 15953.16
  Avg Only non-persistent count: 9255.20
  Avg Persistent bytes read: 30343969.44
  Avg Non-persistent bytes read: 25380624.80
  Avg Persistent ratio: 0.50
  Avg Non-persistent ratio: 0.50
  Avg Connection 2 duration: 0.409072 sec
  Avg Throughput Persistent: 610.24 Mbps
  Avg Throughput Non-Persistent: 496.07 Mbps
  Avg Persistent packets: 21149.94
  Avg Non-Persistent packets: 17642.30

Summary for Connections 751 to 800:
  Avg Non-persistent count: 12761.32
  Avg Persistent count: 12551.84
  Avg Total when both present: 25313.16
  Avg Only persistent count: 15533.54
  Avg Only non-persistent count: 8866.18
  Avg Persistent bytes read: 30509765.44
  Avg Non-persistent bytes read: 25379832.96
  Avg Persistent ratio: 0.49
  Avg Non-persistent ratio: 0.51
  Avg Connection 2 duration: 0.410094 sec
  Avg Throughput Persistent: 599.26 Mbps
  Avg Throughput Non-Persistent: 490.79 Mbps
  Avg Persistent packets: 21568.44
  Avg Non-Persistent packets: 17821.10

Summary for Connections 801 to 850:
  Avg Non-persistent count: 12750.54
  Avg Persistent count: 12557.64
  Avg Total when both present: 25308.18
  Avg Only persistent count: 15503.16
  Avg Only non-persistent count: 8857.98
  Avg Persistent bytes read: 30464211.36
  Avg Non-persistent bytes read: 25377068.32
  Avg Persistent ratio: 0.49
  Avg Non-persistent ratio: 0.51
  Avg Connection 2 duration: 0.410054 sec
  Avg Throughput Persistent: 594.76 Mbps
  Avg Throughput Non-Persistent: 491.15 Mbps
  Avg Persistent packets: 21518.98
  Avg Non-Persistent packets: 17818.98

Summary for Connections 851 to 900:
  Avg Non-persistent count: 12764.26
  Avg Persistent count: 12543.54
  Avg Total when both present: 25307.80
  Avg Only persistent count: 15527.66
  Avg Only non-persistent count: 8807.00
  Avg Persistent bytes read: 30534613.12
  Avg Non-persistent bytes read: 25375340.64
  Avg Persistent ratio: 0.50
  Avg Non-persistent ratio: 0.50
  Avg Connection 2 duration: 0.410480 sec
  Avg Throughput Persistent: 605.68 Mbps
  Avg Throughput Non-Persistent: 498.32 Mbps
  Avg Persistent packets: 21594.88
  Avg Non-Persistent packets: 17840.18

Summary for Connections 901 to 950:
  Avg Non-persistent count: 12819.66
  Avg Persistent count: 12669.62
  Avg Total when both present: 25489.28
  Avg Only persistent count: 15858.80
  Avg Only non-persistent count: 8991.14
  Avg Persistent bytes read: 30537682.88
  Avg Non-persistent bytes read: 25376979.36
  Avg Persistent ratio: 0.49
  Avg Non-persistent ratio: 0.51
  Avg Connection 2 duration: 0.410731 sec
  Avg Throughput Persistent: 595.49 Mbps
  Avg Throughput Non-Persistent: 489.42 Mbps
  Avg Persistent packets: 21404.44
  Avg Non-Persistent packets: 17704.28

Summary for Connections 951 to 1000:
  Avg Non-persistent count: 12798.06
  Avg Persistent count: 12652.82
  Avg Total when both present: 25450.88
  Avg Only persistent count: 15840.36
  Avg Only non-persistent count: 8981.32
  Avg Persistent bytes read: 30523173.92
  Avg Non-persistent bytes read: 25375250.24
  Avg Persistent ratio: 0.49
  Avg Non-persistent ratio: 0.51
  Avg Connection 2 duration: 0.410376 sec
  Avg Throughput Persistent: 593.04 Mbps
  Avg Throughput Non-Persistent: 488.68 Mbps
  Avg Persistent packets: 21400.36
  Avg Non-Persistent packets: 17724.06

Summary for Connections 1001 to 1050:
  Avg Non-persistent count: 12786.36
  Avg Persistent count: 12661.94
  Avg Total when both present: 25448.30
  Avg Only persistent count: 15962.08
  Avg Only non-persistent count: 9061.70
  Avg Persistent bytes read: 30535047.52
  Avg Non-persistent bytes read: 25376544.64
  Avg Persistent ratio: 0.49
  Avg Non-persistent ratio: 0.51
  Avg Connection 2 duration: 0.410434 sec
  Avg Throughput Persistent: 607.49 Mbps
  Avg Throughput Non-Persistent: 493.20 Mbps
  Avg Persistent packets: 21370.52
  Avg Non-Persistent packets: 17702.50

Summary for Connections 1051 to 1100:
  Avg Non-persistent count: 12787.14
  Avg Persistent count: 12626.30
  Avg Total when both present: 25413.44
  Avg Only persistent count: 15871.64
  Avg Only non-persistent count: 9009.72
  Avg Persistent bytes read: 30590042.56
  Avg Non-persistent bytes read: 25378573.60
  Avg Persistent ratio: 0.50
  Avg Non-persistent ratio: 0.50
  Avg Connection 2 duration: 0.410506 sec
  Avg Throughput Persistent: 590.57 Mbps
  Avg Throughput Non-Persistent: 493.94 Mbps
  Avg Persistent packets: 21498.54
  Avg Non-Persistent packets: 17726.18

Summary for Connections 1101 to 1150:
  Avg Non-persistent count: 12808.78
  Avg Persistent count: 12602.76
  Avg Total when both present: 25411.54
  Avg Only persistent count: 15797.40
  Avg Only non-persistent count: 8798.78
  Avg Persistent bytes read: 30716655.68
  Avg Non-persistent bytes read: 25375577.28
  Avg Persistent ratio: 0.50
  Avg Non-persistent ratio: 0.50
  Avg Connection 2 duration: 0.411160 sec
  Avg Throughput Persistent: 603.61 Mbps
  Avg Throughput Non-Persistent: 491.30 Mbps
  Avg Persistent packets: 21672.74
  Avg Non-Persistent packets: 17791.32

Summary for Connections 1151 to 1200:
  Avg Non-persistent count: 12792.54
  Avg Persistent count: 12616.78
  Avg Total when both present: 25409.32
  Avg Only persistent count: 15637.60
  Avg Only non-persistent count: 8941.36
  Avg Persistent bytes read: 30465138.08
  Avg Non-persistent bytes read: 25376507.52
  Avg Persistent ratio: 0.49
  Avg Non-persistent ratio: 0.51
  Avg Connection 2 duration: 0.410317 sec
  Avg Throughput Persistent: 592.03 Mbps
  Avg Throughput Non-Persistent: 491.41 Mbps
  Avg Persistent packets: 21435.98
  Avg Non-Persistent packets: 17750.62

Summary for Connections 1201 to 1250:
  Avg Non-persistent count: 12796.38
  Avg Persistent count: 12604.58
  Avg Total when both present: 25400.96
  Avg Only persistent count: 15688.48
  Avg Only non-persistent count: 8851.34
  Avg Persistent bytes read: 30631107.84
  Avg Non-persistent bytes read: 25378574.24
  Avg Persistent ratio: 0.50
  Avg Non-persistent ratio: 0.50
  Avg Connection 2 duration: 0.411063 sec
  Avg Throughput Persistent: 599.92 Mbps
  Avg Throughput Non-Persistent: 494.44 Mbps
  Avg Persistent packets: 21623.40
  Avg Non-Persistent packets: 17784.64

Summary for Connections 1251 to 1300:
  Avg Non-persistent count: 12751.24
  Avg Persistent count: 12563.86
  Avg Total when both present: 25315.10
  Avg Only persistent count: 15258.10
  Avg Only non-persistent count: 8678.42
  Avg Persistent bytes read: 30484686.08
  Avg Non-persistent bytes read: 25380785.12
  Avg Persistent ratio: 0.49
  Avg Non-persistent ratio: 0.51
  Avg Connection 2 duration: 0.410059 sec
  Avg Throughput Persistent: 594.66 Mbps
  Avg Throughput Non-Persistent: 491.99 Mbps
  Avg Persistent packets: 21672.12
  Avg Non-Persistent packets: 17908.70

Summary for Connections 1301 to 1350:
  Avg Non-persistent count: 12797.86
  Avg Persistent count: 12605.28
  Avg Total when both present: 25403.14
  Avg Only persistent count: 15844.76
  Avg Only non-persistent count: 8900.88
  Avg Persistent bytes read: 30629544.00
  Avg Non-persistent bytes read: 25378168.16
  Avg Persistent ratio: 0.50
  Avg Non-persistent ratio: 0.50
  Avg Connection 2 duration: 0.411066 sec
  Avg Throughput Persistent: 588.73 Mbps
  Avg Throughput Non-Persistent: 497.28 Mbps
  Avg Persistent packets: 21534.74
  Avg Non-Persistent packets: 17763.78

Summary for Connections 1351 to 1400:
  Avg Non-persistent count: 12813.60
  Avg Persistent count: 12665.06
  Avg Total when both present: 25478.66
  Avg Only persistent count: 15699.52
  Avg Only non-persistent count: 8979.20
  Avg Persistent bytes read: 30439045.12
  Avg Non-persistent bytes read: 25374829.92
  Avg Persistent ratio: 0.49
  Avg Non-persistent ratio: 0.51
  Avg Connection 2 duration: 0.409797 sec
  Avg Throughput Persistent: 597.45 Mbps
  Avg Throughput Non-Persistent: 493.12 Mbps
  Avg Persistent packets: 21374.14
  Avg Non-Persistent packets: 17737.52

Summary for Connections 1401 to 1450:
  Avg Non-persistent count: 12784.66
  Avg Persistent count: 12635.88
  Avg Total when both present: 25420.54
  Avg Only persistent count: 15622.86
  Avg Only non-persistent count: 8866.70
  Avg Persistent bytes read: 30550628.00
  Avg Non-persistent bytes read: 25377877.12
  Avg Persistent ratio: 0.50
  Avg Non-persistent ratio: 0.50
  Avg Connection 2 duration: 0.410533 sec
  Avg Throughput Persistent: 591.70 Mbps
  Avg Throughput Non-Persistent: 489.85 Mbps
  Avg Persistent packets: 21558.74
  Avg Non-Persistent packets: 17786.88

Summary for Connections 1451 to 1500:
  Avg Non-persistent count: 12794.36
  Avg Persistent count: 12612.28
  Avg Total when both present: 25406.64
  Avg Only persistent count: 15788.44
  Avg Only non-persistent count: 8886.44
  Avg Persistent bytes read: 30628588.32
  Avg Non-persistent bytes read: 25370968.32
  Avg Persistent ratio: 0.50
  Avg Non-persistent ratio: 0.50
  Avg Connection 2 duration: 0.410578 sec
  Avg Throughput Persistent: 592.14 Mbps
  Avg Throughput Non-Persistent: 499.14 Mbps
  Avg Persistent packets: 21567.66
  Avg Non-Persistent packets: 17762.68

Summary for Connections 1501 to 1550:
  Avg Non-persistent count: 12808.04
  Avg Persistent count: 12625.08
  Avg Total when both present: 25433.12
  Avg Only persistent count: 15704.62
  Avg Only non-persistent count: 8922.02
  Avg Persistent bytes read: 30516715.84
  Avg Non-persistent bytes read: 25380404.08
  Avg Persistent ratio: 0.49
  Avg Non-persistent ratio: 0.51
  Avg Connection 2 duration: 0.410476 sec
  Avg Throughput Persistent: 600.54 Mbps
  Avg Throughput Non-Persistent: 491.84 Mbps
  Avg Persistent packets: 21463.52
  Avg Non-Persistent packets: 17757.60

Summary for Connections 1551 to 1600:
  Avg Non-persistent count: 12787.04
  Avg Persistent count: 12679.54
  Avg Total when both present: 25466.58
  Avg Only persistent count: 15786.92
  Avg Only non-persistent count: 9057.12
  Avg Persistent bytes read: 30432384.32
  Avg Non-persistent bytes read: 25376301.44
  Avg Persistent ratio: 0.49
  Avg Non-persistent ratio: 0.51
  Avg Connection 2 duration: 0.410147 sec
  Avg Throughput Persistent: 591.03 Mbps
  Avg Throughput Non-Persistent: 491.39 Mbps
  Avg Persistent packets: 21327.50
  Avg Non-Persistent packets: 17700.82

Summary for Connections 1601 to 1650:
  Avg Non-persistent count: 12884.96
  Avg Persistent count: 12719.06
  Avg Total when both present: 25604.02
  Avg Only persistent count: 15837.10
  Avg Only non-persistent count: 8588.06
  Avg Persistent bytes read: 30936143.52
  Avg Non-persistent bytes read: 25376975.20
  Avg Persistent ratio: 0.50
  Avg Non-persistent ratio: 0.50
  Avg Connection 2 duration: 0.415675 sec
  Avg Throughput Persistent: 598.72 Mbps
  Avg Throughput Non-Persistent: 470.35 Mbps
  Avg Persistent packets: 21857.80
  Avg Non-Persistent packets: 17811.86

Summary for Connections 1651 to 1700:
  Avg Non-persistent count: 13396.22
  Avg Persistent count: 13249.02
  Avg Total when both present: 26645.24
  Avg Only persistent count: 16673.08
  Avg Only non-persistent count: 7636.84
  Avg Persistent bytes read: 32276644.00
  Avg Non-persistent bytes read: 25376897.44
  Avg Persistent ratio: 0.50
  Avg Non-persistent ratio: 0.50
  Avg Connection 2 duration: 0.435408 sec
  Avg Throughput Persistent: 601.88 Mbps
  Avg Throughput Non-Persistent: 467.16 Mbps
  Avg Persistent packets: 22788.32
  Avg Non-Persistent packets: 17778.90

Summary for Connections 1701 to 1750:
  Avg Non-persistent count: 13341.14
  Avg Persistent count: 13158.88
  Avg Total when both present: 26500.02
  Avg Only persistent count: 16239.48
  Avg Only non-persistent count: 7430.10
  Avg Persistent bytes read: 32218463.36
  Avg Non-persistent bytes read: 25370192.16
  Avg Persistent ratio: 0.50
  Avg Non-persistent ratio: 0.50
  Avg Connection 2 duration: 0.434593 sec
  Avg Throughput Persistent: 604.87 Mbps
  Avg Throughput Non-Persistent: 465.58 Mbps
  Avg Persistent packets: 22963.56
  Avg Non-Persistent packets: 17905.14

Summary for Connections 1751 to 1800:
  Avg Non-persistent count: 13296.54
  Avg Persistent count: 13065.32
  Avg Total when both present: 26361.86
  Avg Only persistent count: 15981.54
  Avg Only non-persistent count: 7323.02
  Avg Persistent bytes read: 32260426.40
  Avg Non-persistent bytes read: 25374514.24
  Avg Persistent ratio: 0.50
  Avg Non-persistent ratio: 0.50
  Avg Connection 2 duration: 0.434157 sec
  Avg Throughput Persistent: 604.92 Mbps
  Avg Throughput Non-Persistent: 466.42 Mbps
  Avg Persistent packets: 23163.80
  Avg Non-Persistent packets: 17975.56

Summary for Connections 1801 to 1850:
  Avg Non-persistent count: 13355.02
  Avg Persistent count: 13163.10
  Avg Total when both present: 26518.12
  Avg Only persistent count: 16553.04
  Avg Only non-persistent count: 7650.94
  Avg Persistent bytes read: 32247307.52
  Avg Non-persistent bytes read: 25374625.12
  Avg Persistent ratio: 0.50
  Avg Non-persistent ratio: 0.50
  Avg Connection 2 duration: 0.434888 sec
  Avg Throughput Persistent: 593.65 Mbps
  Avg Throughput Non-Persistent: 467.94 Mbps
  Avg Persistent packets: 22819.68
  Avg Non-Persistent packets: 17793.02

Summary for Connections 1851 to 1900:
  Avg Non-persistent count: 13406.82
  Avg Persistent count: 13246.86
  Avg Total when both present: 26653.68
  Avg Only persistent count: 16685.12
  Avg Only non-persistent count: 7667.76
  Avg Persistent bytes read: 32278352.64
  Avg Non-persistent bytes read: 25375872.48
  Avg Persistent ratio: 0.50
  Avg Non-persistent ratio: 0.50
  Avg Connection 2 duration: 0.435352 sec
  Avg Throughput Persistent: 589.35 Mbps
  Avg Throughput Non-Persistent: 465.39 Mbps
  Avg Persistent packets: 22745.98
  Avg Non-Persistent packets: 17747.76

Summary for Connections 1901 to 1950:
  Avg Non-persistent count: 13393.78
  Avg Persistent count: 13262.98
  Avg Total when both present: 26656.76
  Avg Only persistent count: 16826.20
  Avg Only non-persistent count: 7735.28
  Avg Persistent bytes read: 32233493.60
  Avg Non-persistent bytes read: 25374449.28
  Avg Persistent ratio: 0.50
  Avg Non-persistent ratio: 0.50
  Avg Connection 2 duration: 0.435468 sec
  Avg Throughput Persistent: 594.39 Mbps
  Avg Throughput Non-Persistent: 465.61 Mbps
  Avg Persistent packets: 22651.34
  Avg Non-Persistent packets: 17729.42

Summary for Connections 1951 to 2000:
  Avg Non-persistent count: 13449.22
  Avg Persistent count: 13379.80
  Avg Total when both present: 26829.02
  Avg Only persistent count: 17108.78
  Avg Only non-persistent count: 7895.36
  Avg Persistent bytes read: 32179801.76
  Avg Non-persistent bytes read: 25377470.24
  Avg Persistent ratio: 0.50
  Avg Non-persistent ratio: 0.50
  Avg Connection 2 duration: 0.435455 sec
  Avg Throughput Persistent: 595.93 Mbps
  Avg Throughput Non-Persistent: 464.01 Mbps
  Avg Persistent packets: 22404.66
  Avg Non-Persistent packets: 17622.84

Summary for Connections 2001 to 2050:
  Avg Non-persistent count: 13354.64
  Avg Persistent count: 13230.12
  Avg Total when both present: 26584.76
  Avg Only persistent count: 16701.16
  Avg Only non-persistent count: 7693.50
  Avg Persistent bytes read: 32242963.52
  Avg Non-persistent bytes read: 25375144.32
  Avg Persistent ratio: 0.50
  Avg Non-persistent ratio: 0.50
  Avg Connection 2 duration: 0.435245 sec
  Avg Throughput Persistent: 592.41 Mbps
  Avg Throughput Non-Persistent: 461.84 Mbps
  Avg Persistent packets: 22739.12
  Avg Non-Persistent packets: 17765.18

Summary for Connections 2051 to 2100:
  Avg Non-persistent count: 13379.92
  Avg Persistent count: 13250.50
  Avg Total when both present: 26630.42
  Avg Only persistent count: 16659.36
  Avg Only non-persistent count: 7676.88
  Avg Persistent bytes read: 32233812.16
  Avg Non-persistent bytes read: 25377851.68
  Avg Persistent ratio: 0.49
  Avg Non-persistent ratio: 0.51
  Avg Connection 2 duration: 0.435402 sec
  Avg Throughput Persistent: 609.88 Mbps
  Avg Throughput Non-Persistent: 467.74 Mbps
  Avg Persistent packets: 22725.44
  Avg Non-Persistent packets: 17754.04

Summary for Connections 2101 to 2150:
  Avg Non-persistent count: 13342.96
  Avg Persistent count: 13135.90
  Avg Total when both present: 26478.86
  Avg Only persistent count: 16327.54
  Avg Only non-persistent count: 7479.66
  Avg Persistent bytes read: 32301752.32
  Avg Non-persistent bytes read: 25377128.32
  Avg Persistent ratio: 0.49
  Avg Non-persistent ratio: 0.51
  Avg Connection 2 duration: 0.434839 sec
  Avg Throughput Persistent: 597.24 Mbps
  Avg Throughput Non-Persistent: 467.70 Mbps
  Avg Persistent packets: 22999.26
  Avg Non-Persistent packets: 17863.20

Summary for Connections 2151 to 2200:
  Avg Non-persistent count: 13364.82
  Avg Persistent count: 13240.78
  Avg Total when both present: 26605.60
  Avg Only persistent count: 16623.84
  Avg Only non-persistent count: 7668.56
  Avg Persistent bytes read: 32227904.32
  Avg Non-persistent bytes read: 25373665.12
  Avg Persistent ratio: 0.49
  Avg Non-persistent ratio: 0.51
  Avg Connection 2 duration: 0.434758 sec
  Avg Throughput Persistent: 594.36 Mbps
  Avg Throughput Non-Persistent: 467.37 Mbps
  Avg Persistent packets: 22751.06
  Avg Non-Persistent packets: 17767.84

Summary for Connections 2201 to 2250:
  Avg Non-persistent count: 13394.54
  Avg Persistent count: 13294.92
  Avg Total when both present: 26689.46
  Avg Only persistent count: 16799.94
  Avg Only non-persistent count: 7797.38
  Avg Persistent bytes read: 32195092.64
  Avg Non-persistent bytes read: 25375134.80
  Avg Persistent ratio: 0.49
  Avg Non-persistent ratio: 0.51
  Avg Connection 2 duration: 0.435387 sec
  Avg Throughput Persistent: 594.86 Mbps
  Avg Throughput Non-Persistent: 469.70 Mbps
  Avg Persistent packets: 22609.84
  Avg Non-Persistent packets: 17691.60

Summary for Connections 2251 to 2300:
  Avg Non-persistent count: 13407.56
  Avg Persistent count: 13311.26
  Avg Total when both present: 26718.82
  Avg Only persistent count: 16673.20
  Avg Only non-persistent count: 7665.48
  Avg Persistent bytes read: 32261353.12
  Avg Non-persistent bytes read: 25372373.68
  Avg Persistent ratio: 0.50
  Avg Non-persistent ratio: 0.50
  Avg Connection 2 duration: 0.435233 sec
  Avg Throughput Persistent: 584.21 Mbps
  Avg Throughput Non-Persistent: 462.52 Mbps
  Avg Persistent packets: 22746.14
  Avg Non-Persistent packets: 17733.52

Summary for Connections 2301 to 2350:
  Avg Non-persistent count: 13340.76
  Avg Persistent count: 13184.90
  Avg Total when both present: 26525.66
  Avg Only persistent count: 16400.98
  Avg Only non-persistent count: 7550.44
  Avg Persistent bytes read: 32267289.92
  Avg Non-persistent bytes read: 25379486.08
  Avg Persistent ratio: 0.50
  Avg Non-persistent ratio: 0.50
  Avg Connection 2 duration: 0.434785 sec
  Avg Throughput Persistent: 588.27 Mbps
  Avg Throughput Non-Persistent: 466.42 Mbps
  Avg Persistent packets: 22925.46
  Avg Non-Persistent packets: 17847.54

Summary for Connections 2351 to 2400:
  Avg Non-persistent count: 13352.16
  Avg Persistent count: 13117.02
  Avg Total when both present: 26469.18
  Avg Only persistent count: 16453.14
  Avg Only non-persistent count: 7475.96
  Avg Persistent bytes read: 32307080.96
  Avg Non-persistent bytes read: 25372206.96
  Avg Persistent ratio: 0.49
  Avg Non-persistent ratio: 0.51
  Avg Connection 2 duration: 0.434278 sec
  Avg Throughput Persistent: 594.42 Mbps
  Avg Throughput Non-Persistent: 467.03 Mbps
  Avg Persistent packets: 22947.40
  Avg Non-Persistent packets: 17859.86

Summary for Connections 2401 to 2450:
  Avg Non-persistent count: 13255.66
  Avg Persistent count: 13037.34
  Avg Total when both present: 26293.00
  Avg Only persistent count: 16282.04
  Avg Only non-persistent count: 7463.60
  Avg Persistent bytes read: 32304619.36
  Avg Non-persistent bytes read: 25374713.44
  Avg Persistent ratio: 0.50
  Avg Non-persistent ratio: 0.50
  Avg Connection 2 duration: 0.434816 sec
  Avg Throughput Persistent: 586.53 Mbps
  Avg Throughput Non-Persistent: 464.69 Mbps
  Avg Persistent packets: 23071.02
  Avg Non-Persistent packets: 17915.86

Summary for Connections 2451 to 2500:
  Avg Non-persistent count: 13385.58
  Avg Persistent count: 13278.54
  Avg Total when both present: 26664.12
  Avg Only persistent count: 16734.68
  Avg Only non-persistent count: 7751.52
  Avg Persistent bytes read: 32202738.08
  Avg Non-persistent bytes read: 25376869.92
  Avg Persistent ratio: 0.50
  Avg Non-persistent ratio: 0.50
  Avg Connection 2 duration: 0.435387 sec
  Avg Throughput Persistent: 590.90 Mbps
  Avg Throughput Non-Persistent: 468.46 Mbps
  Avg Persistent packets: 22668.28
  Avg Non-Persistent packets: 17723.76

Summary for Connections 2501 to 2550:
  Avg Non-persistent count: 13352.40
  Avg Persistent count: 13186.36
  Avg Total when both present: 26538.76
  Avg Only persistent count: 16713.52
  Avg Only non-persistent count: 7654.56
  Avg Persistent bytes read: 32233725.28
  Avg Non-persistent bytes read: 25377781.12
  Avg Persistent ratio: 0.50
  Avg Non-persistent ratio: 0.50
  Avg Connection 2 duration: 0.435196 sec
  Avg Throughput Persistent: 580.71 Mbps
  Avg Throughput Non-Persistent: 460.38 Mbps
  Avg Persistent packets: 22717.64
  Avg Non-Persistent packets: 17785.76

Summary for Connections 2551 to 2600:
  Avg Non-persistent count: 13394.24
  Avg Persistent count: 13296.26
  Avg Total when both present: 26690.50
  Avg Only persistent count: 17023.32
  Avg Only non-persistent count: 7834.44
  Avg Persistent bytes read: 32245946.40
  Avg Non-persistent bytes read: 25374245.12
  Avg Persistent ratio: 0.50
  Avg Non-persistent ratio: 0.50
  Avg Connection 2 duration: 0.435086 sec
  Avg Throughput Persistent: 591.43 Mbps
  Avg Throughput Non-Persistent: 467.14 Mbps
  Avg Persistent packets: 22572.08
  Avg Non-Persistent packets: 17683.82

Summary for Connections 2601 to 2650:
  Avg Non-persistent count: 13350.26
  Avg Persistent count: 13171.86
  Avg Total when both present: 26522.12
  Avg Only persistent count: 16633.26
  Avg Only non-persistent count: 7649.94
  Avg Persistent bytes read: 32282638.72
  Avg Non-persistent bytes read: 25378945.76
  Avg Persistent ratio: 0.50
  Avg Non-persistent ratio: 0.50
  Avg Connection 2 duration: 0.435362 sec
  Avg Throughput Persistent: 592.06 Mbps
  Avg Throughput Non-Persistent: 467.45 Mbps
  Avg Persistent packets: 22837.98
  Avg Non-Persistent packets: 17795.82

Summary for Connections 2651 to 2700:
  Avg Non-persistent count: 13430.90
  Avg Persistent count: 13273.36
  Avg Total when both present: 26704.26
  Avg Only persistent count: 16721.00
  Avg Only non-persistent count: 7704.40
  Avg Persistent bytes read: 32201753.44
  Avg Non-persistent bytes read: 25374544.64
  Avg Persistent ratio: 0.50
  Avg Non-persistent ratio: 0.50
  Avg Connection 2 duration: 0.435201 sec
  Avg Throughput Persistent: 592.19 Mbps
  Avg Throughput Non-Persistent: 470.55 Mbps
  Avg Persistent packets: 22637.40
  Avg Non-Persistent packets: 17720.50

Summary for Connections 2701 to 2750:
  Avg Non-persistent count: 13385.24
  Avg Persistent count: 13172.14
  Avg Total when both present: 26557.38
  Avg Only persistent count: 16481.36
  Avg Only non-persistent count: 7535.98
  Avg Persistent bytes read: 32274298.24
  Avg Non-persistent bytes read: 25377941.20
  Avg Persistent ratio: 0.50
  Avg Non-persistent ratio: 0.50
  Avg Connection 2 duration: 0.435144 sec
  Avg Throughput Persistent: 582.80 Mbps
  Avg Throughput Non-Persistent: 462.61 Mbps
  Avg Persistent packets: 22896.60
  Avg Non-Persistent packets: 17844.62

Summary for Connections 2751 to 2800:
  Avg Non-persistent count: 13420.98
  Avg Persistent count: 13296.06
  Avg Total when both present: 26717.04
  Avg Only persistent count: 16879.66
  Avg Only non-persistent count: 7751.48
  Avg Persistent bytes read: 32218202.72
  Avg Non-persistent bytes read: 25377635.52
  Avg Persistent ratio: 0.50
  Avg Non-persistent ratio: 0.50
  Avg Connection 2 duration: 0.435270 sec
  Avg Throughput Persistent: 586.50 Mbps
  Avg Throughput Non-Persistent: 464.56 Mbps
  Avg Persistent packets: 22581.62
  Avg Non-Persistent packets: 17701.84

Summary for Connections 2801 to 2850:
  Avg Non-persistent count: 13400.08
  Avg Persistent count: 13197.16
  Avg Total when both present: 26597.24
  Avg Only persistent count: 16729.64
  Avg Only non-persistent count: 7658.36
  Avg Persistent bytes read: 32329901.44
  Avg Non-persistent bytes read: 25377923.04
  Avg Persistent ratio: 0.49
  Avg Non-persistent ratio: 0.51
  Avg Connection 2 duration: 0.434831 sec
  Avg Throughput Persistent: 592.74 Mbps
  Avg Throughput Non-Persistent: 463.51 Mbps
  Avg Persistent packets: 22824.60
  Avg Non-Persistent packets: 17767.50

Summary for Connections 2851 to 2900:
  Avg Non-persistent count: 13427.52
  Avg Persistent count: 13279.24
  Avg Total when both present: 26706.76
  Avg Only persistent count: 16967.88
  Avg Only non-persistent count: 7762.68
  Avg Persistent bytes read: 32235144.32
  Avg Non-persistent bytes read: 25378264.96
  Avg Persistent ratio: 0.49
  Avg Non-persistent ratio: 0.51
  Avg Connection 2 duration: 0.435102 sec
  Avg Throughput Persistent: 595.50 Mbps
  Avg Throughput Non-Persistent: 468.11 Mbps
  Avg Persistent packets: 22567.82
  Avg Non-Persistent packets: 17705.24

Summary for Connections 2901 to 2950:
  Avg Non-persistent count: 13427.34
  Avg Persistent count: 13326.46
  Avg Total when both present: 26753.80
  Avg Only persistent count: 16941.34
  Avg Only non-persistent count: 7818.78
  Avg Persistent bytes read: 32182060.64
  Avg Non-persistent bytes read: 25370362.40
  Avg Persistent ratio: 0.49
  Avg Non-persistent ratio: 0.51
  Avg Connection 2 duration: 0.434928 sec
  Avg Throughput Persistent: 593.60 Mbps
  Avg Throughput Non-Persistent: 463.44 Mbps
  Avg Persistent packets: 22504.60
  Avg Non-Persistent packets: 17667.16

Summary for Connections 2951 to 3000:
  Avg Non-persistent count: 13432.22
  Avg Persistent count: 13317.08
  Avg Total when both present: 26749.30
  Avg Only persistent count: 16819.20
  Avg Only non-persistent count: 7753.18
  Avg Persistent bytes read: 32216725.76
  Avg Non-persistent bytes read: 25375955.20
  Avg Persistent ratio: 0.49
  Avg Non-persistent ratio: 0.51
  Avg Connection 2 duration: 0.435432 sec
  Avg Throughput Persistent: 607.57 Mbps
  Avg Throughput Non-Persistent: 468.08 Mbps
  Avg Persistent packets: 22611.70
  Avg Non-Persistent packets: 17700.50

Summary for Connections 3001 to 3050:
  Avg Non-persistent count: 13385.94
  Avg Persistent count: 13248.10
  Avg Total when both present: 26634.04
  Avg Only persistent count: 16870.20
  Avg Only non-persistent count: 7739.16
  Avg Persistent bytes read: 32264828.32
  Avg Non-persistent bytes read: 25371626.72
  Avg Persistent ratio: 0.50
  Avg Non-persistent ratio: 0.50
  Avg Connection 2 duration: 0.435338 sec
  Avg Throughput Persistent: 594.98 Mbps
  Avg Throughput Non-Persistent: 466.26 Mbps
  Avg Persistent packets: 22674.84
  Avg Non-Persistent packets: 17725.04

Summary for Connections 3051 to 3100:
  Avg Non-persistent count: 13487.92
  Avg Persistent count: 13398.32
  Avg Total when both present: 26886.24
  Avg Only persistent count: 17063.18
  Avg Only non-persistent count: 7789.64
  Avg Persistent bytes read: 32222546.72
  Avg Non-persistent bytes read: 25375585.76
  Avg Persistent ratio: 0.50
  Avg Non-persistent ratio: 0.50
  Avg Connection 2 duration: 0.435387 sec
  Avg Throughput Persistent: 588.14 Mbps
  Avg Throughput Non-Persistent: 468.32 Mbps
  Avg Persistent packets: 22451.24
  Avg Non-Persistent packets: 17635.56

Summary for Connections 3101 to 3150:
  Avg Non-persistent count: 13423.08
  Avg Persistent count: 13354.66
  Avg Total when both present: 26777.74
  Avg Only persistent count: 16946.48
  Avg Only non-persistent count: 7782.76
  Avg Persistent bytes read: 32187563.04
  Avg Non-persistent bytes read: 25376439.04
  Avg Persistent ratio: 0.50
  Avg Non-persistent ratio: 0.50
  Avg Connection 2 duration: 0.435431 sec
  Avg Throughput Persistent: 579.11 Mbps
  Avg Throughput Non-Persistent: 464.02 Mbps
  Avg Persistent packets: 22509.28
  Avg Non-Persistent packets: 17685.34

Summary for Connections 3151 to 3200:
  Avg Non-persistent count: 13375.44
  Avg Persistent count: 13248.04
  Avg Total when both present: 26623.48
  Avg Only persistent count: 16731.26
  Avg Only non-persistent count: 7649.64
  Avg Persistent bytes read: 32237171.52
  Avg Non-persistent bytes read: 25377273.92
  Avg Persistent ratio: 0.50
  Avg Non-persistent ratio: 0.50
  Avg Connection 2 duration: 0.435153 sec
  Avg Throughput Persistent: 583.54 Mbps
  Avg Throughput Non-Persistent: 462.74 Mbps
  Avg Persistent packets: 22707.88
  Avg Non-Persistent packets: 17783.62

Summary for Connections 3201 to 3250:
  Avg Non-persistent count: 13171.40
  Avg Persistent count: 13057.16
  Avg Total when both present: 26228.56
  Avg Only persistent count: 19522.94
  Avg Only non-persistent count: 8297.60
  Avg Persistent bytes read: 33734924.80
  Avg Non-persistent bytes read: 25374847.28
  Avg Persistent ratio: 0.50
  Avg Non-persistent ratio: 0.50
  Avg Connection 2 duration: 0.432974 sec
  Avg Throughput Persistent: 672.44 Mbps
  Avg Throughput Non-Persistent: 474.07 Mbps
  Avg Persistent packets: 23614.34
  Avg Non-Persistent packets: 17682.18

Summary for Connections 3251 to 3300:
  Avg Non-persistent count: 12884.20
  Avg Persistent count: 12881.98
  Avg Total when both present: 25766.18
  Avg Only persistent count: 24186.82
  Avg Only non-persistent count: 9283.24
  Avg Persistent bytes read: 36173820.16
  Avg Non-persistent bytes read: 25384233.84
  Avg Persistent ratio: 0.50
  Avg Non-persistent ratio: 0.50
  Avg Connection 2 duration: 0.429865 sec
  Avg Throughput Persistent: 671.13 Mbps
  Avg Throughput Non-Persistent: 475.61 Mbps
  Avg Persistent packets: 24988.12
  Avg Non-Persistent packets: 17534.48

Summary for Connections 3301 to 3350:
  Avg Non-persistent count: 12884.76
  Avg Persistent count: 12887.76
  Avg Total when both present: 25772.52
  Avg Only persistent count: 24107.24
  Avg Only non-persistent count: 9268.28
  Avg Persistent bytes read: 36122445.12
  Avg Non-persistent bytes read: 25376040.24
  Avg Persistent ratio: 0.50
  Avg Non-persistent ratio: 0.50
  Avg Connection 2 duration: 0.429299 sec
  Avg Throughput Persistent: 673.30 Mbps
  Avg Throughput Non-Persistent: 472.82 Mbps
  Avg Persistent packets: 24950.46
  Avg Non-Persistent packets: 17527.12

Summary for Connections 3351 to 3400:
  Avg Non-persistent count: 12868.60
  Avg Persistent count: 12872.56
  Avg Total when both present: 25741.16
  Avg Only persistent count: 24199.44
  Avg Only non-persistent count: 9304.92
  Avg Persistent bytes read: 36164089.60
  Avg Non-persistent bytes read: 25379404.56
  Avg Persistent ratio: 0.50
  Avg Non-persistent ratio: 0.50
  Avg Connection 2 duration: 0.429695 sec
  Avg Throughput Persistent: 672.53 Mbps
  Avg Throughput Non-Persistent: 474.16 Mbps
  Avg Persistent packets: 24980.90
  Avg Non-Persistent packets: 17531.90

Summary for Connections 3401 to 3450:
  Avg Non-persistent count: 12877.34
  Avg Persistent count: 12876.40
  Avg Total when both present: 25753.74
  Avg Only persistent count: 24188.20
  Avg Only non-persistent count: 9293.38
  Avg Persistent bytes read: 36163249.76
  Avg Non-persistent bytes read: 25377828.08
  Avg Persistent ratio: 0.50
  Avg Non-persistent ratio: 0.50
  Avg Connection 2 duration: 0.429674 sec
  Avg Throughput Persistent: 670.56 Mbps
  Avg Throughput Non-Persistent: 474.58 Mbps
  Avg Persistent packets: 24977.88
  Avg Non-Persistent packets: 17529.10

Summary for Connections 3451 to 3500:
  Avg Non-persistent count: 12877.68
  Avg Persistent count: 12874.58
  Avg Total when both present: 25752.26
  Avg Only persistent count: 24149.84
  Avg Only non-persistent count: 9290.58
  Avg Persistent bytes read: 36137040.96
  Avg Non-persistent bytes read: 25377398.64
  Avg Persistent ratio: 0.50
  Avg Non-persistent ratio: 0.50
  Avg Connection 2 duration: 0.429455 sec
  Avg Throughput Persistent: 673.54 Mbps
  Avg Throughput Non-Persistent: 473.30 Mbps
  Avg Persistent packets: 24961.98
  Avg Non-Persistent packets: 17529.54

Summary for Connections 3501 to 3550:
  Avg Non-persistent count: 12874.68
  Avg Persistent count: 12873.68
  Avg Total when both present: 25748.36
  Avg Only persistent count: 24117.04
  Avg Only non-persistent count: 9294.26
  Avg Persistent bytes read: 36113554.40
  Avg Non-persistent bytes read: 25376713.76
  Avg Persistent ratio: 0.50
  Avg Non-persistent ratio: 0.50
  Avg Connection 2 duration: 0.429331 sec
  Avg Throughput Persistent: 673.79 Mbps
  Avg Throughput Non-Persistent: 472.63 Mbps
  Avg Persistent packets: 24948.18
  Avg Non-Persistent packets: 17527.76

Summary for Connections 3551 to 3600:
  Avg Non-persistent count: 12870.38
  Avg Persistent count: 12869.92
  Avg Total when both present: 25740.30
  Avg Only persistent count: 24157.78
  Avg Only non-persistent count: 9298.02
  Avg Persistent bytes read: 36137591.20
  Avg Non-persistent bytes read: 25377069.76
  Avg Persistent ratio: 0.50
  Avg Non-persistent ratio: 0.50
  Avg Connection 2 duration: 0.429395 sec
  Avg Throughput Persistent: 674.49 Mbps
  Avg Throughput Non-Persistent: 470.39 Mbps
  Avg Persistent packets: 24964.28
  Avg Non-Persistent packets: 17531.08

Summary for Connections 3601 to 3650:
  Avg Non-persistent count: 12878.48
  Avg Persistent count: 12876.52
  Avg Total when both present: 25755.00
  Avg Only persistent count: 24177.44
  Avg Only non-persistent count: 9288.38
  Avg Persistent bytes read: 36161483.20
  Avg Non-persistent bytes read: 25379240.72
  Avg Persistent ratio: 0.50
  Avg Non-persistent ratio: 0.50
  Avg Connection 2 duration: 0.429701 sec
  Avg Throughput Persistent: 673.16 Mbps
  Avg Throughput Non-Persistent: 473.23 Mbps
  Avg Persistent packets: 24978.64
  Avg Non-Persistent packets: 17530.88

Summary for Connections 3651 to 3700:
  Avg Non-persistent count: 12881.08
  Avg Persistent count: 12884.86
  Avg Total when both present: 25765.94
  Avg Only persistent count: 24205.24
  Avg Only non-persistent count: 9276.58
  Avg Persistent bytes read: 36188937.28
  Avg Non-persistent bytes read: 25377853.92
  Avg Persistent ratio: 0.50
  Avg Non-persistent ratio: 0.50
  Avg Connection 2 duration: 0.429897 sec
  Avg Throughput Persistent: 672.83 Mbps
  Avg Throughput Non-Persistent: 473.21 Mbps
  Avg Persistent packets: 24996.94
  Avg Non-Persistent packets: 17528.82

Summary for Connections 3701 to 3750:
  Avg Non-persistent count: 12864.78
  Avg Persistent count: 12866.24
  Avg Total when both present: 25731.02
  Avg Only persistent count: 24205.62
  Avg Only non-persistent count: 9313.42
  Avg Persistent bytes read: 36159050.56
  Avg Non-persistent bytes read: 25377922.64
  Avg Persistent ratio: 0.50
  Avg Non-persistent ratio: 0.50
  Avg Connection 2 duration: 0.429621 sec
  Avg Throughput Persistent: 673.27 Mbps
  Avg Throughput Non-Persistent: 472.71 Mbps
  Avg Persistent packets: 24974.74
  Avg Non-Persistent packets: 17528.04

Summary for Connections 3751 to 3800:
  Avg Non-persistent count: 12871.72
  Avg Persistent count: 12872.84
  Avg Total when both present: 25744.56
  Avg Only persistent count: 24202.40
  Avg Only non-persistent count: 9304.30
  Avg Persistent bytes read: 36166435.36
  Avg Non-persistent bytes read: 25378756.88
  Avg Persistent ratio: 0.50
  Avg Non-persistent ratio: 0.50
  Avg Connection 2 duration: 0.429757 sec
  Avg Throughput Persistent: 674.41 Mbps
  Avg Throughput Non-Persistent: 469.94 Mbps
  Avg Persistent packets: 24979.38
  Avg Non-Persistent packets: 17528.64

Summary for Connections 3801 to 3850:
  Avg Non-persistent count: 12890.90
  Avg Persistent count: 12887.72
  Avg Total when both present: 25778.62
  Avg Only persistent count: 24131.70
  Avg Only non-persistent count: 9266.06
  Avg Persistent bytes read: 36158442.40
  Avg Non-persistent bytes read: 25386061.84
  Avg Persistent ratio: 0.50
  Avg Non-persistent ratio: 0.50
  Avg Connection 2 duration: 0.429799 sec
  Avg Throughput Persistent: 671.96 Mbps
  Avg Throughput Non-Persistent: 470.24 Mbps
  Avg Persistent packets: 24979.00
  Avg Non-Persistent packets: 17535.86

Summary for Connections 3851 to 3900:
  Avg Non-persistent count: 12876.46
  Avg Persistent count: 12878.44
  Avg Total when both present: 25754.90
  Avg Only persistent count: 24215.80
  Avg Only non-persistent count: 9294.80
  Avg Persistent bytes read: 36187373.44
  Avg Non-persistent bytes read: 25380550.32
  Avg Persistent ratio: 0.50
  Avg Non-persistent ratio: 0.50
  Avg Connection 2 duration: 0.429826 sec
  Avg Throughput Persistent: 673.81 Mbps
  Avg Throughput Non-Persistent: 472.59 Mbps
  Avg Persistent packets: 24993.42
  Avg Non-Persistent packets: 17529.58

Summary for Connections 3901 to 3950:
  Avg Non-persistent count: 12868.10
  Avg Persistent count: 12868.90
  Avg Total when both present: 25737.00
  Avg Only persistent count: 24220.86
  Avg Only non-persistent count: 9307.32
  Avg Persistent bytes read: 36180799.52
  Avg Non-persistent bytes read: 25377286.72
  Avg Persistent ratio: 0.50
  Avg Non-persistent ratio: 0.50
  Avg Connection 2 duration: 0.429774 sec
  Avg Throughput Persistent: 674.11 Mbps
  Avg Throughput Non-Persistent: 471.48 Mbps
  Avg Persistent packets: 24992.70
  Avg Non-Persistent packets: 17528.30

Summary for Connections 3951 to 4000:
  Avg Non-persistent count: 12893.62
  Avg Persistent count: 12895.42
  Avg Total when both present: 25789.04
  Avg Only persistent count: 24158.12
  Avg Only non-persistent count: 9263.58
  Avg Persistent bytes read: 36173993.92
  Avg Non-persistent bytes read: 25381790.64
  Avg Persistent ratio: 0.50
  Avg Non-persistent ratio: 0.50
  Avg Connection 2 duration: 0.429787 sec
  Avg Throughput Persistent: 673.21 Mbps
  Avg Throughput Non-Persistent: 473.22 Mbps
  Avg Persistent packets: 24985.76
  Avg Non-Persistent packets: 17530.62

Summary for Connections 4001 to 4050:
  Avg Non-persistent count: 12869.82
  Avg Persistent count: 12867.18
  Avg Total when both present: 25737.00
  Avg Only persistent count: 24194.92
  Avg Only non-persistent count: 9312.16
  Avg Persistent bytes read: 36159398.08
  Avg Non-persistent bytes read: 25380776.40
  Avg Persistent ratio: 0.50
  Avg Non-persistent ratio: 0.50
  Avg Connection 2 duration: 0.429696 sec
  Avg Throughput Persistent: 673.23 Mbps
  Avg Throughput Non-Persistent: 473.32 Mbps
  Avg Persistent packets: 24976.48
  Avg Non-Persistent packets: 17530.68

Summary for Connections 4051 to 4100:
  Avg Non-persistent count: 12871.32
  Avg Persistent count: 12870.72
  Avg Total when both present: 25742.04
  Avg Only persistent count: 24255.68
  Avg Only non-persistent count: 9296.06
  Avg Persistent bytes read: 36209064.48
  Avg Non-persistent bytes read: 25374299.92
  Avg Persistent ratio: 0.50
  Avg Non-persistent ratio: 0.50
  Avg Connection 2 duration: 0.429988 sec
  Avg Throughput Persistent: 674.47 Mbps
  Avg Throughput Non-Persistent: 471.42 Mbps
  Avg Persistent packets: 25010.58
  Avg Non-Persistent packets: 17526.28

Summary for Connections 4101 to 4150:
  Avg Non-persistent count: 12868.80
  Avg Persistent count: 12868.64
  Avg Total when both present: 25737.44
  Avg Only persistent count: 24200.48
  Avg Only non-persistent count: 9311.42
  Avg Persistent bytes read: 36164176.48
  Avg Non-persistent bytes read: 25383484.80
  Avg Persistent ratio: 0.50
  Avg Non-persistent ratio: 0.50
  Avg Connection 2 duration: 0.429759 sec
  Avg Throughput Persistent: 673.07 Mbps
  Avg Throughput Non-Persistent: 473.31 Mbps
  Avg Persistent packets: 24983.22
  Avg Non-Persistent packets: 17535.00

Summary for Connections 4151 to 4200:
  Avg Non-persistent count: 12845.86
  Avg Persistent count: 12844.24
  Avg Total when both present: 25690.10
  Avg Only persistent count: 24226.16
  Avg Only non-persistent count: 9345.08
  Avg Persistent bytes read: 36152853.12
  Avg Non-persistent bytes read: 25374778.80
  Avg Persistent ratio: 0.50
  Avg Non-persistent ratio: 0.50
  Avg Connection 2 duration: 0.429669 sec
  Avg Throughput Persistent: 674.05 Mbps
  Avg Throughput Non-Persistent: 471.50 Mbps
  Avg Persistent packets: 24976.34
  Avg Non-Persistent packets: 17529.14

Summary for Connections 4201 to 4250:
  Avg Non-persistent count: 12854.90
  Avg Persistent count: 12854.52
  Avg Total when both present: 25709.42
  Avg Only persistent count: 24229.94
  Avg Only non-persistent count: 9341.54
  Avg Persistent bytes read: 36159861.44
  Avg Non-persistent bytes read: 25382865.04
  Avg Persistent ratio: 0.50
  Avg Non-persistent ratio: 0.50
  Avg Connection 2 duration: 0.429712 sec
  Avg Throughput Persistent: 673.21 Mbps
  Avg Throughput Non-Persistent: 472.26 Mbps
  Avg Persistent packets: 24975.24
  Avg Non-Persistent packets: 17531.70

Summary for Connections 4251 to 4300:
  Avg Non-persistent count: 12891.00
  Avg Persistent count: 12890.94
  Avg Total when both present: 25781.94
  Avg Only persistent count: 24193.40
  Avg Only non-persistent count: 9260.30
  Avg Persistent bytes read: 36186939.04
  Avg Non-persistent bytes read: 25376736.08
  Avg Persistent ratio: 0.50
  Avg Non-persistent ratio: 0.50
  Avg Connection 2 duration: 0.429827 sec
  Avg Throughput Persistent: 672.69 Mbps
  Avg Throughput Non-Persistent: 473.61 Mbps
  Avg Persistent packets: 24994.82
  Avg Non-Persistent packets: 17527.92

Summary for Connections 4301 to 4350:
  Avg Non-persistent count: 12881.96
  Avg Persistent count: 12881.16
  Avg Total when both present: 25763.12
  Avg Only persistent count: 24200.58
  Avg Only non-persistent count: 9278.50
  Avg Persistent bytes read: 36177816.64
  Avg Non-persistent bytes read: 25375988.08
  Avg Persistent ratio: 0.50
  Avg Non-persistent ratio: 0.50
  Avg Connection 2 duration: 0.429755 sec
  Avg Throughput Persistent: 674.69 Mbps
  Avg Throughput Non-Persistent: 470.14 Mbps
  Avg Persistent packets: 24988.66
  Avg Non-Persistent packets: 17527.38

Summary for Connections 4351 to 4400:
  Avg Non-persistent count: 12878.16
  Avg Persistent count: 12874.16
  Avg Total when both present: 25752.32
  Avg Only persistent count: 24177.84
  Avg Only non-persistent count: 9298.10
  Avg Persistent bytes read: 36157486.72
  Avg Non-persistent bytes read: 25383507.76
  Avg Persistent ratio: 0.50
  Avg Non-persistent ratio: 0.50
  Avg Connection 2 duration: 0.429705 sec
  Avg Throughput Persistent: 673.48 Mbps
  Avg Throughput Non-Persistent: 472.01 Mbps
  Avg Persistent packets: 24977.06
  Avg Non-Persistent packets: 17533.64

Summary for Connections 4401 to 4450:
  Avg Non-persistent count: 12869.02
  Avg Persistent count: 12870.26
  Avg Total when both present: 25739.28
  Avg Only persistent count: 24199.70
  Avg Only non-persistent count: 9303.30
  Avg Persistent bytes read: 36159224.32
  Avg Non-persistent bytes read: 25376595.84
  Avg Persistent ratio: 0.50
  Avg Non-persistent ratio: 0.50
  Avg Connection 2 duration: 0.429623 sec
  Avg Throughput Persistent: 675.08 Mbps
  Avg Throughput Non-Persistent: 469.89 Mbps
  Avg Persistent packets: 24975.70
  Avg Non-Persistent packets: 17527.78

Summary for Connections 4451 to 4500:
  Avg Non-persistent count: 12864.84
  Avg Persistent count: 12860.76
  Avg Total when both present: 25725.60
  Avg Only persistent count: 24187.08
  Avg Only non-persistent count: 9321.08
  Avg Persistent bytes read: 36148480.16
  Avg Non-persistent bytes read: 25381010.16
  Avg Persistent ratio: 0.50
  Avg Non-persistent ratio: 0.50
  Avg Connection 2 duration: 0.429587 sec
  Avg Throughput Persistent: 674.43 Mbps
  Avg Throughput Non-Persistent: 470.55 Mbps
  Avg Persistent packets: 24970.80
  Avg Non-Persistent packets: 17531.92

Summary for Connections 4501 to 4550:
  Avg Non-persistent count: 13053.38
  Avg Persistent count: 13055.34
  Avg Total when both present: 26108.72
  Avg Only persistent count: 23593.88
  Avg Only non-persistent count: 8932.44
  Avg Persistent bytes read: 36000871.04
  Avg Non-persistent bytes read: 25380323.60
  Avg Persistent ratio: 0.50
  Avg Non-persistent ratio: 0.50
  Avg Connection 2 duration: 0.428635 sec
  Avg Throughput Persistent: 668.18 Mbps
  Avg Throughput Non-Persistent: 477.83 Mbps
  Avg Persistent packets: 24869.02
  Avg Non-Persistent packets: 17531.92

Summary for Connections 4551 to 4600:
  Avg Non-persistent count: 13551.26
  Avg Persistent count: 13551.98
  Avg Total when both present: 27103.24
  Avg Only persistent count: 21936.70
  Avg Only non-persistent count: 7934.02
  Avg Persistent bytes read: 35523668.16
  Avg Non-persistent bytes read: 25377285.92
  Avg Persistent ratio: 0.50
  Avg Non-persistent ratio: 0.50
  Avg Connection 2 duration: 0.425300 sec
  Avg Throughput Persistent: 668.25 Mbps
  Avg Throughput Non-Persistent: 477.49 Mbps
  Avg Persistent packets: 24538.04
  Avg Non-Persistent packets: 17528.76

Summary for Connections 4601 to 4650:
  Avg Non-persistent count: 13552.76
  Avg Persistent count: 13554.20
  Avg Total when both present: 27106.96
  Avg Only persistent count: 21941.78
  Avg Only non-persistent count: 7937.10
  Avg Persistent bytes read: 35531834.88
  Avg Non-persistent bytes read: 25382943.04
  Avg Persistent ratio: 0.50
  Avg Non-persistent ratio: 0.50
  Avg Connection 2 duration: 0.425401 sec
  Avg Throughput Persistent: 668.07 Mbps
  Avg Throughput Non-Persistent: 477.77 Mbps
  Avg Persistent packets: 24544.30
  Avg Non-Persistent packets: 17533.54

Summary for Connections 4651 to 4700:
  Avg Non-persistent count: 13578.60
  Avg Persistent count: 13579.58
  Avg Total when both present: 27158.18
  Avg Only persistent count: 21906.42
  Avg Only non-persistent count: 7887.06
  Avg Persistent bytes read: 35540696.64
  Avg Non-persistent bytes read: 25382974.08
  Avg Persistent ratio: 0.50
  Avg Non-persistent ratio: 0.50
  Avg Connection 2 duration: 0.425462 sec
  Avg Throughput Persistent: 668.30 Mbps
  Avg Throughput Non-Persistent: 476.97 Mbps
  Avg Persistent packets: 24547.62
  Avg Non-Persistent packets: 17531.48

Summary for Connections 4701 to 4750:
  Avg Non-persistent count: 13517.92
  Avg Persistent count: 13515.64
  Avg Total when both present: 27033.56
  Avg Only persistent count: 22012.10
  Avg Only non-persistent count: 8008.00
  Avg Persistent bytes read: 35533833.12
  Avg Non-persistent bytes read: 25381821.28
  Avg Persistent ratio: 0.50
  Avg Non-persistent ratio: 0.50
  Avg Connection 2 duration: 0.425397 sec
  Avg Throughput Persistent: 669.36 Mbps
  Avg Throughput Non-Persistent: 476.12 Mbps
  Avg Persistent packets: 24546.72
  Avg Non-Persistent packets: 17532.90

Summary for Connections 4751 to 4800:
  Avg Non-persistent count: 13536.48
  Avg Persistent count: 13537.56
  Avg Total when both present: 27074.04
  Avg Only persistent count: 21946.38
  Avg Only non-persistent count: 7966.96
  Avg Persistent bytes read: 35514140.32
  Avg Non-persistent bytes read: 25381096.64
  Avg Persistent ratio: 0.50
  Avg Non-persistent ratio: 0.50
  Avg Connection 2 duration: 0.425230 sec
  Avg Throughput Persistent: 666.37 Mbps
  Avg Throughput Non-Persistent: 479.88 Mbps
  Avg Persistent packets: 24532.38
  Avg Non-Persistent packets: 17532.38

Summary for Connections 4801 to 4850:
  Avg Non-persistent count: 13539.34
  Avg Persistent count: 13540.72
  Avg Total when both present: 27080.06
  Avg Only persistent count: 21969.32
  Avg Only non-persistent count: 7964.04
  Avg Persistent bytes read: 35529778.72
  Avg Non-persistent bytes read: 25382892.16
  Avg Persistent ratio: 0.50
  Avg Non-persistent ratio: 0.50
  Avg Connection 2 duration: 0.425372 sec
  Avg Throughput Persistent: 668.52 Mbps
  Avg Throughput Non-Persistent: 476.57 Mbps
  Avg Persistent packets: 24540.82
  Avg Non-Persistent packets: 17532.62

Summary for Connections 4851 to 4900:
  Avg Non-persistent count: 13554.84
  Avg Persistent count: 13550.20
  Avg Total when both present: 27105.04
  Avg Only persistent count: 21913.36
  Avg Only non-persistent count: 7934.04
  Avg Persistent bytes read: 35512460.64
  Avg Non-persistent bytes read: 25380987.20
  Avg Persistent ratio: 0.50
  Avg Non-persistent ratio: 0.50
  Avg Connection 2 duration: 0.425228 sec
  Avg Throughput Persistent: 668.91 Mbps
  Avg Throughput Non-Persistent: 476.78 Mbps
  Avg Persistent packets: 24531.00
  Avg Non-Persistent packets: 17532.42

Summary for Connections 4901 to 4950:
  Avg Non-persistent count: 13538.32
  Avg Persistent count: 13537.90
  Avg Total when both present: 27076.22
  Avg Only persistent count: 21918.26
  Avg Only non-persistent count: 7964.58
  Avg Persistent bytes read: 35493607.68
  Avg Non-persistent bytes read: 25380701.76
  Avg Persistent ratio: 0.50
  Avg Non-persistent ratio: 0.50
  Avg Connection 2 duration: 0.425034 sec
  Avg Throughput Persistent: 668.17 Mbps
  Avg Throughput Non-Persistent: 477.53 Mbps
  Avg Persistent packets: 24517.40
  Avg Non-Persistent packets: 17531.00

Summary for Connections 4951 to 5000:
  Avg Non-persistent count: 13547.10
  Avg Persistent count: 13544.60
  Avg Total when both present: 27091.70
  Avg Only persistent count: 21962.96
  Avg Only non-persistent count: 7950.64
  Avg Persistent bytes read: 35535049.44
  Avg Non-persistent bytes read: 25381387.68
  Avg Persistent ratio: 0.50
  Avg Non-persistent ratio: 0.50
  Avg Connection 2 duration: 0.425414 sec
  Avg Throughput Persistent: 668.93 Mbps
  Avg Throughput Non-Persistent: 476.56 Mbps
  Avg Persistent packets: 24544.32
  Avg Non-Persistent packets: 17531.54

Summary for Connections 5001 to 5050:
  Avg Non-persistent count: 13340.38
  Avg Persistent count: 13320.82
  Avg Total when both present: 26661.20
  Avg Only persistent count: 20296.06
  Avg Only non-persistent count: 8318.32
  Avg Persistent bytes read: 34065358.40
  Avg Non-persistent bytes read: 25380173.44
  Avg Persistent ratio: 0.50
  Avg Non-persistent ratio: 0.50
  Avg Connection 2 duration: 0.420728 sec
  Avg Throughput Persistent: 594.58 Mbps
  Avg Throughput Non-Persistent: 492.57 Mbps
  Avg Persistent packets: 23549.74
  Avg Non-Persistent packets: 17548.76

Summary for Connections 5051 to 5100:
  Avg Non-persistent count: 12794.32
  Avg Persistent count: 12585.02
  Avg Total when both present: 25379.34
  Avg Only persistent count: 15448.32
  Avg Only non-persistent count: 8822.74
  Avg Persistent bytes read: 30452569.44
  Avg Non-persistent bytes read: 25376067.52
  Avg Persistent ratio: 0.50
  Avg Non-persistent ratio: 0.50
  Avg Connection 2 duration: 0.410220 sec
  Avg Throughput Persistent: 590.03 Mbps
  Avg Throughput Non-Persistent: 497.43 Mbps
  Avg Persistent packets: 21500.28
  Avg Non-Persistent packets: 17802.00

Summary for Connections 5101 to 5150:
  Avg Non-persistent count: 12781.32
  Avg Persistent count: 12611.16
  Avg Total when both present: 25392.48
  Avg Only persistent count: 15405.80
  Avg Only non-persistent count: 8902.26
  Avg Persistent bytes read: 30397979.84
  Avg Non-persistent bytes read: 25374101.76
  Avg Persistent ratio: 0.50
  Avg Non-persistent ratio: 0.50
  Avg Connection 2 duration: 0.410146 sec
  Avg Throughput Persistent: 586.71 Mbps
  Avg Throughput Non-Persistent: 498.19 Mbps
  Avg Persistent packets: 21460.70
  Avg Non-Persistent packets: 17771.32

Summary for Connections 5151 to 5200:
  Avg Non-persistent count: 12808.68
  Avg Persistent count: 12688.20
  Avg Total when both present: 25496.88
  Avg Only persistent count: 15835.74
  Avg Only non-persistent count: 9143.76
  Avg Persistent bytes read: 30350311.68
  Avg Non-persistent bytes read: 25374605.76
  Avg Persistent ratio: 0.49
  Avg Non-persistent ratio: 0.51
  Avg Connection 2 duration: 0.410026 sec
  Avg Throughput Persistent: 589.49 Mbps
  Avg Throughput Non-Persistent: 497.44 Mbps
  Avg Persistent packets: 21177.08
  Avg Non-Persistent packets: 17653.80

Summary for Connections 5201 to 5250:
  Avg Non-persistent count: 12806.54
  Avg Persistent count: 12529.50
  Avg Total when both present: 25336.04
  Avg Only persistent count: 15375.06
  Avg Only non-persistent count: 8710.94
  Avg Persistent bytes read: 30533802.24
  Avg Non-persistent bytes read: 25378665.52
  Avg Persistent ratio: 0.49
  Avg Non-persistent ratio: 0.51
  Avg Connection 2 duration: 0.410997 sec
  Avg Throughput Persistent: 598.01 Mbps
  Avg Throughput Non-Persistent: 491.64 Mbps
  Avg Persistent packets: 21640.36
  Avg Non-Persistent packets: 17848.70

Summary for Connections 5251 to 5300:
  Avg Non-persistent count: 12787.78
  Avg Persistent count: 12581.82
  Avg Total when both present: 25369.60
  Avg Only persistent count: 15469.92
  Avg Only non-persistent count: 8740.54
  Avg Persistent bytes read: 30542142.72
  Avg Non-persistent bytes read: 25376451.68
  Avg Persistent ratio: 0.50
  Avg Non-persistent ratio: 0.50
  Avg Connection 2 duration: 0.411131 sec
  Avg Throughput Persistent: 590.54 Mbps
  Avg Throughput Non-Persistent: 491.85 Mbps
  Avg Persistent packets: 21605.86
  Avg Non-Persistent packets: 17830.42

Summary for Connections 5301 to 5350:
  Avg Non-persistent count: 12804.34
  Avg Persistent count: 12532.36
  Avg Total when both present: 25336.70
  Avg Only persistent count: 15272.26
  Avg Only non-persistent count: 8625.52
  Avg Persistent bytes read: 30569567.84
  Avg Non-persistent bytes read: 25373479.12
  Avg Persistent ratio: 0.50
  Avg Non-persistent ratio: 0.50
  Avg Connection 2 duration: 0.411237 sec
  Avg Throughput Persistent: 590.27 Mbps
  Avg Throughput Non-Persistent: 493.67 Mbps
  Avg Persistent packets: 21727.02
  Avg Non-Persistent packets: 17865.62

Summary for Connections 5351 to 5400:
  Avg Non-persistent count: 12805.98
  Avg Persistent count: 12566.80
  Avg Total when both present: 25372.78
  Avg Only persistent count: 15455.10
  Avg Only non-persistent count: 8774.40
  Avg Persistent bytes read: 30546689.44
  Avg Non-persistent bytes read: 25373053.60
  Avg Persistent ratio: 0.50
  Avg Non-persistent ratio: 0.50
  Avg Connection 2 duration: 0.410982 sec
  Avg Throughput Persistent: 593.52 Mbps
  Avg Throughput Non-Persistent: 492.15 Mbps
  Avg Persistent packets: 21626.64
  Avg Non-Persistent packets: 17810.28

Summary for Connections 5401 to 5450:
  Avg Non-persistent count: 12806.64
  Avg Persistent count: 12633.60
  Avg Total when both present: 25440.24
  Avg Only persistent count: 15419.28
  Avg Only non-persistent count: 8777.54
  Avg Persistent bytes read: 30492157.76
  Avg Non-persistent bytes read: 25379391.52
  Avg Persistent ratio: 0.50
  Avg Non-persistent ratio: 0.50
  Avg Connection 2 duration: 0.411004 sec
  Avg Throughput Persistent: 590.35 Mbps
  Avg Throughput Non-Persistent: 498.14 Mbps
  Avg Persistent packets: 21546.20
  Avg Non-Persistent packets: 17815.88

Summary for Connections 5451 to 5500:
  Avg Non-persistent count: 12787.58
  Avg Persistent count: 12609.16
  Avg Total when both present: 25396.74
  Avg Only persistent count: 15373.12
  Avg Only non-persistent count: 8837.60
  Avg Persistent bytes read: 30411359.36
  Avg Non-persistent bytes read: 25377896.96
  Avg Persistent ratio: 0.50
  Avg Non-persistent ratio: 0.50
  Avg Connection 2 duration: 0.410360 sec
  Avg Throughput Persistent: 585.88 Mbps
  Avg Throughput Non-Persistent: 499.45 Mbps
  Avg Persistent packets: 21491.80
  Avg Non-Persistent packets: 17800.34

Summary for Connections 5501 to 5550:
  Avg Non-persistent count: 12810.08
  Avg Persistent count: 12708.34
  Avg Total when both present: 25518.42
  Avg Only persistent count: 15712.46
  Avg Only non-persistent count: 9098.46
  Avg Persistent bytes read: 30349471.84
  Avg Non-persistent bytes read: 25381750.08
  Avg Persistent ratio: 0.50
  Avg Non-persistent ratio: 0.50
  Avg Connection 2 duration: 0.409843 sec
  Avg Throughput Persistent: 593.50 Mbps
  Avg Throughput Non-Persistent: 495.30 Mbps
  Avg Persistent packets: 21228.90
  Avg Non-Persistent packets: 17671.40

Summary for Connections 5551 to 5600:
  Avg Non-persistent count: 11878.68
  Avg Persistent count: 11656.78
  Avg Total when both present: 23535.46
  Avg Only persistent count: 14196.88
  Avg Only non-persistent count: 9953.54
  Avg Persistent bytes read: 28421807.36
  Avg Non-persistent bytes read: 25375802.56
  Avg Persistent ratio: 0.49
  Avg Non-persistent ratio: 0.51
  Avg Connection 2 duration: 0.397102 sec
  Avg Throughput Persistent: 595.47 Mbps
  Avg Throughput Non-Persistent: 494.80 Mbps
  Avg Persistent packets: 20215.18
  Avg Non-Persistent packets: 18091.96

Summary for Connections 5601 to 5650:
  Avg Non-persistent count: 12817.08
  Avg Persistent count: 12646.36
  Avg Total when both present: 25463.44
  Avg Only persistent count: 15649.00
  Avg Only non-persistent count: 8874.52
  Avg Persistent bytes read: 30496472.80
  Avg Non-persistent bytes read: 25378255.04
  Avg Persistent ratio: 0.50
  Avg Non-persistent ratio: 0.50
  Avg Connection 2 duration: 0.410921 sec
  Avg Throughput Persistent: 592.95 Mbps
  Avg Throughput Non-Persistent: 491.54 Mbps
  Avg Persistent packets: 21436.44
  Avg Non-Persistent packets: 17755.68

Summary for Connections 5651 to 5700:
  Avg Non-persistent count: 12797.68
  Avg Persistent count: 12690.86
  Avg Total when both present: 25488.54
  Avg Only persistent count: 15670.38
  Avg Only non-persistent count: 9096.58
  Avg Persistent bytes read: 30319208.64
  Avg Non-persistent bytes read: 25377204.40
  Avg Persistent ratio: 0.49
  Avg Non-persistent ratio: 0.51
  Avg Connection 2 duration: 0.409795 sec
  Avg Throughput Persistent: 591.26 Mbps
  Avg Throughput Non-Persistent: 492.19 Mbps
  Avg Persistent packets: 21221.32
  Avg Non-Persistent packets: 17684.38

Summary for Connections 5701 to 5750:
  Avg Non-persistent count: 12780.20
  Avg Persistent count: 12722.76
  Avg Total when both present: 25502.96
  Avg Only persistent count: 15849.92
  Avg Only non-persistent count: 9303.94
  Avg Persistent bytes read: 30229200.96
  Avg Non-persistent bytes read: 25378464.00
  Avg Persistent ratio: 0.50
  Avg Non-persistent ratio: 0.50
  Avg Connection 2 duration: 0.409078 sec
  Avg Throughput Persistent: 589.76 Mbps
  Avg Throughput Non-Persistent: 496.93 Mbps
  Avg Persistent packets: 21023.50
  Avg Non-Persistent packets: 17602.78

Summary for Connections 5751 to 5800:
  Avg Non-persistent count: 12804.50
  Avg Persistent count: 12689.66
  Avg Total when both present: 25494.16
  Avg Only persistent count: 15712.48
  Avg Only non-persistent count: 9042.66
  Avg Persistent bytes read: 30350717.12
  Avg Non-persistent bytes read: 25372341.60
  Avg Persistent ratio: 0.50
  Avg Non-persistent ratio: 0.50
  Avg Connection 2 duration: 0.409923 sec
  Avg Throughput Persistent: 587.91 Mbps
  Avg Throughput Non-Persistent: 498.26 Mbps
  Avg Persistent packets: 21235.78
  Avg Non-Persistent packets: 17692.06

Summary for Connections 5801 to 5850:
  Avg Non-persistent count: 12792.94
  Avg Persistent count: 12559.10
  Avg Total when both present: 25352.04
  Avg Only persistent count: 15284.04
  Avg Only non-persistent count: 8766.06
  Avg Persistent bytes read: 30449992.00
  Avg Non-persistent bytes read: 25379209.28
  Avg Persistent ratio: 0.48
  Avg Non-persistent ratio: 0.52
  Avg Connection 2 duration: 0.410555 sec
  Avg Throughput Persistent: 587.98 Mbps
  Avg Throughput Non-Persistent: 497.04 Mbps
  Avg Persistent packets: 21588.26
  Avg Non-Persistent packets: 17834.46

Summary for Connections 5851 to 5900:
  Avg Non-persistent count: 12806.22
  Avg Persistent count: 12582.58
  Avg Total when both present: 25388.80
  Avg Only persistent count: 15325.48
  Avg Only non-persistent count: 8789.62
  Avg Persistent bytes read: 30449383.84
  Avg Non-persistent bytes read: 25377403.20
  Avg Persistent ratio: 0.49
  Avg Non-persistent ratio: 0.51
  Avg Connection 2 duration: 0.410611 sec
  Avg Throughput Persistent: 594.18 Mbps
  Avg Throughput Non-Persistent: 495.08 Mbps
  Avg Persistent packets: 21566.70
  Avg Non-Persistent packets: 17824.98

Summary for Connections 5901 to 5950:
  Avg Non-persistent count: 12769.72
  Avg Persistent count: 12492.10
  Avg Total when both present: 25261.82
  Avg Only persistent count: 15057.74
  Avg Only non-persistent count: 8484.32
  Avg Persistent bytes read: 30583179.04
  Avg Non-persistent bytes read: 25379968.64
  Avg Persistent ratio: 0.49
  Avg Non-persistent ratio: 0.51
  Avg Connection 2 duration: 0.411473 sec
  Avg Throughput Persistent: 603.68 Mbps
  Avg Throughput Non-Persistent: 486.00 Mbps
  Avg Persistent packets: 21881.28
  Avg Non-Persistent packets: 17975.42

Summary for Connections 5951 to 6000:
  Avg Non-persistent count: 12777.70
  Avg Persistent count: 12611.60
  Avg Total when both present: 25389.30
  Avg Only persistent count: 15383.82
  Avg Only non-persistent count: 8808.58
  Avg Persistent bytes read: 30417469.92
  Avg Non-persistent bytes read: 25379582.24
  Avg Persistent ratio: 0.50
  Avg Non-persistent ratio: 0.50
  Avg Connection 2 duration: 0.410131 sec
  Avg Throughput Persistent: 585.81 Mbps
  Avg Throughput Non-Persistent: 499.78 Mbps
  Avg Persistent packets: 21494.50
  Avg Non-Persistent packets: 17822.72

Summary for Connections 6001 to 6050:
  Avg Non-persistent count: 12805.66
  Avg Persistent count: 12610.20
  Avg Total when both present: 25415.86
  Avg Only persistent count: 15462.74
  Avg Only non-persistent count: 8800.70
  Avg Persistent bytes read: 30467889.28
  Avg Non-persistent bytes read: 25375708.80
  Avg Persistent ratio: 0.50
  Avg Non-persistent ratio: 0.50
  Avg Connection 2 duration: 0.410557 sec
  Avg Throughput Persistent: 592.07 Mbps
  Avg Throughput Non-Persistent: 492.29 Mbps
  Avg Persistent packets: 21505.00
  Avg Non-Persistent packets: 17792.40

Summary for Connections 6051 to 6100:
  Avg Non-persistent count: 12782.56
  Avg Persistent count: 12634.92
  Avg Total when both present: 25417.48
  Avg Only persistent count: 15733.50
  Avg Only non-persistent count: 8932.48
  Avg Persistent bytes read: 30512719.36
  Avg Non-persistent bytes read: 25378197.28
  Avg Persistent ratio: 0.50
  Avg Non-persistent ratio: 0.50
  Avg Connection 2 duration: 0.410969 sec
  Avg Throughput Persistent: 593.09 Mbps
  Avg Throughput Non-Persistent: 490.49 Mbps
  Avg Persistent packets: 21445.52
  Avg Non-Persistent packets: 17752.24

Summary for Connections 6101 to 6150:
  Avg Non-persistent count: 12829.76
  Avg Persistent count: 12674.20
  Avg Total when both present: 25503.96
  Avg Only persistent count: 15624.12
  Avg Only non-persistent count: 8885.22
  Avg Persistent bytes read: 30495024.80
  Avg Non-persistent bytes read: 25376180.00
  Avg Persistent ratio: 0.49
  Avg Non-persistent ratio: 0.51
  Avg Connection 2 duration: 0.410871 sec
  Avg Throughput Persistent: 593.94 Mbps
  Avg Throughput Non-Persistent: 493.13 Mbps
  Avg Persistent packets: 21434.56
  Avg Non-Persistent packets: 17732.12

Summary for Connections 6151 to 6200:
  Avg Non-persistent count: 12834.10
  Avg Persistent count: 12628.14
  Avg Total when both present: 25462.24
  Avg Only persistent count: 15496.86
  Avg Only non-persistent count: 8647.16
  Avg Persistent bytes read: 30629544.00
  Avg Non-persistent bytes read: 25377473.12
  Avg Persistent ratio: 0.49
  Avg Non-persistent ratio: 0.51
  Avg Connection 2 duration: 0.411650 sec
  Avg Throughput Persistent: 604.10 Mbps
  Avg Throughput Non-Persistent: 487.00 Mbps
  Avg Persistent packets: 21664.62
  Avg Non-Persistent packets: 17830.80

Summary for Connections 6201 to 6250:
  Avg Non-persistent count: 12813.06
  Avg Persistent count: 12578.90
  Avg Total when both present: 25391.96
  Avg Only persistent count: 15456.80
  Avg Only non-persistent count: 8787.28
  Avg Persistent bytes read: 30472783.52
  Avg Non-persistent bytes read: 25373802.24
  Avg Persistent ratio: 0.50
  Avg Non-persistent ratio: 0.50
  Avg Connection 2 duration: 0.410611 sec
  Avg Throughput Persistent: 596.76 Mbps
  Avg Throughput Non-Persistent: 491.89 Mbps
  Avg Persistent packets: 21516.32
  Avg Non-Persistent packets: 17806.94

Summary for Connections 6251 to 6300:
  Avg Non-persistent count: 12838.82
  Avg Persistent count: 12765.34
  Avg Total when both present: 25604.16
  Avg Only persistent count: 15857.80
  Avg Only non-persistent count: 9108.22
  Avg Persistent bytes read: 30367137.44
  Avg Non-persistent bytes read: 25378475.12
  Avg Persistent ratio: 0.49
  Avg Non-persistent ratio: 0.51
  Avg Connection 2 duration: 0.410260 sec
  Avg Throughput Persistent: 591.99 Mbps
  Avg Throughput Non-Persistent: 492.41 Mbps
  Avg Persistent packets: 21150.62
  Avg Non-Persistent packets: 17633.52

Summary for Connections 6301 to 6350:
  Avg Non-persistent count: 12790.56
  Avg Persistent count: 12618.08
  Avg Total when both present: 25408.64
  Avg Only persistent count: 15503.24
  Avg Only non-persistent count: 8878.68
  Avg Persistent bytes read: 30454973.12
  Avg Non-persistent bytes read: 25373665.28
  Avg Persistent ratio: 0.50
  Avg Non-persistent ratio: 0.50
  Avg Connection 2 duration: 0.410553 sec
  Avg Throughput Persistent: 587.71 Mbps
  Avg Throughput Non-Persistent: 494.43 Mbps
  Avg Persistent packets: 21480.48
  Avg Non-Persistent packets: 17768.98

Summary for Connections 6351 to 6400:
  Avg Non-persistent count: 12806.36
  Avg Persistent count: 12567.58
  Avg Total when both present: 25373.94
  Avg Only persistent count: 15297.00
  Avg Only non-persistent count: 8667.98
  Avg Persistent bytes read: 30530008.48
  Avg Non-persistent bytes read: 25374944.48
  Avg Persistent ratio: 0.50
  Avg Non-persistent ratio: 0.50
  Avg Connection 2 duration: 0.411018 sec
  Avg Throughput Persistent: 589.88 Mbps
  Avg Throughput Non-Persistent: 497.51 Mbps
  Avg Persistent packets: 21673.88
  Avg Non-Persistent packets: 17861.50

Summary for Connections 6401 to 6450:
  Avg Non-persistent count: 12801.88
  Avg Persistent count: 12604.48
  Avg Total when both present: 25406.36
  Avg Only persistent count: 15567.90
  Avg Only non-persistent count: 8836.64
  Avg Persistent bytes read: 30531398.56
  Avg Non-persistent bytes read: 25377947.84
  Avg Persistent ratio: 0.50
  Avg Non-persistent ratio: 0.50
  Avg Connection 2 duration: 0.410966 sec
  Avg Throughput Persistent: 589.32 Mbps
  Avg Throughput Non-Persistent: 493.63 Mbps
  Avg Persistent packets: 21543.24
  Avg Non-Persistent packets: 17785.78

Summary for Connections 6451 to 6500:
  Avg Non-persistent count: 12811.80
  Avg Persistent count: 12583.86
  Avg Total when both present: 25395.66
  Avg Only persistent count: 15461.16
  Avg Only non-persistent count: 8805.82
  Avg Persistent bytes read: 30536524.48
  Avg Non-persistent bytes read: 25379673.44
  Avg Persistent ratio: 0.50
  Avg Non-persistent ratio: 0.50
  Avg Connection 2 duration: 0.410870 sec
  Avg Throughput Persistent: 588.20 Mbps
  Avg Throughput Non-Persistent: 500.26 Mbps
  Avg Persistent packets: 21601.30
  Avg Non-Persistent packets: 17797.12

Summary for Connections 6501 to 6550:
  Avg Non-persistent count: 12767.20
  Avg Persistent count: 12479.90
  Avg Total when both present: 25247.10
  Avg Only persistent count: 14833.04
  Avg Only non-persistent count: 8411.42
  Avg Persistent bytes read: 30519467.04
  Avg Non-persistent bytes read: 25378539.68
  Avg Persistent ratio: 0.49
  Avg Non-persistent ratio: 0.51
  Avg Connection 2 duration: 0.411060 sec
  Avg Throughput Persistent: 596.95 Mbps
  Avg Throughput Non-Persistent: 489.36 Mbps
  Avg Persistent packets: 21920.78
  Avg Non-Persistent packets: 18013.02

Summary for Connections 6551 to 6600:
  Avg Non-persistent count: 12799.50
  Avg Persistent count: 12674.68
  Avg Total when both present: 25474.18
  Avg Only persistent count: 15754.86
  Avg Only non-persistent count: 9123.20
  Avg Persistent bytes read: 30314690.88
  Avg Non-persistent bytes read: 25376938.40
  Avg Persistent ratio: 0.50
  Avg Non-persistent ratio: 0.50
  Avg Connection 2 duration: 0.409866 sec
  Avg Throughput Persistent: 587.44 Mbps
  Avg Throughput Non-Persistent: 495.38 Mbps
  Avg Persistent packets: 21176.58
  Avg Non-Persistent packets: 17676.64

Summary for Connections 6601 to 6650:
  Avg Non-persistent count: 12834.36
  Avg Persistent count: 12570.50
  Avg Total when both present: 25404.86
  Avg Only persistent count: 15219.86
  Avg Only non-persistent count: 8562.46
  Avg Persistent bytes read: 30581991.68
  Avg Non-persistent bytes read: 25374483.04
  Avg Persistent ratio: 0.49
  Avg Non-persistent ratio: 0.51
  Avg Connection 2 duration: 0.411527 sec
  Avg Throughput Persistent: 601.10 Mbps
  Avg Throughput Non-Persistent: 494.35 Mbps
  Avg Persistent packets: 21751.76
  Avg Non-Persistent packets: 17875.16

Summary for Connections 6651 to 6700:
  Avg Non-persistent count: 12787.70
  Avg Persistent count: 12629.70
  Avg Total when both present: 25417.40
  Avg Only persistent count: 15487.96
  Avg Only non-persistent count: 8885.82
  Avg Persistent bytes read: 30413676.16
  Avg Non-persistent bytes read: 25379451.52
  Avg Persistent ratio: 0.50
  Avg Non-persistent ratio: 0.50
  Avg Connection 2 duration: 0.410169 sec
  Avg Throughput Persistent: 589.13 Mbps
  Avg Throughput Non-Persistent: 493.60 Mbps
  Avg Persistent packets: 21425.12
  Avg Non-Persistent packets: 17775.52

Summary for Connections 6701 to 6750:
  Avg Non-persistent count: 12785.92
  Avg Persistent count: 12583.42
  Avg Total when both present: 25369.34
  Avg Only persistent count: 15417.54
  Avg Only non-persistent count: 8824.34
  Avg Persistent bytes read: 30411909.60
  Avg Non-persistent bytes read: 25377653.28
  Avg Persistent ratio: 0.49
  Avg Non-persistent ratio: 0.51
  Avg Connection 2 duration: 0.410291 sec
  Avg Throughput Persistent: 594.63 Mbps
  Avg Throughput Non-Persistent: 489.80 Mbps
  Avg Persistent packets: 21478.02
  Avg Non-Persistent packets: 17811.78

Summary for Connections 6751 to 6800:
  Avg Non-persistent count: 12771.82
  Avg Persistent count: 12569.72
  Avg Total when both present: 25341.54
  Avg Only persistent count: 15242.96
  Avg Only non-persistent count: 8712.94
  Avg Persistent bytes read: 30443504.96
  Avg Non-persistent bytes read: 25380202.40
  Avg Persistent ratio: 0.50
  Avg Non-persistent ratio: 0.50
  Avg Connection 2 duration: 0.410343 sec
  Avg Throughput Persistent: 595.21 Mbps
  Avg Throughput Non-Persistent: 495.62 Mbps
  Avg Persistent packets: 21614.10
  Avg Non-Persistent packets: 17874.44

Summary for Connections 6801 to 6850:
  Avg Non-persistent count: 12762.70
  Avg Persistent count: 12665.70
  Avg Total when both present: 25428.40
  Avg Only persistent count: 15662.68
  Avg Only non-persistent count: 9128.46
  Avg Persistent bytes read: 30276434.72
  Avg Non-persistent bytes read: 25375515.84
  Avg Persistent ratio: 0.50
  Avg Non-persistent ratio: 0.50
  Avg Connection 2 duration: 0.409384 sec
  Avg Throughput Persistent: 590.14 Mbps
  Avg Throughput Non-Persistent: 493.17 Mbps
  Avg Persistent packets: 21194.74
  Avg Non-Persistent packets: 17689.84

Summary for Connections 6851 to 6900:
  Avg Non-persistent count: 12792.80
  Avg Persistent count: 12520.66
  Avg Total when both present: 25313.46
  Avg Only persistent count: 15384.66
  Avg Only non-persistent count: 8684.02
  Avg Persistent bytes read: 30593459.84
  Avg Non-persistent bytes read: 25376578.88
  Avg Persistent ratio: 0.50
  Avg Non-persistent ratio: 0.50
  Avg Connection 2 duration: 0.410957 sec
  Avg Throughput Persistent: 594.01 Mbps
  Avg Throughput Non-Persistent: 491.93 Mbps
  Avg Persistent packets: 21724.74
  Avg Non-Persistent packets: 17868.82

Summary for Connections 6901 to 6938:
  Avg Non-persistent count: 12573.21
  Avg Persistent count: 12295.00
  Avg Total when both present: 24868.21
  Avg Only persistent count: 15147.95
  Avg Only non-persistent count: 9101.03
  Avg Persistent bytes read: 30092479.79
  Avg Non-persistent bytes read: 25374450.95
  Avg Persistent ratio: 0.49
  Avg Non-persistent ratio: 0.51
  Avg Connection 2 duration: 0.407260 sec
  Avg Throughput Persistent: 473.16 Mbps
  Avg Throughput Non-Persistent: 672.93 Mbps
  Avg Persistent packets: 21385.87
  Avg Non-Persistent packets: 17878.63


Overall Statistics (Averaged):
Average events when both were present: 25841.47
Average Persistent count: 12857.97
Average Non-Persistent count: 12983.50
Average Persistent Ratio: 0.50
Average Non-Persistent Ratio: 0.50
Rejected connections: 0
Average Only Persistent count: 17923.80
Average Only Non Persistent count: 8633.40
Average persistent bytes per connection: 32316837.82
Average non-persistent bytes per connection: 25377382.35
Average persistent packets per connection: 22654.73
Average non-persistent packets per connection: 17713.50
Total persistent duration: 3600.007901 sec
Total non-persistent duration: 2918.183196 sec
Average Throughput Persistent: 498.25 Mbps
Average Throughput Non-Persistent: 482.68 Mbps
