Summary for Connections 1 to 50:
  Avg Non-persistent count: 40467.94
  Avg Persistent count: 40468.84
  Avg Total when both present: 80936.78
  Avg Only persistent count: 47836.20
  Avg Only non-persistent count: 24891.98
  Avg Persistent bytes read: 93791794.88
  Avg Non-persistent bytes read: 76626026.96
  Avg Persistent ratio: 0.50
  Avg Non-persistent ratio: 0.50
  Avg Connection 2 duration: 1.303551 sec
  Avg Throughput Persistent: 543.06 Mbps
  Avg Throughput Non-Persistent: 469.49 Mbps
  Avg Persistent packets: 64933.94
  Avg Non-Persistent packets: 52920.76

Summary for Connections 51 to 100:
  Avg Non-persistent count: 40476.60
  Avg Persistent count: 40477.66
  Avg Total when both present: 80954.26
  Avg Only persistent count: 41117.12
  Avg Only non-persistent count: 24892.96
  Avg Persistent bytes read: 88389597.92
  Avg Non-persistent bytes read: 76639603.44
  Avg Persistent ratio: 0.50
  Avg Non-persistent ratio: 0.50
  Avg Connection 2 duration: 1.303564 sec
  Avg Throughput Persistent: 542.36 Mbps
  Avg Throughput Non-Persistent: 470.39 Mbps
  Avg Persistent packets: 61045.14
  Avg Non-Persistent packets: 52930.04

Summary for Connections 101 to 150:
  Avg Non-persistent count: 40408.84
  Avg Persistent count: 40415.26
  Avg Total when both present: 80824.10
  Avg Only persistent count: 41014.00
  Avg Only non-persistent count: 24925.16
  Avg Persistent bytes read: 88221774.72
  Avg Non-persistent bytes read: 76569611.04
  Avg Persistent ratio: 0.50
  Avg Non-persistent ratio: 0.50
  Avg Connection 2 duration: 1.302217 sec
  Avg Throughput Persistent: 542.15 Mbps
  Avg Throughput Non-Persistent: 470.17 Mbps
  Avg Persistent packets: 60930.54
  Avg Non-Persistent packets: 52882.74

Summary for Connections 151 to 200:
  Avg Non-persistent count: 40435.84
  Avg Persistent count: 40438.68
  Avg Total when both present: 80874.52
  Avg Only persistent count: 40948.32
  Avg Only non-persistent count: 24865.86
  Avg Persistent bytes read: 88209321.92
  Avg Non-persistent bytes read: 76562133.60
  Avg Persistent ratio: 0.50
  Avg Non-persistent ratio: 0.50
  Avg Connection 2 duration: 1.302109 sec
  Avg Throughput Persistent: 541.64 Mbps
  Avg Throughput Non-Persistent: 470.96 Mbps
  Avg Persistent packets: 60920.48
  Avg Non-Persistent packets: 52876.16

Summary for Connections 201 to 250:
  Avg Non-persistent count: 40438.58
  Avg Persistent count: 40436.12
  Avg Total when both present: 80874.70
  Avg Only persistent count: 41088.94
  Avg Only non-persistent count: 24906.36
  Avg Persistent bytes read: 88312796.00
  Avg Non-persistent bytes read: 76592018.00
  Avg Persistent ratio: 0.50
  Avg Non-persistent ratio: 0.50
  Avg Connection 2 duration: 1.302839 sec
  Avg Throughput Persistent: 542.13 Mbps
  Avg Throughput Non-Persistent: 470.17 Mbps
  Avg Persistent packets: 60993.10
  Avg Non-Persistent packets: 52897.38

Summary for Connections 251 to 300:
  Avg Non-persistent count: 40458.02
  Avg Persistent count: 40458.88
  Avg Total when both present: 80916.90
  Avg Only persistent count: 41070.10
  Avg Only non-persistent count: 24892.82
  Avg Persistent bytes read: 88328144.80
  Avg Non-persistent bytes read: 76611505.20
  Avg Persistent ratio: 0.50
  Avg Non-persistent ratio: 0.50
  Avg Connection 2 duration: 1.303008 sec
  Avg Throughput Persistent: 541.09 Mbps
  Avg Throughput Non-Persistent: 471.55 Mbps
  Avg Persistent packets: 61002.36
  Avg Non-Persistent packets: 52909.86

Summary for Connections 301 to 350:
  Avg Non-persistent count: 40434.20
  Avg Persistent count: 40437.98
  Avg Total when both present: 80872.18
  Avg Only persistent count: 41093.82
  Avg Only non-persistent count: 24907.84
  Avg Persistent bytes read: 88313404.16
  Avg Non-persistent bytes read: 76589616.40
  Avg Persistent ratio: 0.50
  Avg Non-persistent ratio: 0.50
  Avg Connection 2 duration: 1.302944 sec
  Avg Throughput Persistent: 543.51 Mbps
  Avg Throughput Non-Persistent: 469.06 Mbps
  Avg Persistent packets: 60992.50
  Avg Non-Persistent packets: 52895.24

Summary for Connections 351 to 400:
  Avg Non-persistent count: 40436.66
  Avg Persistent count: 40438.44
  Avg Total when both present: 80875.10
  Avg Only persistent count: 40981.10
  Avg Only non-persistent count: 24866.48
  Avg Persistent bytes read: 88233764.16
  Avg Non-persistent bytes read: 76563195.36
  Avg Persistent ratio: 0.50
  Avg Non-persistent ratio: 0.50
  Avg Connection 2 duration: 1.302278 sec
  Avg Throughput Persistent: 543.32 Mbps
  Avg Throughput Non-Persistent: 469.09 Mbps
  Avg Persistent packets: 60937.68
  Avg Non-Persistent packets: 52877.20

Summary for Connections 401 to 450:
  Avg Non-persistent count: 40434.54
  Avg Persistent count: 40434.70
  Avg Total when both present: 80869.24
  Avg Only persistent count: 41037.14
  Avg Only non-persistent count: 24922.38
  Avg Persistent bytes read: 88270485.44
  Avg Non-persistent bytes read: 76599308.88
  Avg Persistent ratio: 0.50
  Avg Non-persistent ratio: 0.50
  Avg Connection 2 duration: 1.302654 sec
  Avg Throughput Persistent: 541.49 Mbps
  Avg Throughput Non-Persistent: 470.91 Mbps
  Avg Persistent packets: 60963.02
  Avg Non-Persistent packets: 52902.24

Summary for Connections 451 to 500:
  Avg Non-persistent count: 40437.02
  Avg Persistent count: 40438.08
  Avg Total when both present: 80875.10
  Avg Only persistent count: 41059.70
  Avg Only non-persistent count: 24922.06
  Avg Persistent bytes read: 88290120.32
  Avg Non-persistent bytes read: 76601903.28
  Avg Persistent ratio: 0.50
  Avg Non-persistent ratio: 0.50
  Avg Connection 2 duration: 1.302805 sec
  Avg Throughput Persistent: 542.48 Mbps
  Avg Throughput Non-Persistent: 470.33 Mbps
  Avg Persistent packets: 60975.94
  Avg Non-Persistent packets: 52903.30

Summary for Connections 501 to 550:
  Avg Non-persistent count: 40473.64
  Avg Persistent count: 40472.86
  Avg Total when both present: 80946.50
  Avg Only persistent count: 40998.08
  Avg Only non-persistent count: 24838.34
  Avg Persistent bytes read: 88298692.48
  Avg Non-persistent bytes read: 76594781.60
  Avg Persistent ratio: 0.50
  Avg Non-persistent ratio: 0.50
  Avg Connection 2 duration: 1.302740 sec
  Avg Throughput Persistent: 542.53 Mbps
  Avg Throughput Non-Persistent: 470.71 Mbps
  Avg Persistent packets: 60982.30
  Avg Non-Persistent packets: 52898.72

Summary for Connections 551 to 600:
  Avg Non-persistent count: 40437.20
  Avg Persistent count: 40439.40
  Avg Total when both present: 80876.60
  Avg Only persistent count: 41063.60
  Avg Only non-persistent count: 24894.20
  Avg Persistent bytes read: 88294319.52
  Avg Non-persistent bytes read: 76583771.20
  Avg Persistent ratio: 0.50
  Avg Non-persistent ratio: 0.50
  Avg Connection 2 duration: 1.302710 sec
  Avg Throughput Persistent: 542.15 Mbps
  Avg Throughput Non-Persistent: 470.36 Mbps
  Avg Persistent packets: 60978.82
  Avg Non-Persistent packets: 52891.04

Summary for Connections 601 to 650:
  Avg Non-persistent count: 40429.06
  Avg Persistent count: 40435.78
  Avg Total when both present: 80864.84
  Avg Only persistent count: 40985.16
  Avg Only non-persistent count: 24868.68
  Avg Persistent bytes read: 88229854.56
  Avg Non-persistent bytes read: 76557482.40
  Avg Persistent ratio: 0.50
  Avg Non-persistent ratio: 0.50
  Avg Connection 2 duration: 1.302216 sec
  Avg Throughput Persistent: 541.77 Mbps
  Avg Throughput Non-Persistent: 470.48 Mbps
  Avg Persistent packets: 60935.48
  Avg Non-Persistent packets: 52873.34

Summary for Connections 651 to 700:
  Avg Non-persistent count: 40400.78
  Avg Persistent count: 40399.56
  Avg Total when both present: 80800.34
  Avg Only persistent count: 41094.92
  Avg Only non-persistent count: 24958.76
  Avg Persistent bytes read: 88262029.12
  Avg Non-persistent bytes read: 76575762.96
  Avg Persistent ratio: 0.50
  Avg Non-persistent ratio: 0.50
  Avg Connection 2 duration: 1.302460 sec
  Avg Throughput Persistent: 543.19 Mbps
  Avg Throughput Non-Persistent: 469.74 Mbps
  Avg Persistent packets: 60956.92
  Avg Non-Persistent packets: 52885.66

Summary for Connections 701 to 750:
  Avg Non-persistent count: 40409.86
  Avg Persistent count: 40414.70
  Avg Total when both present: 80824.56
  Avg Only persistent count: 41040.38
  Avg Only non-persistent count: 24912.08
  Avg Persistent bytes read: 88240453.92
  Avg Non-persistent bytes read: 76559582.80
  Avg Persistent ratio: 0.50
  Avg Non-persistent ratio: 0.50
  Avg Connection 2 duration: 1.302274 sec
  Avg Throughput Persistent: 541.69 Mbps
  Avg Throughput Non-Persistent: 470.88 Mbps
  Avg Persistent packets: 60941.80
  Avg Non-Persistent packets: 52874.08

Summary for Connections 751 to 800:
  Avg Non-persistent count: 40426.86
  Avg Persistent count: 40427.74
  Avg Total when both present: 80854.60
  Avg Only persistent count: 41011.74
  Avg Only non-persistent count: 24887.04
  Avg Persistent bytes read: 88241091.04
  Avg Non-persistent bytes read: 76562411.36
  Avg Persistent ratio: 0.50
  Avg Non-persistent ratio: 0.50
  Avg Connection 2 duration: 1.302297 sec
  Avg Throughput Persistent: 542.25 Mbps
  Avg Throughput Non-Persistent: 469.99 Mbps
  Avg Persistent packets: 60942.54
  Avg Non-Persistent packets: 52876.30

Summary for Connections 801 to 850:
  Avg Non-persistent count: 40420.58
  Avg Persistent count: 40418.64
  Avg Total when both present: 80839.22
  Avg Only persistent count: 41146.18
  Avg Only non-persistent count: 24949.62
  Avg Persistent bytes read: 88327797.28
  Avg Non-persistent bytes read: 76597473.44
  Avg Persistent ratio: 0.50
  Avg Non-persistent ratio: 0.50
  Avg Connection 2 duration: 1.302971 sec
  Avg Throughput Persistent: 541.74 Mbps
  Avg Throughput Non-Persistent: 470.54 Mbps
  Avg Persistent packets: 61003.16
  Avg Non-Persistent packets: 52900.84

Summary for Connections 851 to 900:
  Avg Non-persistent count: 40473.56
  Avg Persistent count: 40473.24
  Avg Total when both present: 80946.80
  Avg Only persistent count: 41086.96
  Avg Only non-persistent count: 24859.36
  Avg Persistent bytes read: 88362925.76
  Avg Non-persistent bytes read: 76609544.80
  Avg Persistent ratio: 0.50
  Avg Non-persistent ratio: 0.50
  Avg Connection 2 duration: 1.303224 sec
  Avg Throughput Persistent: 542.52 Mbps
  Avg Throughput Non-Persistent: 470.31 Mbps
  Avg Persistent packets: 61026.50
  Avg Non-Persistent packets: 52908.74

Summary for Connections 901 to 950:
  Avg Non-persistent count: 40447.72
  Avg Persistent count: 40448.92
  Avg Total when both present: 80896.64
  Avg Only persistent count: 41013.64
  Avg Only non-persistent count: 24887.06
  Avg Persistent bytes read: 88272223.04
  Avg Non-persistent bytes read: 76592629.28
  Avg Persistent ratio: 0.50
  Avg Non-persistent ratio: 0.50
  Avg Connection 2 duration: 1.302587 sec
  Avg Throughput Persistent: 541.69 Mbps
  Avg Throughput Non-Persistent: 470.95 Mbps
  Avg Persistent packets: 60963.74
  Avg Non-Persistent packets: 52896.92

Summary for Connections 951 to 1000:
  Avg Non-persistent count: 40389.22
  Avg Persistent count: 40390.32
  Avg Total when both present: 80779.54
  Avg Only persistent count: 41110.64
  Avg Only non-persistent count: 24965.12
  Avg Persistent bytes read: 88258409.12
  Avg Non-persistent bytes read: 76564363.28
  Avg Persistent ratio: 0.50
  Avg Non-persistent ratio: 0.50
  Avg Connection 2 duration: 1.302405 sec
  Avg Throughput Persistent: 542.74 Mbps
  Avg Throughput Non-Persistent: 469.44 Mbps
  Avg Persistent packets: 60954.08
  Avg Non-Persistent packets: 52877.42

Summary for Connections 1001 to 1050:
  Avg Non-persistent count: 40403.74
  Avg Persistent count: 40405.44
  Avg Total when both present: 80809.18
  Avg Only persistent count: 41110.00
  Avg Only non-persistent count: 24940.26
  Avg Persistent bytes read: 88279231.36
  Avg Non-persistent bytes read: 76567266.72
  Avg Persistent ratio: 0.50
  Avg Non-persistent ratio: 0.50
  Avg Connection 2 duration: 1.302549 sec
  Avg Throughput Persistent: 542.88 Mbps
  Avg Throughput Non-Persistent: 470.16 Mbps
  Avg Persistent packets: 60968.90
  Avg Non-Persistent packets: 52879.44

Summary for Connections 1051 to 1100:
  Avg Non-persistent count: 40471.54
  Avg Persistent count: 40477.30
  Avg Total when both present: 80948.84
  Avg Only persistent count: 40940.64
  Avg Only non-persistent count: 24794.48
  Avg Persistent bytes read: 88259828.16
  Avg Non-persistent bytes read: 76565253.60
  Avg Persistent ratio: 0.50
  Avg Non-persistent ratio: 0.50
  Avg Connection 2 duration: 1.302448 sec
  Avg Throughput Persistent: 542.60 Mbps
  Avg Throughput Non-Persistent: 470.52 Mbps
  Avg Persistent packets: 60956.48
  Avg Non-Persistent packets: 52879.12

Summary for Connections 1101 to 1150:
  Avg Non-persistent count: 40425.48
  Avg Persistent count: 40427.00
  Avg Total when both present: 80852.48
  Avg Only persistent count: 41056.78
  Avg Only non-persistent count: 24888.26
  Avg Persistent bytes read: 88272599.52
  Avg Non-persistent bytes read: 76562676.56
  Avg Persistent ratio: 0.50
  Avg Non-persistent ratio: 0.50
  Avg Connection 2 duration: 1.302596 sec
  Avg Throughput Persistent: 542.34 Mbps
  Avg Throughput Non-Persistent: 470.53 Mbps
  Avg Persistent packets: 60964.36
  Avg Non-Persistent packets: 52876.84

Summary for Connections 1151 to 1200:
  Avg Non-persistent count: 40446.72
  Avg Persistent count: 40434.68
  Avg Total when both present: 80881.40
  Avg Only persistent count: 41143.20
  Avg Only non-persistent count: 24882.78
  Avg Persistent bytes read: 88379230.24
  Avg Non-persistent bytes read: 76601605.84
  Avg Persistent ratio: 0.50
  Avg Non-persistent ratio: 0.50
  Avg Connection 2 duration: 1.303493 sec
  Avg Throughput Persistent: 542.49 Mbps
  Avg Throughput Non-Persistent: 470.74 Mbps
  Avg Persistent packets: 61045.28
  Avg Non-Persistent packets: 52909.48

Summary for Connections 1201 to 1250:
  Avg Non-persistent count: 40473.06
  Avg Persistent count: 40476.08
  Avg Total when both present: 80949.14
  Avg Only persistent count: 41034.82
  Avg Only non-persistent count: 24830.48
  Avg Persistent bytes read: 88325741.12
  Avg Non-persistent bytes read: 76590280.80
  Avg Persistent ratio: 0.50
  Avg Non-persistent ratio: 0.50
  Avg Connection 2 duration: 1.302934 sec
  Avg Throughput Persistent: 541.63 Mbps
  Avg Throughput Non-Persistent: 470.31 Mbps
  Avg Persistent packets: 61000.90
  Avg Non-Persistent packets: 52895.70

Summary for Connections 1251 to 1300:
  Avg Non-persistent count: 40421.98
  Avg Persistent count: 40421.94
  Avg Total when both present: 80843.92
  Avg Only persistent count: 41158.98
  Avg Only non-persistent count: 24957.48
  Avg Persistent bytes read: 88341205.76
  Avg Non-persistent bytes read: 76606256.80
  Avg Persistent ratio: 0.50
  Avg Non-persistent ratio: 0.50
  Avg Connection 2 duration: 1.303053 sec
  Avg Throughput Persistent: 541.25 Mbps
  Avg Throughput Non-Persistent: 470.97 Mbps
  Avg Persistent packets: 61012.22
  Avg Non-Persistent packets: 52906.86

Summary for Connections 1301 to 1350:
  Avg Non-persistent count: 40415.14
  Avg Persistent count: 40414.84
  Avg Total when both present: 80829.98
  Avg Only persistent count: 41162.00
  Avg Only non-persistent count: 24917.40
  Avg Persistent bytes read: 88332112.32
  Avg Non-persistent bytes read: 76566781.04
  Avg Persistent ratio: 0.50
  Avg Non-persistent ratio: 0.50
  Avg Connection 2 duration: 1.302963 sec
  Avg Throughput Persistent: 543.88 Mbps
  Avg Throughput Non-Persistent: 469.21 Mbps
  Avg Persistent packets: 61004.94
  Avg Non-Persistent packets: 52878.74

Summary for Connections 1351 to 1400:
  Avg Non-persistent count: 40404.52
  Avg Persistent count: 40401.24
  Avg Total when both present: 80805.76
  Avg Only persistent count: 41032.60
  Avg Only non-persistent count: 24935.24
  Avg Persistent bytes read: 88220790.08
  Avg Non-persistent bytes read: 76562498.24
  Avg Persistent ratio: 0.50
  Avg Non-persistent ratio: 0.50
  Avg Connection 2 duration: 1.302129 sec
  Avg Throughput Persistent: 541.74 Mbps
  Avg Throughput Non-Persistent: 470.55 Mbps
  Avg Persistent packets: 60928.30
  Avg Non-Persistent packets: 52876.70

Summary for Connections 1401 to 1450:
  Avg Non-persistent count: 40448.80
  Avg Persistent count: 40447.92
  Avg Total when both present: 80896.72
  Avg Only persistent count: 40996.60
  Avg Only non-persistent count: 24847.02
  Avg Persistent bytes read: 88262087.04
  Avg Non-persistent bytes read: 76564403.44
  Avg Persistent ratio: 0.50
  Avg Non-persistent ratio: 0.50
  Avg Connection 2 duration: 1.302527 sec
  Avg Throughput Persistent: 542.47 Mbps
  Avg Throughput Non-Persistent: 469.87 Mbps
  Avg Persistent packets: 60957.30
  Avg Non-Persistent packets: 52877.66

Summary for Connections 1451 to 1500:
  Avg Non-persistent count: 40450.64
  Avg Persistent count: 40449.54
  Avg Total when both present: 80900.18
  Avg Only persistent count: 40993.38
  Avg Only non-persistent count: 24830.64
  Avg Persistent bytes read: 88261363.04
  Avg Non-persistent bytes read: 76555838.08
  Avg Persistent ratio: 0.50
  Avg Non-persistent ratio: 0.50
  Avg Connection 2 duration: 1.302424 sec
  Avg Throughput Persistent: 542.38 Mbps
  Avg Throughput Non-Persistent: 469.84 Mbps
  Avg Persistent packets: 60956.10
  Avg Non-Persistent packets: 52871.94

Summary for Connections 1501 to 1550:
  Avg Non-persistent count: 40412.36
  Avg Persistent count: 40411.52
  Avg Total when both present: 80823.88
  Avg Only persistent count: 41191.68
  Avg Only non-persistent count: 24957.76
  Avg Persistent bytes read: 88348272.00
  Avg Non-persistent bytes read: 76590911.12
  Avg Persistent ratio: 0.50
  Avg Non-persistent ratio: 0.50
  Avg Connection 2 duration: 1.303223 sec
  Avg Throughput Persistent: 540.91 Mbps
  Avg Throughput Non-Persistent: 471.07 Mbps
  Avg Persistent packets: 61015.98
  Avg Non-Persistent packets: 52895.68

Summary for Connections 1551 to 1600:
  Avg Non-persistent count: 40465.30
  Avg Persistent count: 40465.26
  Avg Total when both present: 80930.56
  Avg Only persistent count: 41133.66
  Avg Only non-persistent count: 24887.72
  Avg Persistent bytes read: 88383429.44
  Avg Non-persistent bytes read: 76617177.84
  Avg Persistent ratio: 0.50
  Avg Non-persistent ratio: 0.50
  Avg Connection 2 duration: 1.303502 sec
  Avg Throughput Persistent: 541.67 Mbps
  Avg Throughput Non-Persistent: 470.70 Mbps
  Avg Persistent packets: 61040.56
  Avg Non-Persistent packets: 52914.02

Summary for Connections 1601 to 1650:
  Avg Non-persistent count: 40432.84
  Avg Persistent count: 40433.02
  Avg Total when both present: 80865.86
  Avg Only persistent count: 41103.68
  Avg Only non-persistent count: 24914.42
  Avg Persistent bytes read: 88313925.44
  Avg Non-persistent bytes read: 76589642.88
  Avg Persistent ratio: 0.50
  Avg Non-persistent ratio: 0.50
  Avg Connection 2 duration: 1.302955 sec
  Avg Throughput Persistent: 543.35 Mbps
  Avg Throughput Non-Persistent: 469.39 Mbps
  Avg Persistent packets: 60992.42
  Avg Non-Persistent packets: 52895.02

Summary for Connections 1651 to 1700:
  Avg Non-persistent count: 40446.50
  Avg Persistent count: 40446.28
  Avg Total when both present: 80892.78
  Avg Only persistent count: 41016.74
  Avg Only non-persistent count: 24857.94
  Avg Persistent bytes read: 88271556.96
  Avg Non-persistent bytes read: 76568926.56
  Avg Persistent ratio: 0.50
  Avg Non-persistent ratio: 0.50
  Avg Connection 2 duration: 1.302526 sec
  Avg Throughput Persistent: 542.28 Mbps
  Avg Throughput Non-Persistent: 470.16 Mbps
  Avg Persistent packets: 60963.12
  Avg Non-Persistent packets: 52880.24

Summary for Connections 1701 to 1750:
  Avg Non-persistent count: 40388.36
  Avg Persistent count: 40391.96
  Avg Total when both present: 80780.32
  Avg Only persistent count: 41157.58
  Avg Only non-persistent count: 24975.22
  Avg Persistent bytes read: 88294667.04
  Avg Non-persistent bytes read: 76573910.16
  Avg Persistent ratio: 0.50
  Avg Non-persistent ratio: 0.50
  Avg Connection 2 duration: 1.302734 sec
  Avg Throughput Persistent: 541.91 Mbps
  Avg Throughput Non-Persistent: 470.49 Mbps
  Avg Persistent packets: 60980.00
  Avg Non-Persistent packets: 52884.68

Summary for Connections 1751 to 1800:
  Avg Non-persistent count: 40418.84
  Avg Persistent count: 40421.08
  Avg Total when both present: 80839.92
  Avg Only persistent count: 41001.58
  Avg Only non-persistent count: 24902.08
  Avg Persistent bytes read: 88225626.40
  Avg Non-persistent bytes read: 76563284.96
  Avg Persistent ratio: 0.50
  Avg Non-persistent ratio: 0.50
  Avg Connection 2 duration: 1.302204 sec
  Avg Throughput Persistent: 541.98 Mbps
  Avg Throughput Non-Persistent: 470.40 Mbps
  Avg Persistent packets: 60932.64
  Avg Non-Persistent packets: 52876.54

Summary for Connections 1801 to 1850:
  Avg Non-persistent count: 40425.60
  Avg Persistent count: 40441.24
  Avg Total when both present: 80866.84
  Avg Only persistent count: 41051.72
  Avg Only non-persistent count: 24879.52
  Avg Persistent bytes read: 88285168.16
  Avg Non-persistent bytes read: 76571596.88
  Avg Persistent ratio: 0.50
  Avg Non-persistent ratio: 0.50
  Avg Connection 2 duration: 1.302822 sec
  Avg Throughput Persistent: 541.12 Mbps
  Avg Throughput Non-Persistent: 471.62 Mbps
  Avg Persistent packets: 60978.52
  Avg Non-Persistent packets: 52887.48

Summary for Connections 1851 to 1900:
  Avg Non-persistent count: 40453.32
  Avg Persistent count: 40458.02
  Avg Total when both present: 80911.34
  Avg Only persistent count: 41124.22
  Avg Only non-persistent count: 24888.66
  Avg Persistent bytes read: 88363562.88
  Avg Non-persistent bytes read: 76605218.80
  Avg Persistent ratio: 0.50
  Avg Non-persistent ratio: 0.50
  Avg Connection 2 duration: 1.303417 sec
  Avg Throughput Persistent: 543.25 Mbps
  Avg Throughput Non-Persistent: 469.72 Mbps
  Avg Persistent packets: 61027.86
  Avg Non-Persistent packets: 52906.76

Summary for Connections 1901 to 1950:
  Avg Non-persistent count: 40477.28
  Avg Persistent count: 40479.94
  Avg Total when both present: 80957.22
  Avg Only persistent count: 41102.72
  Avg Only non-persistent count: 24882.34
  Avg Persistent bytes read: 88381807.68
  Avg Non-persistent bytes read: 76633797.76
  Avg Persistent ratio: 0.50
  Avg Non-persistent ratio: 0.50
  Avg Connection 2 duration: 1.303415 sec
  Avg Throughput Persistent: 542.53 Mbps
  Avg Throughput Non-Persistent: 470.43 Mbps
  Avg Persistent packets: 61040.38
  Avg Non-Persistent packets: 52926.04

Summary for Connections 1951 to 2000:
  Avg Non-persistent count: 40434.72
  Avg Persistent count: 40435.94
  Avg Total when both present: 80870.66
  Avg Only persistent count: 41112.22
  Avg Only non-persistent count: 24901.82
  Avg Persistent bytes read: 88325335.68
  Avg Non-persistent bytes read: 76585000.16
  Avg Persistent ratio: 0.50
  Avg Non-persistent ratio: 0.50
  Avg Connection 2 duration: 1.302942 sec
  Avg Throughput Persistent: 541.93 Mbps
  Avg Throughput Non-Persistent: 470.39 Mbps
  Avg Persistent packets: 61001.14
  Avg Non-Persistent packets: 52892.46

Summary for Connections 2001 to 2050:
  Avg Non-persistent count: 40458.72
  Avg Persistent count: 40461.46
  Avg Total when both present: 80920.18
  Avg Only persistent count: 41126.22
  Avg Only non-persistent count: 24885.36
  Avg Persistent bytes read: 88422583.36
  Avg Non-persistent bytes read: 76623231.76
  Avg Persistent ratio: 0.50
  Avg Non-persistent ratio: 0.50
  Avg Connection 2 duration: 1.303874 sec
  Avg Throughput Persistent: 542.51 Mbps
  Avg Throughput Non-Persistent: 469.70 Mbps
  Avg Persistent packets: 61081.06
  Avg Non-Persistent packets: 52922.88

Summary for Connections 2051 to 2100:
  Avg Non-persistent count: 40420.82
  Avg Persistent count: 40418.16
  Avg Total when both present: 80838.98
  Avg Only persistent count: 41116.94
  Avg Only non-persistent count: 24952.46
  Avg Persistent bytes read: 88306048.32
  Avg Non-persistent bytes read: 76599477.92
  Avg Persistent ratio: 0.50
  Avg Non-persistent ratio: 0.50
  Avg Connection 2 duration: 1.302880 sec
  Avg Throughput Persistent: 542.61 Mbps
  Avg Throughput Non-Persistent: 470.02 Mbps
  Avg Persistent packets: 60988.34
  Avg Non-Persistent packets: 52903.16

Summary for Connections 2101 to 2150:
  Avg Non-persistent count: 40450.24
  Avg Persistent count: 40452.52
  Avg Total when both present: 80902.76
  Avg Only persistent count: 41006.02
  Avg Only non-persistent count: 24870.90
  Avg Persistent bytes read: 88270137.92
  Avg Non-persistent bytes read: 76585230.64
  Avg Persistent ratio: 0.50
  Avg Non-persistent ratio: 0.50
  Avg Connection 2 duration: 1.302632 sec
  Avg Throughput Persistent: 542.40 Mbps
  Avg Throughput Non-Persistent: 470.35 Mbps
  Avg Persistent packets: 60962.40
  Avg Non-Persistent packets: 52891.72

Summary for Connections 2151 to 2200:
  Avg Non-persistent count: 40414.72
  Avg Persistent count: 40417.66
  Avg Total when both present: 80832.38
  Avg Only persistent count: 41237.96
  Avg Only non-persistent count: 25000.88
  Avg Persistent bytes read: 88387570.72
  Avg Non-persistent bytes read: 76628345.04
  Avg Persistent ratio: 0.50
  Avg Non-persistent ratio: 0.50
  Avg Connection 2 duration: 1.303609 sec
  Avg Throughput Persistent: 541.68 Mbps
  Avg Throughput Non-Persistent: 470.57 Mbps
  Avg Persistent packets: 61043.08
  Avg Non-Persistent packets: 52921.42

Summary for Connections 2201 to 2250:
  Avg Non-persistent count: 40459.28
  Avg Persistent count: 40462.98
  Avg Total when both present: 80922.26
  Avg Only persistent count: 41034.96
  Avg Only non-persistent count: 24880.18
  Avg Persistent bytes read: 88306222.08
  Avg Non-persistent bytes read: 76607357.52
  Avg Persistent ratio: 0.50
  Avg Non-persistent ratio: 0.50
  Avg Connection 2 duration: 1.302923 sec
  Avg Throughput Persistent: 542.42 Mbps
  Avg Throughput Non-Persistent: 470.30 Mbps
  Avg Persistent packets: 60987.68
  Avg Non-Persistent packets: 52908.12

Summary for Connections 2251 to 2300:
  Avg Non-persistent count: 40407.46
  Avg Persistent count: 40408.66
  Avg Total when both present: 80816.12
  Avg Only persistent count: 41139.82
  Avg Only non-persistent count: 24977.76
  Avg Persistent bytes read: 88305411.20
  Avg Non-persistent bytes read: 76600490.48
  Avg Persistent ratio: 0.50
  Avg Non-persistent ratio: 0.50
  Avg Connection 2 duration: 1.302909 sec
  Avg Throughput Persistent: 541.95 Mbps
  Avg Throughput Non-Persistent: 470.35 Mbps
  Avg Persistent packets: 60986.80
  Avg Non-Persistent packets: 52902.28

Summary for Connections 2301 to 2350:
  Avg Non-persistent count: 40420.48
  Avg Persistent count: 40416.68
  Avg Total when both present: 80837.16
  Avg Only persistent count: 41084.76
  Avg Only non-persistent count: 24903.52
  Avg Persistent bytes read: 88303210.24
  Avg Non-persistent bytes read: 76583372.24
  Avg Persistent ratio: 0.50
  Avg Non-persistent ratio: 0.50
  Avg Connection 2 duration: 1.302939 sec
  Avg Throughput Persistent: 541.11 Mbps
  Avg Throughput Non-Persistent: 471.23 Mbps
  Avg Persistent packets: 60992.74
  Avg Non-Persistent packets: 52897.78

Summary for Connections 2351 to 2400:
  Avg Non-persistent count: 40444.78
  Avg Persistent count: 40446.24
  Avg Total when both present: 80891.02
  Avg Only persistent count: 41075.22
  Avg Only non-persistent count: 24913.44
  Avg Persistent bytes read: 88312651.20
  Avg Non-persistent bytes read: 76607941.04
  Avg Persistent ratio: 0.50
  Avg Non-persistent ratio: 0.50
  Avg Connection 2 duration: 1.302962 sec
  Avg Throughput Persistent: 540.84 Mbps
  Avg Throughput Non-Persistent: 470.81 Mbps
  Avg Persistent packets: 60991.56
  Avg Non-Persistent packets: 52907.72

Summary for Connections 2401 to 2450:
  Avg Non-persistent count: 40512.20
  Avg Persistent count: 40509.22
  Avg Total when both present: 81021.42
  Avg Only persistent count: 41096.50
  Avg Only non-persistent count: 24831.98
  Avg Persistent bytes read: 88424176.16
  Avg Non-persistent bytes read: 76644106.08
  Avg Persistent ratio: 0.50
  Avg Non-persistent ratio: 0.50
  Avg Connection 2 duration: 1.303861 sec
  Avg Throughput Persistent: 542.64 Mbps
  Avg Throughput Non-Persistent: 470.35 Mbps
  Avg Persistent packets: 61069.56
  Avg Non-Persistent packets: 52933.06

Summary for Connections 2451 to 2500:
  Avg Non-persistent count: 40453.54
  Avg Persistent count: 40455.42
  Avg Total when both present: 80908.96
  Avg Only persistent count: 41088.50
  Avg Only non-persistent count: 24889.08
  Avg Persistent bytes read: 88335645.44
  Avg Non-persistent bytes read: 76603393.92
  Avg Persistent ratio: 0.50
  Avg Non-persistent ratio: 0.50
  Avg Connection 2 duration: 1.303003 sec
  Avg Throughput Persistent: 542.05 Mbps
  Avg Throughput Non-Persistent: 470.22 Mbps
  Avg Persistent packets: 61007.92
  Avg Non-Persistent packets: 52904.68

Summary for Connections 2501 to 2550:
  Avg Non-persistent count: 40435.22
  Avg Persistent count: 40437.12
  Avg Total when both present: 80872.34
  Avg Only persistent count: 41141.50
  Avg Only non-persistent count: 24870.68
  Avg Persistent bytes read: 88345028.48
  Avg Non-persistent bytes read: 76561412.64
  Avg Persistent ratio: 0.50
  Avg Non-persistent ratio: 0.50
  Avg Connection 2 duration: 1.303196 sec
  Avg Throughput Persistent: 549.38 Mbps
  Avg Throughput Non-Persistent: 463.12 Mbps
  Avg Persistent packets: 61014.04
  Avg Non-Persistent packets: 52875.46

Summary for Connections 2551 to 2568:
  Avg Non-persistent count: 38886.67
  Avg Persistent count: 38885.67
  Avg Total when both present: 77772.33
  Avg Only persistent count: 44081.67
  Avg Only non-persistent count: 28130.06
  Avg Persistent bytes read: 88201528.89
  Avg Non-persistent bytes read: 76646512.67
  Avg Persistent ratio: 0.50
  Avg Non-persistent ratio: 0.50
  Avg Connection 2 duration: 1.300868 sec
  Avg Throughput Persistent: 380.51 Mbps
  Avg Throughput Non-Persistent: 662.43 Mbps
  Avg Persistent packets: 60915.11
  Avg Non-Persistent packets: 52934.72


Overall Statistics (Averaged):
Average events when both were present: 80855.16
Average Persistent count: 40428.17
Average Non-Persistent count: 40426.99
Average Persistent Ratio: 0.50
Average Non-Persistent Ratio: 0.50
Rejected connections: 0
Average Only Persistent count: 41227.42
Average Only Non Persistent count: 24921.90
Average persistent bytes per connection: 88410198.13
Average non-persistent bytes per connection: 76589411.16
Average persistent packets per connection: 61063.12
Average non-persistent packets per connection: 52895.52
Total persistent duration: 3600.005968 sec
Total non-persistent duration: 3345.690689 sec
Average Throughput Persistent: 504.53 Mbps
Average Throughput Non-Persistent: 470.29 Mbps
