Summary for Connections 1 to 50:
  Avg Non-persistent count: 35656.08
  Avg Persistent count: 35956.94
  Avg Total when both present: 71613.02
  Avg Only persistent count: 24081.12
  Avg Only non-persistent count: 6117.70
  Avg Persistent bytes read: 94731856.96
  Avg Non-persistent bytes read: 76628393.44
  Avg Persistent ratio: 0.49
  Avg Non-persistent ratio: 0.51
  Avg Connection 2 duration: 1.324537 sec
  Avg Throughput Persistent: 548.50 Mbps
  Avg Throughput Non-Persistent: 463.92 Mbps
  Avg Persistent packets: 89809.56
  Avg Non-Persistent packets: 72419.82

Summary for Connections 51 to 100:
  Avg Non-persistent count: 35892.48
  Avg Persistent count: 35905.72
  Avg Total when both present: 71798.20
  Avg Only persistent count: 19159.00
  Avg Only non-persistent count: 5942.36
  Avg Persistent bytes read: 89921849.60
  Avg Non-persistent bytes read: 76595929.76
  Avg Persistent ratio: 0.49
  Avg Non-persistent ratio: 0.51
  Avg Connection 2 duration: 1.315825 sec
  Avg Throughput Persistent: 541.51 Mbps
  Avg Throughput Non-Persistent: 471.38 Mbps
  Avg Persistent packets: 85234.56
  Avg Non-Persistent packets: 72445.16

Summary for Connections 101 to 150:
  Avg Non-persistent count: 36625.74
  Avg Persistent count: 35953.24
  Avg Total when both present: 72578.98
  Avg Only persistent count: 16709.06
  Avg Only non-persistent count: 5188.98
  Avg Persistent bytes read: 88164777.92
  Avg Non-persistent bytes read: 76565367.36
  Avg Persistent ratio: 0.49
  Avg Non-persistent ratio: 0.51
  Avg Connection 2 duration: 1.301768 sec
  Avg Throughput Persistent: 542.50 Mbps
  Avg Throughput Non-Persistent: 470.03 Mbps
  Avg Persistent packets: 83631.96
  Avg Non-Persistent packets: 72501.68

Summary for Connections 151 to 200:
  Avg Non-persistent count: 36383.24
  Avg Persistent count: 36015.24
  Avg Total when both present: 72398.48
  Avg Only persistent count: 16875.46
  Avg Only non-persistent count: 5344.36
  Avg Persistent bytes read: 88169634.72
  Avg Non-persistent bytes read: 76566780.64
  Avg Persistent ratio: 0.50
  Avg Non-persistent ratio: 0.50
  Avg Connection 2 duration: 1.301818 sec
  Avg Throughput Persistent: 541.62 Mbps
  Avg Throughput Non-Persistent: 470.87 Mbps
  Avg Persistent packets: 83611.94
  Avg Non-Persistent packets: 72476.54

Summary for Connections 201 to 250:
  Avg Non-persistent count: 36406.70
  Avg Persistent count: 36131.08
  Avg Total when both present: 72537.78
  Avg Only persistent count: 16793.56
  Avg Only non-persistent count: 5256.72
  Avg Persistent bytes read: 88186480.96
  Avg Non-persistent bytes read: 76567753.60
  Avg Persistent ratio: 0.50
  Avg Non-persistent ratio: 0.50
  Avg Connection 2 duration: 1.301931 sec
  Avg Throughput Persistent: 542.05 Mbps
  Avg Throughput Non-Persistent: 470.55 Mbps
  Avg Persistent packets: 83673.08
  Avg Non-Persistent packets: 72527.64

Summary for Connections 251 to 300:
  Avg Non-persistent count: 36436.86
  Avg Persistent count: 35874.36
  Avg Total when both present: 72311.22
  Avg Only persistent count: 17000.86
  Avg Only non-persistent count: 5438.82
  Avg Persistent bytes read: 88217343.84
  Avg Non-persistent bytes read: 76572052.16
  Avg Persistent ratio: 0.51
  Avg Non-persistent ratio: 0.49
  Avg Connection 2 duration: 1.302376 sec
  Avg Throughput Persistent: 542.55 Mbps
  Avg Throughput Non-Persistent: 469.96 Mbps
  Avg Persistent packets: 83649.66
  Avg Non-Persistent packets: 72478.64

Summary for Connections 301 to 350:
  Avg Non-persistent count: 36573.48
  Avg Persistent count: 35864.16
  Avg Total when both present: 72437.64
  Avg Only persistent count: 16837.30
  Avg Only non-persistent count: 5318.02
  Avg Persistent bytes read: 88174917.44
  Avg Non-persistent bytes read: 76569305.92
  Avg Persistent ratio: 0.49
  Avg Non-persistent ratio: 0.51
  Avg Connection 2 duration: 1.301784 sec
  Avg Throughput Persistent: 542.23 Mbps
  Avg Throughput Non-Persistent: 470.35 Mbps
  Avg Persistent packets: 83614.22
  Avg Non-Persistent packets: 72487.46

Summary for Connections 351 to 400:
  Avg Non-persistent count: 36413.20
  Avg Persistent count: 36097.32
  Avg Total when both present: 72510.52
  Avg Only persistent count: 16757.66
  Avg Only non-persistent count: 5241.94
  Avg Persistent bytes read: 88155728.96
  Avg Non-persistent bytes read: 76562362.72
  Avg Persistent ratio: 0.48
  Avg Non-persistent ratio: 0.52
  Avg Connection 2 duration: 1.301465 sec
  Avg Throughput Persistent: 541.88 Mbps
  Avg Throughput Non-Persistent: 470.47 Mbps
  Avg Persistent packets: 83610.56
  Avg Non-Persistent packets: 72488.06

Summary for Connections 401 to 450:
  Avg Non-persistent count: 36558.24
  Avg Persistent count: 35985.72
  Avg Total when both present: 72543.96
  Avg Only persistent count: 16795.38
  Avg Only non-persistent count: 5236.40
  Avg Persistent bytes read: 88215970.72
  Avg Non-persistent bytes read: 76574730.40
  Avg Persistent ratio: 0.50
  Avg Non-persistent ratio: 0.50
  Avg Connection 2 duration: 1.302077 sec
  Avg Throughput Persistent: 542.45 Mbps
  Avg Throughput Non-Persistent: 470.07 Mbps
  Avg Persistent packets: 83683.24
  Avg Non-Persistent packets: 72512.10

Summary for Connections 451 to 500:
  Avg Non-persistent count: 36357.54
  Avg Persistent count: 36020.00
  Avg Total when both present: 72377.54
  Avg Only persistent count: 16900.74
  Avg Only non-persistent count: 5381.22
  Avg Persistent bytes read: 88167764.32
  Avg Non-persistent bytes read: 76566684.00
  Avg Persistent ratio: 0.50
  Avg Non-persistent ratio: 0.50
  Avg Connection 2 duration: 1.301670 sec
  Avg Throughput Persistent: 542.00 Mbps
  Avg Throughput Non-Persistent: 470.74 Mbps
  Avg Persistent packets: 83619.18
  Avg Non-Persistent packets: 72490.72

Summary for Connections 501 to 550:
  Avg Non-persistent count: 36523.70
  Avg Persistent count: 35925.76
  Avg Total when both present: 72449.46
  Avg Only persistent count: 16799.96
  Avg Only non-persistent count: 5306.26
  Avg Persistent bytes read: 88142018.88
  Avg Non-persistent bytes read: 76574124.96
  Avg Persistent ratio: 0.50
  Avg Non-persistent ratio: 0.50
  Avg Connection 2 duration: 1.301472 sec
  Avg Throughput Persistent: 541.90 Mbps
  Avg Throughput Non-Persistent: 470.60 Mbps
  Avg Persistent packets: 83591.34
  Avg Non-Persistent packets: 72490.24

Summary for Connections 551 to 600:
  Avg Non-persistent count: 36596.12
  Avg Persistent count: 36051.56
  Avg Total when both present: 72647.68
  Avg Only persistent count: 16681.32
  Avg Only non-persistent count: 5114.70
  Avg Persistent bytes read: 88210231.68
  Avg Non-persistent bytes read: 76557957.12
  Avg Persistent ratio: 0.49
  Avg Non-persistent ratio: 0.51
  Avg Connection 2 duration: 1.301929 sec
  Avg Throughput Persistent: 541.34 Mbps
  Avg Throughput Non-Persistent: 471.22 Mbps
  Avg Persistent packets: 83670.80
  Avg Non-Persistent packets: 72496.36

Summary for Connections 601 to 650:
  Avg Non-persistent count: 36483.78
  Avg Persistent count: 36019.72
  Avg Total when both present: 72503.50
  Avg Only persistent count: 16802.50
  Avg Only non-persistent count: 5268.74
  Avg Persistent bytes read: 88184722.88
  Avg Non-persistent bytes read: 76574124.64
  Avg Persistent ratio: 0.50
  Avg Non-persistent ratio: 0.50
  Avg Connection 2 duration: 1.301807 sec
  Avg Throughput Persistent: 541.63 Mbps
  Avg Throughput Non-Persistent: 470.83 Mbps
  Avg Persistent packets: 83646.24
  Avg Non-Persistent packets: 72504.06

Summary for Connections 651 to 700:
  Avg Non-persistent count: 36426.30
  Avg Persistent count: 35964.44
  Avg Total when both present: 72390.74
  Avg Only persistent count: 16938.42
  Avg Only non-persistent count: 5367.26
  Avg Persistent bytes read: 88219407.04
  Avg Non-persistent bytes read: 76571623.68
  Avg Persistent ratio: 0.50
  Avg Non-persistent ratio: 0.50
  Avg Connection 2 duration: 1.302259 sec
  Avg Throughput Persistent: 541.50 Mbps
  Avg Throughput Non-Persistent: 470.91 Mbps
  Avg Persistent packets: 83670.48
  Avg Non-Persistent packets: 72487.72

Summary for Connections 701 to 750:
  Avg Non-persistent count: 36530.96
  Avg Persistent count: 36045.04
  Avg Total when both present: 72576.00
  Avg Only persistent count: 16690.62
  Avg Only non-persistent count: 5197.12
  Avg Persistent bytes read: 88142069.76
  Avg Non-persistent bytes read: 76566913.60
  Avg Persistent ratio: 0.50
  Avg Non-persistent ratio: 0.50
  Avg Connection 2 duration: 1.301805 sec
  Avg Throughput Persistent: 542.47 Mbps
  Avg Throughput Non-Persistent: 469.95 Mbps
  Avg Persistent packets: 83610.24
  Avg Non-Persistent packets: 72506.54

Summary for Connections 751 to 800:
  Avg Non-persistent count: 36650.44
  Avg Persistent count: 35894.12
  Avg Total when both present: 72544.56
  Avg Only persistent count: 16773.34
  Avg Only non-persistent count: 5246.78
  Avg Persistent bytes read: 88184515.20
  Avg Non-persistent bytes read: 76578952.96
  Avg Persistent ratio: 0.49
  Avg Non-persistent ratio: 0.51
  Avg Connection 2 duration: 1.301928 sec
  Avg Throughput Persistent: 542.02 Mbps
  Avg Throughput Non-Persistent: 470.54 Mbps
  Avg Persistent packets: 83658.92
  Avg Non-Persistent packets: 72525.18

Summary for Connections 801 to 850:
  Avg Non-persistent count: 36438.72
  Avg Persistent count: 36063.30
  Avg Total when both present: 72502.02
  Avg Only persistent count: 16796.92
  Avg Only non-persistent count: 5273.80
  Avg Persistent bytes read: 88178235.84
  Avg Non-persistent bytes read: 76580394.08
  Avg Persistent ratio: 0.50
  Avg Non-persistent ratio: 0.50
  Avg Connection 2 duration: 1.302032 sec
  Avg Throughput Persistent: 541.89 Mbps
  Avg Throughput Non-Persistent: 470.71 Mbps
  Avg Persistent packets: 83639.78
  Avg Non-Persistent packets: 72507.22

Summary for Connections 851 to 900:
  Avg Non-persistent count: 36361.24
  Avg Persistent count: 36034.32
  Avg Total when both present: 72395.56
  Avg Only persistent count: 16903.90
  Avg Only non-persistent count: 5366.78
  Avg Persistent bytes read: 88185249.76
  Avg Non-persistent bytes read: 76574088.32
  Avg Persistent ratio: 0.50
  Avg Non-persistent ratio: 0.50
  Avg Connection 2 duration: 1.301756 sec
  Avg Throughput Persistent: 542.44 Mbps
  Avg Throughput Non-Persistent: 470.06 Mbps
  Avg Persistent packets: 83639.32
  Avg Non-Persistent packets: 72495.48

Summary for Connections 901 to 950:
  Avg Non-persistent count: 36441.98
  Avg Persistent count: 36009.30
  Avg Total when both present: 72451.28
  Avg Only persistent count: 16960.18
  Avg Only non-persistent count: 5378.56
  Avg Persistent bytes read: 88237303.68
  Avg Non-persistent bytes read: 76580495.52
  Avg Persistent ratio: 0.50
  Avg Non-persistent ratio: 0.50
  Avg Connection 2 duration: 1.302492 sec
  Avg Throughput Persistent: 542.02 Mbps
  Avg Throughput Non-Persistent: 470.35 Mbps
  Avg Persistent packets: 83746.58
  Avg Non-Persistent packets: 72557.18

Summary for Connections 951 to 1000:
  Avg Non-persistent count: 36383.46
  Avg Persistent count: 35984.80
  Avg Total when both present: 72368.26
  Avg Only persistent count: 16950.92
  Avg Only non-persistent count: 5397.96
  Avg Persistent bytes read: 88205315.52
  Avg Non-persistent bytes read: 76575754.72
  Avg Persistent ratio: 0.50
  Avg Non-persistent ratio: 0.50
  Avg Connection 2 duration: 1.302162 sec
  Avg Throughput Persistent: 542.10 Mbps
  Avg Throughput Non-Persistent: 469.43 Mbps
  Avg Persistent packets: 83659.42
  Avg Non-Persistent packets: 72497.64

Summary for Connections 1001 to 1050:
  Avg Non-persistent count: 36352.54
  Avg Persistent count: 36097.44
  Avg Total when both present: 72449.98
  Avg Only persistent count: 16854.92
  Avg Only non-persistent count: 5326.10
  Avg Persistent bytes read: 88195025.60
  Avg Non-persistent bytes read: 76585018.24
  Avg Persistent ratio: 0.49
  Avg Non-persistent ratio: 0.51
  Avg Connection 2 duration: 1.302074 sec
  Avg Throughput Persistent: 541.77 Mbps
  Avg Throughput Non-Persistent: 470.92 Mbps
  Avg Persistent packets: 83647.50
  Avg Non-Persistent packets: 72507.36

Summary for Connections 1051 to 1100:
  Avg Non-persistent count: 36588.24
  Avg Persistent count: 35876.02
  Avg Total when both present: 72464.26
  Avg Only persistent count: 16837.88
  Avg Only non-persistent count: 5288.26
  Avg Persistent bytes read: 88197857.92
  Avg Non-persistent bytes read: 76578724.16
  Avg Persistent ratio: 0.50
  Avg Non-persistent ratio: 0.50
  Avg Connection 2 duration: 1.301907 sec
  Avg Throughput Persistent: 541.84 Mbps
  Avg Throughput Non-Persistent: 470.74 Mbps
  Avg Persistent packets: 83642.80
  Avg Non-Persistent packets: 72485.24

Summary for Connections 1101 to 1150:
  Avg Non-persistent count: 36568.60
  Avg Persistent count: 35938.34
  Avg Total when both present: 72506.94
  Avg Only persistent count: 16823.18
  Avg Only non-persistent count: 5285.58
  Avg Persistent bytes read: 88194190.72
  Avg Non-persistent bytes read: 76575057.28
  Avg Persistent ratio: 0.49
  Avg Non-persistent ratio: 0.51
  Avg Connection 2 duration: 1.301900 sec
  Avg Throughput Persistent: 541.74 Mbps
  Avg Throughput Non-Persistent: 470.73 Mbps
  Avg Persistent packets: 83670.46
  Avg Non-Persistent packets: 72522.32

Summary for Connections 1151 to 1200:
  Avg Non-persistent count: 36386.14
  Avg Persistent count: 36036.78
  Avg Total when both present: 72422.92
  Avg Only persistent count: 16883.32
  Avg Only non-persistent count: 5337.70
  Avg Persistent bytes read: 88191651.36
  Avg Non-persistent bytes read: 76564998.40
  Avg Persistent ratio: 0.49
  Avg Non-persistent ratio: 0.51
  Avg Connection 2 duration: 1.301918 sec
  Avg Throughput Persistent: 542.45 Mbps
  Avg Throughput Non-Persistent: 470.13 Mbps
  Avg Persistent packets: 83648.22
  Avg Non-Persistent packets: 72491.86

Summary for Connections 1201 to 1250:
  Avg Non-persistent count: 36457.12
  Avg Persistent count: 36026.14
  Avg Total when both present: 72483.26
  Avg Only persistent count: 16835.00
  Avg Only non-persistent count: 5309.62
  Avg Persistent bytes read: 88173619.20
  Avg Non-persistent bytes read: 76573306.56
  Avg Persistent ratio: 0.51
  Avg Non-persistent ratio: 0.49
  Avg Connection 2 duration: 1.301688 sec
  Avg Throughput Persistent: 542.08 Mbps
  Avg Throughput Non-Persistent: 470.62 Mbps
  Avg Persistent packets: 83656.16
  Avg Non-Persistent packets: 72524.72

Summary for Connections 1251 to 1300:
  Avg Non-persistent count: 36497.78
  Avg Persistent count: 35961.56
  Avg Total when both present: 72459.34
  Avg Only persistent count: 16823.70
  Avg Only non-persistent count: 5299.08
  Avg Persistent bytes read: 88170264.80
  Avg Non-persistent bytes read: 76568576.32
  Avg Persistent ratio: 0.50
  Avg Non-persistent ratio: 0.50
  Avg Connection 2 duration: 1.301951 sec
  Avg Throughput Persistent: 542.13 Mbps
  Avg Throughput Non-Persistent: 470.20 Mbps
  Avg Persistent packets: 83626.48
  Avg Non-Persistent packets: 72490.52

Summary for Connections 1301 to 1350:
  Avg Non-persistent count: 36475.68
  Avg Persistent count: 35998.90
  Avg Total when both present: 72474.58
  Avg Only persistent count: 16838.08
  Avg Only non-persistent count: 5320.92
  Avg Persistent bytes read: 88176770.88
  Avg Non-persistent bytes read: 76576543.68
  Avg Persistent ratio: 0.49
  Avg Non-persistent ratio: 0.51
  Avg Connection 2 duration: 1.301759 sec
  Avg Throughput Persistent: 541.26 Mbps
  Avg Throughput Non-Persistent: 471.24 Mbps
  Avg Persistent packets: 83655.12
  Avg Non-Persistent packets: 72529.40

Summary for Connections 1351 to 1400:
  Avg Non-persistent count: 36537.80
  Avg Persistent count: 35863.06
  Avg Total when both present: 72400.86
  Avg Only persistent count: 16848.14
  Avg Only non-persistent count: 5325.86
  Avg Persistent bytes read: 88156817.44
  Avg Non-persistent bytes read: 76558591.36
  Avg Persistent ratio: 0.50
  Avg Non-persistent ratio: 0.50
  Avg Connection 2 duration: 1.301412 sec
  Avg Throughput Persistent: 541.70 Mbps
  Avg Throughput Non-Persistent: 470.90 Mbps
  Avg Persistent packets: 83592.74
  Avg Non-Persistent packets: 72466.06

Summary for Connections 1401 to 1450:
  Avg Non-persistent count: 36460.54
  Avg Persistent count: 35980.00
  Avg Total when both present: 72440.54
  Avg Only persistent count: 16849.32
  Avg Only non-persistent count: 5316.78
  Avg Persistent bytes read: 88183736.80
  Avg Non-persistent bytes read: 76577108.00
  Avg Persistent ratio: 0.50
  Avg Non-persistent ratio: 0.50
  Avg Connection 2 duration: 1.302014 sec
  Avg Throughput Persistent: 541.96 Mbps
  Avg Throughput Non-Persistent: 470.70 Mbps
  Avg Persistent packets: 83633.06
  Avg Non-Persistent packets: 72488.42

Summary for Connections 1451 to 1500:
  Avg Non-persistent count: 36554.64
  Avg Persistent count: 35998.28
  Avg Total when both present: 72552.92
  Avg Only persistent count: 16801.12
  Avg Only non-persistent count: 5226.20
  Avg Persistent bytes read: 88235312.48
  Avg Non-persistent bytes read: 76573511.68
  Avg Persistent ratio: 0.49
  Avg Non-persistent ratio: 0.51
  Avg Connection 2 duration: 1.302226 sec
  Avg Throughput Persistent: 541.85 Mbps
  Avg Throughput Non-Persistent: 470.53 Mbps
  Avg Persistent packets: 83696.60
  Avg Non-Persistent packets: 72511.48

Summary for Connections 1501 to 1550:
  Avg Non-persistent count: 36495.88
  Avg Persistent count: 35900.16
  Avg Total when both present: 72396.04
  Avg Only persistent count: 16927.92
  Avg Only non-persistent count: 5402.38
  Avg Persistent bytes read: 88175992.48
  Avg Non-persistent bytes read: 76570114.24
  Avg Persistent ratio: 0.51
  Avg Non-persistent ratio: 0.49
  Avg Connection 2 duration: 1.301911 sec
  Avg Throughput Persistent: 542.22 Mbps
  Avg Throughput Non-Persistent: 470.03 Mbps
  Avg Persistent packets: 83661.68
  Avg Non-Persistent packets: 72527.22

Summary for Connections 1551 to 1600:
  Avg Non-persistent count: 36566.60
  Avg Persistent count: 35891.14
  Avg Total when both present: 72457.74
  Avg Only persistent count: 16830.46
  Avg Only non-persistent count: 5326.94
  Avg Persistent bytes read: 88154178.56
  Avg Non-persistent bytes read: 76573190.72
  Avg Persistent ratio: 0.50
  Avg Non-persistent ratio: 0.50
  Avg Connection 2 duration: 1.301765 sec
  Avg Throughput Persistent: 541.72 Mbps
  Avg Throughput Non-Persistent: 470.90 Mbps
  Avg Persistent packets: 83632.08
  Avg Non-Persistent packets: 72516.60

Summary for Connections 1601 to 1650:
  Avg Non-persistent count: 36495.68
  Avg Persistent count: 36063.72
  Avg Total when both present: 72559.40
  Avg Only persistent count: 16741.98
  Avg Only non-persistent count: 5198.00
  Avg Persistent bytes read: 88180808.32
  Avg Non-persistent bytes read: 76552833.92
  Avg Persistent ratio: 0.49
  Avg Non-persistent ratio: 0.51
  Avg Connection 2 duration: 1.301725 sec
  Avg Throughput Persistent: 541.81 Mbps
  Avg Throughput Non-Persistent: 470.78 Mbps
  Avg Persistent packets: 83644.80
  Avg Non-Persistent packets: 72491.16

Summary for Connections 1651 to 1700:
  Avg Non-persistent count: 36422.96
  Avg Persistent count: 36015.42
  Avg Total when both present: 72438.38
  Avg Only persistent count: 16879.16
  Avg Only non-persistent count: 5332.38
  Avg Persistent bytes read: 88187695.84
  Avg Non-persistent bytes read: 76567856.64
  Avg Persistent ratio: 0.49
  Avg Non-persistent ratio: 0.51
  Avg Connection 2 duration: 1.301832 sec
  Avg Throughput Persistent: 541.52 Mbps
  Avg Throughput Non-Persistent: 470.99 Mbps
  Avg Persistent packets: 83659.12
  Avg Non-Persistent packets: 72502.70

Summary for Connections 1701 to 1750:
  Avg Non-persistent count: 36391.88
  Avg Persistent count: 36033.18
  Avg Total when both present: 72425.06
  Avg Only persistent count: 16914.78
  Avg Only non-persistent count: 5352.56
  Avg Persistent bytes read: 88207478.40
  Avg Non-persistent bytes read: 76563595.20
  Avg Persistent ratio: 0.49
  Avg Non-persistent ratio: 0.51
  Avg Connection 2 duration: 1.301894 sec
  Avg Throughput Persistent: 541.80 Mbps
  Avg Throughput Non-Persistent: 470.73 Mbps
  Avg Persistent packets: 83680.18
  Avg Non-Persistent packets: 72508.76

Summary for Connections 1751 to 1800:
  Avg Non-persistent count: 36315.62
  Avg Persistent count: 36114.18
  Avg Total when both present: 72429.80
  Avg Only persistent count: 16854.68
  Avg Only non-persistent count: 5336.12
  Avg Persistent bytes read: 88160304.64
  Avg Non-persistent bytes read: 76562617.76
  Avg Persistent ratio: 0.49
  Avg Non-persistent ratio: 0.51
  Avg Connection 2 duration: 1.302077 sec
  Avg Throughput Persistent: 541.40 Mbps
  Avg Throughput Non-Persistent: 471.24 Mbps
  Avg Persistent packets: 83627.70
  Avg Non-Persistent packets: 72501.50

Summary for Connections 1801 to 1850:
  Avg Non-persistent count: 36323.88
  Avg Persistent count: 36101.90
  Avg Total when both present: 72425.78
  Avg Only persistent count: 16950.80
  Avg Only non-persistent count: 5400.72
  Avg Persistent bytes read: 88205632.00
  Avg Non-persistent bytes read: 76573937.12
  Avg Persistent ratio: 0.51
  Avg Non-persistent ratio: 0.49
  Avg Connection 2 duration: 1.302167 sec
  Avg Throughput Persistent: 539.95 Mbps
  Avg Throughput Non-Persistent: 468.32 Mbps
  Avg Persistent packets: 83706.26
  Avg Non-Persistent packets: 72549.04

Summary for Connections 1851 to 1900:
  Avg Non-persistent count: 36537.94
  Avg Persistent count: 35926.28
  Avg Total when both present: 72464.22
  Avg Only persistent count: 16824.74
  Avg Only non-persistent count: 5304.18
  Avg Persistent bytes read: 88165939.84
  Avg Non-persistent bytes read: 76559520.00
  Avg Persistent ratio: 0.50
  Avg Non-persistent ratio: 0.50
  Avg Connection 2 duration: 1.301688 sec
  Avg Throughput Persistent: 541.80 Mbps
  Avg Throughput Non-Persistent: 470.50 Mbps
  Avg Persistent packets: 83632.24
  Avg Non-Persistent packets: 72501.86

Summary for Connections 1901 to 1950:
  Avg Non-persistent count: 36597.12
  Avg Persistent count: 35909.52
  Avg Total when both present: 72506.64
  Avg Only persistent count: 16745.16
  Avg Only non-persistent count: 5251.76
  Avg Persistent bytes read: 88137588.00
  Avg Non-persistent bytes read: 76564606.88
  Avg Persistent ratio: 0.50
  Avg Non-persistent ratio: 0.50
  Avg Connection 2 duration: 1.301405 sec
  Avg Throughput Persistent: 541.08 Mbps
  Avg Throughput Non-Persistent: 470.13 Mbps
  Avg Persistent packets: 83594.26
  Avg Non-Persistent packets: 72491.54

Summary for Connections 1951 to 2000:
  Avg Non-persistent count: 36545.48
  Avg Persistent count: 35897.94
  Avg Total when both present: 72443.42
  Avg Only persistent count: 16901.48
  Avg Only non-persistent count: 5356.98
  Avg Persistent bytes read: 88184966.56
  Avg Non-persistent bytes read: 76567371.04
  Avg Persistent ratio: 0.50
  Avg Non-persistent ratio: 0.50
  Avg Connection 2 duration: 1.302054 sec
  Avg Throughput Persistent: 542.02 Mbps
  Avg Throughput Non-Persistent: 470.61 Mbps
  Avg Persistent packets: 83680.58
  Avg Non-Persistent packets: 72526.14

Summary for Connections 2001 to 2050:
  Avg Non-persistent count: 36404.12
  Avg Persistent count: 35976.04
  Avg Total when both present: 72380.16
  Avg Only persistent count: 16883.74
  Avg Only non-persistent count: 5367.74
  Avg Persistent bytes read: 88174830.56
  Avg Non-persistent bytes read: 76578375.04
  Avg Persistent ratio: 0.50
  Avg Non-persistent ratio: 0.50
  Avg Connection 2 duration: 1.301747 sec
  Avg Throughput Persistent: 541.06 Mbps
  Avg Throughput Non-Persistent: 470.76 Mbps
  Avg Persistent packets: 83607.98
  Avg Non-Persistent packets: 72482.26

Summary for Connections 2051 to 2100:
  Avg Non-persistent count: 36584.46
  Avg Persistent count: 35932.82
  Avg Total when both present: 72517.28
  Avg Only persistent count: 16817.40
  Avg Only non-persistent count: 5275.08
  Avg Persistent bytes read: 88183842.72
  Avg Non-persistent bytes read: 76569718.72
  Avg Persistent ratio: 0.50
  Avg Non-persistent ratio: 0.50
  Avg Connection 2 duration: 1.301760 sec
  Avg Throughput Persistent: 541.85 Mbps
  Avg Throughput Non-Persistent: 470.57 Mbps
  Avg Persistent packets: 83674.12
  Avg Non-Persistent packets: 72523.36

Summary for Connections 2101 to 2150:
  Avg Non-persistent count: 36612.62
  Avg Persistent count: 35896.12
  Avg Total when both present: 72508.74
  Avg Only persistent count: 16809.54
  Avg Only non-persistent count: 5287.74
  Avg Persistent bytes read: 88176554.08
  Avg Non-persistent bytes read: 76575297.28
  Avg Persistent ratio: 0.49
  Avg Non-persistent ratio: 0.51
  Avg Connection 2 duration: 1.301838 sec
  Avg Throughput Persistent: 541.75 Mbps
  Avg Throughput Non-Persistent: 470.75 Mbps
  Avg Persistent packets: 83658.62
  Avg Non-Persistent packets: 72522.30

Summary for Connections 2151 to 2200:
  Avg Non-persistent count: 36495.94
  Avg Persistent count: 36032.88
  Avg Total when both present: 72528.82
  Avg Only persistent count: 16801.40
  Avg Only non-persistent count: 5252.60
  Avg Persistent bytes read: 88192939.04
  Avg Non-persistent bytes read: 76567471.20
  Avg Persistent ratio: 0.50
  Avg Non-persistent ratio: 0.50
  Avg Connection 2 duration: 1.301800 sec
  Avg Throughput Persistent: 541.60 Mbps
  Avg Throughput Non-Persistent: 471.02 Mbps
  Avg Persistent packets: 83669.78
  Avg Non-Persistent packets: 72513.98

Summary for Connections 2201 to 2250:
  Avg Non-persistent count: 36407.00
  Avg Persistent count: 36099.02
  Avg Total when both present: 72506.02
  Avg Only persistent count: 16815.72
  Avg Only non-persistent count: 5262.70
  Avg Persistent bytes read: 88202184.32
  Avg Non-persistent bytes read: 76574389.28
  Avg Persistent ratio: 0.50
  Avg Non-persistent ratio: 0.50
  Avg Connection 2 duration: 1.302198 sec
  Avg Throughput Persistent: 542.14 Mbps
  Avg Throughput Non-Persistent: 470.21 Mbps
  Avg Persistent packets: 83665.88
  Avg Non-Persistent packets: 72504.56

Summary for Connections 2251 to 2300:
  Avg Non-persistent count: 36532.38
  Avg Persistent count: 35946.88
  Avg Total when both present: 72479.26
  Avg Only persistent count: 16809.56
  Avg Only non-persistent count: 5304.32
  Avg Persistent bytes read: 88152573.76
  Avg Non-persistent bytes read: 76571790.40
  Avg Persistent ratio: 0.49
  Avg Non-persistent ratio: 0.51
  Avg Connection 2 duration: 1.301522 sec
  Avg Throughput Persistent: 541.70 Mbps
  Avg Throughput Non-Persistent: 470.78 Mbps
  Avg Persistent packets: 83628.36
  Avg Non-Persistent packets: 72515.94

Summary for Connections 2301 to 2350:
  Avg Non-persistent count: 36346.08
  Avg Persistent count: 36147.02
  Avg Total when both present: 72493.10
  Avg Only persistent count: 16786.64
  Avg Only non-persistent count: 5271.12
  Avg Persistent bytes read: 88149056.16
  Avg Non-persistent bytes read: 76561917.28
  Avg Persistent ratio: 0.49
  Avg Non-persistent ratio: 0.51
  Avg Connection 2 duration: 1.301543 sec
  Avg Throughput Persistent: 541.78 Mbps
  Avg Throughput Non-Persistent: 470.55 Mbps
  Avg Persistent packets: 83624.32
  Avg Non-Persistent packets: 72499.98

Summary for Connections 2351 to 2400:
  Avg Non-persistent count: 36526.10
  Avg Persistent count: 35954.34
  Avg Total when both present: 72480.44
  Avg Only persistent count: 16828.98
  Avg Only non-persistent count: 5294.14
  Avg Persistent bytes read: 88181259.68
  Avg Non-persistent bytes read: 76571274.40
  Avg Persistent ratio: 0.50
  Avg Non-persistent ratio: 0.50
  Avg Connection 2 duration: 1.301743 sec
  Avg Throughput Persistent: 541.73 Mbps
  Avg Throughput Non-Persistent: 470.61 Mbps
  Avg Persistent packets: 83652.82
  Avg Non-Persistent packets: 72504.92

Summary for Connections 2401 to 2450:
  Avg Non-persistent count: 36543.98
  Avg Persistent count: 35838.60
  Avg Total when both present: 72382.58
  Avg Only persistent count: 16926.18
  Avg Only non-persistent count: 5392.42
  Avg Persistent bytes read: 88173353.60
  Avg Non-persistent bytes read: 76566602.08
  Avg Persistent ratio: 0.49
  Avg Non-persistent ratio: 0.51
  Avg Connection 2 duration: 1.301741 sec
  Avg Throughput Persistent: 543.17 Mbps
  Avg Throughput Non-Persistent: 470.39 Mbps
  Avg Persistent packets: 83646.62
  Avg Non-Persistent packets: 72505.54

Summary for Connections 2451 to 2500:
  Avg Non-persistent count: 36481.54
  Avg Persistent count: 35965.48
  Avg Total when both present: 72447.02
  Avg Only persistent count: 16821.30
  Avg Only non-persistent count: 5315.70
  Avg Persistent bytes read: 88159720.48
  Avg Non-persistent bytes read: 76570788.16
  Avg Persistent ratio: 0.50
  Avg Non-persistent ratio: 0.50
  Avg Connection 2 duration: 1.301660 sec
  Avg Throughput Persistent: 542.28 Mbps
  Avg Throughput Non-Persistent: 470.35 Mbps
  Avg Persistent packets: 83611.66
  Avg Non-Persistent packets: 72497.46

Summary for Connections 2501 to 2550:
  Avg Non-persistent count: 36597.78
  Avg Persistent count: 35943.58
  Avg Total when both present: 72541.36
  Avg Only persistent count: 16786.30
  Avg Only non-persistent count: 5271.18
  Avg Persistent bytes read: 88179183.04
  Avg Non-persistent bytes read: 76581849.12
  Avg Persistent ratio: 0.49
  Avg Non-persistent ratio: 0.51
  Avg Connection 2 duration: 1.302193 sec
  Avg Throughput Persistent: 541.70 Mbps
  Avg Throughput Non-Persistent: 470.77 Mbps
  Avg Persistent packets: 83666.72
  Avg Non-Persistent packets: 72541.24

Summary for Connections 2551 to 2569:
  Avg Non-persistent count: 35986.68
  Avg Persistent count: 35739.53
  Avg Total when both present: 71726.21
  Avg Only persistent count: 16912.05
  Avg Only non-persistent count: 6038.79
  Avg Persistent bytes read: 87520365.89
  Avg Non-persistent bytes read: 76572388.21
  Avg Persistent ratio: 0.51
  Avg Non-persistent ratio: 0.49
  Avg Connection 2 duration: 1.295905 sec
  Avg Throughput Persistent: 505.34 Mbps
  Avg Throughput Non-Persistent: 513.58 Mbps
  Avg Persistent packets: 83020.63
  Avg Non-Persistent packets: 72513.21


Overall Statistics (Averaged):
Average events when both were present: 72434.01
Average Persistent count: 35981.70
Average Non-Persistent count: 36452.30
Average Persistent Ratio: 0.50
Average Non-Persistent Ratio: 0.50
Rejected connections: 0
Average Only Persistent count: 17023.89
Average Only Non Persistent count: 5338.11
Average persistent bytes per connection: 88338156.17
Average non-persistent bytes per connection: 76572165.23
Average persistent packets per connection: 83793.57
Average non-persistent packets per connection: 72502.84
Total persistent duration: 3600.006861 sec
Total non-persistent duration: 3346.222549 sec
Average Throughput Persistent: 504.31 Mbps
Average Throughput Non-Persistent: 470.29 Mbps
