Summary for Connections 1 to 50:
  Avg Non-persistent count: 49300.30
  Avg Persistent count: 49017.62
  Avg Total when both present: 98317.92
  Avg Only persistent count: 20808.34
  Avg Only non-persistent count: 5518.98
  Avg Persistent bytes read: 117566643.20
  Avg Non-persistent bytes read: 102178883.68
  Avg Persistent ratio: 0.50
  Avg Non-persistent ratio: 0.50
  Avg Connection 2 duration: 1.737092 sec
  Avg Throughput Persistent: 523.82 Mbps
  Avg Throughput Non-Persistent: 470.73 Mbps
  Avg Persistent packets: 111687.00
  Avg Non-Persistent packets: 96911.46

Summary for Connections 51 to 100:
  Avg Non-persistent count: 49775.20
  Avg Persistent count: 49768.04
  Avg Total when both present: 99543.24
  Avg Only persistent count: 16273.68
  Avg Only non-persistent count: 4716.56
  Avg Persistent bytes read: 113789052.80
  Avg Non-persistent bytes read: 102169392.32
  Avg Persistent ratio: 0.50
  Avg Non-persistent ratio: 0.50
  Avg Connection 2 duration: 1.736862 sec
  Avg Throughput Persistent: 524.36 Mbps
  Avg Throughput Non-Persistent: 470.54 Mbps
  Avg Persistent packets: 108466.90
  Avg Non-Persistent packets: 97305.66

Summary for Connections 101 to 150:
  Avg Non-persistent count: 49498.94
  Avg Persistent count: 50166.98
  Avg Total when both present: 99665.92
  Avg Only persistent count: 16168.66
  Avg Only non-persistent count: 4615.82
  Avg Persistent bytes read: 113785295.04
  Avg Non-persistent bytes read: 102164796.48
  Avg Persistent ratio: 0.50
  Avg Non-persistent ratio: 0.50
  Avg Connection 2 duration: 1.736836 sec
  Avg Throughput Persistent: 523.99 Mbps
  Avg Throughput Non-Persistent: 470.63 Mbps
  Avg Persistent packets: 108492.42
  Avg Non-Persistent packets: 97331.18

Summary for Connections 151 to 200:
  Avg Non-persistent count: 50176.76
  Avg Persistent count: 50377.38
  Avg Total when both present: 100554.14
  Avg Only persistent count: 15521.48
  Avg Only non-persistent count: 3976.28
  Avg Persistent bytes read: 113777037.92
  Avg Non-persistent bytes read: 102172362.56
  Avg Persistent ratio: 0.51
  Avg Non-persistent ratio: 0.49
  Avg Connection 2 duration: 1.736869 sec
  Avg Throughput Persistent: 524.15 Mbps
  Avg Throughput Non-Persistent: 470.54 Mbps
  Avg Persistent packets: 108723.56
  Avg Non-Persistent packets: 97579.86

Summary for Connections 201 to 250:
  Avg Non-persistent count: 49259.96
  Avg Persistent count: 49053.98
  Avg Total when both present: 98313.94
  Avg Only persistent count: 17094.50
  Avg Only non-persistent count: 5571.54
  Avg Persistent bytes read: 113773163.68
  Avg Non-persistent bytes read: 102175146.40
  Avg Persistent ratio: 0.50
  Avg Non-persistent ratio: 0.50
  Avg Connection 2 duration: 1.736757 sec
  Avg Throughput Persistent: 524.29 Mbps
  Avg Throughput Non-Persistent: 470.41 Mbps
  Avg Persistent packets: 108075.18
  Avg Non-Persistent packets: 96944.58

Summary for Connections 251 to 300:
  Avg Non-persistent count: 49043.70
  Avg Persistent count: 48884.84
  Avg Total when both present: 97928.54
  Avg Only persistent count: 17245.40
  Avg Only non-persistent count: 5765.38
  Avg Persistent bytes read: 113727773.44
  Avg Non-persistent bytes read: 102170044.48
  Avg Persistent ratio: 0.50
  Avg Non-persistent ratio: 0.50
  Avg Connection 2 duration: 1.736446 sec
  Avg Throughput Persistent: 523.82 Mbps
  Avg Throughput Non-Persistent: 470.91 Mbps
  Avg Persistent packets: 107878.82
  Avg Non-Persistent packets: 96783.00

Summary for Connections 301 to 350:
  Avg Non-persistent count: 49217.18
  Avg Persistent count: 48754.32
  Avg Total when both present: 97971.50
  Avg Only persistent count: 17263.02
  Avg Only non-persistent count: 5743.60
  Avg Persistent bytes read: 113779301.76
  Avg Non-persistent bytes read: 102175368.00
  Avg Persistent ratio: 0.51
  Avg Non-persistent ratio: 0.49
  Avg Connection 2 duration: 1.736843 sec
  Avg Throughput Persistent: 523.63 Mbps
  Avg Throughput Non-Persistent: 470.62 Mbps
  Avg Persistent packets: 107936.40
  Avg Non-Persistent packets: 96801.48

Summary for Connections 351 to 400:
  Avg Non-persistent count: 49078.26
  Avg Persistent count: 48977.76
  Avg Total when both present: 98056.02
  Avg Only persistent count: 17311.24
  Avg Only non-persistent count: 5752.24
  Avg Persistent bytes read: 113818537.60
  Avg Non-persistent bytes read: 102186633.12
  Avg Persistent ratio: 0.50
  Avg Non-persistent ratio: 0.50
  Avg Connection 2 duration: 1.737197 sec
  Avg Throughput Persistent: 524.20 Mbps
  Avg Throughput Non-Persistent: 470.62 Mbps
  Avg Persistent packets: 108049.94
  Avg Non-Persistent packets: 96880.06

Summary for Connections 401 to 450:
  Avg Non-persistent count: 49417.46
  Avg Persistent count: 49351.72
  Avg Total when both present: 98769.18
  Avg Only persistent count: 16804.82
  Avg Only non-persistent count: 5281.84
  Avg Persistent bytes read: 113761392.48
  Avg Non-persistent bytes read: 102164469.12
  Avg Persistent ratio: 0.50
  Avg Non-persistent ratio: 0.50
  Avg Connection 2 duration: 1.736622 sec
  Avg Throughput Persistent: 524.17 Mbps
  Avg Throughput Non-Persistent: 470.59 Mbps
  Avg Persistent packets: 108229.88
  Avg Non-Persistent packets: 97099.58

Summary for Connections 451 to 500:
  Avg Non-persistent count: 49614.34
  Avg Persistent count: 50895.28
  Avg Total when both present: 100509.62
  Avg Only persistent count: 15571.10
  Avg Only non-persistent count: 4007.60
  Avg Persistent bytes read: 113801997.92
  Avg Non-persistent bytes read: 102168294.40
  Avg Persistent ratio: 0.50
  Avg Non-persistent ratio: 0.50
  Avg Connection 2 duration: 1.737004 sec
  Avg Throughput Persistent: 524.25 Mbps
  Avg Throughput Non-Persistent: 470.52 Mbps
  Avg Persistent packets: 108730.66
  Avg Non-Persistent packets: 97563.08

Summary for Connections 501 to 550:
  Avg Non-persistent count: 49738.66
  Avg Persistent count: 49720.18
  Avg Total when both present: 99458.84
  Avg Only persistent count: 16320.40
  Avg Only non-persistent count: 4765.26
  Avg Persistent bytes read: 113785201.12
  Avg Non-persistent bytes read: 102167121.92
  Avg Persistent ratio: 0.50
  Avg Non-persistent ratio: 0.50
  Avg Connection 2 duration: 1.736823 sec
  Avg Throughput Persistent: 524.31 Mbps
  Avg Throughput Non-Persistent: 470.30 Mbps
  Avg Persistent packets: 108430.76
  Avg Non-Persistent packets: 97269.20

Summary for Connections 551 to 600:
  Avg Non-persistent count: 49382.38
  Avg Persistent count: 49469.12
  Avg Total when both present: 98851.50
  Avg Only persistent count: 16715.58
  Avg Only non-persistent count: 5199.66
  Avg Persistent bytes read: 113765013.12
  Avg Non-persistent bytes read: 102171434.40
  Avg Persistent ratio: 0.51
  Avg Non-persistent ratio: 0.49
  Avg Connection 2 duration: 1.736680 sec
  Avg Throughput Persistent: 524.10 Mbps
  Avg Throughput Non-Persistent: 470.62 Mbps
  Avg Persistent packets: 108230.98
  Avg Non-Persistent packets: 97109.54

Summary for Connections 601 to 650:
  Avg Non-persistent count: 49658.10
  Avg Persistent count: 49950.18
  Avg Total when both present: 99608.28
  Avg Only persistent count: 16254.40
  Avg Only non-persistent count: 4684.26
  Avg Persistent bytes read: 113809435.04
  Avg Non-persistent bytes read: 102166580.80
  Avg Persistent ratio: 0.50
  Avg Non-persistent ratio: 0.50
  Avg Connection 2 duration: 1.737032 sec
  Avg Throughput Persistent: 524.00 Mbps
  Avg Throughput Non-Persistent: 470.70 Mbps
  Avg Persistent packets: 108511.86
  Avg Non-Persistent packets: 97339.48

Summary for Connections 651 to 700:
  Avg Non-persistent count: 50136.68
  Avg Persistent count: 50445.96
  Avg Total when both present: 100582.64
  Avg Only persistent count: 15521.48
  Avg Only non-persistent count: 3959.10
  Avg Persistent bytes read: 113793463.20
  Avg Non-persistent bytes read: 102168627.68
  Avg Persistent ratio: 0.51
  Avg Non-persistent ratio: 0.49
  Avg Connection 2 duration: 1.736925 sec
  Avg Throughput Persistent: 524.16 Mbps
  Avg Throughput Non-Persistent: 470.47 Mbps
  Avg Persistent packets: 108755.52
  Avg Non-Persistent packets: 97593.04

Summary for Connections 701 to 750:
  Avg Non-persistent count: 49764.40
  Avg Persistent count: 50677.32
  Avg Total when both present: 100441.72
  Avg Only persistent count: 15638.10
  Avg Only non-persistent count: 4080.34
  Avg Persistent bytes read: 113791514.40
  Avg Non-persistent bytes read: 102171302.88
  Avg Persistent ratio: 0.49
  Avg Non-persistent ratio: 0.51
  Avg Connection 2 duration: 1.736975 sec
  Avg Throughput Persistent: 523.67 Mbps
  Avg Throughput Non-Persistent: 470.99 Mbps
  Avg Persistent packets: 108731.98
  Avg Non-Persistent packets: 97571.48

Summary for Connections 751 to 800:
  Avg Non-persistent count: 49940.88
  Avg Persistent count: 50468.00
  Avg Total when both present: 100408.88
  Avg Only persistent count: 15676.68
  Avg Only non-persistent count: 4122.34
  Avg Persistent bytes read: 113785954.08
  Avg Non-persistent bytes read: 102172915.20
  Avg Persistent ratio: 0.50
  Avg Non-persistent ratio: 0.50
  Avg Connection 2 duration: 1.736976 sec
  Avg Throughput Persistent: 523.82 Mbps
  Avg Throughput Non-Persistent: 470.88 Mbps
  Avg Persistent packets: 108740.30
  Avg Non-Persistent packets: 97581.88

Summary for Connections 801 to 850:
  Avg Non-persistent count: 50038.20
  Avg Persistent count: 50432.46
  Avg Total when both present: 100470.66
  Avg Only persistent count: 15601.78
  Avg Only non-persistent count: 4040.62
  Avg Persistent bytes read: 113776504.64
  Avg Non-persistent bytes read: 102165902.88
  Avg Persistent ratio: 0.50
  Avg Non-persistent ratio: 0.50
  Avg Connection 2 duration: 1.736842 sec
  Avg Throughput Persistent: 524.11 Mbps
  Avg Throughput Non-Persistent: 470.59 Mbps
  Avg Persistent packets: 108725.92
  Avg Non-Persistent packets: 97563.74

Summary for Connections 851 to 900:
  Avg Non-persistent count: 49765.78
  Avg Persistent count: 49866.08
  Avg Total when both present: 99631.86
  Avg Only persistent count: 16198.48
  Avg Only non-persistent count: 4664.34
  Avg Persistent bytes read: 113779727.68
  Avg Non-persistent bytes read: 102177360.32
  Avg Persistent ratio: 0.50
  Avg Non-persistent ratio: 0.50
  Avg Connection 2 duration: 1.736905 sec
  Avg Throughput Persistent: 523.90 Mbps
  Avg Throughput Non-Persistent: 470.78 Mbps
  Avg Persistent packets: 108481.12
  Avg Non-Persistent packets: 97341.76

Summary for Connections 901 to 950:
  Avg Non-persistent count: 49811.64
  Avg Persistent count: 50774.66
  Avg Total when both present: 100586.30
  Avg Only persistent count: 15539.14
  Avg Only non-persistent count: 3971.52
  Avg Persistent bytes read: 113802875.20
  Avg Non-persistent bytes read: 102177399.04
  Avg Persistent ratio: 0.50
  Avg Non-persistent ratio: 0.50
  Avg Connection 2 duration: 1.737080 sec
  Avg Throughput Persistent: 524.11 Mbps
  Avg Throughput Non-Persistent: 470.54 Mbps
  Avg Persistent packets: 108773.22
  Avg Non-Persistent packets: 97608.04

Summary for Connections 951 to 1000:
  Avg Non-persistent count: 49575.28
  Avg Persistent count: 50550.62
  Avg Total when both present: 100125.90
  Avg Only persistent count: 15973.14
  Avg Only non-persistent count: 4292.12
  Avg Persistent bytes read: 113923977.44
  Avg Non-persistent bytes read: 102157577.76
  Avg Persistent ratio: 0.51
  Avg Non-persistent ratio: 0.49
  Avg Connection 2 duration: 1.737977 sec
  Avg Throughput Persistent: 523.89 Mbps
  Avg Throughput Non-Persistent: 470.70 Mbps
  Avg Persistent packets: 108745.88
  Avg Non-Persistent packets: 97460.34

Summary for Connections 1001 to 1050:
  Avg Non-persistent count: 49546.56
  Avg Persistent count: 49986.04
  Avg Total when both present: 99532.60
  Avg Only persistent count: 16294.74
  Avg Only non-persistent count: 4711.52
  Avg Persistent bytes read: 113805009.76
  Avg Non-persistent bytes read: 102157231.68
  Avg Persistent ratio: 0.50
  Avg Non-persistent ratio: 0.50
  Avg Connection 2 duration: 1.736924 sec
  Avg Throughput Persistent: 524.13 Mbps
  Avg Throughput Non-Persistent: 470.52 Mbps
  Avg Persistent packets: 108481.80
  Avg Non-Persistent packets: 97294.42

Summary for Connections 1051 to 1100:
  Avg Non-persistent count: 49659.80
  Avg Persistent count: 49718.36
  Avg Total when both present: 99378.16
  Avg Only persistent count: 16436.26
  Avg Only non-persistent count: 4871.44
  Avg Persistent bytes read: 113808389.60
  Avg Non-persistent bytes read: 102175202.88
  Avg Persistent ratio: 0.50
  Avg Non-persistent ratio: 0.50
  Avg Connection 2 duration: 1.737129 sec
  Avg Throughput Persistent: 523.91 Mbps
  Avg Throughput Non-Persistent: 470.85 Mbps
  Avg Persistent packets: 108464.56
  Avg Non-Persistent packets: 97297.04

Summary for Connections 1101 to 1150:
  Avg Non-persistent count: 50048.42
  Avg Persistent count: 50279.74
  Avg Total when both present: 100328.16
  Avg Only persistent count: 15700.74
  Avg Only non-persistent count: 4131.72
  Avg Persistent bytes read: 113795229.76
  Avg Non-persistent bytes read: 102160965.28
  Avg Persistent ratio: 0.49
  Avg Non-persistent ratio: 0.51
  Avg Connection 2 duration: 1.736992 sec
  Avg Throughput Persistent: 524.84 Mbps
  Avg Throughput Non-Persistent: 469.84 Mbps
  Avg Persistent packets: 108685.76
  Avg Non-Persistent packets: 97512.70

Summary for Connections 1151 to 1200:
  Avg Non-persistent count: 50161.48
  Avg Persistent count: 50136.68
  Avg Total when both present: 100298.16
  Avg Only persistent count: 15756.30
  Avg Only non-persistent count: 4183.84
  Avg Persistent bytes read: 113793280.96
  Avg Non-persistent bytes read: 102167954.24
  Avg Persistent ratio: 0.49
  Avg Non-persistent ratio: 0.51
  Avg Connection 2 duration: 1.736900 sec
  Avg Throughput Persistent: 524.35 Mbps
  Avg Throughput Non-Persistent: 470.31 Mbps
  Avg Persistent packets: 108707.64
  Avg Non-Persistent packets: 97534.98

Summary for Connections 1201 to 1250:
  Avg Non-persistent count: 49538.26
  Avg Persistent count: 49788.30
  Avg Total when both present: 99326.56
  Avg Only persistent count: 16423.50
  Avg Only non-persistent count: 4864.90
  Avg Persistent bytes read: 113815960.16
  Avg Non-persistent bytes read: 102176716.80
  Avg Persistent ratio: 0.49
  Avg Non-persistent ratio: 0.51
  Avg Connection 2 duration: 1.737127 sec
  Avg Throughput Persistent: 524.05 Mbps
  Avg Throughput Non-Persistent: 470.80 Mbps
  Avg Persistent packets: 108410.84
  Avg Non-Persistent packets: 97243.78

Summary for Connections 1251 to 1300:
  Avg Non-persistent count: 49822.16
  Avg Persistent count: 50449.78
  Avg Total when both present: 100271.94
  Avg Only persistent count: 15754.02
  Avg Only non-persistent count: 4187.06
  Avg Persistent bytes read: 113807931.20
  Avg Non-persistent bytes read: 102175551.84
  Avg Persistent ratio: 0.50
  Avg Non-persistent ratio: 0.50
  Avg Connection 2 duration: 1.737177 sec
  Avg Throughput Persistent: 523.93 Mbps
  Avg Throughput Non-Persistent: 470.78 Mbps
  Avg Persistent packets: 108679.24
  Avg Non-Persistent packets: 97506.26

Summary for Connections 1301 to 1350:
  Avg Non-persistent count: 50075.48
  Avg Persistent count: 50468.82
  Avg Total when both present: 100544.30
  Avg Only persistent count: 15584.38
  Avg Only non-persistent count: 3998.00
  Avg Persistent bytes read: 113804140.96
  Avg Non-persistent bytes read: 102162684.80
  Avg Persistent ratio: 0.49
  Avg Non-persistent ratio: 0.51
  Avg Connection 2 duration: 1.736992 sec
  Avg Throughput Persistent: 523.88 Mbps
  Avg Throughput Non-Persistent: 470.74 Mbps
  Avg Persistent packets: 108782.86
  Avg Non-Persistent packets: 97592.38

Summary for Connections 1351 to 1400:
  Avg Non-persistent count: 49250.52
  Avg Persistent count: 49696.26
  Avg Total when both present: 98946.78
  Avg Only persistent count: 16691.32
  Avg Only non-persistent count: 5138.78
  Avg Persistent bytes read: 113791485.44
  Avg Non-persistent bytes read: 102162649.76
  Avg Persistent ratio: 0.50
  Avg Non-persistent ratio: 0.50
  Avg Connection 2 duration: 1.736833 sec
  Avg Throughput Persistent: 524.40 Mbps
  Avg Throughput Non-Persistent: 470.26 Mbps
  Avg Persistent packets: 108292.54
  Avg Non-Persistent packets: 97134.88

Summary for Connections 1401 to 1450:
  Avg Non-persistent count: 49464.24
  Avg Persistent count: 49590.20
  Avg Total when both present: 99054.44
  Avg Only persistent count: 16654.12
  Avg Only non-persistent count: 5107.22
  Avg Persistent bytes read: 113773723.04
  Avg Non-persistent bytes read: 102166984.64
  Avg Persistent ratio: 0.49
  Avg Non-persistent ratio: 0.51
  Avg Connection 2 duration: 1.736728 sec
  Avg Throughput Persistent: 523.95 Mbps
  Avg Throughput Non-Persistent: 470.71 Mbps
  Avg Persistent packets: 108355.62
  Avg Non-Persistent packets: 97210.50

Summary for Connections 1451 to 1500:
  Avg Non-persistent count: 49897.58
  Avg Persistent count: 50548.88
  Avg Total when both present: 100446.46
  Avg Only persistent count: 15641.68
  Avg Only non-persistent count: 4073.90
  Avg Persistent bytes read: 113813389.12
  Avg Non-persistent bytes read: 102183787.04
  Avg Persistent ratio: 0.51
  Avg Non-persistent ratio: 0.49
  Avg Connection 2 duration: 1.737226 sec
  Avg Throughput Persistent: 524.22 Mbps
  Avg Throughput Non-Persistent: 470.38 Mbps
  Avg Persistent packets: 108740.40
  Avg Non-Persistent packets: 97562.78

Summary for Connections 1501 to 1550:
  Avg Non-persistent count: 49813.06
  Avg Persistent count: 50252.46
  Avg Total when both present: 100065.52
  Avg Only persistent count: 15886.32
  Avg Only non-persistent count: 4346.60
  Avg Persistent bytes read: 113778528.96
  Avg Non-persistent bytes read: 102170602.88
  Avg Persistent ratio: 0.50
  Avg Non-persistent ratio: 0.50
  Avg Connection 2 duration: 1.736816 sec
  Avg Throughput Persistent: 524.13 Mbps
  Avg Throughput Non-Persistent: 470.59 Mbps
  Avg Persistent packets: 108601.90
  Avg Non-Persistent packets: 97458.78

Summary for Connections 1551 to 1600:
  Avg Non-persistent count: 49953.52
  Avg Persistent count: 49913.36
  Avg Total when both present: 99866.88
  Avg Only persistent count: 16029.38
  Avg Only non-persistent count: 4471.10
  Avg Persistent bytes read: 113793813.60
  Avg Non-persistent bytes read: 102172806.40
  Avg Persistent ratio: 0.50
  Avg Non-persistent ratio: 0.50
  Avg Connection 2 duration: 1.736984 sec
  Avg Throughput Persistent: 524.16 Mbps
  Avg Throughput Non-Persistent: 470.44 Mbps
  Avg Persistent packets: 108551.68
  Avg Non-Persistent packets: 97387.98

Summary for Connections 1601 to 1650:
  Avg Non-persistent count: 49290.06
  Avg Persistent count: 48544.34
  Avg Total when both present: 97834.40
  Avg Only persistent count: 17322.26
  Avg Only non-persistent count: 5845.98
  Avg Persistent bytes read: 113740113.92
  Avg Non-persistent bytes read: 102184034.72
  Avg Persistent ratio: 0.50
  Avg Non-persistent ratio: 0.50
  Avg Connection 2 duration: 1.736639 sec
  Avg Throughput Persistent: 524.10 Mbps
  Avg Throughput Non-Persistent: 470.67 Mbps
  Avg Persistent packets: 107859.46
  Avg Non-Persistent packets: 96768.08

Summary for Connections 1651 to 1700:
  Avg Non-persistent count: 49257.08
  Avg Persistent count: 48656.50
  Avg Total when both present: 97913.58
  Avg Only persistent count: 17393.54
  Avg Only non-persistent count: 5844.60
  Avg Persistent bytes read: 113814244.48
  Avg Non-persistent bytes read: 102181421.76
  Avg Persistent ratio: 0.50
  Avg Non-persistent ratio: 0.50
  Avg Connection 2 duration: 1.737196 sec
  Avg Throughput Persistent: 524.07 Mbps
  Avg Throughput Non-Persistent: 470.71 Mbps
  Avg Persistent packets: 107985.68
  Avg Non-Persistent packets: 96826.42

Summary for Connections 1701 to 1750:
  Avg Non-persistent count: 49286.18
  Avg Persistent count: 49470.90
  Avg Total when both present: 98757.08
  Avg Only persistent count: 16820.82
  Avg Only non-persistent count: 5284.22
  Avg Persistent bytes read: 113776107.68
  Avg Non-persistent bytes read: 102171751.68
  Avg Persistent ratio: 0.49
  Avg Non-persistent ratio: 0.51
  Avg Connection 2 duration: 1.736885 sec
  Avg Throughput Persistent: 523.99 Mbps
  Avg Throughput Non-Persistent: 470.63 Mbps
  Avg Persistent packets: 108231.92
  Avg Non-Persistent packets: 97087.24

Summary for Connections 1751 to 1800:
  Avg Non-persistent count: 49764.34
  Avg Persistent count: 49972.92
  Avg Total when both present: 99737.26
  Avg Only persistent count: 16113.06
  Avg Only non-persistent count: 4591.14
  Avg Persistent bytes read: 113755558.08
  Avg Non-persistent bytes read: 102170072.00
  Avg Persistent ratio: 0.51
  Avg Non-persistent ratio: 0.49
  Avg Connection 2 duration: 1.736679 sec
  Avg Throughput Persistent: 523.66 Mbps
  Avg Throughput Non-Persistent: 471.11 Mbps
  Avg Persistent packets: 108503.84
  Avg Non-Persistent packets: 97378.72

Summary for Connections 1801 to 1850:
  Avg Non-persistent count: 49785.50
  Avg Persistent count: 49636.04
  Avg Total when both present: 99421.54
  Avg Only persistent count: 16293.44
  Avg Only non-persistent count: 4743.14
  Avg Persistent bytes read: 113781479.36
  Avg Non-persistent bytes read: 102168306.72
  Avg Persistent ratio: 0.50
  Avg Non-persistent ratio: 0.50
  Avg Connection 2 duration: 1.736846 sec
  Avg Throughput Persistent: 524.04 Mbps
  Avg Throughput Non-Persistent: 470.67 Mbps
  Avg Persistent packets: 108391.20
  Avg Non-Persistent packets: 97231.56

Summary for Connections 1851 to 1900:
  Avg Non-persistent count: 49651.10
  Avg Persistent count: 50562.58
  Avg Total when both present: 100213.68
  Avg Only persistent count: 15969.58
  Avg Only non-persistent count: 4261.86
  Avg Persistent bytes read: 113949262.40
  Avg Non-persistent bytes read: 102179231.20
  Avg Persistent ratio: 0.50
  Avg Non-persistent ratio: 0.50
  Avg Connection 2 duration: 1.738252 sec
  Avg Throughput Persistent: 529.75 Mbps
  Avg Throughput Non-Persistent: 465.11 Mbps
  Avg Persistent packets: 108829.96
  Avg Non-Persistent packets: 97520.96

Summary for Connections 1901 to 1950:
  Avg Non-persistent count: 48659.70
  Avg Persistent count: 49309.04
  Avg Total when both present: 97968.74
  Avg Only persistent count: 20121.18
  Avg Only non-persistent count: 6000.18
  Avg Persistent bytes read: 116500360.00
  Avg Non-persistent bytes read: 102242090.88
  Avg Persistent ratio: 0.50
  Avg Non-persistent ratio: 0.50
  Avg Connection 2 duration: 1.759082 sec
  Avg Throughput Persistent: 529.95 Mbps
  Avg Throughput Non-Persistent: 464.98 Mbps
  Avg Persistent packets: 110674.72
  Avg Non-Persistent packets: 96989.38

Summary for Connections 1951 to 1961:
  Avg Non-persistent count: 44835.82
  Avg Persistent count: 45135.45
  Avg Total when both present: 89971.27
  Avg Only persistent count: 19521.55
  Avg Only non-persistent count: 13905.27
  Avg Persistent bytes read: 107919862.55
  Avg Non-persistent bytes read: 102212018.18
  Avg Persistent ratio: 0.51
  Avg Non-persistent ratio: 0.49
  Avg Connection 2 duration: 1.686141 sec
  Avg Throughput Persistent: 182.49 Mbps
  Avg Throughput Non-Persistent: 854.67 Mbps
  Avg Persistent packets: 102635.09
  Avg Non-Persistent packets: 97171.55


Overall Statistics (Averaged):
Average events when both were present: 99426.22
Average Persistent count: 49834.61
Average Non-Persistent count: 49591.61
Average Persistent Ratio: 0.50
Average Non-Persistent Ratio: 0.50
Rejected connections: 0
Average Only Persistent count: 16488.60
Average Only Non Persistent count: 4804.84
Average persistent bytes per connection: 113927441.10
Average non-persistent bytes per connection: 102173337.70
Average persistent packets per connection: 108572.40
Average non-persistent packets per connection: 97285.95
Total persistent duration: 3600.007548 sec
Total non-persistent duration: 3406.755147 sec
Average Throughput Persistent: 496.47 Mbps
Average Throughput Non-Persistent: 470.50 Mbps
