Summary for Connections 1 to 50:
  Avg Non-persistent count: 34418.00
  Avg Persistent count: 34321.66
  Avg Total when both present: 68739.66
  Avg Only persistent count: 24979.78
  Avg Only non-persistent count: 7835.06
  Avg Persistent bytes read: 94008453.12
  Avg Non-persistent bytes read: 76622921.92
  Avg Persistent ratio: 0.49
  Avg Non-persistent ratio: 0.51
  Avg Connection 2 duration: 1.312227 sec
  Avg Throughput Persistent: 543.59 Mbps
  Avg Throughput Non-Persistent: 468.94 Mbps
  Avg Persistent packets: 89823.44
  Avg Non-Persistent packets: 73046.66

Summary for Connections 51 to 100:
  Avg Non-persistent count: 34869.02
  Avg Persistent count: 33827.28
  Avg Total when both present: 68696.30
  Avg Only persistent count: 19449.88
  Avg Only non-persistent count: 7839.58
  Avg Persistent bytes read: 88388926.08
  Avg Non-persistent bytes read: 76611389.44
  Avg Persistent ratio: 0.49
  Avg Non-persistent ratio: 0.51
  Avg Connection 2 duration: 1.303562 sec
  Avg Throughput Persistent: 542.48 Mbps
  Avg Throughput Non-Persistent: 470.44 Mbps
  Avg Persistent packets: 84409.18
  Avg Non-Persistent packets: 73049.78

Summary for Connections 101 to 150:
  Avg Non-persistent count: 34767.18
  Avg Persistent count: 33685.04
  Avg Total when both present: 68452.22
  Avg Only persistent count: 19587.14
  Avg Only non-persistent count: 8080.08
  Avg Persistent bytes read: 88285507.84
  Avg Non-persistent bytes read: 76611900.32
  Avg Persistent ratio: 0.49
  Avg Non-persistent ratio: 0.51
  Avg Connection 2 duration: 1.302799 sec
  Avg Throughput Persistent: 542.48 Mbps
  Avg Throughput Non-Persistent: 470.01 Mbps
  Avg Persistent packets: 84332.12
  Avg Non-Persistent packets: 73064.62

Summary for Connections 151 to 200:
  Avg Non-persistent count: 34965.90
  Avg Persistent count: 33956.66
  Avg Total when both present: 68922.56
  Avg Only persistent count: 19020.56
  Avg Only non-persistent count: 7645.74
  Avg Persistent bytes read: 88145391.84
  Avg Non-persistent bytes read: 76606582.24
  Avg Persistent ratio: 0.49
  Avg Non-persistent ratio: 0.51
  Avg Connection 2 duration: 1.301706 sec
  Avg Throughput Persistent: 542.07 Mbps
  Avg Throughput Non-Persistent: 470.87 Mbps
  Avg Persistent packets: 84138.78
  Avg Non-Persistent packets: 73010.18

Summary for Connections 201 to 250:
  Avg Non-persistent count: 34845.32
  Avg Persistent count: 33932.36
  Avg Total when both present: 68777.68
  Avg Only persistent count: 19194.42
  Avg Only non-persistent count: 7766.24
  Avg Persistent bytes read: 88207729.12
  Avg Non-persistent bytes read: 76610176.48
  Avg Persistent ratio: 0.49
  Avg Non-persistent ratio: 0.51
  Avg Connection 2 duration: 1.302193 sec
  Avg Throughput Persistent: 542.01 Mbps
  Avg Throughput Non-Persistent: 470.86 Mbps
  Avg Persistent packets: 84226.06
  Avg Non-Persistent packets: 73030.90

Summary for Connections 251 to 300:
  Avg Non-persistent count: 34937.98
  Avg Persistent count: 34044.54
  Avg Total when both present: 68982.52
  Avg Only persistent count: 19120.66
  Avg Only non-persistent count: 7577.46
  Avg Persistent bytes read: 88301067.20
  Avg Non-persistent bytes read: 76600502.16
  Avg Persistent ratio: 0.49
  Avg Non-persistent ratio: 0.51
  Avg Connection 2 duration: 1.302823 sec
  Avg Throughput Persistent: 542.74 Mbps
  Avg Throughput Non-Persistent: 469.86 Mbps
  Avg Persistent packets: 84294.48
  Avg Non-Persistent packets: 73003.80

Summary for Connections 301 to 350:
  Avg Non-persistent count: 34960.56
  Avg Persistent count: 33894.44
  Avg Total when both present: 68855.00
  Avg Only persistent count: 19182.56
  Avg Only non-persistent count: 7689.18
  Avg Persistent bytes read: 88277291.04
  Avg Non-persistent bytes read: 76607581.28
  Avg Persistent ratio: 0.49
  Avg Non-persistent ratio: 0.51
  Avg Connection 2 duration: 1.302766 sec
  Avg Throughput Persistent: 542.24 Mbps
  Avg Throughput Non-Persistent: 470.49 Mbps
  Avg Persistent packets: 84279.70
  Avg Non-Persistent packets: 73029.48

Summary for Connections 351 to 400:
  Avg Non-persistent count: 34941.96
  Avg Persistent count: 33743.06
  Avg Total when both present: 68685.02
  Avg Only persistent count: 19305.74
  Avg Only non-persistent count: 7847.72
  Avg Persistent bytes read: 88234272.00
  Avg Non-persistent bytes read: 76613450.24
  Avg Persistent ratio: 0.49
  Avg Non-persistent ratio: 0.51
  Avg Connection 2 duration: 1.302453 sec
  Avg Throughput Persistent: 542.37 Mbps
  Avg Throughput Non-Persistent: 469.87 Mbps
  Avg Persistent packets: 84263.90
  Avg Non-Persistent packets: 73048.14

Summary for Connections 401 to 450:
  Avg Non-persistent count: 34939.84
  Avg Persistent count: 33736.72
  Avg Total when both present: 68676.56
  Avg Only persistent count: 19302.66
  Avg Only non-persistent count: 7858.92
  Avg Persistent bytes read: 88208176.96
  Avg Non-persistent bytes read: 76598975.20
  Avg Persistent ratio: 0.50
  Avg Non-persistent ratio: 0.50
  Avg Connection 2 duration: 1.302128 sec
  Avg Throughput Persistent: 542.29 Mbps
  Avg Throughput Non-Persistent: 470.56 Mbps
  Avg Persistent packets: 84225.40
  Avg Non-Persistent packets: 73024.20

Summary for Connections 451 to 500:
  Avg Non-persistent count: 34767.66
  Avg Persistent count: 33450.76
  Avg Total when both present: 68218.42
  Avg Only persistent count: 19747.48
  Avg Only non-persistent count: 8277.06
  Avg Persistent bytes read: 88232576.80
  Avg Non-persistent bytes read: 76599464.16
  Avg Persistent ratio: 0.50
  Avg Non-persistent ratio: 0.50
  Avg Connection 2 duration: 1.302316 sec
  Avg Throughput Persistent: 542.95 Mbps
  Avg Throughput Non-Persistent: 469.83 Mbps
  Avg Persistent packets: 84296.88
  Avg Non-Persistent packets: 73071.40

Summary for Connections 501 to 550:
  Avg Non-persistent count: 34916.84
  Avg Persistent count: 33735.40
  Avg Total when both present: 68652.24
  Avg Only persistent count: 19379.12
  Avg Only non-persistent count: 7883.42
  Avg Persistent bytes read: 88262260.80
  Avg Non-persistent bytes read: 76596304.00
  Avg Persistent ratio: 0.49
  Avg Non-persistent ratio: 0.51
  Avg Connection 2 duration: 1.302540 sec
  Avg Throughput Persistent: 541.98 Mbps
  Avg Throughput Non-Persistent: 471.12 Mbps
  Avg Persistent packets: 84267.92
  Avg Non-Persistent packets: 73020.96

Summary for Connections 551 to 600:
  Avg Non-persistent count: 34710.94
  Avg Persistent count: 33703.54
  Avg Total when both present: 68414.48
  Avg Only persistent count: 19626.42
  Avg Only non-persistent count: 8094.22
  Avg Persistent bytes read: 88293914.08
  Avg Non-persistent bytes read: 76605598.56
  Avg Persistent ratio: 0.50
  Avg Non-persistent ratio: 0.50
  Avg Connection 2 duration: 1.302859 sec
  Avg Throughput Persistent: 543.11 Mbps
  Avg Throughput Non-Persistent: 469.99 Mbps
  Avg Persistent packets: 84341.56
  Avg Non-Persistent packets: 73064.76

Summary for Connections 601 to 650:
  Avg Non-persistent count: 34955.78
  Avg Persistent count: 33842.70
  Avg Total when both present: 68798.48
  Avg Only persistent count: 19178.88
  Avg Only non-persistent count: 7767.50
  Avg Persistent bytes read: 88199597.60
  Avg Non-persistent bytes read: 76615065.44
  Avg Persistent ratio: 0.51
  Avg Non-persistent ratio: 0.49
  Avg Connection 2 duration: 1.302252 sec
  Avg Throughput Persistent: 541.92 Mbps
  Avg Throughput Non-Persistent: 470.83 Mbps
  Avg Persistent packets: 84229.50
  Avg Non-Persistent packets: 73047.66

Summary for Connections 651 to 700:
  Avg Non-persistent count: 34816.90
  Avg Persistent count: 33863.96
  Avg Total when both present: 68680.86
  Avg Only persistent count: 19247.18
  Avg Only non-persistent count: 7851.94
  Avg Persistent bytes read: 88172015.20
  Avg Non-persistent bytes read: 76610629.60
  Avg Persistent ratio: 0.49
  Avg Non-persistent ratio: 0.51
  Avg Connection 2 duration: 1.301986 sec
  Avg Throughput Persistent: 542.75 Mbps
  Avg Throughput Non-Persistent: 470.10 Mbps
  Avg Persistent packets: 84214.70
  Avg Non-Persistent packets: 73057.26

Summary for Connections 701 to 750:
  Avg Non-persistent count: 35108.16
  Avg Persistent count: 33686.32
  Avg Total when both present: 68794.48
  Avg Only persistent count: 19129.34
  Avg Only non-persistent count: 7726.34
  Avg Persistent bytes read: 88169096.48
  Avg Non-persistent bytes read: 76601712.80
  Avg Persistent ratio: 0.48
  Avg Non-persistent ratio: 0.52
  Avg Connection 2 duration: 1.301909 sec
  Avg Throughput Persistent: 542.07 Mbps
  Avg Throughput Non-Persistent: 470.71 Mbps
  Avg Persistent packets: 84191.92
  Avg Non-Persistent packets: 73032.56

Summary for Connections 751 to 800:
  Avg Non-persistent count: 34859.00
  Avg Persistent count: 33847.76
  Avg Total when both present: 68706.76
  Avg Only persistent count: 19263.86
  Avg Only non-persistent count: 7829.94
  Avg Persistent bytes read: 88201213.12
  Avg Non-persistent bytes read: 76603909.28
  Avg Persistent ratio: 0.49
  Avg Non-persistent ratio: 0.51
  Avg Connection 2 duration: 1.302194 sec
  Avg Throughput Persistent: 541.58 Mbps
  Avg Throughput Non-Persistent: 471.14 Mbps
  Avg Persistent packets: 84234.78
  Avg Non-Persistent packets: 73039.28

Summary for Connections 801 to 850:
  Avg Non-persistent count: 34575.56
  Avg Persistent count: 33773.30
  Avg Total when both present: 68348.86
  Avg Only persistent count: 19643.72
  Avg Only non-persistent count: 8150.42
  Avg Persistent bytes read: 88266648.48
  Avg Non-persistent bytes read: 76610613.92
  Avg Persistent ratio: 0.48
  Avg Non-persistent ratio: 0.52
  Avg Connection 2 duration: 1.302619 sec
  Avg Throughput Persistent: 542.21 Mbps
  Avg Throughput Non-Persistent: 470.28 Mbps
  Avg Persistent packets: 84344.74
  Avg Non-Persistent packets: 73095.36

Summary for Connections 851 to 900:
  Avg Non-persistent count: 34645.40
  Avg Persistent count: 33852.78
  Avg Total when both present: 68498.18
  Avg Only persistent count: 19524.50
  Avg Only non-persistent count: 8018.16
  Avg Persistent bytes read: 88278000.32
  Avg Non-persistent bytes read: 76598107.68
  Avg Persistent ratio: 0.49
  Avg Non-persistent ratio: 0.51
  Avg Connection 2 duration: 1.302612 sec
  Avg Throughput Persistent: 542.95 Mbps
  Avg Throughput Non-Persistent: 469.99 Mbps
  Avg Persistent packets: 84322.20
  Avg Non-Persistent packets: 73052.68

Summary for Connections 901 to 950:
  Avg Non-persistent count: 34516.80
  Avg Persistent count: 33850.52
  Avg Total when both present: 68367.32
  Avg Only persistent count: 19697.90
  Avg Only non-persistent count: 8140.98
  Avg Persistent bytes read: 88328752.96
  Avg Non-persistent bytes read: 76605765.60
  Avg Persistent ratio: 0.50
  Avg Non-persistent ratio: 0.50
  Avg Connection 2 duration: 1.303230 sec
  Avg Throughput Persistent: 542.13 Mbps
  Avg Throughput Non-Persistent: 469.79 Mbps
  Avg Persistent packets: 84398.68
  Avg Non-Persistent packets: 73076.76

Summary for Connections 951 to 1000:
  Avg Non-persistent count: 34903.06
  Avg Persistent count: 33584.60
  Avg Total when both present: 68487.66
  Avg Only persistent count: 19481.02
  Avg Only non-persistent count: 8057.76
  Avg Persistent bytes read: 88220130.24
  Avg Non-persistent bytes read: 76625057.44
  Avg Persistent ratio: 0.50
  Avg Non-persistent ratio: 0.50
  Avg Connection 2 duration: 1.302389 sec
  Avg Throughput Persistent: 541.82 Mbps
  Avg Throughput Non-Persistent: 470.63 Mbps
  Avg Persistent packets: 84278.78
  Avg Non-Persistent packets: 73088.30

Summary for Connections 1001 to 1050:
  Avg Non-persistent count: 34626.84
  Avg Persistent count: 33773.02
  Avg Total when both present: 68399.86
  Avg Only persistent count: 19520.08
  Avg Only non-persistent count: 8113.48
  Avg Persistent bytes read: 88172109.76
  Avg Non-persistent bytes read: 76605903.84
  Avg Persistent ratio: 0.50
  Avg Non-persistent ratio: 0.50
  Avg Connection 2 duration: 1.301871 sec
  Avg Throughput Persistent: 541.51 Mbps
  Avg Throughput Non-Persistent: 471.35 Mbps
  Avg Persistent packets: 84221.66
  Avg Non-Persistent packets: 73060.90

Summary for Connections 1051 to 1100:
  Avg Non-persistent count: 35032.68
  Avg Persistent count: 33995.26
  Avg Total when both present: 69027.94
  Avg Only persistent count: 18942.08
  Avg Only non-persistent count: 7528.72
  Avg Persistent bytes read: 88185074.72
  Avg Non-persistent bytes read: 76607537.60
  Avg Persistent ratio: 0.47
  Avg Non-persistent ratio: 0.53
  Avg Connection 2 duration: 1.302052 sec
  Avg Throughput Persistent: 541.05 Mbps
  Avg Throughput Non-Persistent: 471.40 Mbps
  Avg Persistent packets: 84176.86
  Avg Non-Persistent packets: 73009.58

Summary for Connections 1101 to 1150:
  Avg Non-persistent count: 34871.12
  Avg Persistent count: 33782.96
  Avg Total when both present: 68654.08
  Avg Only persistent count: 19329.70
  Avg Only non-persistent count: 7894.16
  Avg Persistent bytes read: 88227964.32
  Avg Non-persistent bytes read: 76624332.16
  Avg Persistent ratio: 0.49
  Avg Non-persistent ratio: 0.51
  Avg Connection 2 duration: 1.302547 sec
  Avg Throughput Persistent: 541.95 Mbps
  Avg Throughput Non-Persistent: 470.39 Mbps
  Avg Persistent packets: 84274.46
  Avg Non-Persistent packets: 73069.90

Summary for Connections 1151 to 1200:
  Avg Non-persistent count: 34828.14
  Avg Persistent count: 33732.18
  Avg Total when both present: 68560.32
  Avg Only persistent count: 19459.34
  Avg Only non-persistent count: 7954.38
  Avg Persistent bytes read: 88278283.52
  Avg Non-persistent bytes read: 76607045.44
  Avg Persistent ratio: 0.48
  Avg Non-persistent ratio: 0.52
  Avg Connection 2 duration: 1.302748 sec
  Avg Throughput Persistent: 541.59 Mbps
  Avg Throughput Non-Persistent: 471.08 Mbps
  Avg Persistent packets: 84328.74
  Avg Non-Persistent packets: 73063.48

Summary for Connections 1201 to 1250:
  Avg Non-persistent count: 34739.04
  Avg Persistent count: 34062.30
  Avg Total when both present: 68801.34
  Avg Only persistent count: 19328.34
  Avg Only non-persistent count: 7747.94
  Avg Persistent bytes read: 88361043.36
  Avg Non-persistent bytes read: 76615768.48
  Avg Persistent ratio: 0.48
  Avg Non-persistent ratio: 0.52
  Avg Connection 2 duration: 1.303386 sec
  Avg Throughput Persistent: 541.85 Mbps
  Avg Throughput Non-Persistent: 470.77 Mbps
  Avg Persistent packets: 84374.42
  Avg Non-Persistent packets: 73044.00

Summary for Connections 1251 to 1300:
  Avg Non-persistent count: 34763.48
  Avg Persistent count: 33732.10
  Avg Total when both present: 68495.58
  Avg Only persistent count: 19517.18
  Avg Only non-persistent count: 8025.06
  Avg Persistent bytes read: 88259857.12
  Avg Non-persistent bytes read: 76607722.72
  Avg Persistent ratio: 0.50
  Avg Non-persistent ratio: 0.50
  Avg Connection 2 duration: 1.302551 sec
  Avg Throughput Persistent: 541.81 Mbps
  Avg Throughput Non-Persistent: 470.61 Mbps
  Avg Persistent packets: 84309.22
  Avg Non-Persistent packets: 73076.08

Summary for Connections 1301 to 1350:
  Avg Non-persistent count: 34695.48
  Avg Persistent count: 33881.60
  Avg Total when both present: 68577.08
  Avg Only persistent count: 19423.66
  Avg Only non-persistent count: 7960.92
  Avg Persistent bytes read: 88242483.84
  Avg Non-persistent bytes read: 76610794.08
  Avg Persistent ratio: 0.50
  Avg Non-persistent ratio: 0.50
  Avg Connection 2 duration: 1.302524 sec
  Avg Throughput Persistent: 542.29 Mbps
  Avg Throughput Non-Persistent: 470.21 Mbps
  Avg Persistent packets: 84279.56
  Avg Non-Persistent packets: 73050.94

Summary for Connections 1351 to 1400:
  Avg Non-persistent count: 34619.52
  Avg Persistent count: 33625.42
  Avg Total when both present: 68244.94
  Avg Only persistent count: 19773.40
  Avg Only non-persistent count: 8283.88
  Avg Persistent bytes read: 88270453.76
  Avg Non-persistent bytes read: 76608477.28
  Avg Persistent ratio: 0.49
  Avg Non-persistent ratio: 0.51
  Avg Connection 2 duration: 1.302700 sec
  Avg Throughput Persistent: 541.76 Mbps
  Avg Throughput Non-Persistent: 470.81 Mbps
  Avg Persistent packets: 84322.34
  Avg Non-Persistent packets: 73061.18

Summary for Connections 1401 to 1450:
  Avg Non-persistent count: 34761.34
  Avg Persistent count: 33836.24
  Avg Total when both present: 68597.58
  Avg Only persistent count: 19324.26
  Avg Only non-persistent count: 7959.50
  Avg Persistent bytes read: 88151356.64
  Avg Non-persistent bytes read: 76617140.64
  Avg Persistent ratio: 0.49
  Avg Non-persistent ratio: 0.51
  Avg Connection 2 duration: 1.301909 sec
  Avg Throughput Persistent: 542.09 Mbps
  Avg Throughput Non-Persistent: 470.71 Mbps
  Avg Persistent packets: 84163.00
  Avg Non-Persistent packets: 73038.52

Summary for Connections 1451 to 1500:
  Avg Non-persistent count: 34702.92
  Avg Persistent count: 33674.28
  Avg Total when both present: 68377.20
  Avg Only persistent count: 19571.44
  Avg Only non-persistent count: 8130.04
  Avg Persistent bytes read: 88217823.52
  Avg Non-persistent bytes read: 76600056.24
  Avg Persistent ratio: 0.49
  Avg Non-persistent ratio: 0.51
  Avg Connection 2 duration: 1.302235 sec
  Avg Throughput Persistent: 541.90 Mbps
  Avg Throughput Non-Persistent: 470.55 Mbps
  Avg Persistent packets: 84275.34
  Avg Non-Persistent packets: 73072.90

Summary for Connections 1501 to 1550:
  Avg Non-persistent count: 34852.16
  Avg Persistent count: 33835.98
  Avg Total when both present: 68688.14
  Avg Only persistent count: 19329.18
  Avg Only non-persistent count: 7868.34
  Avg Persistent bytes read: 88235617.60
  Avg Non-persistent bytes read: 76613201.92
  Avg Persistent ratio: 0.49
  Avg Non-persistent ratio: 0.51
  Avg Connection 2 duration: 1.302440 sec
  Avg Throughput Persistent: 542.08 Mbps
  Avg Throughput Non-Persistent: 470.82 Mbps
  Avg Persistent packets: 84262.90
  Avg Non-Persistent packets: 73052.18

Summary for Connections 1551 to 1600:
  Avg Non-persistent count: 34796.12
  Avg Persistent count: 33804.76
  Avg Total when both present: 68600.88
  Avg Only persistent count: 19517.88
  Avg Only non-persistent count: 7888.36
  Avg Persistent bytes read: 88387194.24
  Avg Non-persistent bytes read: 76593504.16
  Avg Persistent ratio: 0.50
  Avg Non-persistent ratio: 0.50
  Avg Connection 2 duration: 1.303528 sec
  Avg Throughput Persistent: 543.41 Mbps
  Avg Throughput Non-Persistent: 469.29 Mbps
  Avg Persistent packets: 84448.30
  Avg Non-Persistent packets: 73054.02

Summary for Connections 1601 to 1650:
  Avg Non-persistent count: 34818.24
  Avg Persistent count: 33863.36
  Avg Total when both present: 68681.60
  Avg Only persistent count: 19377.28
  Avg Only non-persistent count: 7860.02
  Avg Persistent bytes read: 88303297.12
  Avg Non-persistent bytes read: 76608612.16
  Avg Persistent ratio: 0.49
  Avg Non-persistent ratio: 0.51
  Avg Connection 2 duration: 1.302876 sec
  Avg Throughput Persistent: 542.96 Mbps
  Avg Throughput Non-Persistent: 469.49 Mbps
  Avg Persistent packets: 84330.34
  Avg Non-Persistent packets: 73045.92

Summary for Connections 1651 to 1700:
  Avg Non-persistent count: 34967.20
  Avg Persistent count: 34000.52
  Avg Total when both present: 68967.72
  Avg Only persistent count: 19047.94
  Avg Only non-persistent count: 7583.24
  Avg Persistent bytes read: 88242625.92
  Avg Non-persistent bytes read: 76618963.04
  Avg Persistent ratio: 0.50
  Avg Non-persistent ratio: 0.50
  Avg Connection 2 duration: 1.302539 sec
  Avg Throughput Persistent: 541.61 Mbps
  Avg Throughput Non-Persistent: 470.36 Mbps
  Avg Persistent packets: 84251.36
  Avg Non-Persistent packets: 73047.62

Summary for Connections 1701 to 1750:
  Avg Non-persistent count: 34678.92
  Avg Persistent count: 33872.82
  Avg Total when both present: 68551.74
  Avg Only persistent count: 19456.14
  Avg Only non-persistent count: 7993.24
  Avg Persistent bytes read: 88246178.72
  Avg Non-persistent bytes read: 76611538.08
  Avg Persistent ratio: 0.50
  Avg Non-persistent ratio: 0.50
  Avg Connection 2 duration: 1.302599 sec
  Avg Throughput Persistent: 541.21 Mbps
  Avg Throughput Non-Persistent: 471.04 Mbps
  Avg Persistent packets: 84263.16
  Avg Non-Persistent packets: 73040.72

Summary for Connections 1751 to 1800:
  Avg Non-persistent count: 34967.10
  Avg Persistent count: 33793.60
  Avg Total when both present: 68760.70
  Avg Only persistent count: 19148.82
  Avg Only non-persistent count: 7769.84
  Avg Persistent bytes read: 88148852.80
  Avg Non-persistent bytes read: 76602699.20
  Avg Persistent ratio: 0.50
  Avg Non-persistent ratio: 0.50
  Avg Connection 2 duration: 1.301792 sec
  Avg Throughput Persistent: 541.06 Mbps
  Avg Throughput Non-Persistent: 470.72 Mbps
  Avg Persistent packets: 84175.06
  Avg Non-Persistent packets: 73037.40

Summary for Connections 1801 to 1850:
  Avg Non-persistent count: 34881.18
  Avg Persistent count: 33987.62
  Avg Total when both present: 68868.80
  Avg Only persistent count: 19094.98
  Avg Only non-persistent count: 7686.38
  Avg Persistent bytes read: 88190565.76
  Avg Non-persistent bytes read: 76611005.60
  Avg Persistent ratio: 0.50
  Avg Non-persistent ratio: 0.50
  Avg Connection 2 duration: 1.302142 sec
  Avg Throughput Persistent: 541.34 Mbps
  Avg Throughput Non-Persistent: 471.04 Mbps
  Avg Persistent packets: 84211.86
  Avg Non-Persistent packets: 73040.52

Summary for Connections 1851 to 1900:
  Avg Non-persistent count: 34739.22
  Avg Persistent count: 33726.94
  Avg Total when both present: 68466.16
  Avg Only persistent count: 19660.14
  Avg Only non-persistent count: 8062.22
  Avg Persistent bytes read: 88365413.28
  Avg Non-persistent bytes read: 76596057.12
  Avg Persistent ratio: 0.50
  Avg Non-persistent ratio: 0.50
  Avg Connection 2 duration: 1.303289 sec
  Avg Throughput Persistent: 542.59 Mbps
  Avg Throughput Non-Persistent: 469.99 Mbps
  Avg Persistent packets: 84386.88
  Avg Non-Persistent packets: 73032.62

Summary for Connections 1901 to 1950:
  Avg Non-persistent count: 34808.78
  Avg Persistent count: 33876.84
  Avg Total when both present: 68685.62
  Avg Only persistent count: 19414.86
  Avg Only non-persistent count: 7863.72
  Avg Persistent bytes read: 88324592.80
  Avg Non-persistent bytes read: 76604108.00
  Avg Persistent ratio: 0.50
  Avg Non-persistent ratio: 0.50
  Avg Connection 2 duration: 1.303179 sec
  Avg Throughput Persistent: 542.75 Mbps
  Avg Throughput Non-Persistent: 470.01 Mbps
  Avg Persistent packets: 84337.72
  Avg Non-Persistent packets: 73032.20

Summary for Connections 1951 to 2000:
  Avg Non-persistent count: 34818.46
  Avg Persistent count: 33905.82
  Avg Total when both present: 68724.28
  Avg Only persistent count: 19368.36
  Avg Only non-persistent count: 7828.62
  Avg Persistent bytes read: 88336825.76
  Avg Non-persistent bytes read: 76625297.28
  Avg Persistent ratio: 0.50
  Avg Non-persistent ratio: 0.50
  Avg Connection 2 duration: 1.303197 sec
  Avg Throughput Persistent: 542.68 Mbps
  Avg Throughput Non-Persistent: 469.71 Mbps
  Avg Persistent packets: 84366.02
  Avg Non-Persistent packets: 73069.18

Summary for Connections 2001 to 2050:
  Avg Non-persistent count: 34804.20
  Avg Persistent count: 33758.02
  Avg Total when both present: 68562.22
  Avg Only persistent count: 19592.26
  Avg Only non-persistent count: 7994.12
  Avg Persistent bytes read: 88380504.48
  Avg Non-persistent bytes read: 76610320.64
  Avg Persistent ratio: 0.49
  Avg Non-persistent ratio: 0.51
  Avg Connection 2 duration: 1.303450 sec
  Avg Throughput Persistent: 542.48 Mbps
  Avg Throughput Non-Persistent: 469.83 Mbps
  Avg Persistent packets: 84401.18
  Avg Non-Persistent packets: 73041.38

Summary for Connections 2051 to 2100:
  Avg Non-persistent count: 34935.02
  Avg Persistent count: 33870.32
  Avg Total when both present: 68805.34
  Avg Only persistent count: 19239.24
  Avg Only non-persistent count: 7755.44
  Avg Persistent bytes read: 88276393.28
  Avg Non-persistent bytes read: 76620964.16
  Avg Persistent ratio: 0.48
  Avg Non-persistent ratio: 0.52
  Avg Connection 2 duration: 1.302845 sec
  Avg Throughput Persistent: 542.13 Mbps
  Avg Throughput Non-Persistent: 470.26 Mbps
  Avg Persistent packets: 84283.06
  Avg Non-Persistent packets: 73040.72

Summary for Connections 2101 to 2150:
  Avg Non-persistent count: 34612.54
  Avg Persistent count: 33927.74
  Avg Total when both present: 68540.28
  Avg Only persistent count: 19546.30
  Avg Only non-persistent count: 8001.82
  Avg Persistent bytes read: 88327044.32
  Avg Non-persistent bytes read: 76605715.52
  Avg Persistent ratio: 0.48
  Avg Non-persistent ratio: 0.52
  Avg Connection 2 duration: 1.303039 sec
  Avg Throughput Persistent: 541.35 Mbps
  Avg Throughput Non-Persistent: 471.15 Mbps
  Avg Persistent packets: 84367.36
  Avg Non-Persistent packets: 73052.58

Summary for Connections 2151 to 2200:
  Avg Non-persistent count: 34860.22
  Avg Persistent count: 33893.38
  Avg Total when both present: 68753.60
  Avg Only persistent count: 19337.60
  Avg Only non-persistent count: 7805.88
  Avg Persistent bytes read: 88307004.00
  Avg Non-persistent bytes read: 76613157.52
  Avg Persistent ratio: 0.49
  Avg Non-persistent ratio: 0.51
  Avg Connection 2 duration: 1.302847 sec
  Avg Throughput Persistent: 541.84 Mbps
  Avg Throughput Non-Persistent: 470.95 Mbps
  Avg Persistent packets: 84311.98
  Avg Non-Persistent packets: 73032.70

Summary for Connections 2201 to 2250:
  Avg Non-persistent count: 34904.42
  Avg Persistent count: 33919.46
  Avg Total when both present: 68823.88
  Avg Only persistent count: 19222.70
  Avg Only non-persistent count: 7736.04
  Avg Persistent bytes read: 88264978.72
  Avg Non-persistent bytes read: 76609299.52
  Avg Persistent ratio: 0.50
  Avg Non-persistent ratio: 0.50
  Avg Connection 2 duration: 1.302701 sec
  Avg Throughput Persistent: 542.86 Mbps
  Avg Throughput Non-Persistent: 469.64 Mbps
  Avg Persistent packets: 84268.76
  Avg Non-Persistent packets: 73022.42

Summary for Connections 2251 to 2300:
  Avg Non-persistent count: 34764.18
  Avg Persistent count: 33912.16
  Avg Total when both present: 68676.34
  Avg Only persistent count: 19439.04
  Avg Only non-persistent count: 7856.80
  Avg Persistent bytes read: 88342976.64
  Avg Non-persistent bytes read: 76595878.88
  Avg Persistent ratio: 0.51
  Avg Non-persistent ratio: 0.49
  Avg Connection 2 duration: 1.303094 sec
  Avg Throughput Persistent: 542.07 Mbps
  Avg Throughput Non-Persistent: 470.49 Mbps
  Avg Persistent packets: 84348.10
  Avg Non-Persistent packets: 73013.36

Summary for Connections 2301 to 2350:
  Avg Non-persistent count: 35014.48
  Avg Persistent count: 33689.46
  Avg Total when both present: 68703.94
  Avg Only persistent count: 19266.42
  Avg Only non-persistent count: 7817.10
  Avg Persistent bytes read: 88231074.40
  Avg Non-persistent bytes read: 76608811.68
  Avg Persistent ratio: 0.50
  Avg Non-persistent ratio: 0.50
  Avg Connection 2 duration: 1.302459 sec
  Avg Throughput Persistent: 541.64 Mbps
  Avg Throughput Non-Persistent: 471.12 Mbps
  Avg Persistent packets: 84267.32
  Avg Non-Persistent packets: 73056.22

Summary for Connections 2351 to 2400:
  Avg Non-persistent count: 34781.08
  Avg Persistent count: 33680.24
  Avg Total when both present: 68461.32
  Avg Only persistent count: 19579.54
  Avg Only non-persistent count: 8067.12
  Avg Persistent bytes read: 88278495.36
  Avg Non-persistent bytes read: 76596348.16
  Avg Persistent ratio: 0.49
  Avg Non-persistent ratio: 0.51
  Avg Connection 2 duration: 1.302621 sec
  Avg Throughput Persistent: 541.90 Mbps
  Avg Throughput Non-Persistent: 469.83 Mbps
  Avg Persistent packets: 84319.36
  Avg Non-Persistent packets: 73046.08

Summary for Connections 2401 to 2450:
  Avg Non-persistent count: 34846.68
  Avg Persistent count: 33818.70
  Avg Total when both present: 68665.38
  Avg Only persistent count: 19502.10
  Avg Only non-persistent count: 7912.26
  Avg Persistent bytes read: 88393705.92
  Avg Non-persistent bytes read: 76629139.04
  Avg Persistent ratio: 0.48
  Avg Non-persistent ratio: 0.52
  Avg Connection 2 duration: 1.303700 sec
  Avg Throughput Persistent: 542.09 Mbps
  Avg Throughput Non-Persistent: 471.11 Mbps
  Avg Persistent packets: 84415.04
  Avg Non-Persistent packets: 73063.28

Summary for Connections 2451 to 2500:
  Avg Non-persistent count: 34913.56
  Avg Persistent count: 34027.60
  Avg Total when both present: 68941.16
  Avg Only persistent count: 19238.96
  Avg Only non-persistent count: 7644.74
  Avg Persistent bytes read: 88374551.52
  Avg Non-persistent bytes read: 76620080.80
  Avg Persistent ratio: 0.49
  Avg Non-persistent ratio: 0.51
  Avg Connection 2 duration: 1.303562 sec
  Avg Throughput Persistent: 541.25 Mbps
  Avg Throughput Non-Persistent: 471.04 Mbps
  Avg Persistent packets: 84361.46
  Avg Non-Persistent packets: 73016.54

Summary for Connections 2501 to 2550:
  Avg Non-persistent count: 34902.96
  Avg Persistent count: 33801.62
  Avg Total when both present: 68704.58
  Avg Only persistent count: 19249.76
  Avg Only non-persistent count: 7822.46
  Avg Persistent bytes read: 88208515.20
  Avg Non-persistent bytes read: 76616474.72
  Avg Persistent ratio: 0.51
  Avg Non-persistent ratio: 0.49
  Avg Connection 2 duration: 1.302382 sec
  Avg Throughput Persistent: 542.24 Mbps
  Avg Throughput Non-Persistent: 470.02 Mbps
  Avg Persistent packets: 84246.66
  Avg Non-Persistent packets: 73059.14

Summary for Connections 2551 to 2568:
  Avg Non-persistent count: 34183.61
  Avg Persistent count: 33207.67
  Avg Total when both present: 67391.28
  Avg Only persistent count: 18959.61
  Avg Only non-persistent count: 9121.22
  Avg Persistent bytes read: 86573356.44
  Avg Non-persistent bytes read: 76608222.44
  Avg Persistent ratio: 0.50
  Avg Non-persistent ratio: 0.50
  Avg Connection 2 duration: 1.288409 sec
  Avg Throughput Persistent: 450.12 Mbps
  Avg Throughput Non-Persistent: 578.91 Mbps
  Avg Persistent packets: 82681.78
  Avg Non-Persistent packets: 73080.94


Overall Statistics (Averaged):
Average events when both were present: 68640.69
Average Persistent count: 33826.92
Average Non-Persistent count: 34813.77
Average Persistent Ratio: 0.49
Average Non-Persistent Ratio: 0.51
Rejected connections: 0
Average Only Persistent count: 19484.18
Average Only Non Persistent count: 7897.92
Average persistent bytes per connection: 88364102.18
Average non-persistent bytes per connection: 76609241.11
Average persistent packets per connection: 84389.21
Average non-persistent packets per connection: 73047.28
Total persistent duration: 3600.005173 sec
Total non-persistent duration: 3345.409901 sec
Average Throughput Persistent: 504.26 Mbps
Average Throughput Non-Persistent: 470.45 Mbps
