Summary for Connections 1 to 50:
  Avg Non-persistent count: 35150.26
  Avg Persistent count: 34700.18
  Avg Total when both present: 69850.44
  Avg Only persistent count: 24379.04
  Avg Only non-persistent count: 7893.68
  Avg Persistent bytes read: 93147913.76
  Avg Non-persistent bytes read: 76577640.64
  Avg Persistent ratio: 0.49
  Avg Non-persistent ratio: 0.51
  Avg Connection 2 duration: 1.301642 sec
  Avg Throughput Persistent: 541.90 Mbps
  Avg Throughput Non-Persistent: 470.46 Mbps
  Avg Persistent packets: 88333.72
  Avg Non-Persistent packets: 72408.62

Summary for Connections 51 to 100:
  Avg Non-persistent count: 35178.44
  Avg Persistent count: 34718.08
  Avg Total when both present: 69896.52
  Avg Only persistent count: 19342.88
  Avg Only non-persistent count: 7840.36
  Avg Persistent bytes read: 88128649.92
  Avg Non-persistent bytes read: 76564086.24
  Avg Persistent ratio: 0.49
  Avg Non-persistent ratio: 0.51
  Avg Connection 2 duration: 1.301293 sec
  Avg Throughput Persistent: 541.73 Mbps
  Avg Throughput Non-Persistent: 470.76 Mbps
  Avg Persistent packets: 83515.90
  Avg Non-Persistent packets: 72402.84

Summary for Connections 101 to 150:
  Avg Non-persistent count: 35173.84
  Avg Persistent count: 34682.52
  Avg Total when both present: 69856.36
  Avg Only persistent count: 19387.88
  Avg Only non-persistent count: 7884.34
  Avg Persistent bytes read: 88129117.60
  Avg Non-persistent bytes read: 76559552.48
  Avg Persistent ratio: 0.50
  Avg Non-persistent ratio: 0.50
  Avg Connection 2 duration: 1.301330 sec
  Avg Throughput Persistent: 542.22 Mbps
  Avg Throughput Non-Persistent: 470.15 Mbps
  Avg Persistent packets: 83521.74
  Avg Non-Persistent packets: 72408.56

Summary for Connections 151 to 200:
  Avg Non-persistent count: 35175.44
  Avg Persistent count: 34772.08
  Avg Total when both present: 69947.52
  Avg Only persistent count: 19335.44
  Avg Only non-persistent count: 7816.84
  Avg Persistent bytes read: 88163795.36
  Avg Non-persistent bytes read: 76586934.56
  Avg Persistent ratio: 0.50
  Avg Non-persistent ratio: 0.50
  Avg Connection 2 duration: 1.301782 sec
  Avg Throughput Persistent: 541.13 Mbps
  Avg Throughput Non-Persistent: 470.87 Mbps
  Avg Persistent packets: 83553.56
  Avg Non-Persistent packets: 72424.54

Summary for Connections 201 to 250:
  Avg Non-persistent count: 35248.96
  Avg Persistent count: 34788.48
  Avg Total when both present: 70037.44
  Avg Only persistent count: 19306.74
  Avg Only non-persistent count: 7725.20
  Avg Persistent bytes read: 88215419.04
  Avg Non-persistent bytes read: 76576773.60
  Avg Persistent ratio: 0.49
  Avg Non-persistent ratio: 0.51
  Avg Connection 2 duration: 1.302182 sec
  Avg Throughput Persistent: 541.54 Mbps
  Avg Throughput Non-Persistent: 471.19 Mbps
  Avg Persistent packets: 83616.26
  Avg Non-Persistent packets: 72425.10

Summary for Connections 251 to 300:
  Avg Non-persistent count: 35135.28
  Avg Persistent count: 34837.44
  Avg Total when both present: 69972.72
  Avg Only persistent count: 19341.00
  Avg Only non-persistent count: 7778.52
  Avg Persistent bytes read: 88193988.00
  Avg Non-persistent bytes read: 76570825.44
  Avg Persistent ratio: 0.50
  Avg Non-persistent ratio: 0.50
  Avg Connection 2 duration: 1.301921 sec
  Avg Throughput Persistent: 542.09 Mbps
  Avg Throughput Non-Persistent: 470.42 Mbps
  Avg Persistent packets: 83586.96
  Avg Non-Persistent packets: 72412.44

Summary for Connections 301 to 350:
  Avg Non-persistent count: 35287.64
  Avg Persistent count: 34741.54
  Avg Total when both present: 70029.18
  Avg Only persistent count: 19294.92
  Avg Only non-persistent count: 7738.10
  Avg Persistent bytes read: 88199003.68
  Avg Non-persistent bytes read: 76581996.88
  Avg Persistent ratio: 0.50
  Avg Non-persistent ratio: 0.50
  Avg Connection 2 duration: 1.302096 sec
  Avg Throughput Persistent: 541.59 Mbps
  Avg Throughput Non-Persistent: 470.92 Mbps
  Avg Persistent packets: 83596.00
  Avg Non-Persistent packets: 72427.64

Summary for Connections 351 to 400:
  Avg Non-persistent count: 35211.60
  Avg Persistent count: 34804.24
  Avg Total when both present: 70015.84
  Avg Only persistent count: 19269.58
  Avg Only non-persistent count: 7728.60
  Avg Persistent bytes read: 88166745.76
  Avg Non-persistent bytes read: 76564012.80
  Avg Persistent ratio: 0.50
  Avg Non-persistent ratio: 0.50
  Avg Connection 2 duration: 1.301615 sec
  Avg Throughput Persistent: 542.45 Mbps
  Avg Throughput Non-Persistent: 469.97 Mbps
  Avg Persistent packets: 83558.62
  Avg Non-Persistent packets: 72407.70

Summary for Connections 401 to 450:
  Avg Non-persistent count: 35277.50
  Avg Persistent count: 34711.48
  Avg Total when both present: 69988.98
  Avg Only persistent count: 19356.90
  Avg Only non-persistent count: 7758.68
  Avg Persistent bytes read: 88225813.60
  Avg Non-persistent bytes read: 76565741.60
  Avg Persistent ratio: 0.50
  Avg Non-persistent ratio: 0.50
  Avg Connection 2 duration: 1.302134 sec
  Avg Throughput Persistent: 542.22 Mbps
  Avg Throughput Non-Persistent: 470.16 Mbps
  Avg Persistent packets: 83616.58
  Avg Non-Persistent packets: 72407.04

Summary for Connections 451 to 500:
  Avg Non-persistent count: 35191.68
  Avg Persistent count: 34798.30
  Avg Total when both present: 69989.98
  Avg Only persistent count: 19293.04
  Avg Only non-persistent count: 7758.52
  Avg Persistent bytes read: 88166258.40
  Avg Non-persistent bytes read: 76569405.28
  Avg Persistent ratio: 0.50
  Avg Non-persistent ratio: 0.50
  Avg Connection 2 duration: 1.301657 sec
  Avg Throughput Persistent: 541.80 Mbps
  Avg Throughput Non-Persistent: 470.53 Mbps
  Avg Persistent packets: 83557.36
  Avg Non-Persistent packets: 72407.20

Summary for Connections 501 to 550:
  Avg Non-persistent count: 35199.52
  Avg Persistent count: 34788.44
  Avg Total when both present: 69987.96
  Avg Only persistent count: 19309.92
  Avg Only non-persistent count: 7783.26
  Avg Persistent bytes read: 88164486.88
  Avg Non-persistent bytes read: 76574643.12
  Avg Persistent ratio: 0.48
  Avg Non-persistent ratio: 0.52
  Avg Connection 2 duration: 1.301757 sec
  Avg Throughput Persistent: 541.03 Mbps
  Avg Throughput Non-Persistent: 471.60 Mbps
  Avg Persistent packets: 83573.70
  Avg Non-Persistent packets: 72435.08

Summary for Connections 551 to 600:
  Avg Non-persistent count: 35169.72
  Avg Persistent count: 34743.90
  Avg Total when both present: 69913.62
  Avg Only persistent count: 19372.02
  Avg Only non-persistent count: 7838.98
  Avg Persistent bytes read: 88167464.80
  Avg Non-persistent bytes read: 76569239.84
  Avg Persistent ratio: 0.50
  Avg Non-persistent ratio: 0.50
  Avg Connection 2 duration: 1.301730 sec
  Avg Throughput Persistent: 541.01 Mbps
  Avg Throughput Non-Persistent: 470.73 Mbps
  Avg Persistent packets: 83560.66
  Avg Non-Persistent packets: 72417.92

Summary for Connections 601 to 650:
  Avg Non-persistent count: 35200.16
  Avg Persistent count: 34789.32
  Avg Total when both present: 69989.48
  Avg Only persistent count: 19338.38
  Avg Only non-persistent count: 7773.50
  Avg Persistent bytes read: 88195001.60
  Avg Non-persistent bytes read: 76569721.20
  Avg Persistent ratio: 0.50
  Avg Non-persistent ratio: 0.50
  Avg Connection 2 duration: 1.301871 sec
  Avg Throughput Persistent: 542.11 Mbps
  Avg Throughput Non-Persistent: 470.43 Mbps
  Avg Persistent packets: 83601.08
  Avg Non-Persistent packets: 72428.34

Summary for Connections 651 to 700:
  Avg Non-persistent count: 35019.34
  Avg Persistent count: 34912.38
  Avg Total when both present: 69931.72
  Avg Only persistent count: 19374.18
  Avg Only non-persistent count: 7824.98
  Avg Persistent bytes read: 88195341.28
  Avg Non-persistent bytes read: 76585980.08
  Avg Persistent ratio: 0.50
  Avg Non-persistent ratio: 0.50
  Avg Connection 2 duration: 1.302163 sec
  Avg Throughput Persistent: 542.58 Mbps
  Avg Throughput Non-Persistent: 469.80 Mbps
  Avg Persistent packets: 83580.98
  Avg Non-Persistent packets: 72422.14

Summary for Connections 701 to 750:
  Avg Non-persistent count: 35246.22
  Avg Persistent count: 34714.80
  Avg Total when both present: 69961.02
  Avg Only persistent count: 19336.54
  Avg Only non-persistent count: 7786.78
  Avg Persistent bytes read: 88177806.40
  Avg Non-persistent bytes read: 76560397.44
  Avg Persistent ratio: 0.51
  Avg Non-persistent ratio: 0.49
  Avg Connection 2 duration: 1.301705 sec
  Avg Throughput Persistent: 541.91 Mbps
  Avg Throughput Non-Persistent: 470.55 Mbps
  Avg Persistent packets: 83570.86
  Avg Non-Persistent packets: 72407.70

Summary for Connections 751 to 800:
  Avg Non-persistent count: 35234.12
  Avg Persistent count: 34696.42
  Avg Total when both present: 69930.54
  Avg Only persistent count: 19363.88
  Avg Only non-persistent count: 7820.06
  Avg Persistent bytes read: 88174846.08
  Avg Non-persistent bytes read: 76570046.40
  Avg Persistent ratio: 0.49
  Avg Non-persistent ratio: 0.51
  Avg Connection 2 duration: 1.301754 sec
  Avg Throughput Persistent: 541.83 Mbps
  Avg Throughput Non-Persistent: 470.46 Mbps
  Avg Persistent packets: 83567.66
  Avg Non-Persistent packets: 72415.08

Summary for Connections 801 to 850:
  Avg Non-persistent count: 35163.34
  Avg Persistent count: 34724.30
  Avg Total when both present: 69887.64
  Avg Only persistent count: 19430.08
  Avg Only non-persistent count: 7859.30
  Avg Persistent bytes read: 88191380.16
  Avg Non-persistent bytes read: 76559412.16
  Avg Persistent ratio: 0.50
  Avg Non-persistent ratio: 0.50
  Avg Connection 2 duration: 1.301819 sec
  Avg Throughput Persistent: 542.24 Mbps
  Avg Throughput Non-Persistent: 470.05 Mbps
  Avg Persistent packets: 83590.58
  Avg Non-Persistent packets: 72409.26

Summary for Connections 851 to 900:
  Avg Non-persistent count: 35135.42
  Avg Persistent count: 34823.10
  Avg Total when both present: 69958.52
  Avg Only persistent count: 19343.66
  Avg Only non-persistent count: 7795.30
  Avg Persistent bytes read: 88179493.12
  Avg Non-persistent bytes read: 76571083.20
  Avg Persistent ratio: 0.50
  Avg Non-persistent ratio: 0.50
  Avg Connection 2 duration: 1.301769 sec
  Avg Throughput Persistent: 541.66 Mbps
  Avg Throughput Non-Persistent: 470.74 Mbps
  Avg Persistent packets: 83574.86
  Avg Non-Persistent packets: 72415.52

Summary for Connections 901 to 950:
  Avg Non-persistent count: 35230.94
  Avg Persistent count: 34732.64
  Avg Total when both present: 69963.58
  Avg Only persistent count: 19346.44
  Avg Only non-persistent count: 7783.04
  Avg Persistent bytes read: 88178883.52
  Avg Non-persistent bytes read: 76556875.28
  Avg Persistent ratio: 0.49
  Avg Non-persistent ratio: 0.51
  Avg Connection 2 duration: 1.301729 sec
  Avg Throughput Persistent: 542.05 Mbps
  Avg Throughput Non-Persistent: 470.64 Mbps
  Avg Persistent packets: 83582.14
  Avg Non-Persistent packets: 72407.30

Summary for Connections 951 to 1000:
  Avg Non-persistent count: 35094.26
  Avg Persistent count: 34810.94
  Avg Total when both present: 69905.20
  Avg Only persistent count: 19419.46
  Avg Only non-persistent count: 7857.84
  Avg Persistent bytes read: 88201301.44
  Avg Non-persistent bytes read: 76582842.56
  Avg Persistent ratio: 0.50
  Avg Non-persistent ratio: 0.50
  Avg Connection 2 duration: 1.302038 sec
  Avg Throughput Persistent: 541.63 Mbps
  Avg Throughput Non-Persistent: 470.65 Mbps
  Avg Persistent packets: 83595.10
  Avg Non-Persistent packets: 72421.86

Summary for Connections 1001 to 1050:
  Avg Non-persistent count: 35194.06
  Avg Persistent count: 34760.30
  Avg Total when both present: 69954.36
  Avg Only persistent count: 19330.64
  Avg Only non-persistent count: 7788.48
  Avg Persistent bytes read: 88164665.60
  Avg Non-persistent bytes read: 76562763.52
  Avg Persistent ratio: 0.50
  Avg Non-persistent ratio: 0.50
  Avg Connection 2 duration: 1.301655 sec
  Avg Throughput Persistent: 541.69 Mbps
  Avg Throughput Non-Persistent: 470.81 Mbps
  Avg Persistent packets: 83558.94
  Avg Non-Persistent packets: 72408.94

Summary for Connections 1051 to 1100:
  Avg Non-persistent count: 35155.76
  Avg Persistent count: 34725.82
  Avg Total when both present: 69881.58
  Avg Only persistent count: 19432.50
  Avg Only non-persistent count: 7883.38
  Avg Persistent bytes read: 88186530.40
  Avg Non-persistent bytes read: 76575299.04
  Avg Persistent ratio: 0.49
  Avg Non-persistent ratio: 0.51
  Avg Connection 2 duration: 1.301892 sec
  Avg Throughput Persistent: 541.92 Mbps
  Avg Throughput Non-Persistent: 470.52 Mbps
  Avg Persistent packets: 83585.70
  Avg Non-Persistent packets: 72430.32

Summary for Connections 1101 to 1150:
  Avg Non-persistent count: 35204.96
  Avg Persistent count: 34722.14
  Avg Total when both present: 69927.10
  Avg Only persistent count: 19365.30
  Avg Only non-persistent count: 7829.32
  Avg Persistent bytes read: 88170814.24
  Avg Non-persistent bytes read: 76571076.96
  Avg Persistent ratio: 0.50
  Avg Non-persistent ratio: 0.50
  Avg Connection 2 duration: 1.301696 sec
  Avg Throughput Persistent: 542.75 Mbps
  Avg Throughput Non-Persistent: 469.55 Mbps
  Avg Persistent packets: 83565.30
  Avg Non-Persistent packets: 72417.42

Summary for Connections 1151 to 1200:
  Avg Non-persistent count: 35193.08
  Avg Persistent count: 34747.60
  Avg Total when both present: 69940.68
  Avg Only persistent count: 19366.58
  Avg Only non-persistent count: 7828.08
  Avg Persistent bytes read: 88184146.56
  Avg Non-persistent bytes read: 76585954.08
  Avg Persistent ratio: 0.49
  Avg Non-persistent ratio: 0.51
  Avg Connection 2 duration: 1.301920 sec
  Avg Throughput Persistent: 541.64 Mbps
  Avg Throughput Non-Persistent: 470.74 Mbps
  Avg Persistent packets: 83578.46
  Avg Non-Persistent packets: 72430.90

Summary for Connections 1201 to 1250:
  Avg Non-persistent count: 35160.00
  Avg Persistent count: 34769.46
  Avg Total when both present: 69929.46
  Avg Only persistent count: 19375.58
  Avg Only non-persistent count: 7821.96
  Avg Persistent bytes read: 88173990.72
  Avg Non-persistent bytes read: 76558248.08
  Avg Persistent ratio: 0.49
  Avg Non-persistent ratio: 0.51
  Avg Connection 2 duration: 1.301657 sec
  Avg Throughput Persistent: 541.85 Mbps
  Avg Throughput Non-Persistent: 470.68 Mbps
  Avg Persistent packets: 83577.88
  Avg Non-Persistent packets: 72415.28

Summary for Connections 1251 to 1300:
  Avg Non-persistent count: 35090.62
  Avg Persistent count: 34814.00
  Avg Total when both present: 69904.62
  Avg Only persistent count: 19391.26
  Avg Only non-persistent count: 7850.06
  Avg Persistent bytes read: 88167880.16
  Avg Non-persistent bytes read: 76570922.56
  Avg Persistent ratio: 0.50
  Avg Non-persistent ratio: 0.50
  Avg Connection 2 duration: 1.301688 sec
  Avg Throughput Persistent: 541.51 Mbps
  Avg Throughput Non-Persistent: 471.02 Mbps
  Avg Persistent packets: 83568.60
  Avg Non-Persistent packets: 72420.82

Summary for Connections 1301 to 1350:
  Avg Non-persistent count: 35112.56
  Avg Persistent count: 34899.28
  Avg Total when both present: 70011.84
  Avg Only persistent count: 19320.12
  Avg Only non-persistent count: 7761.02
  Avg Persistent bytes read: 88205151.68
  Avg Non-persistent bytes read: 76587179.20
  Avg Persistent ratio: 0.50
  Avg Non-persistent ratio: 0.50
  Avg Connection 2 duration: 1.302158 sec
  Avg Throughput Persistent: 541.50 Mbps
  Avg Throughput Non-Persistent: 470.72 Mbps
  Avg Persistent packets: 83599.54
  Avg Non-Persistent packets: 72433.34

Summary for Connections 1351 to 1400:
  Avg Non-persistent count: 35229.80
  Avg Persistent count: 34733.12
  Avg Total when both present: 69962.92
  Avg Only persistent count: 19329.46
  Avg Only non-persistent count: 7797.08
  Avg Persistent bytes read: 88177665.76
  Avg Non-persistent bytes read: 76572955.84
  Avg Persistent ratio: 0.51
  Avg Non-persistent ratio: 0.49
  Avg Connection 2 duration: 1.301826 sec
  Avg Throughput Persistent: 542.47 Mbps
  Avg Throughput Non-Persistent: 470.01 Mbps
  Avg Persistent packets: 83565.94
  Avg Non-Persistent packets: 72420.68

Summary for Connections 1401 to 1450:
  Avg Non-persistent count: 35211.20
  Avg Persistent count: 34674.78
  Avg Total when both present: 69885.98
  Avg Only persistent count: 19454.74
  Avg Only non-persistent count: 7869.22
  Avg Persistent bytes read: 88223111.84
  Avg Non-persistent bytes read: 76572973.12
  Avg Persistent ratio: 0.49
  Avg Non-persistent ratio: 0.51
  Avg Connection 2 duration: 1.302134 sec
  Avg Throughput Persistent: 541.58 Mbps
  Avg Throughput Non-Persistent: 471.07 Mbps
  Avg Persistent packets: 83613.42
  Avg Non-Persistent packets: 72418.24

Summary for Connections 1451 to 1500:
  Avg Non-persistent count: 35221.42
  Avg Persistent count: 34664.88
  Avg Total when both present: 69886.30
  Avg Only persistent count: 19437.28
  Avg Only non-persistent count: 7871.06
  Avg Persistent bytes read: 88198228.16
  Avg Non-persistent bytes read: 76572152.00
  Avg Persistent ratio: 0.49
  Avg Non-persistent ratio: 0.51
  Avg Connection 2 duration: 1.301974 sec
  Avg Throughput Persistent: 541.62 Mbps
  Avg Throughput Non-Persistent: 470.99 Mbps
  Avg Persistent packets: 83598.18
  Avg Non-Persistent packets: 72423.76

Summary for Connections 1501 to 1550:
  Avg Non-persistent count: 35270.42
  Avg Persistent count: 34670.68
  Avg Total when both present: 69941.10
  Avg Only persistent count: 19345.80
  Avg Only non-persistent count: 7810.52
  Avg Persistent bytes read: 88169328.16
  Avg Non-persistent bytes read: 76570792.80
  Avg Persistent ratio: 0.50
  Avg Non-persistent ratio: 0.50
  Avg Connection 2 duration: 1.301668 sec
  Avg Throughput Persistent: 541.78 Mbps
  Avg Throughput Non-Persistent: 470.68 Mbps
  Avg Persistent packets: 83558.88
  Avg Non-Persistent packets: 72412.94

Summary for Connections 1551 to 1600:
  Avg Non-persistent count: 35204.40
  Avg Persistent count: 34719.14
  Avg Total when both present: 69923.54
  Avg Only persistent count: 19376.08
  Avg Only non-persistent count: 7838.32
  Avg Persistent bytes read: 88179542.56
  Avg Non-persistent bytes read: 76574994.56
  Avg Persistent ratio: 0.48
  Avg Non-persistent ratio: 0.52
  Avg Connection 2 duration: 1.301856 sec
  Avg Throughput Persistent: 541.62 Mbps
  Avg Throughput Non-Persistent: 470.97 Mbps
  Avg Persistent packets: 83572.08
  Avg Non-Persistent packets: 72423.32

Summary for Connections 1601 to 1650:
  Avg Non-persistent count: 35289.20
  Avg Persistent count: 34600.08
  Avg Total when both present: 69889.28
  Avg Only persistent count: 19444.58
  Avg Only non-persistent count: 7866.98
  Avg Persistent bytes read: 88213355.84
  Avg Non-persistent bytes read: 76574214.08
  Avg Persistent ratio: 0.49
  Avg Non-persistent ratio: 0.51
  Avg Connection 2 duration: 1.302118 sec
  Avg Throughput Persistent: 541.96 Mbps
  Avg Throughput Non-Persistent: 470.56 Mbps
  Avg Persistent packets: 83605.34
  Avg Non-Persistent packets: 72417.20

Summary for Connections 1651 to 1700:
  Avg Non-persistent count: 35181.12
  Avg Persistent count: 34716.50
  Avg Total when both present: 69897.62
  Avg Only persistent count: 19422.74
  Avg Only non-persistent count: 7859.98
  Avg Persistent bytes read: 88196724.32
  Avg Non-persistent bytes read: 76572783.36
  Avg Persistent ratio: 0.51
  Avg Non-persistent ratio: 0.49
  Avg Connection 2 duration: 1.302009 sec
  Avg Throughput Persistent: 543.19 Mbps
  Avg Throughput Non-Persistent: 469.93 Mbps
  Avg Persistent packets: 83594.00
  Avg Non-Persistent packets: 72421.76

Summary for Connections 1701 to 1750:
  Avg Non-persistent count: 35229.00
  Avg Persistent count: 34715.86
  Avg Total when both present: 69944.86
  Avg Only persistent count: 19401.94
  Avg Only non-persistent count: 7827.60
  Avg Persistent bytes read: 88215635.20
  Avg Non-persistent bytes read: 76577728.64
  Avg Persistent ratio: 0.49
  Avg Non-persistent ratio: 0.51
  Avg Connection 2 duration: 1.302180 sec
  Avg Throughput Persistent: 541.20 Mbps
  Avg Throughput Non-Persistent: 470.59 Mbps
  Avg Persistent packets: 83617.26
  Avg Non-Persistent packets: 72433.00

Summary for Connections 1751 to 1800:
  Avg Non-persistent count: 35089.46
  Avg Persistent count: 34763.04
  Avg Total when both present: 69852.50
  Avg Only persistent count: 19442.72
  Avg Only non-persistent count: 7883.72
  Avg Persistent bytes read: 88187254.40
  Avg Non-persistent bytes read: 76572402.24
  Avg Persistent ratio: 0.49
  Avg Non-persistent ratio: 0.51
  Avg Connection 2 duration: 1.301816 sec
  Avg Throughput Persistent: 541.65 Mbps
  Avg Throughput Non-Persistent: 470.83 Mbps
  Avg Persistent packets: 83568.12
  Avg Non-Persistent packets: 72400.08

Summary for Connections 1801 to 1850:
  Avg Non-persistent count: 35141.66
  Avg Persistent count: 34772.70
  Avg Total when both present: 69914.36
  Avg Only persistent count: 19383.44
  Avg Only non-persistent count: 7839.62
  Avg Persistent bytes read: 88186598.88
  Avg Non-persistent bytes read: 76580757.76
  Avg Persistent ratio: 0.50
  Avg Non-persistent ratio: 0.50
  Avg Connection 2 duration: 1.301997 sec
  Avg Throughput Persistent: 542.09 Mbps
  Avg Throughput Non-Persistent: 470.84 Mbps
  Avg Persistent packets: 83569.42
  Avg Non-Persistent packets: 72414.56

Summary for Connections 1851 to 1900:
  Avg Non-persistent count: 35292.68
  Avg Persistent count: 34687.64
  Avg Total when both present: 69980.32
  Avg Only persistent count: 19301.36
  Avg Only non-persistent count: 7772.56
  Avg Persistent bytes read: 88166493.60
  Avg Non-persistent bytes read: 76581273.12
  Avg Persistent ratio: 0.50
  Avg Non-persistent ratio: 0.50
  Avg Connection 2 duration: 1.301781 sec
  Avg Throughput Persistent: 541.84 Mbps
  Avg Throughput Non-Persistent: 470.69 Mbps
  Avg Persistent packets: 83552.50
  Avg Non-Persistent packets: 72418.38

Summary for Connections 1901 to 1950:
  Avg Non-persistent count: 35112.02
  Avg Persistent count: 34773.84
  Avg Total when both present: 69885.86
  Avg Only persistent count: 19402.96
  Avg Only non-persistent count: 7861.04
  Avg Persistent bytes read: 88161552.80
  Avg Non-persistent bytes read: 76563150.08
  Avg Persistent ratio: 0.50
  Avg Non-persistent ratio: 0.50
  Avg Connection 2 duration: 1.301607 sec
  Avg Throughput Persistent: 541.27 Mbps
  Avg Throughput Non-Persistent: 471.28 Mbps
  Avg Persistent packets: 83561.82
  Avg Non-Persistent packets: 72414.38

Summary for Connections 1951 to 2000:
  Avg Non-persistent count: 35165.60
  Avg Persistent count: 34747.62
  Avg Total when both present: 69913.22
  Avg Only persistent count: 19385.00
  Avg Only non-persistent count: 7843.16
  Avg Persistent bytes read: 88170457.60
  Avg Non-persistent bytes read: 76571767.68
  Avg Persistent ratio: 0.49
  Avg Non-persistent ratio: 0.51
  Avg Connection 2 duration: 1.301679 sec
  Avg Throughput Persistent: 541.42 Mbps
  Avg Throughput Non-Persistent: 471.24 Mbps
  Avg Persistent packets: 83569.76
  Avg Non-Persistent packets: 72419.68

Summary for Connections 2001 to 2050:
  Avg Non-persistent count: 35084.70
  Avg Persistent count: 34850.86
  Avg Total when both present: 69935.56
  Avg Only persistent count: 19367.56
  Avg Only non-persistent count: 7820.12
  Avg Persistent bytes read: 88173903.84
  Avg Non-persistent bytes read: 76576217.28
  Avg Persistent ratio: 0.50
  Avg Non-persistent ratio: 0.50
  Avg Connection 2 duration: 1.301725 sec
  Avg Throughput Persistent: 542.01 Mbps
  Avg Throughput Non-Persistent: 470.42 Mbps
  Avg Persistent packets: 83575.72
  Avg Non-Persistent packets: 72418.52

Summary for Connections 2051 to 2100:
  Avg Non-persistent count: 35184.22
  Avg Persistent count: 34725.64
  Avg Total when both present: 69909.86
  Avg Only persistent count: 19406.94
  Avg Only non-persistent count: 7852.82
  Avg Persistent bytes read: 88198722.56
  Avg Non-persistent bytes read: 76574909.28
  Avg Persistent ratio: 0.50
  Avg Non-persistent ratio: 0.50
  Avg Connection 2 duration: 1.302031 sec
  Avg Throughput Persistent: 541.47 Mbps
  Avg Throughput Non-Persistent: 471.09 Mbps
  Avg Persistent packets: 83587.44
  Avg Non-Persistent packets: 72419.84

Summary for Connections 2101 to 2150:
  Avg Non-persistent count: 35160.72
  Avg Persistent count: 34796.66
  Avg Total when both present: 69957.38
  Avg Only persistent count: 19358.40
  Avg Only non-persistent count: 7813.10
  Avg Persistent bytes read: 88184734.88
  Avg Non-persistent bytes read: 76578108.96
  Avg Persistent ratio: 0.50
  Avg Non-persistent ratio: 0.50
  Avg Connection 2 duration: 1.301928 sec
  Avg Throughput Persistent: 541.63 Mbps
  Avg Throughput Non-Persistent: 470.74 Mbps
  Avg Persistent packets: 83590.34
  Avg Non-Persistent packets: 72435.04

Summary for Connections 2151 to 2200:
  Avg Non-persistent count: 35224.38
  Avg Persistent count: 34782.68
  Avg Total when both present: 70007.06
  Avg Only persistent count: 19303.70
  Avg Only non-persistent count: 7746.46
  Avg Persistent bytes read: 88190961.28
  Avg Non-persistent bytes read: 76566518.88
  Avg Persistent ratio: 0.49
  Avg Non-persistent ratio: 0.51
  Avg Connection 2 duration: 1.301827 sec
  Avg Throughput Persistent: 541.22 Mbps
  Avg Throughput Non-Persistent: 471.24 Mbps
  Avg Persistent packets: 83583.20
  Avg Non-Persistent packets: 72415.56

Summary for Connections 2201 to 2250:
  Avg Non-persistent count: 35238.02
  Avg Persistent count: 34697.44
  Avg Total when both present: 69935.46
  Avg Only persistent count: 19383.84
  Avg Only non-persistent count: 7821.28
  Avg Persistent bytes read: 88191995.36
  Avg Non-persistent bytes read: 76567862.08
  Avg Persistent ratio: 0.49
  Avg Non-persistent ratio: 0.51
  Avg Connection 2 duration: 1.301805 sec
  Avg Throughput Persistent: 541.80 Mbps
  Avg Throughput Non-Persistent: 470.63 Mbps
  Avg Persistent packets: 83592.66
  Avg Non-Persistent packets: 72420.92

Summary for Connections 2251 to 2300:
  Avg Non-persistent count: 35162.40
  Avg Persistent count: 34789.26
  Avg Total when both present: 69951.66
  Avg Only persistent count: 19338.24
  Avg Only non-persistent count: 7803.96
  Avg Persistent bytes read: 88163759.36
  Avg Non-persistent bytes read: 76569580.00
  Avg Persistent ratio: 0.50
  Avg Non-persistent ratio: 0.50
  Avg Connection 2 duration: 1.301626 sec
  Avg Throughput Persistent: 541.47 Mbps
  Avg Throughput Non-Persistent: 470.93 Mbps
  Avg Persistent packets: 83563.26
  Avg Non-Persistent packets: 72420.40

Summary for Connections 2301 to 2350:
  Avg Non-persistent count: 35274.98
  Avg Persistent count: 34629.24
  Avg Total when both present: 69904.22
  Avg Only persistent count: 19421.72
  Avg Only non-persistent count: 7869.68
  Avg Persistent bytes read: 88189576.80
  Avg Non-persistent bytes read: 76576761.84
  Avg Persistent ratio: 0.50
  Avg Non-persistent ratio: 0.50
  Avg Connection 2 duration: 1.301944 sec
  Avg Throughput Persistent: 541.86 Mbps
  Avg Throughput Non-Persistent: 470.98 Mbps
  Avg Persistent packets: 83599.04
  Avg Non-Persistent packets: 72437.88

Summary for Connections 2351 to 2400:
  Avg Non-persistent count: 35146.48
  Avg Persistent count: 34830.24
  Avg Total when both present: 69976.72
  Avg Only persistent count: 19334.46
  Avg Only non-persistent count: 7799.10
  Avg Persistent bytes read: 88188945.44
  Avg Non-persistent bytes read: 76588141.76
  Avg Persistent ratio: 0.51
  Avg Non-persistent ratio: 0.49
  Avg Connection 2 duration: 1.302069 sec
  Avg Throughput Persistent: 541.20 Mbps
  Avg Throughput Non-Persistent: 471.36 Mbps
  Avg Persistent packets: 83581.30
  Avg Non-Persistent packets: 72437.92

Summary for Connections 2401 to 2450:
  Avg Non-persistent count: 35212.40
  Avg Persistent count: 34689.30
  Avg Total when both present: 69901.70
  Avg Only persistent count: 19408.56
  Avg Only non-persistent count: 7855.98
  Avg Persistent bytes read: 88181317.60
  Avg Non-persistent bytes read: 76573543.20
  Avg Persistent ratio: 0.50
  Avg Non-persistent ratio: 0.50
  Avg Connection 2 duration: 1.301861 sec
  Avg Throughput Persistent: 541.66 Mbps
  Avg Throughput Non-Persistent: 470.78 Mbps
  Avg Persistent packets: 83583.64
  Avg Non-Persistent packets: 72418.80

Summary for Connections 2451 to 2500:
  Avg Non-persistent count: 34786.36
  Avg Persistent count: 34890.52
  Avg Total when both present: 69676.88
  Avg Only persistent count: 20438.32
  Avg Only non-persistent count: 8065.34
  Avg Persistent bytes read: 89040734.56
  Avg Non-persistent bytes read: 76593473.60
  Avg Persistent ratio: 0.51
  Avg Non-persistent ratio: 0.49
  Avg Connection 2 duration: 1.308873 sec
  Avg Throughput Persistent: 549.87 Mbps
  Avg Throughput Non-Persistent: 462.30 Mbps
  Avg Persistent packets: 84359.70
  Avg Non-Persistent packets: 72393.32

Summary for Connections 2501 to 2550:
  Avg Non-persistent count: 34327.94
  Avg Persistent count: 34681.94
  Avg Total when both present: 69009.88
  Avg Only persistent count: 22924.76
  Avg Only non-persistent count: 8716.02
  Avg Persistent bytes read: 90965554.56
  Avg Non-persistent bytes read: 76646933.92
  Avg Persistent ratio: 0.50
  Avg Non-persistent ratio: 0.50
  Avg Connection 2 duration: 1.324607 sec
  Avg Throughput Persistent: 549.44 Mbps
  Avg Throughput Non-Persistent: 462.79 Mbps
  Avg Persistent packets: 86114.58
  Avg Non-Persistent packets: 72346.16

Summary for Connections 2551 to 2569:
  Avg Non-persistent count: 33503.37
  Avg Persistent count: 33891.05
  Avg Total when both present: 67394.42
  Avg Only persistent count: 22754.63
  Avg Only non-persistent count: 10296.21
  Avg Persistent bytes read: 89200470.74
  Avg Non-persistent bytes read: 76648259.37
  Avg Persistent ratio: 0.50
  Avg Non-persistent ratio: 0.50
  Avg Connection 2 duration: 1.309637 sec
  Avg Throughput Persistent: 441.62 Mbps
  Avg Throughput Non-Persistent: 590.05 Mbps
  Avg Persistent packets: 84450.37
  Avg Non-Persistent packets: 72371.63


Overall Statistics (Averaged):
Average events when both were present: 69895.25
Average Persistent count: 34745.26
Average Non-Persistent count: 35149.99
Average Persistent Ratio: 0.50
Average Non-Persistent Ratio: 0.50
Rejected connections: 0
Average Only Persistent count: 19579.32
Average Only Non Persistent count: 7859.58
Average persistent bytes per connection: 88357886.80
Average non-persistent bytes per connection: 76575028.98
Average persistent packets per connection: 83741.87
Average non-persistent packets per connection: 72416.75
Total persistent duration: 3600.007542 sec
Total non-persistent duration: 3346.062644 sec
Average Throughput Persistent: 504.42 Mbps
Average Throughput Non-Persistent: 470.33 Mbps
