Summary for Connections 1 to 50:
  Avg Non-persistent count: 12960.78
  Avg Persistent count: 12627.72
  Avg Total when both present: 25588.50
  Avg Only persistent count: 39769.56
  Avg Only non-persistent count: 24977.72
  Avg Persistent bytes read: 66034350.40
  Avg Non-persistent bytes read: 51004146.40
  Avg Persistent ratio: 0.49
  Avg Non-persistent ratio: 0.51
  Avg Connection 2 duration: 0.867094 sec
  Avg Throughput Persistent: 576.48 Mbps
  Avg Throughput Non-Persistent: 471.70 Mbps
  Avg Persistent packets: 63502.76
  Avg Non-Persistent packets: 49009.12

Summary for Connections 51 to 100:
  Avg Non-persistent count: 12603.22
  Avg Persistent count: 12720.06
  Avg Total when both present: 25323.28
  Avg Only persistent count: 36596.08
  Avg Only non-persistent count: 25228.44
  Avg Persistent bytes read: 62542855.84
  Avg Non-persistent bytes read: 50988504.48
  Avg Persistent ratio: 0.48
  Avg Non-persistent ratio: 0.52
  Avg Connection 2 duration: 0.866878 sec
  Avg Throughput Persistent: 576.61 Mbps
  Avg Throughput Non-Persistent: 470.89 Mbps
  Avg Persistent packets: 60139.34
  Avg Non-Persistent packets: 48995.06

Summary for Connections 101 to 150:
  Avg Non-persistent count: 12775.86
  Avg Persistent count: 12567.20
  Avg Total when both present: 25343.06
  Avg Only persistent count: 36599.66
  Avg Only non-persistent count: 25213.26
  Avg Persistent bytes read: 62567500.80
  Avg Non-persistent bytes read: 50993168.80
  Avg Persistent ratio: 0.50
  Avg Non-persistent ratio: 0.50
  Avg Connection 2 duration: 0.867100 sec
  Avg Throughput Persistent: 576.69 Mbps
  Avg Throughput Non-Persistent: 470.52 Mbps
  Avg Persistent packets: 60162.58
  Avg Non-Persistent packets: 48996.52

Summary for Connections 151 to 200:
  Avg Non-persistent count: 12999.06
  Avg Persistent count: 13036.48
  Avg Total when both present: 26035.54
  Avg Only persistent count: 35852.94
  Avg Only non-persistent count: 24516.64
  Avg Persistent bytes read: 62513056.00
  Avg Non-persistent bytes read: 50990960.64
  Avg Persistent ratio: 0.50
  Avg Non-persistent ratio: 0.50
  Avg Connection 2 duration: 0.866725 sec
  Avg Throughput Persistent: 576.96 Mbps
  Avg Throughput Non-Persistent: 471.30 Mbps
  Avg Persistent packets: 60111.48
  Avg Non-Persistent packets: 48994.18

Summary for Connections 201 to 250:
  Avg Non-persistent count: 12899.32
  Avg Persistent count: 12916.02
  Avg Total when both present: 25815.34
  Avg Only persistent count: 36141.10
  Avg Only non-persistent count: 24745.60
  Avg Persistent bytes read: 62577810.56
  Avg Non-persistent bytes read: 50996528.48
  Avg Persistent ratio: 0.52
  Avg Non-persistent ratio: 0.48
  Avg Connection 2 duration: 0.867268 sec
  Avg Throughput Persistent: 576.62 Mbps
  Avg Throughput Non-Persistent: 470.31 Mbps
  Avg Persistent packets: 60174.68
  Avg Non-Persistent packets: 49003.28

Summary for Connections 251 to 300:
  Avg Non-persistent count: 12587.62
  Avg Persistent count: 12648.72
  Avg Total when both present: 25236.34
  Avg Only persistent count: 36703.24
  Avg Only non-persistent count: 25324.62
  Avg Persistent bytes read: 62562461.76
  Avg Non-persistent bytes read: 50996659.04
  Avg Persistent ratio: 0.47
  Avg Non-persistent ratio: 0.53
  Avg Connection 2 duration: 0.867227 sec
  Avg Throughput Persistent: 576.81 Mbps
  Avg Throughput Non-Persistent: 470.83 Mbps
  Avg Persistent packets: 60158.08
  Avg Non-Persistent packets: 49002.62

Summary for Connections 301 to 350:
  Avg Non-persistent count: 12650.18
  Avg Persistent count: 12776.22
  Avg Total when both present: 25426.40
  Avg Only persistent count: 36511.14
  Avg Only non-persistent count: 25130.16
  Avg Persistent bytes read: 62560000.16
  Avg Non-persistent bytes read: 50992764.80
  Avg Persistent ratio: 0.51
  Avg Non-persistent ratio: 0.49
  Avg Connection 2 duration: 0.867088 sec
  Avg Throughput Persistent: 577.92 Mbps
  Avg Throughput Non-Persistent: 469.35 Mbps
  Avg Persistent packets: 60157.26
  Avg Non-Persistent packets: 48997.50

Summary for Connections 351 to 400:
  Avg Non-persistent count: 12950.44
  Avg Persistent count: 12608.72
  Avg Total when both present: 25559.16
  Avg Only persistent count: 36378.24
  Avg Only non-persistent count: 25007.34
  Avg Persistent bytes read: 62562071.04
  Avg Non-persistent bytes read: 51001563.36
  Avg Persistent ratio: 0.50
  Avg Non-persistent ratio: 0.50
  Avg Connection 2 duration: 0.867289 sec
  Avg Throughput Persistent: 577.14 Mbps
  Avg Throughput Non-Persistent: 469.62 Mbps
  Avg Persistent packets: 60159.90
  Avg Non-Persistent packets: 49007.68

Summary for Connections 401 to 450:
  Avg Non-persistent count: 12868.94
  Avg Persistent count: 12561.22
  Avg Total when both present: 25430.16
  Avg Only persistent count: 36480.52
  Avg Only non-persistent count: 25124.10
  Avg Persistent bytes read: 62533313.28
  Avg Non-persistent bytes read: 50995365.60
  Avg Persistent ratio: 0.50
  Avg Non-persistent ratio: 0.50
  Avg Connection 2 duration: 0.866933 sec
  Avg Throughput Persistent: 576.73 Mbps
  Avg Throughput Non-Persistent: 471.06 Mbps
  Avg Persistent packets: 60131.92
  Avg Non-Persistent packets: 48997.36

Summary for Connections 451 to 500:
  Avg Non-persistent count: 12589.78
  Avg Persistent count: 12598.12
  Avg Total when both present: 25187.90
  Avg Only persistent count: 36716.44
  Avg Only non-persistent count: 25364.04
  Avg Persistent bytes read: 62527246.40
  Avg Non-persistent bytes read: 50989477.28
  Avg Persistent ratio: 0.49
  Avg Non-persistent ratio: 0.51
  Avg Connection 2 duration: 0.866783 sec
  Avg Throughput Persistent: 577.72 Mbps
  Avg Throughput Non-Persistent: 470.69 Mbps
  Avg Persistent packets: 60125.44
  Avg Non-Persistent packets: 48998.92

Summary for Connections 501 to 550:
  Avg Non-persistent count: 12806.02
  Avg Persistent count: 12726.16
  Avg Total when both present: 25532.18
  Avg Only persistent count: 36410.78
  Avg Only non-persistent count: 25030.84
  Avg Persistent bytes read: 62567356.00
  Avg Non-persistent bytes read: 50999576.32
  Avg Persistent ratio: 0.48
  Avg Non-persistent ratio: 0.52
  Avg Connection 2 duration: 0.867245 sec
  Avg Throughput Persistent: 576.93 Mbps
  Avg Throughput Non-Persistent: 470.34 Mbps
  Avg Persistent packets: 60163.48
  Avg Non-Persistent packets: 49003.92

Summary for Connections 551 to 600:
  Avg Non-persistent count: 12877.04
  Avg Persistent count: 13056.22
  Avg Total when both present: 25933.26
  Avg Only persistent count: 35963.98
  Avg Only non-persistent count: 24634.44
  Avg Persistent bytes read: 62524263.52
  Avg Non-persistent bytes read: 51008749.60
  Avg Persistent ratio: 0.53
  Avg Non-persistent ratio: 0.47
  Avg Connection 2 duration: 0.867148 sec
  Avg Throughput Persistent: 577.40 Mbps
  Avg Throughput Non-Persistent: 470.02 Mbps
  Avg Persistent packets: 60119.18
  Avg Non-Persistent packets: 49012.04

Summary for Connections 601 to 650:
  Avg Non-persistent count: 12533.62
  Avg Persistent count: 12630.52
  Avg Total when both present: 25164.14
  Avg Only persistent count: 36751.64
  Avg Only non-persistent count: 25407.00
  Avg Persistent bytes read: 62538193.28
  Avg Non-persistent bytes read: 51005822.24
  Avg Persistent ratio: 0.50
  Avg Non-persistent ratio: 0.50
  Avg Connection 2 duration: 0.867081 sec
  Avg Throughput Persistent: 576.96 Mbps
  Avg Throughput Non-Persistent: 469.62 Mbps
  Avg Persistent packets: 60135.42
  Avg Non-Persistent packets: 49009.54

Summary for Connections 651 to 700:
  Avg Non-persistent count: 12665.20
  Avg Persistent count: 12502.88
  Avg Total when both present: 25168.08
  Avg Only persistent count: 36724.08
  Avg Only non-persistent count: 25389.52
  Avg Persistent bytes read: 62514069.60
  Avg Non-persistent bytes read: 50994102.08
  Avg Persistent ratio: 0.50
  Avg Non-persistent ratio: 0.50
  Avg Connection 2 duration: 0.866765 sec
  Avg Throughput Persistent: 577.63 Mbps
  Avg Throughput Non-Persistent: 470.80 Mbps
  Avg Persistent packets: 60111.16
  Avg Non-Persistent packets: 49000.70

Summary for Connections 701 to 750:
  Avg Non-persistent count: 12738.76
  Avg Persistent count: 12729.14
  Avg Total when both present: 25467.90
  Avg Only persistent count: 36455.12
  Avg Only non-persistent count: 25103.34
  Avg Persistent bytes read: 62548503.04
  Avg Non-persistent bytes read: 51006594.96
  Avg Persistent ratio: 0.53
  Avg Non-persistent ratio: 0.47
  Avg Connection 2 duration: 0.867193 sec
  Avg Throughput Persistent: 577.19 Mbps
  Avg Throughput Non-Persistent: 470.41 Mbps
  Avg Persistent packets: 60143.62
  Avg Non-Persistent packets: 49012.98

Summary for Connections 751 to 800:
  Avg Non-persistent count: 12784.32
  Avg Persistent count: 12773.74
  Avg Total when both present: 25558.06
  Avg Only persistent count: 36370.22
  Avg Only non-persistent count: 24999.86
  Avg Persistent bytes read: 62551080.48
  Avg Non-persistent bytes read: 50995280.16
  Avg Persistent ratio: 0.50
  Avg Non-persistent ratio: 0.50
  Avg Connection 2 duration: 0.867099 sec
  Avg Throughput Persistent: 577.23 Mbps
  Avg Throughput Non-Persistent: 471.22 Mbps
  Avg Persistent packets: 60149.30
  Avg Non-Persistent packets: 49001.32

Summary for Connections 801 to 850:
  Avg Non-persistent count: 13009.64
  Avg Persistent count: 12732.22
  Avg Total when both present: 25741.86
  Avg Only persistent count: 36204.36
  Avg Only non-persistent count: 24815.18
  Avg Persistent bytes read: 62568485.44
  Avg Non-persistent bytes read: 50995561.12
  Avg Persistent ratio: 0.50
  Avg Non-persistent ratio: 0.50
  Avg Connection 2 duration: 0.867257 sec
  Avg Throughput Persistent: 577.86 Mbps
  Avg Throughput Non-Persistent: 470.23 Mbps
  Avg Persistent packets: 60166.68
  Avg Non-Persistent packets: 49000.92

Summary for Connections 851 to 900:
  Avg Non-persistent count: 12693.10
  Avg Persistent count: 12591.32
  Avg Total when both present: 25284.42
  Avg Only persistent count: 36636.84
  Avg Only non-persistent count: 25273.76
  Avg Persistent bytes read: 62544796.16
  Avg Non-persistent bytes read: 50994558.56
  Avg Persistent ratio: 0.50
  Avg Non-persistent ratio: 0.50
  Avg Connection 2 duration: 0.867022 sec
  Avg Throughput Persistent: 575.80 Mbps
  Avg Throughput Non-Persistent: 471.11 Mbps
  Avg Persistent packets: 60142.18
  Avg Non-Persistent packets: 49000.94

Summary for Connections 901 to 950:
  Avg Non-persistent count: 12761.14
  Avg Persistent count: 12874.78
  Avg Total when both present: 25635.92
  Avg Only persistent count: 36300.48
  Avg Only non-persistent count: 24935.90
  Avg Persistent bytes read: 62560463.52
  Avg Non-persistent bytes read: 51008525.28
  Avg Persistent ratio: 0.50
  Avg Non-persistent ratio: 0.50
  Avg Connection 2 duration: 0.867442 sec
  Avg Throughput Persistent: 576.62 Mbps
  Avg Throughput Non-Persistent: 470.07 Mbps
  Avg Persistent packets: 60157.78
  Avg Non-Persistent packets: 49012.56

Summary for Connections 951 to 1000:
  Avg Non-persistent count: 12773.94
  Avg Persistent count: 12738.96
  Avg Total when both present: 25512.90
  Avg Only persistent count: 36401.36
  Avg Only non-persistent count: 25040.58
  Avg Persistent bytes read: 62538743.52
  Avg Non-persistent bytes read: 50991968.40
  Avg Persistent ratio: 0.50
  Avg Non-persistent ratio: 0.50
  Avg Connection 2 duration: 0.866893 sec
  Avg Throughput Persistent: 576.75 Mbps
  Avg Throughput Non-Persistent: 470.57 Mbps
  Avg Persistent packets: 60133.70
  Avg Non-Persistent packets: 48996.94

Summary for Connections 1001 to 1050:
  Avg Non-persistent count: 12892.94
  Avg Persistent count: 12737.34
  Avg Total when both present: 25630.28
  Avg Only persistent count: 36288.30
  Avg Only non-persistent count: 24936.44
  Avg Persistent bytes read: 62545809.76
  Avg Non-persistent bytes read: 51005705.76
  Avg Persistent ratio: 0.53
  Avg Non-persistent ratio: 0.47
  Avg Connection 2 duration: 0.867158 sec
  Avg Throughput Persistent: 577.60 Mbps
  Avg Throughput Non-Persistent: 469.75 Mbps
  Avg Persistent packets: 60141.12
  Avg Non-Persistent packets: 49009.56

Summary for Connections 1051 to 1100:
  Avg Non-persistent count: 12943.06
  Avg Persistent count: 12942.06
  Avg Total when both present: 25885.12
  Avg Only persistent count: 36031.56
  Avg Only non-persistent count: 24672.50
  Avg Persistent bytes read: 62539206.88
  Avg Non-persistent bytes read: 50998040.48
  Avg Persistent ratio: 0.51
  Avg Non-persistent ratio: 0.49
  Avg Connection 2 duration: 0.867027 sec
  Avg Throughput Persistent: 576.75 Mbps
  Avg Throughput Non-Persistent: 470.44 Mbps
  Avg Persistent packets: 60137.94
  Avg Non-Persistent packets: 49007.58

Summary for Connections 1101 to 1150:
  Avg Non-persistent count: 12738.38
  Avg Persistent count: 12778.84
  Avg Total when both present: 25517.22
  Avg Only persistent count: 36384.10
  Avg Only non-persistent count: 25046.44
  Avg Persistent bytes read: 62523018.24
  Avg Non-persistent bytes read: 50999382.40
  Avg Persistent ratio: 0.53
  Avg Non-persistent ratio: 0.47
  Avg Connection 2 duration: 0.866920 sec
  Avg Throughput Persistent: 578.01 Mbps
  Avg Throughput Non-Persistent: 470.66 Mbps
  Avg Persistent packets: 60122.40
  Avg Non-Persistent packets: 49003.44

Summary for Connections 1151 to 1200:
  Avg Non-persistent count: 12821.44
  Avg Persistent count: 12891.66
  Avg Total when both present: 25713.10
  Avg Only persistent count: 36222.42
  Avg Only non-persistent count: 24850.72
  Avg Persistent bytes read: 62559131.36
  Avg Non-persistent bytes read: 51001523.20
  Avg Persistent ratio: 0.47
  Avg Non-persistent ratio: 0.53
  Avg Connection 2 duration: 0.867223 sec
  Avg Throughput Persistent: 577.11 Mbps
  Avg Throughput Non-Persistent: 470.64 Mbps
  Avg Persistent packets: 60156.80
  Avg Non-Persistent packets: 49004.64

Summary for Connections 1201 to 1250:
  Avg Non-persistent count: 12881.82
  Avg Persistent count: 12703.32
  Avg Total when both present: 25585.14
  Avg Only persistent count: 36334.44
  Avg Only non-persistent count: 24976.32
  Avg Persistent bytes read: 62543724.64
  Avg Non-persistent bytes read: 50996464.96
  Avg Persistent ratio: 0.50
  Avg Non-persistent ratio: 0.50
  Avg Connection 2 duration: 0.867081 sec
  Avg Throughput Persistent: 577.16 Mbps
  Avg Throughput Non-Persistent: 470.07 Mbps
  Avg Persistent packets: 60140.86
  Avg Non-Persistent packets: 49005.44

Summary for Connections 1251 to 1300:
  Avg Non-persistent count: 12480.00
  Avg Persistent count: 12686.76
  Avg Total when both present: 25166.76
  Avg Only persistent count: 36769.50
  Avg Only non-persistent count: 25393.04
  Avg Persistent bytes read: 62559594.72
  Avg Non-persistent bytes read: 50995716.96
  Avg Persistent ratio: 0.51
  Avg Non-persistent ratio: 0.49
  Avg Connection 2 duration: 0.867147 sec
  Avg Throughput Persistent: 576.21 Mbps
  Avg Throughput Non-Persistent: 471.00 Mbps
  Avg Persistent packets: 60155.60
  Avg Non-Persistent packets: 48998.76

Summary for Connections 1301 to 1350:
  Avg Non-persistent count: 12614.32
  Avg Persistent count: 12611.22
  Avg Total when both present: 25225.54
  Avg Only persistent count: 36700.86
  Avg Only non-persistent count: 25340.06
  Avg Persistent bytes read: 62550177.76
  Avg Non-persistent bytes read: 51002406.24
  Avg Persistent ratio: 0.46
  Avg Non-persistent ratio: 0.54
  Avg Connection 2 duration: 0.867199 sec
  Avg Throughput Persistent: 577.34 Mbps
  Avg Throughput Non-Persistent: 471.37 Mbps
  Avg Persistent packets: 60146.62
  Avg Non-Persistent packets: 49006.80

Summary for Connections 1351 to 1400:
  Avg Non-persistent count: 12661.14
  Avg Persistent count: 12760.54
  Avg Total when both present: 25421.68
  Avg Only persistent count: 36501.64
  Avg Only non-persistent count: 25147.80
  Avg Persistent bytes read: 62549405.76
  Avg Non-persistent bytes read: 51005190.88
  Avg Persistent ratio: 0.53
  Avg Non-persistent ratio: 0.47
  Avg Connection 2 duration: 0.867234 sec
  Avg Throughput Persistent: 577.80 Mbps
  Avg Throughput Non-Persistent: 470.39 Mbps
  Avg Persistent packets: 60145.18
  Avg Non-Persistent packets: 49012.20

Summary for Connections 1401 to 1450:
  Avg Non-persistent count: 12815.64
  Avg Persistent count: 12575.02
  Avg Total when both present: 25390.66
  Avg Only persistent count: 36519.68
  Avg Only non-persistent count: 25165.60
  Avg Persistent bytes read: 62535471.04
  Avg Non-persistent bytes read: 50993609.12
  Avg Persistent ratio: 0.52
  Avg Non-persistent ratio: 0.48
  Avg Connection 2 duration: 0.866884 sec
  Avg Throughput Persistent: 577.29 Mbps
  Avg Throughput Non-Persistent: 471.12 Mbps
  Avg Persistent packets: 60131.44
  Avg Non-Persistent packets: 48998.78

Summary for Connections 1451 to 1500:
  Avg Non-persistent count: 13089.22
  Avg Persistent count: 12767.80
  Avg Total when both present: 25857.02
  Avg Only persistent count: 36052.44
  Avg Only non-persistent count: 24699.98
  Avg Persistent bytes read: 62532980.48
  Avg Non-persistent bytes read: 50993257.12
  Avg Persistent ratio: 0.47
  Avg Non-persistent ratio: 0.53
  Avg Connection 2 duration: 0.866911 sec
  Avg Throughput Persistent: 577.70 Mbps
  Avg Throughput Non-Persistent: 470.65 Mbps
  Avg Persistent packets: 60131.54
  Avg Non-Persistent packets: 49002.36

Summary for Connections 1501 to 1550:
  Avg Non-persistent count: 12963.76
  Avg Persistent count: 12744.54
  Avg Total when both present: 25708.30
  Avg Only persistent count: 36207.76
  Avg Only non-persistent count: 24850.10
  Avg Persistent bytes read: 62543203.36
  Avg Non-persistent bytes read: 50998596.96
  Avg Persistent ratio: 0.50
  Avg Non-persistent ratio: 0.50
  Avg Connection 2 duration: 0.867004 sec
  Avg Throughput Persistent: 577.60 Mbps
  Avg Throughput Non-Persistent: 470.70 Mbps
  Avg Persistent packets: 60137.82
  Avg Non-Persistent packets: 49004.10

Summary for Connections 1551 to 1600:
  Avg Non-persistent count: 12438.98
  Avg Persistent count: 12625.44
  Avg Total when both present: 25064.42
  Avg Only persistent count: 36860.58
  Avg Only non-persistent count: 25498.02
  Avg Persistent bytes read: 62550906.72
  Avg Non-persistent bytes read: 50999437.92
  Avg Persistent ratio: 0.52
  Avg Non-persistent ratio: 0.48
  Avg Connection 2 duration: 0.867140 sec
  Avg Throughput Persistent: 578.51 Mbps
  Avg Throughput Non-Persistent: 469.69 Mbps
  Avg Persistent packets: 60143.94
  Avg Non-Persistent packets: 49005.32

Summary for Connections 1601 to 1650:
  Avg Non-persistent count: 13106.90
  Avg Persistent count: 12978.68
  Avg Total when both present: 26085.58
  Avg Only persistent count: 35845.02
  Avg Only non-persistent count: 24485.22
  Avg Persistent bytes read: 62554816.32
  Avg Non-persistent bytes read: 51008218.08
  Avg Persistent ratio: 0.50
  Avg Non-persistent ratio: 0.50
  Avg Connection 2 duration: 0.867369 sec
  Avg Throughput Persistent: 576.68 Mbps
  Avg Throughput Non-Persistent: 470.66 Mbps
  Avg Persistent packets: 60152.04
  Avg Non-Persistent packets: 49014.78

Summary for Connections 1651 to 1700:
  Avg Non-persistent count: 12798.22
  Avg Persistent count: 12582.44
  Avg Total when both present: 25380.66
  Avg Only persistent count: 36538.68
  Avg Only non-persistent count: 25191.20
  Avg Persistent bytes read: 62539467.52
  Avg Non-persistent bytes read: 51008403.20
  Avg Persistent ratio: 0.47
  Avg Non-persistent ratio: 0.53
  Avg Connection 2 duration: 0.867270 sec
  Avg Throughput Persistent: 577.12 Mbps
  Avg Throughput Non-Persistent: 469.66 Mbps
  Avg Persistent packets: 60139.02
  Avg Non-Persistent packets: 49012.82

Summary for Connections 1701 to 1750:
  Avg Non-persistent count: 12750.54
  Avg Persistent count: 12960.62
  Avg Total when both present: 25711.16
  Avg Only persistent count: 36208.12
  Avg Only non-persistent count: 24850.36
  Avg Persistent bytes read: 62542508.32
  Avg Non-persistent bytes read: 50995011.52
  Avg Persistent ratio: 0.47
  Avg Non-persistent ratio: 0.53
  Avg Connection 2 duration: 0.866986 sec
  Avg Throughput Persistent: 576.65 Mbps
  Avg Throughput Non-Persistent: 470.72 Mbps
  Avg Persistent packets: 60139.84
  Avg Non-Persistent packets: 49002.50

Summary for Connections 1751 to 1800:
  Avg Non-persistent count: 12368.08
  Avg Persistent count: 12725.44
  Avg Total when both present: 25093.52
  Avg Only persistent count: 36827.06
  Avg Only non-persistent count: 25456.68
  Avg Persistent bytes read: 62542537.28
  Avg Non-persistent bytes read: 50985805.92
  Avg Persistent ratio: 0.54
  Avg Non-persistent ratio: 0.46
  Avg Connection 2 duration: 0.866784 sec
  Avg Throughput Persistent: 577.27 Mbps
  Avg Throughput Non-Persistent: 470.31 Mbps
  Avg Persistent packets: 60138.46
  Avg Non-Persistent packets: 48991.02

Summary for Connections 1801 to 1850:
  Avg Non-persistent count: 12693.64
  Avg Persistent count: 12794.86
  Avg Total when both present: 25488.50
  Avg Only persistent count: 36440.62
  Avg Only non-persistent count: 25082.24
  Avg Persistent bytes read: 62550472.32
  Avg Non-persistent bytes read: 51004807.04
  Avg Persistent ratio: 0.51
  Avg Non-persistent ratio: 0.49
  Avg Connection 2 duration: 0.867218 sec
  Avg Throughput Persistent: 577.25 Mbps
  Avg Throughput Non-Persistent: 469.84 Mbps
  Avg Persistent packets: 60149.92
  Avg Non-Persistent packets: 49012.30

Summary for Connections 1851 to 1900:
  Avg Non-persistent count: 12766.92
  Avg Persistent count: 12998.10
  Avg Total when both present: 25765.02
  Avg Only persistent count: 36169.56
  Avg Only non-persistent count: 24799.06
  Avg Persistent bytes read: 62560031.84
  Avg Non-persistent bytes read: 50999129.12
  Avg Persistent ratio: 0.53
  Avg Non-persistent ratio: 0.47
  Avg Connection 2 duration: 0.867179 sec
  Avg Throughput Persistent: 577.84 Mbps
  Avg Throughput Non-Persistent: 470.10 Mbps
  Avg Persistent packets: 60156.10
  Avg Non-Persistent packets: 49005.46

Summary for Connections 1901 to 1950:
  Avg Non-persistent count: 12672.82
  Avg Persistent count: 12625.24
  Avg Total when both present: 25298.06
  Avg Only persistent count: 36627.72
  Avg Only non-persistent count: 25266.62
  Avg Persistent bytes read: 62547747.36
  Avg Non-persistent bytes read: 51001472.48
  Avg Persistent ratio: 0.49
  Avg Non-persistent ratio: 0.51
  Avg Connection 2 duration: 0.867107 sec
  Avg Throughput Persistent: 578.02 Mbps
  Avg Throughput Non-Persistent: 470.25 Mbps
  Avg Persistent packets: 60145.78
  Avg Non-Persistent packets: 49009.94

Summary for Connections 1951 to 2000:
  Avg Non-persistent count: 12711.82
  Avg Persistent count: 12647.48
  Avg Total when both present: 25359.30
  Avg Only persistent count: 36567.22
  Avg Only non-persistent count: 25204.66
  Avg Persistent bytes read: 62550945.44
  Avg Non-persistent bytes read: 51001037.44
  Avg Persistent ratio: 0.47
  Avg Non-persistent ratio: 0.53
  Avg Connection 2 duration: 0.867236 sec
  Avg Throughput Persistent: 576.89 Mbps
  Avg Throughput Non-Persistent: 470.24 Mbps
  Avg Persistent packets: 60147.36
  Avg Non-Persistent packets: 49005.02

Summary for Connections 2001 to 2050:
  Avg Non-persistent count: 12879.74
  Avg Persistent count: 12929.06
  Avg Total when both present: 25808.80
  Avg Only persistent count: 36115.40
  Avg Only non-persistent count: 24760.22
  Avg Persistent bytes read: 62548261.60
  Avg Non-persistent bytes read: 51006372.64
  Avg Persistent ratio: 0.45
  Avg Non-persistent ratio: 0.55
  Avg Connection 2 duration: 0.867227 sec
  Avg Throughput Persistent: 576.24 Mbps
  Avg Throughput Non-Persistent: 471.27 Mbps
  Avg Persistent packets: 60144.90
  Avg Non-Persistent packets: 49010.76

Summary for Connections 2051 to 2100:
  Avg Non-persistent count: 12933.70
  Avg Persistent count: 12968.44
  Avg Total when both present: 25902.14
  Avg Only persistent count: 36004.84
  Avg Only non-persistent count: 24662.54
  Avg Persistent bytes read: 62530750.56
  Avg Non-persistent bytes read: 51002859.68
  Avg Persistent ratio: 0.50
  Avg Non-persistent ratio: 0.50
  Avg Connection 2 duration: 0.866966 sec
  Avg Throughput Persistent: 577.19 Mbps
  Avg Throughput Non-Persistent: 469.93 Mbps
  Avg Persistent packets: 60126.84
  Avg Non-Persistent packets: 49008.68

Summary for Connections 2101 to 2150:
  Avg Non-persistent count: 12897.18
  Avg Persistent count: 12815.96
  Avg Total when both present: 25713.14
  Avg Only persistent count: 36208.38
  Avg Only non-persistent count: 24849.98
  Avg Persistent bytes read: 62544448.64
  Avg Non-persistent bytes read: 51001372.32
  Avg Persistent ratio: 0.48
  Avg Non-persistent ratio: 0.52
  Avg Connection 2 duration: 0.867131 sec
  Avg Throughput Persistent: 576.74 Mbps
  Avg Throughput Non-Persistent: 470.32 Mbps
  Avg Persistent packets: 60141.56
  Avg Non-Persistent packets: 49006.16

Summary for Connections 2151 to 2200:
  Avg Non-persistent count: 12943.68
  Avg Persistent count: 12998.90
  Avg Total when both present: 25942.58
  Avg Only persistent count: 35970.46
  Avg Only non-persistent count: 24622.36
  Avg Persistent bytes read: 62536195.04
  Avg Non-persistent bytes read: 51002218.72
  Avg Persistent ratio: 0.50
  Avg Non-persistent ratio: 0.50
  Avg Connection 2 duration: 0.867066 sec
  Avg Throughput Persistent: 578.40 Mbps
  Avg Throughput Non-Persistent: 470.36 Mbps
  Avg Persistent packets: 60133.20
  Avg Non-Persistent packets: 49006.96

Summary for Connections 2201 to 2250:
  Avg Non-persistent count: 12616.84
  Avg Persistent count: 12839.40
  Avg Total when both present: 25456.24
  Avg Only persistent count: 36478.20
  Avg Only non-persistent count: 25108.80
  Avg Persistent bytes read: 62556640.80
  Avg Non-persistent bytes read: 50999236.80
  Avg Persistent ratio: 0.47
  Avg Non-persistent ratio: 0.53
  Avg Connection 2 duration: 0.867222 sec
  Avg Throughput Persistent: 576.56 Mbps
  Avg Throughput Non-Persistent: 470.69 Mbps
  Avg Persistent packets: 60153.78
  Avg Non-Persistent packets: 49005.92

Summary for Connections 2251 to 2300:
  Avg Non-persistent count: 12797.82
  Avg Persistent count: 12898.86
  Avg Total when both present: 25696.68
  Avg Only persistent count: 36251.84
  Avg Only non-persistent count: 24862.38
  Avg Persistent bytes read: 62571584.16
  Avg Non-persistent bytes read: 50993824.32
  Avg Persistent ratio: 0.47
  Avg Non-persistent ratio: 0.53
  Avg Connection 2 duration: 0.867262 sec
  Avg Throughput Persistent: 577.70 Mbps
  Avg Throughput Non-Persistent: 470.40 Mbps
  Avg Persistent packets: 60167.52
  Avg Non-Persistent packets: 48999.46

Summary for Connections 2301 to 2350:
  Avg Non-persistent count: 12605.98
  Avg Persistent count: 12647.94
  Avg Total when both present: 25253.92
  Avg Only persistent count: 36649.28
  Avg Only non-persistent count: 25303.06
  Avg Persistent bytes read: 62526754.08
  Avg Non-persistent bytes read: 50994251.84
  Avg Persistent ratio: 0.53
  Avg Non-persistent ratio: 0.47
  Avg Connection 2 duration: 0.866947 sec
  Avg Throughput Persistent: 576.32 Mbps
  Avg Throughput Non-Persistent: 471.25 Mbps
  Avg Persistent packets: 60122.18
  Avg Non-Persistent packets: 48999.28

Summary for Connections 2351 to 2400:
  Avg Non-persistent count: 12571.82
  Avg Persistent count: 12731.60
  Avg Total when both present: 25303.42
  Avg Only persistent count: 36641.42
  Avg Only non-persistent count: 25262.00
  Avg Persistent bytes read: 62567848.32
  Avg Non-persistent bytes read: 51002484.16
  Avg Persistent ratio: 0.50
  Avg Non-persistent ratio: 0.50
  Avg Connection 2 duration: 0.867330 sec
  Avg Throughput Persistent: 576.43 Mbps
  Avg Throughput Non-Persistent: 470.89 Mbps
  Avg Persistent packets: 60163.16
  Avg Non-Persistent packets: 49009.58

Summary for Connections 2401 to 2450:
  Avg Non-persistent count: 12987.18
  Avg Persistent count: 12339.38
  Avg Total when both present: 25326.56
  Avg Only persistent count: 36565.24
  Avg Only non-persistent count: 25240.20
  Avg Persistent bytes read: 62514446.08
  Avg Non-persistent bytes read: 51006087.04
  Avg Persistent ratio: 0.50
  Avg Non-persistent ratio: 0.50
  Avg Connection 2 duration: 0.866909 sec
  Avg Throughput Persistent: 576.90 Mbps
  Avg Throughput Non-Persistent: 470.76 Mbps
  Avg Persistent packets: 60112.52
  Avg Non-Persistent packets: 49011.86

Summary for Connections 2451 to 2500:
  Avg Non-persistent count: 12766.20
  Avg Persistent count: 12953.60
  Avg Total when both present: 25719.80
  Avg Only persistent count: 36223.24
  Avg Only non-persistent count: 24832.98
  Avg Persistent bytes read: 62569093.60
  Avg Non-persistent bytes read: 50993218.88
  Avg Persistent ratio: 0.54
  Avg Non-persistent ratio: 0.46
  Avg Connection 2 duration: 0.867161 sec
  Avg Throughput Persistent: 577.50 Mbps
  Avg Throughput Non-Persistent: 469.51 Mbps
  Avg Persistent packets: 60164.16
  Avg Non-Persistent packets: 48997.58

Summary for Connections 2501 to 2550:
  Avg Non-persistent count: 12701.22
  Avg Persistent count: 12660.64
  Avg Total when both present: 25361.86
  Avg Only persistent count: 36578.32
  Avg Only non-persistent count: 25200.18
  Avg Persistent bytes read: 62563152.48
  Avg Non-persistent bytes read: 50998950.24
  Avg Persistent ratio: 0.53
  Avg Non-persistent ratio: 0.47
  Avg Connection 2 duration: 0.867298 sec
  Avg Throughput Persistent: 576.56 Mbps
  Avg Throughput Non-Persistent: 470.52 Mbps
  Avg Persistent packets: 60159.04
  Avg Non-Persistent packets: 49002.60

Summary for Connections 2551 to 2600:
  Avg Non-persistent count: 12701.48
  Avg Persistent count: 12778.24
  Avg Total when both present: 25479.72
  Avg Only persistent count: 36466.46
  Avg Only non-persistent count: 25071.98
  Avg Persistent bytes read: 62566172.96
  Avg Non-persistent bytes read: 50987704.80
  Avg Persistent ratio: 0.49
  Avg Non-persistent ratio: 0.51
  Avg Connection 2 duration: 0.866993 sec
  Avg Throughput Persistent: 577.78 Mbps
  Avg Throughput Non-Persistent: 470.37 Mbps
  Avg Persistent packets: 60163.92
  Avg Non-Persistent packets: 48994.50

Summary for Connections 2601 to 2650:
  Avg Non-persistent count: 12827.52
  Avg Persistent count: 12678.70
  Avg Total when both present: 25506.22
  Avg Only persistent count: 36442.46
  Avg Only non-persistent count: 25058.24
  Avg Persistent bytes read: 62571584.16
  Avg Non-persistent bytes read: 50999320.32
  Avg Persistent ratio: 0.50
  Avg Non-persistent ratio: 0.50
  Avg Connection 2 duration: 0.867357 sec
  Avg Throughput Persistent: 576.45 Mbps
  Avg Throughput Non-Persistent: 470.64 Mbps
  Avg Persistent packets: 60168.54
  Avg Non-Persistent packets: 49005.94

Summary for Connections 2651 to 2700:
  Avg Non-persistent count: 12859.48
  Avg Persistent count: 12861.24
  Avg Total when both present: 25720.72
  Avg Only persistent count: 36193.88
  Avg Only non-persistent count: 24842.34
  Avg Persistent bytes read: 62539206.88
  Avg Non-persistent bytes read: 51000820.80
  Avg Persistent ratio: 0.53
  Avg Non-persistent ratio: 0.47
  Avg Connection 2 duration: 0.867085 sec
  Avg Throughput Persistent: 575.80 Mbps
  Avg Throughput Non-Persistent: 471.30 Mbps
  Avg Persistent packets: 60137.12
  Avg Non-Persistent packets: 49006.24

Summary for Connections 2701 to 2750:
  Avg Non-persistent count: 12789.78
  Avg Persistent count: 12797.78
  Avg Total when both present: 25587.56
  Avg Only persistent count: 36325.64
  Avg Only non-persistent count: 24976.24
  Avg Persistent bytes read: 62536774.24
  Avg Non-persistent bytes read: 51001108.32
  Avg Persistent ratio: 0.52
  Avg Non-persistent ratio: 0.48
  Avg Connection 2 duration: 0.867036 sec
  Avg Throughput Persistent: 576.56 Mbps
  Avg Throughput Non-Persistent: 470.39 Mbps
  Avg Persistent packets: 60133.38
  Avg Non-Persistent packets: 49007.48

Summary for Connections 2751 to 2800:
  Avg Non-persistent count: 12949.36
  Avg Persistent count: 12777.04
  Avg Total when both present: 25726.40
  Avg Only persistent count: 36200.62
  Avg Only non-persistent count: 24836.30
  Avg Persistent bytes read: 62550342.88
  Avg Non-persistent bytes read: 51001101.92
  Avg Persistent ratio: 0.51
  Avg Non-persistent ratio: 0.49
  Avg Connection 2 duration: 0.867193 sec
  Avg Throughput Persistent: 576.58 Mbps
  Avg Throughput Non-Persistent: 470.21 Mbps
  Avg Persistent packets: 60146.50
  Avg Non-Persistent packets: 49006.28

Summary for Connections 2801 to 2850:
  Avg Non-persistent count: 12783.08
  Avg Persistent count: 12831.24
  Avg Total when both present: 25614.32
  Avg Only persistent count: 36297.16
  Avg Only non-persistent count: 24955.48
  Avg Persistent bytes read: 62534992.32
  Avg Non-persistent bytes read: 51006584.00
  Avg Persistent ratio: 0.48
  Avg Non-persistent ratio: 0.52
  Avg Connection 2 duration: 0.867057 sec
  Avg Throughput Persistent: 576.87 Mbps
  Avg Throughput Non-Persistent: 470.42 Mbps
  Avg Persistent packets: 60130.64
  Avg Non-Persistent packets: 49014.80

Summary for Connections 2851 to 2900:
  Avg Non-persistent count: 12459.38
  Avg Persistent count: 12826.98
  Avg Total when both present: 25286.36
  Avg Only persistent count: 36654.90
  Avg Only non-persistent count: 25291.96
  Avg Persistent bytes read: 62563359.52
  Avg Non-persistent bytes read: 51013214.64
  Avg Persistent ratio: 0.48
  Avg Non-persistent ratio: 0.52
  Avg Connection 2 duration: 0.867392 sec
  Avg Throughput Persistent: 579.43 Mbps
  Avg Throughput Non-Persistent: 468.90 Mbps
  Avg Persistent packets: 60159.36
  Avg Non-Persistent packets: 49019.46

Summary for Connections 2901 to 2950:
  Avg Non-persistent count: 12977.12
  Avg Persistent count: 12957.28
  Avg Total when both present: 25934.40
  Avg Only persistent count: 35980.12
  Avg Only non-persistent count: 24621.10
  Avg Persistent bytes read: 62535471.04
  Avg Non-persistent bytes read: 50994864.00
  Avg Persistent ratio: 0.52
  Avg Non-persistent ratio: 0.48
  Avg Connection 2 duration: 0.866929 sec
  Avg Throughput Persistent: 576.61 Mbps
  Avg Throughput Non-Persistent: 470.61 Mbps
  Avg Persistent packets: 60136.40
  Avg Non-Persistent packets: 49003.52

Summary for Connections 2951 to 3000:
  Avg Non-persistent count: 12784.78
  Avg Persistent count: 12798.46
  Avg Total when both present: 25583.24
  Avg Only persistent count: 36344.36
  Avg Only non-persistent count: 24973.34
  Avg Persistent bytes read: 62552325.76
  Avg Non-persistent bytes read: 50991751.36
  Avg Persistent ratio: 0.51
  Avg Non-persistent ratio: 0.49
  Avg Connection 2 duration: 0.867048 sec
  Avg Throughput Persistent: 577.91 Mbps
  Avg Throughput Non-Persistent: 469.77 Mbps
  Avg Persistent packets: 60147.98
  Avg Non-Persistent packets: 48998.06

Summary for Connections 3001 to 3050:
  Avg Non-persistent count: 12828.68
  Avg Persistent count: 13017.26
  Avg Total when both present: 25845.94
  Avg Only persistent count: 36111.30
  Avg Only non-persistent count: 24720.92
  Avg Persistent bytes read: 62580098.40
  Avg Non-persistent bytes read: 51003634.56
  Avg Persistent ratio: 0.52
  Avg Non-persistent ratio: 0.48
  Avg Connection 2 duration: 0.867419 sec
  Avg Throughput Persistent: 577.17 Mbps
  Avg Throughput Non-Persistent: 469.91 Mbps
  Avg Persistent packets: 60177.78
  Avg Non-Persistent packets: 49009.98

Summary for Connections 3051 to 3100:
  Avg Non-persistent count: 12955.54
  Avg Persistent count: 12732.10
  Avg Total when both present: 25687.64
  Avg Only persistent count: 36238.68
  Avg Only non-persistent count: 24870.94
  Avg Persistent bytes read: 62549951.04
  Avg Non-persistent bytes read: 51000370.72
  Avg Persistent ratio: 0.53
  Avg Non-persistent ratio: 0.47
  Avg Connection 2 duration: 0.867076 sec
  Avg Throughput Persistent: 577.13 Mbps
  Avg Throughput Non-Persistent: 470.09 Mbps
  Avg Persistent packets: 60147.70
  Avg Non-Persistent packets: 49003.80

Summary for Connections 3101 to 3150:
  Avg Non-persistent count: 13018.62
  Avg Persistent count: 12783.32
  Avg Total when both present: 25801.94
  Avg Only persistent count: 36123.50
  Avg Only non-persistent count: 24750.36
  Avg Persistent bytes read: 62551212.48
  Avg Non-persistent bytes read: 50990619.68
  Avg Persistent ratio: 0.49
  Avg Non-persistent ratio: 0.51
  Avg Connection 2 duration: 0.867034 sec
  Avg Throughput Persistent: 576.34 Mbps
  Avg Throughput Non-Persistent: 470.85 Mbps
  Avg Persistent packets: 60145.06
  Avg Non-Persistent packets: 48994.80

Summary for Connections 3151 to 3200:
  Avg Non-persistent count: 12756.80
  Avg Persistent count: 12824.16
  Avg Total when both present: 25580.96
  Avg Only persistent count: 36324.42
  Avg Only non-persistent count: 24983.50
  Avg Persistent bytes read: 62528775.68
  Avg Non-persistent bytes read: 51000305.76
  Avg Persistent ratio: 0.52
  Avg Non-persistent ratio: 0.48
  Avg Connection 2 duration: 0.866918 sec
  Avg Throughput Persistent: 576.92 Mbps
  Avg Throughput Non-Persistent: 471.24 Mbps
  Avg Persistent packets: 60126.54
  Avg Non-Persistent packets: 49007.04

Summary for Connections 3201 to 3250:
  Avg Non-persistent count: 12377.82
  Avg Persistent count: 12689.34
  Avg Total when both present: 25067.16
  Avg Only persistent count: 36877.48
  Avg Only non-persistent count: 25487.14
  Avg Persistent bytes read: 62566376.32
  Avg Non-persistent bytes read: 50989595.52
  Avg Persistent ratio: 0.48
  Avg Non-persistent ratio: 0.52
  Avg Connection 2 duration: 0.867051 sec
  Avg Throughput Persistent: 577.02 Mbps
  Avg Throughput Non-Persistent: 470.34 Mbps
  Avg Persistent packets: 60162.94
  Avg Non-Persistent packets: 48994.80

Summary for Connections 3251 to 3300:
  Avg Non-persistent count: 12649.36
  Avg Persistent count: 12715.16
  Avg Total when both present: 25364.52
  Avg Only persistent count: 36563.20
  Avg Only non-persistent count: 25202.42
  Avg Persistent bytes read: 62552520.00
  Avg Non-persistent bytes read: 51003675.84
  Avg Persistent ratio: 0.50
  Avg Non-persistent ratio: 0.50
  Avg Connection 2 duration: 0.867168 sec
  Avg Throughput Persistent: 578.30 Mbps
  Avg Throughput Non-Persistent: 469.84 Mbps
  Avg Persistent packets: 60148.02
  Avg Non-Persistent packets: 49012.52

Summary for Connections 3301 to 3350:
  Avg Non-persistent count: 13051.90
  Avg Persistent count: 12921.00
  Avg Total when both present: 25972.90
  Avg Only persistent count: 35933.34
  Avg Only non-persistent count: 24585.72
  Avg Persistent bytes read: 62528281.92
  Avg Non-persistent bytes read: 50996562.40
  Avg Persistent ratio: 0.53
  Avg Non-persistent ratio: 0.47
  Avg Connection 2 duration: 0.866876 sec
  Avg Throughput Persistent: 576.84 Mbps
  Avg Throughput Non-Persistent: 470.57 Mbps
  Avg Persistent packets: 60126.64
  Avg Non-Persistent packets: 49002.00

Summary for Connections 3351 to 3400:
  Avg Non-persistent count: 12808.06
  Avg Persistent count: 13009.04
  Avg Total when both present: 25817.10
  Avg Only persistent count: 36099.06
  Avg Only non-persistent count: 24739.20
  Avg Persistent bytes read: 62542942.72
  Avg Non-persistent bytes read: 50996198.24
  Avg Persistent ratio: 0.47
  Avg Non-persistent ratio: 0.53
  Avg Connection 2 duration: 0.867048 sec
  Avg Throughput Persistent: 577.34 Mbps
  Avg Throughput Non-Persistent: 470.79 Mbps
  Avg Persistent packets: 60139.92
  Avg Non-Persistent packets: 48999.96

Summary for Connections 3401 to 3450:
  Avg Non-persistent count: 12900.28
  Avg Persistent count: 12775.78
  Avg Total when both present: 25676.06
  Avg Only persistent count: 36252.52
  Avg Only non-persistent count: 24887.98
  Avg Persistent bytes read: 62552904.96
  Avg Non-persistent bytes read: 50999532.16
  Avg Persistent ratio: 0.52
  Avg Non-persistent ratio: 0.48
  Avg Connection 2 duration: 0.867172 sec
  Avg Throughput Persistent: 577.30 Mbps
  Avg Throughput Non-Persistent: 471.18 Mbps
  Avg Persistent packets: 60148.52
  Avg Non-Persistent packets: 49006.86

Summary for Connections 3451 to 3500:
  Avg Non-persistent count: 12301.68
  Avg Persistent count: 12410.48
  Avg Total when both present: 24712.16
  Avg Only persistent count: 39773.10
  Avg Only non-persistent count: 25831.94
  Avg Persistent bytes read: 65140191.36
  Avg Non-persistent bytes read: 50960429.44
  Avg Persistent ratio: 0.51
  Avg Non-persistent ratio: 0.49
  Avg Connection 2 duration: 0.887595 sec
  Avg Throughput Persistent: 588.15 Mbps
  Avg Throughput Non-Persistent: 458.10 Mbps
  Avg Persistent packets: 62644.58
  Avg Non-Persistent packets: 48948.82

Summary for Connections 3501 to 3550:
  Avg Non-persistent count: 12531.78
  Avg Persistent count: 12610.12
  Avg Total when both present: 25141.90
  Avg Only persistent count: 39811.96
  Avg Only non-persistent count: 25406.68
  Avg Persistent bytes read: 65616699.20
  Avg Non-persistent bytes read: 50959452.00
  Avg Persistent ratio: 0.52
  Avg Non-persistent ratio: 0.48
  Avg Connection 2 duration: 0.891358 sec
  Avg Throughput Persistent: 588.94 Mbps
  Avg Throughput Non-Persistent: 456.84 Mbps
  Avg Persistent packets: 63100.84
  Avg Non-Persistent packets: 48947.84

Summary for Connections 3551 to 3600:
  Avg Non-persistent count: 12285.82
  Avg Persistent count: 12623.82
  Avg Total when both present: 24909.64
  Avg Only persistent count: 40074.66
  Avg Only non-persistent count: 25672.60
  Avg Persistent bytes read: 65647425.76
  Avg Non-persistent bytes read: 50994924.00
  Avg Persistent ratio: 0.48
  Avg Non-persistent ratio: 0.52
  Avg Connection 2 duration: 0.891869 sec
  Avg Throughput Persistent: 589.61 Mbps
  Avg Throughput Non-Persistent: 457.52 Mbps
  Avg Persistent packets: 63130.98
  Avg Non-Persistent packets: 48978.60

Summary for Connections 3601 to 3650:
  Avg Non-persistent count: 12507.50
  Avg Persistent count: 12686.80
  Avg Total when both present: 25194.30
  Avg Only persistent count: 39696.80
  Avg Only non-persistent count: 25352.82
  Avg Persistent bytes read: 65554029.76
  Avg Non-persistent bytes read: 50957661.44
  Avg Persistent ratio: 0.55
  Avg Non-persistent ratio: 0.45
  Avg Connection 2 duration: 0.890867 sec
  Avg Throughput Persistent: 588.44 Mbps
  Avg Throughput Non-Persistent: 457.86 Mbps
  Avg Persistent packets: 63040.58
  Avg Non-Persistent packets: 48945.52

Summary for Connections 3651 to 3700:
  Avg Non-persistent count: 12064.50
  Avg Persistent count: 12429.24
  Avg Total when both present: 24493.74
  Avg Only persistent count: 40446.00
  Avg Only non-persistent count: 26042.64
  Avg Persistent bytes read: 65599821.76
  Avg Non-persistent bytes read: 50947939.20
  Avg Persistent ratio: 0.49
  Avg Non-persistent ratio: 0.51
  Avg Connection 2 duration: 0.891127 sec
  Avg Throughput Persistent: 589.22 Mbps
  Avg Throughput Non-Persistent: 456.71 Mbps
  Avg Persistent packets: 63087.52
  Avg Non-Persistent packets: 48934.34

Summary for Connections 3701 to 3723:
  Avg Non-persistent count: 12069.09
  Avg Persistent count: 12508.22
  Avg Total when both present: 24577.30
  Avg Only persistent count: 40037.96
  Avg Only non-persistent count: 25970.39
  Avg Persistent bytes read: 65277986.09
  Avg Non-persistent bytes read: 50962888.35
  Avg Persistent ratio: 0.51
  Avg Non-persistent ratio: 0.49
  Avg Connection 2 duration: 0.888577 sec
  Avg Throughput Persistent: 563.75 Mbps
  Avg Throughput Non-Persistent: 489.88 Mbps
  Avg Persistent packets: 62774.04
  Avg Non-Persistent packets: 48947.04


Overall Statistics (Averaged):
Average events when both were present: 25500.77
Average Persistent count: 12753.50
Average Non-Persistent count: 12747.26
Average Persistent Ratio: 0.50
Average Non-Persistent Ratio: 0.50
Rejected connections: 0
Average Only Persistent count: 36682.79
Average Only Non Persistent count: 25060.28
Average persistent bytes per connection: 62810586.73
Average non-persistent bytes per connection: 50996296.95
Average persistent packets per connection: 60397.83
Average non-persistent packets per connection: 49000.60
Total persistent duration: 3600.003465 sec
Total non-persistent duration: 3234.576983 sec
Average Throughput Persistent: 519.65 Mbps
Average Throughput Non-Persistent: 469.57 Mbps
