Summary for Connections 1 to 50:
  Avg Non-persistent count: 3041.16
  Avg Persistent count: 3230.48
  Avg Total when both present: 6271.64
  Avg Only persistent count: 17418.16
  Avg Only non-persistent count: 685.12
  Avg Persistent bytes read: 23964266.40
  Avg Non-persistent bytes read: 6961702.56
  Avg Persistent ratio: 0.48
  Avg Non-persistent ratio: 0.52
  Avg Connection 2 duration: 0.121902 sec
  Avg Throughput Persistent: 1243.85 Mbps
  Avg Throughput Non-Persistent: 466.54 Mbps
  Avg Persistent packets: 23038.28
  Avg Non-Persistent packets: 6632.48

Summary for Connections 51 to 100:
  Avg Non-persistent count: 2990.40
  Avg Persistent count: 3205.38
  Avg Total when both present: 6195.78
  Avg Only persistent count: 12585.06
  Avg Only non-persistent count: 749.20
  Avg Persistent bytes read: 18984470.24
  Avg Non-persistent bytes read: 6952609.28
  Avg Persistent ratio: 0.43
  Avg Non-persistent ratio: 0.57
  Avg Connection 2 duration: 0.122082 sec
  Avg Throughput Persistent: 1271.42 Mbps
  Avg Throughput Non-Persistent: 468.78 Mbps
  Avg Persistent packets: 18248.62
  Avg Non-Persistent packets: 6629.28

Summary for Connections 101 to 150:
  Avg Non-persistent count: 2962.08
  Avg Persistent count: 3159.70
  Avg Total when both present: 6121.78
  Avg Only persistent count: 12700.58
  Avg Only non-persistent count: 815.40
  Avg Persistent bytes read: 19029183.68
  Avg Non-persistent bytes read: 6949112.00
  Avg Persistent ratio: 0.51
  Avg Non-persistent ratio: 0.49
  Avg Connection 2 duration: 0.122105 sec
  Avg Throughput Persistent: 1242.07 Mbps
  Avg Throughput Non-Persistent: 467.96 Mbps
  Avg Persistent packets: 18298.26
  Avg Non-Persistent packets: 6628.24

Summary for Connections 151 to 200:
  Avg Non-persistent count: 2924.28
  Avg Persistent count: 3124.58
  Avg Total when both present: 6048.86
  Avg Only persistent count: 12764.86
  Avg Only non-persistent count: 874.74
  Avg Persistent bytes read: 19021817.28
  Avg Non-persistent bytes read: 6943731.20
  Avg Persistent ratio: 0.52
  Avg Non-persistent ratio: 0.48
  Avg Connection 2 duration: 0.122281 sec
  Avg Throughput Persistent: 1265.81 Mbps
  Avg Throughput Non-Persistent: 463.58 Mbps
  Avg Persistent packets: 18309.10
  Avg Non-Persistent packets: 6629.08

Summary for Connections 201 to 250:
  Avg Non-persistent count: 3058.84
  Avg Persistent count: 3147.56
  Avg Total when both present: 6206.40
  Avg Only persistent count: 12477.54
  Avg Only non-persistent count: 742.14
  Avg Persistent bytes read: 18886144.64
  Avg Non-persistent bytes read: 6960115.52
  Avg Persistent ratio: 0.47
  Avg Non-persistent ratio: 0.53
  Avg Connection 2 duration: 0.121293 sec
  Avg Throughput Persistent: 1265.75 Mbps
  Avg Throughput Non-Persistent: 470.57 Mbps
  Avg Persistent packets: 18153.48
  Avg Non-Persistent packets: 6636.62

Summary for Connections 251 to 300:
  Avg Non-persistent count: 2959.38
  Avg Persistent count: 3143.42
  Avg Total when both present: 6102.80
  Avg Only persistent count: 12688.94
  Avg Only non-persistent count: 835.18
  Avg Persistent bytes read: 18995250.40
  Avg Non-persistent bytes read: 6953608.64
  Avg Persistent ratio: 0.52
  Avg Non-persistent ratio: 0.48
  Avg Connection 2 duration: 0.122187 sec
  Avg Throughput Persistent: 1247.01 Mbps
  Avg Throughput Non-Persistent: 469.50 Mbps
  Avg Persistent packets: 18273.34
  Avg Non-Persistent packets: 6637.10

Summary for Connections 301 to 350:
  Avg Non-persistent count: 2972.84
  Avg Persistent count: 3090.24
  Avg Total when both present: 6063.08
  Avg Only persistent count: 12751.80
  Avg Only non-persistent count: 871.56
  Avg Persistent bytes read: 19022549.76
  Avg Non-persistent bytes read: 6950269.76
  Avg Persistent ratio: 0.52
  Avg Non-persistent ratio: 0.48
  Avg Connection 2 duration: 0.122382 sec
  Avg Throughput Persistent: 1236.22 Mbps
  Avg Throughput Non-Persistent: 454.66 Mbps
  Avg Persistent packets: 18306.16
  Avg Non-Persistent packets: 6634.48

Summary for Connections 351 to 400:
  Avg Non-persistent count: 3064.36
  Avg Persistent count: 3191.30
  Avg Total when both present: 6255.66
  Avg Only persistent count: 12472.66
  Avg Only non-persistent count: 689.42
  Avg Persistent bytes read: 18930084.00
  Avg Non-persistent bytes read: 6951052.16
  Avg Persistent ratio: 0.56
  Avg Non-persistent ratio: 0.44
  Avg Connection 2 duration: 0.121616 sec
  Avg Throughput Persistent: 1220.09 Mbps
  Avg Throughput Non-Persistent: 424.05 Mbps
  Avg Persistent packets: 18189.08
  Avg Non-Persistent packets: 6624.08

Summary for Connections 401 to 450:
  Avg Non-persistent count: 2916.50
  Avg Persistent count: 3137.42
  Avg Total when both present: 6053.92
  Avg Only persistent count: 12750.32
  Avg Only non-persistent count: 868.32
  Avg Persistent bytes read: 19014924.80
  Avg Non-persistent bytes read: 6941538.56
  Avg Persistent ratio: 0.50
  Avg Non-persistent ratio: 0.50
  Avg Connection 2 duration: 0.122266 sec
  Avg Throughput Persistent: 1249.11 Mbps
  Avg Throughput Non-Persistent: 466.51 Mbps
  Avg Persistent packets: 18303.74
  Avg Non-Persistent packets: 6627.50

Summary for Connections 451 to 500:
  Avg Non-persistent count: 2991.12
  Avg Persistent count: 3091.80
  Avg Total when both present: 6082.92
  Avg Only persistent count: 12727.88
  Avg Only non-persistent count: 853.22
  Avg Persistent bytes read: 19019910.88
  Avg Non-persistent bytes read: 6951755.04
  Avg Persistent ratio: 0.46
  Avg Non-persistent ratio: 0.54
  Avg Connection 2 duration: 0.122314 sec
  Avg Throughput Persistent: 1250.10 Mbps
  Avg Throughput Non-Persistent: 471.80 Mbps
  Avg Persistent packets: 18298.42
  Avg Non-Persistent packets: 6633.96

Summary for Connections 501 to 550:
  Avg Non-persistent count: 3026.62
  Avg Persistent count: 3117.36
  Avg Total when both present: 6143.98
  Avg Only persistent count: 12572.12
  Avg Only non-persistent count: 812.28
  Avg Persistent bytes read: 18920908.64
  Avg Non-persistent bytes read: 6971124.00
  Avg Persistent ratio: 0.54
  Avg Non-persistent ratio: 0.46
  Avg Connection 2 duration: 0.121811 sec
  Avg Throughput Persistent: 1234.81 Mbps
  Avg Throughput Non-Persistent: 434.87 Mbps
  Avg Persistent packets: 18200.00
  Avg Non-Persistent packets: 6651.46

Summary for Connections 551 to 572:
  Avg Non-persistent count: 2890.45
  Avg Persistent count: 3006.64
  Avg Total when both present: 5897.09
  Avg Only persistent count: 13017.64
  Avg Only non-persistent count: 1018.59
  Avg Persistent bytes read: 19132687.27
  Avg Non-persistent bytes read: 6942896.36
  Avg Persistent ratio: 0.54
  Avg Non-persistent ratio: 0.46
  Avg Connection 2 duration: 0.123294 sec
  Avg Throughput Persistent: 1255.14 Mbps
  Avg Throughput Non-Persistent: 455.86 Mbps
  Avg Persistent packets: 18441.41
  Avg Non-Persistent packets: 6640.41


Overall Statistics (Averaged):
Average events when both were present: 6137.12
Average Persistent count: 3146.40
Average Non-Persistent count: 2990.72
Average Persistent Ratio: 0.51
Average Non-Persistent Ratio: 0.49
Rejected connections: 0
Average Only Persistent count: 13101.89
Average Only Non Persistent count: 809.71
Average persistent bytes per connection: 19451633.29
Average non-persistent bytes per connection: 6960428.57
Average persistent packets per connection: 18709.79
Average non-persistent packets per connection: 6640.56
Total persistent duration: 128.391670 sec
Total non-persistent duration: 69.824433 sec
Average Throughput Persistent: 693.27 Mbps
Average Throughput Non-Persistent: 456.16 Mbps
