Summary for Connections 1 to 50:
  Avg Non-persistent count: 1439.64
  Avg Persistent count: 1629.96
  Avg Total when both present: 3069.60
  Avg Only persistent count: 21815.90
  Avg Only non-persistent count: 3940.02
  Avg Persistent bytes read: 25216593.60
  Avg Non-persistent bytes read: 7037024.64
  Avg Persistent ratio: 0.57
  Avg Non-persistent ratio: 0.43
  Avg Connection 2 duration: 0.144721 sec
  Avg Throughput Persistent: 1196.36 Mbps
  Avg Throughput Non-Persistent: 390.86 Mbps
  Avg Persistent packets: 24275.26
  Avg Non-Persistent packets: 6725.80

Summary for Connections 51 to 100:
  Avg Non-persistent count: 1478.92
  Avg Persistent count: 1546.72
  Avg Total when both present: 3025.64
  Avg Only persistent count: 18271.48
  Avg Only non-persistent count: 3967.96
  Avg Persistent bytes read: 21574601.76
  Avg Non-persistent bytes read: 7022712.16
  Avg Persistent ratio: 0.59
  Avg Non-persistent ratio: 0.41
  Avg Connection 2 duration: 0.143838 sec
  Avg Throughput Persistent: 1247.08 Mbps
  Avg Throughput Non-Persistent: 468.96 Mbps
  Avg Persistent packets: 20767.14
  Avg Non-Persistent packets: 6711.76

Summary for Connections 101 to 150:
  Avg Non-persistent count: 1612.80
  Avg Persistent count: 1657.92
  Avg Total when both present: 3270.72
  Avg Only persistent count: 15396.76
  Avg Only non-persistent count: 3652.32
  Avg Persistent bytes read: 18905840.96
  Avg Non-persistent bytes read: 6961471.52
  Avg Persistent ratio: 0.58
  Avg Non-persistent ratio: 0.42
  Avg Connection 2 duration: 0.121552 sec
  Avg Throughput Persistent: 1236.92 Mbps
  Avg Throughput Non-Persistent: 449.71 Mbps
  Avg Persistent packets: 18196.40
  Avg Non-Persistent packets: 6668.10

Summary for Connections 151 to 200:
  Avg Non-persistent count: 1577.64
  Avg Persistent count: 1632.60
  Avg Total when both present: 3210.24
  Avg Only persistent count: 15424.50
  Avg Only non-persistent count: 3712.88
  Avg Persistent bytes read: 18872218.40
  Avg Non-persistent bytes read: 6964080.00
  Avg Persistent ratio: 0.46
  Avg Non-persistent ratio: 0.54
  Avg Connection 2 duration: 0.121029 sec
  Avg Throughput Persistent: 1245.23 Mbps
  Avg Throughput Non-Persistent: 456.96 Mbps
  Avg Persistent packets: 18163.88
  Avg Non-Persistent packets: 6674.08

Summary for Connections 201 to 250:
  Avg Non-persistent count: 1626.54
  Avg Persistent count: 1589.58
  Avg Total when both present: 3216.12
  Avg Only persistent count: 15448.90
  Avg Only non-persistent count: 3707.08
  Avg Persistent bytes read: 18903466.24
  Avg Non-persistent bytes read: 6963885.12
  Avg Persistent ratio: 0.41
  Avg Non-persistent ratio: 0.59
  Avg Connection 2 duration: 0.121396 sec
  Avg Throughput Persistent: 1248.86 Mbps
  Avg Throughput Non-Persistent: 456.85 Mbps
  Avg Persistent packets: 18193.20
  Avg Non-Persistent packets: 6672.86

Summary for Connections 251 to 300:
  Avg Non-persistent count: 1659.72
  Avg Persistent count: 1650.78
  Avg Total when both present: 3310.50
  Avg Only persistent count: 15403.20
  Avg Only non-persistent count: 3620.38
  Avg Persistent bytes read: 18952698.24
  Avg Non-persistent bytes read: 6969861.44
  Avg Persistent ratio: 0.58
  Avg Non-persistent ratio: 0.42
  Avg Connection 2 duration: 0.121928 sec
  Avg Throughput Persistent: 1243.06 Mbps
  Avg Throughput Non-Persistent: 455.17 Mbps
  Avg Persistent packets: 18241.36
  Avg Non-Persistent packets: 6676.46

Summary for Connections 301 to 350:
  Avg Non-persistent count: 1641.32
  Avg Persistent count: 1704.38
  Avg Total when both present: 3345.70
  Avg Only persistent count: 15289.34
  Avg Only non-persistent count: 3560.46
  Avg Persistent bytes read: 18874448.32
  Avg Non-persistent bytes read: 6947133.44
  Avg Persistent ratio: 0.48
  Avg Non-persistent ratio: 0.52
  Avg Connection 2 duration: 0.121177 sec
  Avg Throughput Persistent: 1248.05 Mbps
  Avg Throughput Non-Persistent: 456.90 Mbps
  Avg Persistent packets: 18165.44
  Avg Non-Persistent packets: 6656.80

Summary for Connections 351 to 400:
  Avg Non-persistent count: 1564.36
  Avg Persistent count: 1545.22
  Avg Total when both present: 3109.58
  Avg Only persistent count: 15614.06
  Avg Only non-persistent count: 3823.32
  Avg Persistent bytes read: 18961473.12
  Avg Non-persistent bytes read: 6970389.76
  Avg Persistent ratio: 0.51
  Avg Non-persistent ratio: 0.49
  Avg Connection 2 duration: 0.122027 sec
  Avg Throughput Persistent: 1253.59 Mbps
  Avg Throughput Non-Persistent: 464.01 Mbps
  Avg Persistent packets: 18249.90
  Avg Non-Persistent packets: 6676.52

Summary for Connections 401 to 450:
  Avg Non-persistent count: 1577.82
  Avg Persistent count: 1587.00
  Avg Total when both present: 3164.82
  Avg Only persistent count: 15510.42
  Avg Only non-persistent count: 3748.36
  Avg Persistent bytes read: 18913862.88
  Avg Non-persistent bytes read: 6954447.52
  Avg Persistent ratio: 0.53
  Avg Non-persistent ratio: 0.47
  Avg Connection 2 duration: 0.121563 sec
  Avg Throughput Persistent: 1236.02 Mbps
  Avg Throughput Non-Persistent: 450.96 Mbps
  Avg Persistent packets: 18203.24
  Avg Non-Persistent packets: 6662.84

Summary for Connections 451 to 500:
  Avg Non-persistent count: 1597.44
  Avg Persistent count: 1637.18
  Avg Total when both present: 3234.62
  Avg Only persistent count: 15428.02
  Avg Only non-persistent count: 3707.40
  Avg Persistent bytes read: 18901323.20
  Avg Non-persistent bytes read: 6981687.68
  Avg Persistent ratio: 0.45
  Avg Non-persistent ratio: 0.55
  Avg Connection 2 duration: 0.121578 sec
  Avg Throughput Persistent: 1236.85 Mbps
  Avg Throughput Non-Persistent: 458.16 Mbps
  Avg Persistent packets: 18190.78
  Avg Non-Persistent packets: 6690.50

Summary for Connections 501 to 526:
  Avg Non-persistent count: 1684.35
  Avg Persistent count: 1541.46
  Avg Total when both present: 3225.81
  Avg Only persistent count: 15454.08
  Avg Only non-persistent count: 3712.96
  Avg Persistent bytes read: 18918676.92
  Avg Non-persistent bytes read: 6978676.31
  Avg Persistent ratio: 0.60
  Avg Non-persistent ratio: 0.40
  Avg Connection 2 duration: 0.121811 sec
  Avg Throughput Persistent: 1220.73 Mbps
  Avg Throughput Non-Persistent: 446.60 Mbps
  Avg Persistent packets: 18207.00
  Avg Non-Persistent packets: 6686.62


Overall Statistics (Averaged):
Average events when both were present: 3197.24
Average Persistent count: 1614.34
Average Non-Persistent count: 1582.90
Average Persistent Ratio: 0.50
Average Non-Persistent Ratio: 0.50
Rejected connections: 0
Average Only Persistent count: 16325.29
Average Only Non Persistent count: 3742.48
Average persistent bytes per connection: 19773676.23
Average non-persistent bytes per connection: 6977338.87
Average persistent packets per connection: 19031.86
Average non-persistent packets per connection: 6681.82
Total persistent duration: 119.559690 sec
Total non-persistent duration: 66.207587 sec
Average Throughput Persistent: 695.95 Mbps
Average Throughput Non-Persistent: 443.46 Mbps
