Summary for Connections 1 to 50:
  Avg Non-persistent count: 11704.12
  Avg Persistent count: 12632.30
  Avg Total when both present: 24336.42
  Avg Only persistent count: 19207.88
  Avg Only non-persistent count: 1442.36
  Avg Persistent bytes read: 43304139.36
  Avg Non-persistent bytes read: 25401627.36
  Avg Persistent ratio: 0.50
  Avg Non-persistent ratio: 0.50
  Avg Connection 2 duration: 0.439674 sec
  Avg Throughput Persistent: 685.74 Mbps
  Avg Throughput Non-Persistent: 469.42 Mbps
  Avg Persistent packets: 41233.20
  Avg Non-Persistent packets: 24040.60

Summary for Connections 51 to 100:
  Avg Non-persistent count: 11794.68
  Avg Persistent count: 12606.72
  Avg Total when both present: 24401.40
  Avg Only persistent count: 13787.00
  Avg Only non-persistent count: 1389.74
  Avg Persistent bytes read: 37892520.64
  Avg Non-persistent bytes read: 25395063.68
  Avg Persistent ratio: 0.50
  Avg Non-persistent ratio: 0.50
  Avg Connection 2 duration: 0.439124 sec
  Avg Throughput Persistent: 687.59 Mbps
  Avg Throughput Non-Persistent: 467.29 Mbps
  Avg Persistent packets: 36049.94
  Avg Non-Persistent packets: 24051.80

Summary for Connections 101 to 150:
  Avg Non-persistent count: 11936.34
  Avg Persistent count: 12556.56
  Avg Total when both present: 24492.90
  Avg Only persistent count: 13900.36
  Avg Only non-persistent count: 1360.12
  Avg Persistent bytes read: 38056720.96
  Avg Non-persistent bytes read: 25413585.60
  Avg Persistent ratio: 0.53
  Avg Non-persistent ratio: 0.47
  Avg Connection 2 duration: 0.440743 sec
  Avg Throughput Persistent: 694.58 Mbps
  Avg Throughput Non-Persistent: 454.03 Mbps
  Avg Persistent packets: 36236.68
  Avg Non-Persistent packets: 24100.32

Summary for Connections 151 to 200:
  Avg Non-persistent count: 11851.68
  Avg Persistent count: 12541.84
  Avg Total when both present: 24393.52
  Avg Only persistent count: 13834.88
  Avg Only non-persistent count: 1419.40
  Avg Persistent bytes read: 37922338.08
  Avg Non-persistent bytes read: 25406008.80
  Avg Persistent ratio: 0.52
  Avg Non-persistent ratio: 0.48
  Avg Connection 2 duration: 0.439505 sec
  Avg Throughput Persistent: 688.93 Mbps
  Avg Throughput Non-Persistent: 466.88 Mbps
  Avg Persistent packets: 36080.50
  Avg Non-Persistent packets: 24064.34

Summary for Connections 201 to 250:
  Avg Non-persistent count: 11729.66
  Avg Persistent count: 12650.58
  Avg Total when both present: 24380.24
  Avg Only persistent count: 13905.18
  Avg Only non-persistent count: 1420.60
  Avg Persistent bytes read: 38001630.56
  Avg Non-persistent bytes read: 25410223.04
  Avg Persistent ratio: 0.51
  Avg Non-persistent ratio: 0.49
  Avg Connection 2 duration: 0.440280 sec
  Avg Throughput Persistent: 687.11 Mbps
  Avg Throughput Non-Persistent: 467.13 Mbps
  Avg Persistent packets: 36142.88
  Avg Non-Persistent packets: 24056.30

Summary for Connections 251 to 300:
  Avg Non-persistent count: 11671.44
  Avg Persistent count: 12713.32
  Avg Total when both present: 24384.76
  Avg Only persistent count: 13906.32
  Avg Only non-persistent count: 1409.36
  Avg Persistent bytes read: 38009508.32
  Avg Non-persistent bytes read: 25406608.96
  Avg Persistent ratio: 0.52
  Avg Non-persistent ratio: 0.48
  Avg Connection 2 duration: 0.440238 sec
  Avg Throughput Persistent: 696.20 Mbps
  Avg Throughput Non-Persistent: 452.73 Mbps
  Avg Persistent packets: 36147.68
  Avg Non-Persistent packets: 24049.04

Summary for Connections 301 to 350:
  Avg Non-persistent count: 11847.84
  Avg Persistent count: 12472.36
  Avg Total when both present: 24320.20
  Avg Only persistent count: 13936.18
  Avg Only non-persistent count: 1455.72
  Avg Persistent bytes read: 37962590.40
  Avg Non-persistent bytes read: 25379215.84
  Avg Persistent ratio: 0.50
  Avg Non-persistent ratio: 0.50
  Avg Connection 2 duration: 0.439787 sec
  Avg Throughput Persistent: 686.02 Mbps
  Avg Throughput Non-Persistent: 468.93 Mbps
  Avg Persistent packets: 36109.02
  Avg Non-Persistent packets: 24030.68

Summary for Connections 351 to 400:
  Avg Non-persistent count: 11718.96
  Avg Persistent count: 12629.04
  Avg Total when both present: 24348.00
  Avg Only persistent count: 14049.36
  Avg Only non-persistent count: 1445.66
  Avg Persistent bytes read: 38124856.80
  Avg Non-persistent bytes read: 25416211.04
  Avg Persistent ratio: 0.53
  Avg Non-persistent ratio: 0.47
  Avg Connection 2 duration: 0.441542 sec
  Avg Throughput Persistent: 697.11 Mbps
  Avg Throughput Non-Persistent: 452.12 Mbps
  Avg Persistent packets: 36255.34
  Avg Non-Persistent packets: 24052.40

Summary for Connections 401 to 450:
  Avg Non-persistent count: 11664.66
  Avg Persistent count: 12685.88
  Avg Total when both present: 24350.54
  Avg Only persistent count: 13961.66
  Avg Only non-persistent count: 1441.08
  Avg Persistent bytes read: 38040701.12
  Avg Non-persistent bytes read: 25411854.56
  Avg Persistent ratio: 0.51
  Avg Non-persistent ratio: 0.49
  Avg Connection 2 duration: 0.440575 sec
  Avg Throughput Persistent: 686.65 Mbps
  Avg Throughput Non-Persistent: 466.36 Mbps
  Avg Persistent packets: 36171.86
  Avg Non-Persistent packets: 24049.94

Summary for Connections 451 to 500:
  Avg Non-persistent count: 11699.88
  Avg Persistent count: 12645.90
  Avg Total when both present: 24345.78
  Avg Only persistent count: 14105.00
  Avg Only non-persistent count: 1444.04
  Avg Persistent bytes read: 38173826.72
  Avg Non-persistent bytes read: 25411150.24
  Avg Persistent ratio: 0.53
  Avg Non-persistent ratio: 0.47
  Avg Connection 2 duration: 0.441704 sec
  Avg Throughput Persistent: 687.83 Mbps
  Avg Throughput Non-Persistent: 465.88 Mbps
  Avg Persistent packets: 36304.80
  Avg Non-Persistent packets: 24047.14

Summary for Connections 501 to 550:
  Avg Non-persistent count: 11738.76
  Avg Persistent count: 12593.28
  Avg Total when both present: 24332.04
  Avg Only persistent count: 13978.74
  Avg Only non-persistent count: 1450.64
  Avg Persistent bytes read: 38034508.64
  Avg Non-persistent bytes read: 25404701.60
  Avg Persistent ratio: 0.51
  Avg Non-persistent ratio: 0.49
  Avg Connection 2 duration: 0.440455 sec
  Avg Throughput Persistent: 688.43 Mbps
  Avg Throughput Non-Persistent: 467.59 Mbps
  Avg Persistent packets: 36169.96
  Avg Non-Persistent packets: 24041.32

Summary for Connections 551 to 600:
  Avg Non-persistent count: 11666.12
  Avg Persistent count: 12666.44
  Avg Total when both present: 24332.56
  Avg Only persistent count: 14054.78
  Avg Only non-persistent count: 1450.96
  Avg Persistent bytes read: 38115199.68
  Avg Non-persistent bytes read: 25406061.28
  Avg Persistent ratio: 0.53
  Avg Non-persistent ratio: 0.47
  Avg Connection 2 duration: 0.441313 sec
  Avg Throughput Persistent: 686.97 Mbps
  Avg Throughput Non-Persistent: 466.05 Mbps
  Avg Persistent packets: 36245.30
  Avg Non-Persistent packets: 24040.02

Summary for Connections 601 to 650:
  Avg Non-persistent count: 11808.26
  Avg Persistent count: 12538.66
  Avg Total when both present: 24346.92
  Avg Only persistent count: 14007.30
  Avg Only non-persistent count: 1448.30
  Avg Persistent bytes read: 38051123.20
  Avg Non-persistent bytes read: 25397499.20
  Avg Persistent ratio: 0.52
  Avg Non-persistent ratio: 0.48
  Avg Connection 2 duration: 0.440536 sec
  Avg Throughput Persistent: 688.26 Mbps
  Avg Throughput Non-Persistent: 464.57 Mbps
  Avg Persistent packets: 36203.58
  Avg Non-Persistent packets: 24048.04

Summary for Connections 651 to 700:
  Avg Non-persistent count: 11711.06
  Avg Persistent count: 12557.56
  Avg Total when both present: 24268.62
  Avg Only persistent count: 14133.60
  Avg Only non-persistent count: 1506.26
  Avg Persistent bytes read: 38122972.96
  Avg Non-persistent bytes read: 25396112.80
  Avg Persistent ratio: 0.50
  Avg Non-persistent ratio: 0.50
  Avg Connection 2 duration: 0.441106 sec
  Avg Throughput Persistent: 699.92 Mbps
  Avg Throughput Non-Persistent: 446.34 Mbps
  Avg Persistent packets: 36255.36
  Avg Non-Persistent packets: 24029.64

Summary for Connections 701 to 750:
  Avg Non-persistent count: 11654.04
  Avg Persistent count: 12722.60
  Avg Total when both present: 24376.64
  Avg Only persistent count: 13871.78
  Avg Only non-persistent count: 1410.80
  Avg Persistent bytes read: 37960806.08
  Avg Non-persistent bytes read: 25398299.52
  Avg Persistent ratio: 0.53
  Avg Non-persistent ratio: 0.47
  Avg Connection 2 duration: 0.439827 sec
  Avg Throughput Persistent: 688.00 Mbps
  Avg Throughput Non-Persistent: 466.44 Mbps
  Avg Persistent packets: 36107.72
  Avg Non-Persistent packets: 24045.28

Summary for Connections 751 to 800:
  Avg Non-persistent count: 11748.28
  Avg Persistent count: 12665.80
  Avg Total when both present: 24414.08
  Avg Only persistent count: 13810.16
  Avg Only non-persistent count: 1410.74
  Avg Persistent bytes read: 37920243.84
  Avg Non-persistent bytes read: 25424487.68
  Avg Persistent ratio: 0.51
  Avg Non-persistent ratio: 0.49
  Avg Connection 2 duration: 0.439856 sec
  Avg Throughput Persistent: 684.76 Mbps
  Avg Throughput Non-Persistent: 469.20 Mbps
  Avg Persistent packets: 36079.26
  Avg Non-Persistent packets: 24078.38

Summary for Connections 801 to 850:
  Avg Non-persistent count: 11708.16
  Avg Persistent count: 12681.94
  Avg Total when both present: 24390.10
  Avg Only persistent count: 13983.60
  Avg Only non-persistent count: 1420.46
  Avg Persistent bytes read: 38077795.36
  Avg Non-persistent bytes read: 25413150.40
  Avg Persistent ratio: 0.50
  Avg Non-persistent ratio: 0.50
  Avg Connection 2 duration: 0.440902 sec
  Avg Throughput Persistent: 692.40 Mbps
  Avg Throughput Non-Persistent: 460.59 Mbps
  Avg Persistent packets: 36224.88
  Avg Non-Persistent packets: 24063.76

Summary for Connections 851 to 900:
  Avg Non-persistent count: 11696.22
  Avg Persistent count: 12666.34
  Avg Total when both present: 24362.56
  Avg Only persistent count: 14021.88
  Avg Only non-persistent count: 1441.96
  Avg Persistent bytes read: 38108319.20
  Avg Non-persistent bytes read: 25424021.28
  Avg Persistent ratio: 0.52
  Avg Non-persistent ratio: 0.48
  Avg Connection 2 duration: 0.441289 sec
  Avg Throughput Persistent: 698.68 Mbps
  Avg Throughput Non-Persistent: 447.87 Mbps
  Avg Persistent packets: 36238.92
  Avg Non-Persistent packets: 24058.98

Summary for Connections 901 to 950:
  Avg Non-persistent count: 11840.88
  Avg Persistent count: 12572.42
  Avg Total when both present: 24413.30
  Avg Only persistent count: 13800.60
  Avg Only non-persistent count: 1418.84
  Avg Persistent bytes read: 37908582.08
  Avg Non-persistent bytes read: 25427121.60
  Avg Persistent ratio: 0.50
  Avg Non-persistent ratio: 0.50
  Avg Connection 2 duration: 0.439607 sec
  Avg Throughput Persistent: 686.71 Mbps
  Avg Throughput Non-Persistent: 468.38 Mbps
  Avg Persistent packets: 36068.98
  Avg Non-Persistent packets: 24083.28

Summary for Connections 951 to 1000:
  Avg Non-persistent count: 11983.30
  Avg Persistent count: 12494.06
  Avg Total when both present: 24477.36
  Avg Only persistent count: 13810.42
  Avg Only non-persistent count: 1372.42
  Avg Persistent bytes read: 37942361.44
  Avg Non-persistent bytes read: 25399330.56
  Avg Persistent ratio: 0.51
  Avg Non-persistent ratio: 0.49
  Avg Connection 2 duration: 0.439619 sec
  Avg Throughput Persistent: 687.95 Mbps
  Avg Throughput Non-Persistent: 464.96 Mbps
  Avg Persistent packets: 36133.80
  Avg Non-Persistent packets: 24098.86

Summary for Connections 1001 to 1050:
  Avg Non-persistent count: 11936.48
  Avg Persistent count: 12522.06
  Avg Total when both present: 24458.54
  Avg Only persistent count: 13817.80
  Avg Only non-persistent count: 1373.12
  Avg Persistent bytes read: 37949306.88
  Avg Non-persistent bytes read: 25400382.08
  Avg Persistent ratio: 0.50
  Avg Non-persistent ratio: 0.50
  Avg Connection 2 duration: 0.439683 sec
  Avg Throughput Persistent: 689.19 Mbps
  Avg Throughput Non-Persistent: 463.25 Mbps
  Avg Persistent packets: 36124.58
  Avg Non-Persistent packets: 24079.92

Summary for Connections 1051 to 1100:
  Avg Non-persistent count: 11950.84
  Avg Persistent count: 12506.42
  Avg Total when both present: 24457.26
  Avg Only persistent count: 13724.18
  Avg Only non-persistent count: 1399.84
  Avg Persistent bytes read: 37836192.00
  Avg Non-persistent bytes read: 25412301.28
  Avg Persistent ratio: 0.52
  Avg Non-persistent ratio: 0.48
  Avg Connection 2 duration: 0.438897 sec
  Avg Throughput Persistent: 688.15 Mbps
  Avg Throughput Non-Persistent: 464.85 Mbps
  Avg Persistent packets: 36029.60
  Avg Non-Persistent packets: 24105.82

Summary for Connections 1101 to 1150:
  Avg Non-persistent count: 12053.72
  Avg Persistent count: 12429.48
  Avg Total when both present: 24483.20
  Avg Only persistent count: 13841.12
  Avg Only non-persistent count: 1371.72
  Avg Persistent bytes read: 37980953.12
  Avg Non-persistent bytes read: 25408112.00
  Avg Persistent ratio: 0.52
  Avg Non-persistent ratio: 0.48
  Avg Connection 2 duration: 0.440158 sec
  Avg Throughput Persistent: 690.04 Mbps
  Avg Throughput Non-Persistent: 466.82 Mbps
  Avg Persistent packets: 36168.04
  Avg Non-Persistent packets: 24102.72

Summary for Connections 1151 to 1200:
  Avg Non-persistent count: 12056.14
  Avg Persistent count: 12407.30
  Avg Total when both present: 24463.44
  Avg Only persistent count: 13864.64
  Avg Only non-persistent count: 1394.22
  Avg Persistent bytes read: 37983537.60
  Avg Non-persistent bytes read: 25412167.68
  Avg Persistent ratio: 0.52
  Avg Non-persistent ratio: 0.48
  Avg Connection 2 duration: 0.440003 sec
  Avg Throughput Persistent: 698.35 Mbps
  Avg Throughput Non-Persistent: 450.08 Mbps
  Avg Persistent packets: 36171.40
  Avg Non-Persistent packets: 24103.20

Summary for Connections 1201 to 1250:
  Avg Non-persistent count: 11907.12
  Avg Persistent count: 12530.42
  Avg Total when both present: 24437.54
  Avg Only persistent count: 13949.32
  Avg Only non-persistent count: 1398.50
  Avg Persistent bytes read: 38063597.92
  Avg Non-persistent bytes read: 25405678.40
  Avg Persistent ratio: 0.50
  Avg Non-persistent ratio: 0.50
  Avg Connection 2 duration: 0.440761 sec
  Avg Throughput Persistent: 686.36 Mbps
  Avg Throughput Non-Persistent: 467.39 Mbps
  Avg Persistent packets: 36229.66
  Avg Non-Persistent packets: 24082.48

Summary for Connections 1251 to 1300:
  Avg Non-persistent count: 11678.08
  Avg Persistent count: 12735.18
  Avg Total when both present: 24413.26
  Avg Only persistent count: 13909.48
  Avg Only non-persistent count: 1398.14
  Avg Persistent bytes read: 38021931.52
  Avg Non-persistent bytes read: 25409574.24
  Avg Persistent ratio: 0.53
  Avg Non-persistent ratio: 0.47
  Avg Connection 2 duration: 0.440721 sec
  Avg Throughput Persistent: 689.58 Mbps
  Avg Throughput Non-Persistent: 466.60 Mbps
  Avg Persistent packets: 36180.00
  Avg Non-Persistent packets: 24068.30

Summary for Connections 1301 to 1350:
  Avg Non-persistent count: 11773.46
  Avg Persistent count: 12662.46
  Avg Total when both present: 24435.92
  Avg Only persistent count: 13790.98
  Avg Only non-persistent count: 1387.12
  Avg Persistent bytes read: 37920379.36
  Avg Non-persistent bytes read: 25410069.28
  Avg Persistent ratio: 0.51
  Avg Non-persistent ratio: 0.49
  Avg Connection 2 duration: 0.439424 sec
  Avg Throughput Persistent: 693.51 Mbps
  Avg Throughput Non-Persistent: 457.20 Mbps
  Avg Persistent packets: 36081.88
  Avg Non-Persistent packets: 24077.82

Summary for Connections 1351 to 1400:
  Avg Non-persistent count: 11934.20
  Avg Persistent count: 12568.44
  Avg Total when both present: 24502.64
  Avg Only persistent count: 13726.22
  Avg Only non-persistent count: 1351.78
  Avg Persistent bytes read: 37885264.32
  Avg Non-persistent bytes read: 25408115.04
  Avg Persistent ratio: 0.54
  Avg Non-persistent ratio: 0.46
  Avg Connection 2 duration: 0.439305 sec
  Avg Throughput Persistent: 700.13 Mbps
  Avg Throughput Non-Persistent: 445.75 Mbps
  Avg Persistent packets: 36080.62
  Avg Non-Persistent packets: 24105.40

Summary for Connections 1401 to 1450:
  Avg Non-persistent count: 11727.18
  Avg Persistent count: 12703.00
  Avg Total when both present: 24430.18
  Avg Only persistent count: 13722.34
  Avg Only non-persistent count: 1371.52
  Avg Persistent bytes read: 37854534.24
  Avg Non-persistent bytes read: 25404975.84
  Avg Persistent ratio: 0.51
  Avg Non-persistent ratio: 0.49
  Avg Connection 2 duration: 0.439169 sec
  Avg Throughput Persistent: 689.26 Mbps
  Avg Throughput Non-Persistent: 463.68 Mbps
  Avg Persistent packets: 36017.30
  Avg Non-Persistent packets: 24061.22

Summary for Connections 1451 to 1500:
  Avg Non-persistent count: 11861.84
  Avg Persistent count: 12636.78
  Avg Total when both present: 24498.62
  Avg Only persistent count: 13787.28
  Avg Only non-persistent count: 1364.88
  Avg Persistent bytes read: 37945566.88
  Avg Non-persistent bytes read: 25419615.20
  Avg Persistent ratio: 0.51
  Avg Non-persistent ratio: 0.49
  Avg Connection 2 duration: 0.439868 sec
  Avg Throughput Persistent: 689.76 Mbps
  Avg Throughput Non-Persistent: 466.56 Mbps
  Avg Persistent packets: 36133.26
  Avg Non-Persistent packets: 24111.50

Summary for Connections 1501 to 1550:
  Avg Non-persistent count: 12031.04
  Avg Persistent count: 12469.68
  Avg Total when both present: 24500.72
  Avg Only persistent count: 13806.78
  Avg Only non-persistent count: 1366.36
  Avg Persistent bytes read: 37957408.64
  Avg Non-persistent bytes read: 25417891.20
  Avg Persistent ratio: 0.49
  Avg Non-persistent ratio: 0.51
  Avg Connection 2 duration: 0.439988 sec
  Avg Throughput Persistent: 696.07 Mbps
  Avg Throughput Non-Persistent: 454.64 Mbps
  Avg Persistent packets: 36153.04
  Avg Non-Persistent packets: 24114.54

Summary for Connections 1551 to 1600:
  Avg Non-persistent count: 11977.06
  Avg Persistent count: 12503.68
  Avg Total when both present: 24480.74
  Avg Only persistent count: 13729.28
  Avg Only non-persistent count: 1377.92
  Avg Persistent bytes read: 37864784.64
  Avg Non-persistent bytes read: 25413083.84
  Avg Persistent ratio: 0.49
  Avg Non-persistent ratio: 0.51
  Avg Connection 2 duration: 0.439017 sec
  Avg Throughput Persistent: 693.07 Mbps
  Avg Throughput Non-Persistent: 461.12 Mbps
  Avg Persistent packets: 36057.34
  Avg Non-Persistent packets: 24106.52

Summary for Connections 1601 to 1650:
  Avg Non-persistent count: 11702.96
  Avg Persistent count: 12690.18
  Avg Total when both present: 24393.14
  Avg Only persistent count: 13937.72
  Avg Only non-persistent count: 1404.26
  Avg Persistent bytes read: 38047281.44
  Avg Non-persistent bytes read: 25413491.20
  Avg Persistent ratio: 0.52
  Avg Non-persistent ratio: 0.48
  Avg Connection 2 duration: 0.440758 sec
  Avg Throughput Persistent: 687.90 Mbps
  Avg Throughput Non-Persistent: 467.01 Mbps
  Avg Persistent packets: 36189.76
  Avg Non-Persistent packets: 24054.62

Summary for Connections 1651 to 1700:
  Avg Non-persistent count: 11584.42
  Avg Persistent count: 12789.08
  Avg Total when both present: 24373.50
  Avg Only persistent count: 13888.04
  Avg Only non-persistent count: 1419.66
  Avg Persistent bytes read: 37987150.56
  Avg Non-persistent bytes read: 25413138.72
  Avg Persistent ratio: 0.51
  Avg Non-persistent ratio: 0.49
  Avg Connection 2 duration: 0.440159 sec
  Avg Throughput Persistent: 696.95 Mbps
  Avg Throughput Non-Persistent: 450.01 Mbps
  Avg Persistent packets: 36122.70
  Avg Non-Persistent packets: 24052.06

Summary for Connections 1701 to 1750:
  Avg Non-persistent count: 11743.02
  Avg Persistent count: 12654.76
  Avg Total when both present: 24397.78
  Avg Only persistent count: 13904.44
  Avg Only non-persistent count: 1400.34
  Avg Persistent bytes read: 38000736.32
  Avg Non-persistent bytes read: 25395422.08
  Avg Persistent ratio: 0.50
  Avg Non-persistent ratio: 0.50
  Avg Connection 2 duration: 0.439999 sec
  Avg Throughput Persistent: 686.81 Mbps
  Avg Throughput Non-Persistent: 467.01 Mbps
  Avg Persistent packets: 36154.70
  Avg Non-Persistent packets: 24051.30

Summary for Connections 1751 to 1800:
  Avg Non-persistent count: 12011.40
  Avg Persistent count: 12485.32
  Avg Total when both present: 24496.72
  Avg Only persistent count: 13689.12
  Avg Only non-persistent count: 1363.18
  Avg Persistent bytes read: 37832703.36
  Avg Non-persistent bytes read: 25410008.32
  Avg Persistent ratio: 0.51
  Avg Non-persistent ratio: 0.49
  Avg Connection 2 duration: 0.438807 sec
  Avg Throughput Persistent: 688.28 Mbps
  Avg Throughput Non-Persistent: 464.15 Mbps
  Avg Persistent packets: 36034.14
  Avg Non-Persistent packets: 24108.46

Summary for Connections 1801 to 1850:
  Avg Non-persistent count: 11842.20
  Avg Persistent count: 12581.90
  Avg Total when both present: 24424.10
  Avg Only persistent count: 13818.28
  Avg Only non-persistent count: 1407.48
  Avg Persistent bytes read: 37921990.56
  Avg Non-persistent bytes read: 25411689.12
  Avg Persistent ratio: 0.51
  Avg Non-persistent ratio: 0.49
  Avg Connection 2 duration: 0.439563 sec
  Avg Throughput Persistent: 686.97 Mbps
  Avg Throughput Non-Persistent: 468.20 Mbps
  Avg Persistent packets: 36091.96
  Avg Non-Persistent packets: 24080.58

Summary for Connections 1851 to 1900:
  Avg Non-persistent count: 11986.36
  Avg Persistent count: 12414.32
  Avg Total when both present: 24400.68
  Avg Only persistent count: 13977.62
  Avg Only non-persistent count: 1442.38
  Avg Persistent bytes read: 38052889.76
  Avg Non-persistent bytes read: 25415939.20
  Avg Persistent ratio: 0.50
  Avg Non-persistent ratio: 0.50
  Avg Connection 2 duration: 0.440641 sec
  Avg Throughput Persistent: 699.63 Mbps
  Avg Throughput Non-Persistent: 446.90 Mbps
  Avg Persistent packets: 36218.44
  Avg Non-Persistent packets: 24087.56

Summary for Connections 1901 to 1950:
  Avg Non-persistent count: 11942.14
  Avg Persistent count: 12462.34
  Avg Total when both present: 24404.48
  Avg Only persistent count: 13928.22
  Avg Only non-persistent count: 1435.26
  Avg Persistent bytes read: 38005308.48
  Avg Non-persistent bytes read: 25410787.68
  Avg Persistent ratio: 0.53
  Avg Non-persistent ratio: 0.47
  Avg Connection 2 duration: 0.440273 sec
  Avg Throughput Persistent: 688.08 Mbps
  Avg Throughput Non-Persistent: 465.38 Mbps
  Avg Persistent packets: 36174.50
  Avg Non-Persistent packets: 24084.24

Summary for Connections 1951 to 2000:
  Avg Non-persistent count: 11624.86
  Avg Persistent count: 12797.54
  Avg Total when both present: 24422.40
  Avg Only persistent count: 13925.96
  Avg Only non-persistent count: 1377.34
  Avg Persistent bytes read: 38051828.80
  Avg Non-persistent bytes read: 25404344.16
  Avg Persistent ratio: 0.55
  Avg Non-persistent ratio: 0.45
  Avg Connection 2 duration: 0.440664 sec
  Avg Throughput Persistent: 692.56 Mbps
  Avg Throughput Non-Persistent: 461.04 Mbps
  Avg Persistent packets: 36204.74
  Avg Non-Persistent packets: 24055.96

Summary for Connections 2001 to 2050:
  Avg Non-persistent count: 11577.38
  Avg Persistent count: 12786.96
  Avg Total when both present: 24364.34
  Avg Only persistent count: 13980.18
  Avg Only non-persistent count: 1415.40
  Avg Persistent bytes read: 38071239.84
  Avg Non-persistent bytes read: 25397835.52
  Avg Persistent ratio: 0.52
  Avg Non-persistent ratio: 0.48
  Avg Connection 2 duration: 0.440647 sec
  Avg Throughput Persistent: 688.56 Mbps
  Avg Throughput Non-Persistent: 467.10 Mbps
  Avg Persistent packets: 36206.32
  Avg Non-Persistent packets: 24039.24

Summary for Connections 2051 to 2100:
  Avg Non-persistent count: 11950.98
  Avg Persistent count: 12413.00
  Avg Total when both present: 24363.98
  Avg Only persistent count: 14057.34
  Avg Only non-persistent count: 1444.24
  Avg Persistent bytes read: 38106002.40
  Avg Non-persistent bytes read: 25391179.52
  Avg Persistent ratio: 0.50
  Avg Non-persistent ratio: 0.50
  Avg Connection 2 duration: 0.440955 sec
  Avg Throughput Persistent: 688.31 Mbps
  Avg Throughput Non-Persistent: 465.86 Mbps
  Avg Persistent packets: 36264.40
  Avg Non-Persistent packets: 24055.58

Summary for Connections 2101 to 2150:
  Avg Non-persistent count: 11990.96
  Avg Persistent count: 12444.24
  Avg Total when both present: 24435.20
  Avg Only persistent count: 13858.08
  Avg Only non-persistent count: 1415.86
  Avg Persistent bytes read: 37957437.60
  Avg Non-persistent bytes read: 25416885.52
  Avg Persistent ratio: 0.50
  Avg Non-persistent ratio: 0.50
  Avg Connection 2 duration: 0.439943 sec
  Avg Throughput Persistent: 692.24 Mbps
  Avg Throughput Non-Persistent: 460.77 Mbps
  Avg Persistent packets: 36136.40
  Avg Non-Persistent packets: 24096.78

Summary for Connections 2151 to 2200:
  Avg Non-persistent count: 11734.12
  Avg Persistent count: 12662.32
  Avg Total when both present: 24396.44
  Avg Only persistent count: 13839.46
  Avg Only non-persistent count: 1397.88
  Avg Persistent bytes read: 37939511.36
  Avg Non-persistent bytes read: 25400437.44
  Avg Persistent ratio: 0.52
  Avg Non-persistent ratio: 0.48
  Avg Connection 2 duration: 0.439627 sec
  Avg Throughput Persistent: 693.23 Mbps
  Avg Throughput Non-Persistent: 459.02 Mbps
  Avg Persistent packets: 36094.22
  Avg Non-Persistent packets: 24051.26

Summary for Connections 2201 to 2250:
  Avg Non-persistent count: 11620.90
  Avg Persistent count: 12772.66
  Avg Total when both present: 24393.56
  Avg Only persistent count: 13908.48
  Avg Only non-persistent count: 1412.92
  Avg Persistent bytes read: 38023813.92
  Avg Non-persistent bytes read: 25423155.84
  Avg Persistent ratio: 0.50
  Avg Non-persistent ratio: 0.50
  Avg Connection 2 duration: 0.440581 sec
  Avg Throughput Persistent: 686.45 Mbps
  Avg Throughput Non-Persistent: 468.11 Mbps
  Avg Persistent packets: 36161.50
  Avg Non-Persistent packets: 24064.96

Summary for Connections 2251 to 2300:
  Avg Non-persistent count: 11959.02
  Avg Persistent count: 12595.12
  Avg Total when both present: 24554.14
  Avg Only persistent count: 13778.28
  Avg Only non-persistent count: 1320.30
  Avg Persistent bytes read: 37964368.16
  Avg Non-persistent bytes read: 25408906.72
  Avg Persistent ratio: 0.51
  Avg Non-persistent ratio: 0.49
  Avg Connection 2 duration: 0.439931 sec
  Avg Throughput Persistent: 689.16 Mbps
  Avg Throughput Non-Persistent: 467.57 Mbps
  Avg Persistent packets: 36176.74
  Avg Non-Persistent packets: 24122.24

Summary for Connections 2301 to 2350:
  Avg Non-persistent count: 11772.66
  Avg Persistent count: 12678.14
  Avg Total when both present: 24450.80
  Avg Only persistent count: 13988.34
  Avg Only non-persistent count: 1372.48
  Avg Persistent bytes read: 38135089.60
  Avg Non-persistent bytes read: 25412047.60
  Avg Persistent ratio: 0.50
  Avg Non-persistent ratio: 0.50
  Avg Connection 2 duration: 0.441410 sec
  Avg Throughput Persistent: 690.29 Mbps
  Avg Throughput Non-Persistent: 465.66 Mbps
  Avg Persistent packets: 36286.70
  Avg Non-Persistent packets: 24073.26

Summary for Connections 2351 to 2400:
  Avg Non-persistent count: 11667.18
  Avg Persistent count: 12713.94
  Avg Total when both present: 24381.12
  Avg Only persistent count: 13893.74
  Avg Only non-persistent count: 1428.78
  Avg Persistent bytes read: 37997273.12
  Avg Non-persistent bytes read: 25424171.20
  Avg Persistent ratio: 0.50
  Avg Non-persistent ratio: 0.50
  Avg Connection 2 duration: 0.440354 sec
  Avg Throughput Persistent: 690.60 Mbps
  Avg Throughput Non-Persistent: 459.98 Mbps
  Avg Persistent packets: 36134.40
  Avg Non-Persistent packets: 24067.98

Summary for Connections 2401 to 2450:
  Avg Non-persistent count: 11850.62
  Avg Persistent count: 12585.52
  Avg Total when both present: 24436.14
  Avg Only persistent count: 13769.32
  Avg Only non-persistent count: 1389.24
  Avg Persistent bytes read: 37900582.08
  Avg Non-persistent bytes read: 25418894.88
  Avg Persistent ratio: 0.50
  Avg Non-persistent ratio: 0.50
  Avg Connection 2 duration: 0.439591 sec
  Avg Throughput Persistent: 687.56 Mbps
  Avg Throughput Non-Persistent: 466.76 Mbps
  Avg Persistent packets: 36063.06
  Avg Non-Persistent packets: 24078.16

Summary for Connections 2451 to 2500:
  Avg Non-persistent count: 11985.82
  Avg Persistent count: 12466.94
  Avg Total when both present: 24452.76
  Avg Only persistent count: 13777.02
  Avg Only non-persistent count: 1387.46
  Avg Persistent bytes read: 37889497.44
  Avg Non-persistent bytes read: 25401667.84
  Avg Persistent ratio: 0.50
  Avg Non-persistent ratio: 0.50
  Avg Connection 2 duration: 0.439064 sec
  Avg Throughput Persistent: 688.37 Mbps
  Avg Throughput Non-Persistent: 468.96 Mbps
  Avg Persistent packets: 36076.72
  Avg Non-Persistent packets: 24087.98

Summary for Connections 2501 to 2550:
  Avg Non-persistent count: 11996.80
  Avg Persistent count: 12362.10
  Avg Total when both present: 24358.90
  Avg Only persistent count: 13993.00
  Avg Only non-persistent count: 1463.70
  Avg Persistent bytes read: 38031343.52
  Avg Non-persistent bytes read: 25401862.08
  Avg Persistent ratio: 0.51
  Avg Non-persistent ratio: 0.49
  Avg Connection 2 duration: 0.440309 sec
  Avg Throughput Persistent: 690.01 Mbps
  Avg Throughput Non-Persistent: 467.17 Mbps
  Avg Persistent packets: 36192.78
  Avg Non-Persistent packets: 24068.26

Summary for Connections 2551 to 2600:
  Avg Non-persistent count: 11869.50
  Avg Persistent count: 12583.56
  Avg Total when both present: 24453.06
  Avg Only persistent count: 13793.62
  Avg Only non-persistent count: 1403.44
  Avg Persistent bytes read: 37916781.28
  Avg Non-persistent bytes read: 25424599.36
  Avg Persistent ratio: 0.50
  Avg Non-persistent ratio: 0.50
  Avg Connection 2 duration: 0.439729 sec
  Avg Throughput Persistent: 700.15 Mbps
  Avg Throughput Non-Persistent: 446.51 Mbps
  Avg Persistent packets: 36092.34
  Avg Non-Persistent packets: 24103.40

Summary for Connections 2601 to 2650:
  Avg Non-persistent count: 11975.62
  Avg Persistent count: 12446.86
  Avg Total when both present: 24422.48
  Avg Only persistent count: 13762.44
  Avg Only non-persistent count: 1423.46
  Avg Persistent bytes read: 37851464.48
  Avg Non-persistent bytes read: 25411483.52
  Avg Persistent ratio: 0.52
  Avg Non-persistent ratio: 0.48
  Avg Connection 2 duration: 0.439055 sec
  Avg Throughput Persistent: 694.36 Mbps
  Avg Throughput Non-Persistent: 453.83 Mbps
  Avg Persistent packets: 36033.24
  Avg Non-Persistent packets: 24093.06

Summary for Connections 2651 to 2700:
  Avg Non-persistent count: 11970.44
  Avg Persistent count: 12513.14
  Avg Total when both present: 24483.58
  Avg Only persistent count: 13828.26
  Avg Only non-persistent count: 1371.42
  Avg Persistent bytes read: 37967202.08
  Avg Non-persistent bytes read: 25409354.72
  Avg Persistent ratio: 0.51
  Avg Non-persistent ratio: 0.49
  Avg Connection 2 duration: 0.439923 sec
  Avg Throughput Persistent: 691.23 Mbps
  Avg Throughput Non-Persistent: 462.01 Mbps
  Avg Persistent packets: 36156.16
  Avg Non-Persistent packets: 24101.00

Summary for Connections 2701 to 2750:
  Avg Non-persistent count: 12022.86
  Avg Persistent count: 12463.58
  Avg Total when both present: 24486.44
  Avg Only persistent count: 13772.86
  Avg Only non-persistent count: 1375.24
  Avg Persistent bytes read: 37905544.80
  Avg Non-persistent bytes read: 25407505.92
  Avg Persistent ratio: 0.52
  Avg Non-persistent ratio: 0.48
  Avg Connection 2 duration: 0.439337 sec
  Avg Throughput Persistent: 687.27 Mbps
  Avg Throughput Non-Persistent: 463.68 Mbps
  Avg Persistent packets: 36106.26
  Avg Non-Persistent packets: 24110.70

Summary for Connections 2751 to 2800:
  Avg Non-persistent count: 11752.54
  Avg Persistent count: 12668.40
  Avg Total when both present: 24420.94
  Avg Only persistent count: 14055.54
  Avg Only non-persistent count: 1407.22
  Avg Persistent bytes read: 38167712.64
  Avg Non-persistent bytes read: 25414889.92
  Avg Persistent ratio: 0.52
  Avg Non-persistent ratio: 0.48
  Avg Connection 2 duration: 0.441815 sec
  Avg Throughput Persistent: 698.47 Mbps
  Avg Throughput Non-Persistent: 449.85 Mbps
  Avg Persistent packets: 36323.38
  Avg Non-Persistent packets: 24078.02

Summary for Connections 2801 to 2850:
  Avg Non-persistent count: 11771.24
  Avg Persistent count: 12640.34
  Avg Total when both present: 24411.58
  Avg Only persistent count: 13779.88
  Avg Only non-persistent count: 1397.20
  Avg Persistent bytes read: 37892769.92
  Avg Non-persistent bytes read: 25406233.92
  Avg Persistent ratio: 0.51
  Avg Non-persistent ratio: 0.49
  Avg Connection 2 duration: 0.439359 sec
  Avg Throughput Persistent: 693.03 Mbps
  Avg Throughput Non-Persistent: 460.50 Mbps
  Avg Persistent packets: 36049.06
  Avg Non-Persistent packets: 24065.12

Summary for Connections 2851 to 2900:
  Avg Non-persistent count: 11806.44
  Avg Persistent count: 12625.74
  Avg Total when both present: 24432.18
  Avg Only persistent count: 13874.74
  Avg Only non-persistent count: 1383.86
  Avg Persistent bytes read: 37994969.76
  Avg Non-persistent bytes read: 25401736.96
  Avg Persistent ratio: 0.50
  Avg Non-persistent ratio: 0.50
  Avg Connection 2 duration: 0.440386 sec
  Avg Throughput Persistent: 688.15 Mbps
  Avg Throughput Non-Persistent: 464.75 Mbps
  Avg Persistent packets: 36161.88
  Avg Non-Persistent packets: 24070.24

Summary for Connections 2901 to 2950:
  Avg Non-persistent count: 11725.60
  Avg Persistent count: 12641.24
  Avg Total when both present: 24366.84
  Avg Only persistent count: 13903.70
  Avg Only non-persistent count: 1411.12
  Avg Persistent bytes read: 37990596.80
  Avg Non-persistent bytes read: 25397577.12
  Avg Persistent ratio: 0.51
  Avg Non-persistent ratio: 0.49
  Avg Connection 2 duration: 0.440055 sec
  Avg Throughput Persistent: 687.89 Mbps
  Avg Throughput Non-Persistent: 464.28 Mbps
  Avg Persistent packets: 36132.64
  Avg Non-Persistent packets: 24037.34

Summary for Connections 2951 to 3000:
  Avg Non-persistent count: 11649.38
  Avg Persistent count: 12740.76
  Avg Total when both present: 24390.14
  Avg Only persistent count: 13917.20
  Avg Only non-persistent count: 1399.98
  Avg Persistent bytes read: 38029667.36
  Avg Non-persistent bytes read: 25409372.32
  Avg Persistent ratio: 0.52
  Avg Non-persistent ratio: 0.48
  Avg Connection 2 duration: 0.440435 sec
  Avg Throughput Persistent: 693.27 Mbps
  Avg Throughput Non-Persistent: 458.95 Mbps
  Avg Persistent packets: 36167.46
  Avg Non-Persistent packets: 24048.64

Summary for Connections 3001 to 3050:
  Avg Non-persistent count: 11601.78
  Avg Persistent count: 12784.96
  Avg Total when both present: 24386.74
  Avg Only persistent count: 13842.20
  Avg Only non-persistent count: 1399.34
  Avg Persistent bytes read: 37954286.56
  Avg Non-persistent bytes read: 25406111.68
  Avg Persistent ratio: 0.52
  Avg Non-persistent ratio: 0.48
  Avg Connection 2 duration: 0.439760 sec
  Avg Throughput Persistent: 690.12 Mbps
  Avg Throughput Non-Persistent: 459.80 Mbps
  Avg Persistent packets: 36095.86
  Avg Non-Persistent packets: 24046.68

Summary for Connections 3051 to 3100:
  Avg Non-persistent count: 11658.36
  Avg Persistent count: 12719.38
  Avg Total when both present: 24377.74
  Avg Only persistent count: 13875.00
  Avg Only non-persistent count: 1418.62
  Avg Persistent bytes read: 37972169.12
  Avg Non-persistent bytes read: 25416079.04
  Avg Persistent ratio: 0.53
  Avg Non-persistent ratio: 0.47
  Avg Connection 2 duration: 0.440038 sec
  Avg Throughput Persistent: 687.13 Mbps
  Avg Throughput Non-Persistent: 466.86 Mbps
  Avg Persistent packets: 36114.82
  Avg Non-Persistent packets: 24054.76

Summary for Connections 3101 to 3150:
  Avg Non-persistent count: 11658.72
  Avg Persistent count: 12716.12
  Avg Total when both present: 24374.84
  Avg Only persistent count: 13930.74
  Avg Only non-persistent count: 1399.00
  Avg Persistent bytes read: 38027549.76
  Avg Non-persistent bytes read: 25390477.60
  Avg Persistent ratio: 0.52
  Avg Non-persistent ratio: 0.48
  Avg Connection 2 duration: 0.440194 sec
  Avg Throughput Persistent: 695.66 Mbps
  Avg Throughput Non-Persistent: 451.14 Mbps
  Avg Persistent packets: 36165.90
  Avg Non-Persistent packets: 24032.88

Summary for Connections 3151 to 3200:
  Avg Non-persistent count: 11906.72
  Avg Persistent count: 12579.86
  Avg Total when both present: 24486.58
  Avg Only persistent count: 13820.20
  Avg Only non-persistent count: 1375.06
  Avg Persistent bytes read: 37969629.76
  Avg Non-persistent bytes read: 25419536.00
  Avg Persistent ratio: 0.52
  Avg Non-persistent ratio: 0.48
  Avg Connection 2 duration: 0.440072 sec
  Avg Throughput Persistent: 696.66 Mbps
  Avg Throughput Non-Persistent: 451.54 Mbps
  Avg Persistent packets: 36154.30
  Avg Non-Persistent packets: 24110.16

Summary for Connections 3201 to 3250:
  Avg Non-persistent count: 12028.96
  Avg Persistent count: 12480.42
  Avg Total when both present: 24509.38
  Avg Only persistent count: 13800.38
  Avg Only non-persistent count: 1354.14
  Avg Persistent bytes read: 37953933.44
  Avg Non-persistent bytes read: 25405573.60
  Avg Persistent ratio: 0.52
  Avg Non-persistent ratio: 0.48
  Avg Connection 2 duration: 0.439745 sec
  Avg Throughput Persistent: 686.97 Mbps
  Avg Throughput Non-Persistent: 466.45 Mbps
  Avg Persistent packets: 36154.40
  Avg Non-Persistent packets: 24111.60

Summary for Connections 3251 to 3300:
  Avg Non-persistent count: 12021.68
  Avg Persistent count: 12482.00
  Avg Total when both present: 24503.68
  Avg Only persistent count: 13724.32
  Avg Only non-persistent count: 1359.86
  Avg Persistent bytes read: 37876019.68
  Avg Non-persistent bytes read: 25409763.04
  Avg Persistent ratio: 0.51
  Avg Non-persistent ratio: 0.49
  Avg Connection 2 duration: 0.439115 sec
  Avg Throughput Persistent: 687.38 Mbps
  Avg Throughput Non-Persistent: 466.81 Mbps
  Avg Persistent packets: 36075.12
  Avg Non-Persistent packets: 24112.10

Summary for Connections 3301 to 3350:
  Avg Non-persistent count: 12049.06
  Avg Persistent count: 12491.54
  Avg Total when both present: 24540.60
  Avg Only persistent count: 13719.60
  Avg Only non-persistent count: 1334.88
  Avg Persistent bytes read: 37898747.04
  Avg Non-persistent bytes read: 25415540.00
  Avg Persistent ratio: 0.52
  Avg Non-persistent ratio: 0.48
  Avg Connection 2 duration: 0.439440 sec
  Avg Throughput Persistent: 686.22 Mbps
  Avg Throughput Non-Persistent: 467.88 Mbps
  Avg Persistent packets: 36106.44
  Avg Non-Persistent packets: 24123.94

Summary for Connections 3351 to 3400:
  Avg Non-persistent count: 11908.00
  Avg Persistent count: 12595.56
  Avg Total when both present: 24503.56
  Avg Only persistent count: 13937.66
  Avg Only non-persistent count: 1360.40
  Avg Persistent bytes read: 38102700.96
  Avg Non-persistent bytes read: 25419462.40
  Avg Persistent ratio: 0.57
  Avg Non-persistent ratio: 0.43
  Avg Connection 2 duration: 0.441268 sec
  Avg Throughput Persistent: 690.70 Mbps
  Avg Throughput Non-Persistent: 463.57 Mbps
  Avg Persistent packets: 36284.14
  Avg Non-Persistent packets: 24110.40

Summary for Connections 3401 to 3450:
  Avg Non-persistent count: 11670.82
  Avg Persistent count: 12773.06
  Avg Total when both present: 24443.88
  Avg Only persistent count: 13873.26
  Avg Only non-persistent count: 1372.02
  Avg Persistent bytes read: 38013996.48
  Avg Non-persistent bytes read: 25410829.28
  Avg Persistent ratio: 0.51
  Avg Non-persistent ratio: 0.49
  Avg Connection 2 duration: 0.440234 sec
  Avg Throughput Persistent: 686.64 Mbps
  Avg Throughput Non-Persistent: 466.92 Mbps
  Avg Persistent packets: 36174.94
  Avg Non-Persistent packets: 24074.22

Summary for Connections 3451 to 3500:
  Avg Non-persistent count: 12071.28
  Avg Persistent count: 12487.76
  Avg Total when both present: 24559.04
  Avg Only persistent count: 13740.56
  Avg Only non-persistent count: 1314.96
  Avg Persistent bytes read: 37933673.44
  Avg Non-persistent bytes read: 25406580.64
  Avg Persistent ratio: 0.50
  Avg Non-persistent ratio: 0.50
  Avg Connection 2 duration: 0.439562 sec
  Avg Throughput Persistent: 691.82 Mbps
  Avg Throughput Non-Persistent: 458.50 Mbps
  Avg Persistent packets: 36145.52
  Avg Non-Persistent packets: 24121.80

Summary for Connections 3501 to 3550:
  Avg Non-persistent count: 11965.26
  Avg Persistent count: 12354.12
  Avg Total when both present: 24319.38
  Avg Only persistent count: 14271.08
  Avg Only non-persistent count: 1496.48
  Avg Persistent bytes read: 38271682.56
  Avg Non-persistent bytes read: 25398911.04
  Avg Persistent ratio: 0.51
  Avg Non-persistent ratio: 0.49
  Avg Connection 2 duration: 0.442320 sec
  Avg Throughput Persistent: 706.21 Mbps
  Avg Throughput Non-Persistent: 438.49 Mbps
  Avg Persistent packets: 36423.36
  Avg Non-Persistent packets: 24059.54

Summary for Connections 3551 to 3600:
  Avg Non-persistent count: 11623.80
  Avg Persistent count: 12573.64
  Avg Total when both present: 24197.44
  Avg Only persistent count: 16075.34
  Avg Only non-persistent count: 1602.30
  Avg Persistent bytes read: 40016815.68
  Avg Non-persistent bytes read: 25424347.04
  Avg Persistent ratio: 0.52
  Avg Non-persistent ratio: 0.48
  Avg Connection 2 duration: 0.456559 sec
  Avg Throughput Persistent: 704.75 Mbps
  Avg Throughput Non-Persistent: 439.62 Mbps
  Avg Persistent packets: 38069.24
  Avg Non-Persistent packets: 24038.54

Summary for Connections 3601 to 3650:
  Avg Non-persistent count: 11661.54
  Avg Persistent count: 12514.58
  Avg Total when both present: 24176.12
  Avg Only persistent count: 16137.18
  Avg Only non-persistent count: 1614.64
  Avg Persistent bytes read: 40062410.72
  Avg Non-persistent bytes read: 25416921.12
  Avg Persistent ratio: 0.52
  Avg Non-persistent ratio: 0.48
  Avg Connection 2 duration: 0.456865 sec
  Avg Throughput Persistent: 704.84 Mbps
  Avg Throughput Non-Persistent: 439.42 Mbps
  Avg Persistent packets: 38106.40
  Avg Non-Persistent packets: 24027.64

Summary for Connections 3651 to 3700:
  Avg Non-persistent count: 11677.78
  Avg Persistent count: 12519.40
  Avg Total when both present: 24197.18
  Avg Only persistent count: 16092.14
  Avg Only non-persistent count: 1610.34
  Avg Persistent bytes read: 40021297.44
  Avg Non-persistent bytes read: 25425222.64
  Avg Persistent ratio: 0.53
  Avg Non-persistent ratio: 0.47
  Avg Connection 2 duration: 0.456672 sec
  Avg Throughput Persistent: 703.73 Mbps
  Avg Throughput Non-Persistent: 439.00 Mbps
  Avg Persistent packets: 38077.12
  Avg Non-Persistent packets: 24043.96

Summary for Connections 3701 to 3750:
  Avg Non-persistent count: 11622.00
  Avg Persistent count: 12614.30
  Avg Total when both present: 24236.30
  Avg Only persistent count: 16229.20
  Avg Only non-persistent count: 1582.22
  Avg Persistent bytes read: 40209682.24
  Avg Non-persistent bytes read: 25436643.04
  Avg Persistent ratio: 0.53
  Avg Non-persistent ratio: 0.47
  Avg Connection 2 duration: 0.458313 sec
  Avg Throughput Persistent: 703.58 Mbps
  Avg Throughput Non-Persistent: 438.56 Mbps
  Avg Persistent packets: 38250.52
  Avg Non-Persistent packets: 24051.26

Summary for Connections 3751 to 3800:
  Avg Non-persistent count: 11604.76
  Avg Persistent count: 12557.64
  Avg Total when both present: 24162.40
  Avg Only persistent count: 16360.74
  Avg Only non-persistent count: 1640.70
  Avg Persistent bytes read: 40273750.24
  Avg Non-persistent bytes read: 25432047.84
  Avg Persistent ratio: 0.53
  Avg Non-persistent ratio: 0.47
  Avg Connection 2 duration: 0.458911 sec
  Avg Throughput Persistent: 704.81 Mbps
  Avg Throughput Non-Persistent: 438.80 Mbps
  Avg Persistent packets: 38306.50
  Avg Non-Persistent packets: 24036.84

Summary for Connections 3801 to 3850:
  Avg Non-persistent count: 11572.24
  Avg Persistent count: 12649.84
  Avg Total when both present: 24222.08
  Avg Only persistent count: 16235.34
  Avg Only non-persistent count: 1591.12
  Avg Persistent bytes read: 40205920.96
  Avg Non-persistent bytes read: 25438930.08
  Avg Persistent ratio: 0.54
  Avg Non-persistent ratio: 0.46
  Avg Connection 2 duration: 0.458301 sec
  Avg Throughput Persistent: 706.67 Mbps
  Avg Throughput Non-Persistent: 437.56 Mbps
  Avg Persistent packets: 38244.84
  Avg Non-Persistent packets: 24047.74

Summary for Connections 3851 to 3900:
  Avg Non-persistent count: 11480.44
  Avg Persistent count: 12705.60
  Avg Total when both present: 24186.04
  Avg Only persistent count: 16640.46
  Avg Only non-persistent count: 1627.28
  Avg Persistent bytes read: 40576917.60
  Avg Non-persistent bytes read: 25437910.40
  Avg Persistent ratio: 0.54
  Avg Non-persistent ratio: 0.46
  Avg Connection 2 duration: 0.461520 sec
  Avg Throughput Persistent: 704.40 Mbps
  Avg Throughput Non-Persistent: 438.45 Mbps
  Avg Persistent packets: 38600.52
  Avg Non-Persistent packets: 24041.28

Summary for Connections 3901 to 3950:
  Avg Non-persistent count: 11896.44
  Avg Persistent count: 12413.94
  Avg Total when both present: 24310.38
  Avg Only persistent count: 16140.66
  Avg Only non-persistent count: 1562.20
  Avg Persistent bytes read: 40144418.40
  Avg Non-persistent bytes read: 25448800.16
  Avg Persistent ratio: 0.50
  Avg Non-persistent ratio: 0.50
  Avg Connection 2 duration: 0.457896 sec
  Avg Throughput Persistent: 689.40 Mbps
  Avg Throughput Non-Persistent: 465.47 Mbps
  Avg Persistent packets: 38220.60
  Avg Non-Persistent packets: 24095.08

Summary for Connections 3951 to 4000:
  Avg Non-persistent count: 11889.44
  Avg Persistent count: 12395.72
  Avg Total when both present: 24285.16
  Avg Only persistent count: 16097.40
  Avg Only non-persistent count: 1563.44
  Avg Persistent bytes read: 40077815.36
  Avg Non-persistent bytes read: 25425341.44
  Avg Persistent ratio: 0.52
  Avg Non-persistent ratio: 0.48
  Avg Connection 2 duration: 0.457124 sec
  Avg Throughput Persistent: 689.40 Mbps
  Avg Throughput Non-Persistent: 465.09 Mbps
  Avg Persistent packets: 38160.06
  Avg Non-Persistent packets: 24077.18

Summary for Connections 4001 to 4050:
  Avg Non-persistent count: 11944.68
  Avg Persistent count: 12431.18
  Avg Total when both present: 24375.86
  Avg Only persistent count: 16016.58
  Avg Only non-persistent count: 1530.46
  Avg Persistent bytes read: 40065771.52
  Avg Non-persistent bytes read: 25461190.40
  Avg Persistent ratio: 0.51
  Avg Non-persistent ratio: 0.49
  Avg Connection 2 duration: 0.457359 sec
  Avg Throughput Persistent: 690.99 Mbps
  Avg Throughput Non-Persistent: 465.81 Mbps
  Avg Persistent packets: 38164.48
  Avg Non-Persistent packets: 24129.80

Summary for Connections 4051 to 4100:
  Avg Non-persistent count: 11875.20
  Avg Persistent count: 12343.70
  Avg Total when both present: 24218.90
  Avg Only persistent count: 16390.84
  Avg Only non-persistent count: 1629.10
  Avg Persistent bytes read: 40317909.28
  Avg Non-persistent bytes read: 25436531.68
  Avg Persistent ratio: 0.51
  Avg Non-persistent ratio: 0.49
  Avg Connection 2 duration: 0.459312 sec
  Avg Throughput Persistent: 704.04 Mbps
  Avg Throughput Non-Persistent: 439.32 Mbps
  Avg Persistent packets: 38374.66
  Avg Non-Persistent packets: 24069.30

Summary for Connections 4101 to 4150:
  Avg Non-persistent count: 11974.72
  Avg Persistent count: 12359.40
  Avg Total when both present: 24334.12
  Avg Only persistent count: 16126.34
  Avg Only non-persistent count: 1544.46
  Avg Persistent bytes read: 40138232.96
  Avg Non-persistent bytes read: 25434124.96
  Avg Persistent ratio: 0.51
  Avg Non-persistent ratio: 0.49
  Avg Connection 2 duration: 0.457697 sec
  Avg Throughput Persistent: 703.13 Mbps
  Avg Throughput Non-Persistent: 439.67 Mbps
  Avg Persistent packets: 38230.86
  Avg Non-Persistent packets: 24102.86

Summary for Connections 4151 to 4200:
  Avg Non-persistent count: 11509.26
  Avg Persistent count: 12744.64
  Avg Total when both present: 24253.90
  Avg Only persistent count: 16183.40
  Avg Only non-persistent count: 1562.36
  Avg Persistent bytes read: 40184354.24
  Avg Non-persistent bytes read: 25438389.28
  Avg Persistent ratio: 0.51
  Avg Non-persistent ratio: 0.49
  Avg Connection 2 duration: 0.458158 sec
  Avg Throughput Persistent: 704.70 Mbps
  Avg Throughput Non-Persistent: 436.61 Mbps
  Avg Persistent packets: 38223.84
  Avg Non-Persistent packets: 24051.16

Summary for Connections 4201 to 4250:
  Avg Non-persistent count: 11591.86
  Avg Persistent count: 12612.76
  Avg Total when both present: 24204.62
  Avg Only persistent count: 16411.70
  Avg Only non-persistent count: 1611.74
  Avg Persistent bytes read: 40367040.96
  Avg Non-persistent bytes read: 25442228.80
  Avg Persistent ratio: 0.51
  Avg Non-persistent ratio: 0.49
  Avg Connection 2 duration: 0.459735 sec
  Avg Throughput Persistent: 703.14 Mbps
  Avg Throughput Non-Persistent: 440.25 Mbps
  Avg Persistent packets: 38394.72
  Avg Non-Persistent packets: 24044.58

Summary for Connections 4251 to 4300:
  Avg Non-persistent count: 11599.46
  Avg Persistent count: 12601.68
  Avg Total when both present: 24201.14
  Avg Only persistent count: 16433.12
  Avg Only non-persistent count: 1605.60
  Avg Persistent bytes read: 40386660.32
  Avg Non-persistent bytes read: 25428850.08
  Avg Persistent ratio: 0.51
  Avg Non-persistent ratio: 0.49
  Avg Connection 2 duration: 0.459796 sec
  Avg Throughput Persistent: 701.71 Mbps
  Avg Throughput Non-Persistent: 442.19 Mbps
  Avg Persistent packets: 38415.38
  Avg Non-Persistent packets: 24038.24

Summary for Connections 4301 to 4350:
  Avg Non-persistent count: 11560.90
  Avg Persistent count: 12639.44
  Avg Total when both present: 24200.34
  Avg Only persistent count: 16280.98
  Avg Only non-persistent count: 1598.36
  Avg Persistent bytes read: 40234342.72
  Avg Non-persistent bytes read: 25425048.32
  Avg Persistent ratio: 0.53
  Avg Non-persistent ratio: 0.47
  Avg Connection 2 duration: 0.458461 sec
  Avg Throughput Persistent: 703.09 Mbps
  Avg Throughput Non-Persistent: 439.35 Mbps
  Avg Persistent packets: 38271.94
  Avg Non-Persistent packets: 24034.58

Summary for Connections 4351 to 4400:
  Avg Non-persistent count: 11625.76
  Avg Persistent count: 12589.52
  Avg Total when both present: 24215.28
  Avg Only persistent count: 16279.78
  Avg Only non-persistent count: 1593.14
  Avg Persistent bytes read: 40245221.12
  Avg Non-persistent bytes read: 25433994.56
  Avg Persistent ratio: 0.54
  Avg Non-persistent ratio: 0.46
  Avg Connection 2 duration: 0.458637 sec
  Avg Throughput Persistent: 706.24 Mbps
  Avg Throughput Non-Persistent: 438.66 Mbps
  Avg Persistent packets: 38282.14
  Avg Non-Persistent packets: 24043.18

Summary for Connections 4401 to 4450:
  Avg Non-persistent count: 11651.40
  Avg Persistent count: 12702.18
  Avg Total when both present: 24353.58
  Avg Only persistent count: 14829.74
  Avg Only non-persistent count: 1443.12
  Avg Persistent bytes read: 38914490.72
  Avg Non-persistent bytes read: 25416626.40
  Avg Persistent ratio: 0.52
  Avg Non-persistent ratio: 0.48
  Avg Connection 2 duration: 0.447605 sec
  Avg Throughput Persistent: 688.67 Mbps
  Avg Throughput Non-Persistent: 462.16 Mbps
  Avg Persistent packets: 37017.54
  Avg Non-Persistent packets: 24047.62

Summary for Connections 4451 to 4500:
  Avg Non-persistent count: 12022.14
  Avg Persistent count: 12630.80
  Avg Total when both present: 24652.94
  Avg Only persistent count: 13208.36
  Avg Only non-persistent count: 1244.94
  Avg Persistent bytes read: 37494876.48
  Avg Non-persistent bytes read: 25435615.68
  Avg Persistent ratio: 0.52
  Avg Non-persistent ratio: 0.48
  Avg Connection 2 duration: 0.436395 sec
  Avg Throughput Persistent: 686.11 Mbps
  Avg Throughput Non-Persistent: 467.46 Mbps
  Avg Persistent packets: 35721.02
  Avg Non-Persistent packets: 24150.52

Summary for Connections 4501 to 4550:
  Avg Non-persistent count: 11859.48
  Avg Persistent count: 12728.36
  Avg Total when both present: 24587.84
  Avg Only persistent count: 13310.58
  Avg Only non-persistent count: 1272.44
  Avg Persistent bytes read: 37561913.92
  Avg Non-persistent bytes read: 25426987.04
  Avg Persistent ratio: 0.50
  Avg Non-persistent ratio: 0.50
  Avg Connection 2 duration: 0.436904 sec
  Avg Throughput Persistent: 684.77 Mbps
  Avg Throughput Non-Persistent: 469.94 Mbps
  Avg Persistent packets: 35760.86
  Avg Non-Persistent packets: 24115.58

Summary for Connections 4551 to 4600:
  Avg Non-persistent count: 11698.10
  Avg Persistent count: 12816.56
  Avg Total when both present: 24514.66
  Avg Only persistent count: 13308.64
  Avg Only non-persistent count: 1315.46
  Avg Persistent bytes read: 37532785.12
  Avg Non-persistent bytes read: 25440510.88
  Avg Persistent ratio: 0.50
  Avg Non-persistent ratio: 0.50
  Avg Connection 2 duration: 0.436857 sec
  Avg Throughput Persistent: 686.57 Mbps
  Avg Throughput Non-Persistent: 466.93 Mbps
  Avg Persistent packets: 35696.86
  Avg Non-Persistent packets: 24091.78

Summary for Connections 4601 to 4650:
  Avg Non-persistent count: 11644.66
  Avg Persistent count: 12888.72
  Avg Total when both present: 24533.38
  Avg Only persistent count: 13272.54
  Avg Only non-persistent count: 1295.46
  Avg Persistent bytes read: 37515102.56
  Avg Non-persistent bytes read: 25438748.00
  Avg Persistent ratio: 0.54
  Avg Non-persistent ratio: 0.46
  Avg Connection 2 duration: 0.436752 sec
  Avg Throughput Persistent: 685.47 Mbps
  Avg Throughput Non-Persistent: 467.06 Mbps
  Avg Persistent packets: 35680.58
  Avg Non-Persistent packets: 24090.56

Summary for Connections 4651 to 4700:
  Avg Non-persistent count: 11656.92
  Avg Persistent count: 12840.42
  Avg Total when both present: 24497.34
  Avg Only persistent count: 13359.44
  Avg Only non-persistent count: 1312.30
  Avg Persistent bytes read: 37568041.44
  Avg Non-persistent bytes read: 25422986.08
  Avg Persistent ratio: 0.52
  Avg Non-persistent ratio: 0.48
  Avg Connection 2 duration: 0.436905 sec
  Avg Throughput Persistent: 688.76 Mbps
  Avg Throughput Non-Persistent: 464.40 Mbps
  Avg Persistent packets: 35732.68
  Avg Non-Persistent packets: 24072.78

Summary for Connections 4701 to 4750:
  Avg Non-persistent count: 11689.58
  Avg Persistent count: 12798.18
  Avg Total when both present: 24487.76
  Avg Only persistent count: 13395.22
  Avg Only non-persistent count: 1327.92
  Avg Persistent bytes read: 37599144.48
  Avg Non-persistent bytes read: 25429407.04
  Avg Persistent ratio: 0.53
  Avg Non-persistent ratio: 0.47
  Avg Connection 2 duration: 0.437152 sec
  Avg Throughput Persistent: 686.83 Mbps
  Avg Throughput Non-Persistent: 466.79 Mbps
  Avg Persistent packets: 35755.12
  Avg Non-Persistent packets: 24075.94

Summary for Connections 4751 to 4800:
  Avg Non-persistent count: 11876.26
  Avg Persistent count: 12766.44
  Avg Total when both present: 24642.70
  Avg Only persistent count: 13196.38
  Avg Only non-persistent count: 1237.48
  Avg Persistent bytes read: 37497726.56
  Avg Non-persistent bytes read: 25438423.84
  Avg Persistent ratio: 0.50
  Avg Non-persistent ratio: 0.50
  Avg Connection 2 duration: 0.436514 sec
  Avg Throughput Persistent: 686.89 Mbps
  Avg Throughput Non-Persistent: 466.86 Mbps
  Avg Persistent packets: 35708.44
  Avg Non-Persistent packets: 24137.88

Summary for Connections 4801 to 4850:
  Avg Non-persistent count: 11978.08
  Avg Persistent count: 12729.96
  Avg Total when both present: 24708.04
  Avg Only persistent count: 13191.86
  Avg Only non-persistent count: 1207.16
  Avg Persistent bytes read: 37510932.32
  Avg Non-persistent bytes read: 25428606.40
  Avg Persistent ratio: 0.52
  Avg Non-persistent ratio: 0.48
  Avg Connection 2 duration: 0.436413 sec
  Avg Throughput Persistent: 685.99 Mbps
  Avg Throughput Non-Persistent: 467.15 Mbps
  Avg Persistent packets: 35759.54
  Avg Non-Persistent packets: 24168.50

Summary for Connections 4851 to 4900:
  Avg Non-persistent count: 12081.16
  Avg Persistent count: 12550.82
  Avg Total when both present: 24631.98
  Avg Only persistent count: 13290.64
  Avg Only non-persistent count: 1260.26
  Avg Persistent bytes read: 37557210.40
  Avg Non-persistent bytes read: 25427226.88
  Avg Persistent ratio: 0.53
  Avg Non-persistent ratio: 0.47
  Avg Connection 2 duration: 0.436869 sec
  Avg Throughput Persistent: 686.24 Mbps
  Avg Throughput Non-Persistent: 467.09 Mbps
  Avg Persistent packets: 35781.54
  Avg Non-Persistent packets: 24145.40

Summary for Connections 4901 to 4950:
  Avg Non-persistent count: 12023.74
  Avg Persistent count: 12561.54
  Avg Total when both present: 24585.28
  Avg Only persistent count: 13303.94
  Avg Only non-persistent count: 1289.06
  Avg Persistent bytes read: 37537141.12
  Avg Non-persistent bytes read: 25427556.64
  Avg Persistent ratio: 0.51
  Avg Non-persistent ratio: 0.49
  Avg Connection 2 duration: 0.436735 sec
  Avg Throughput Persistent: 685.99 Mbps
  Avg Throughput Non-Persistent: 467.71 Mbps
  Avg Persistent packets: 35746.90
  Avg Non-Persistent packets: 24124.58

Summary for Connections 4951 to 5000:
  Avg Non-persistent count: 11842.86
  Avg Persistent count: 12634.44
  Avg Total when both present: 24477.30
  Avg Only persistent count: 13351.12
  Avg Only non-persistent count: 1343.08
  Avg Persistent bytes read: 37529601.60
  Avg Non-persistent bytes read: 25425904.80
  Avg Persistent ratio: 0.52
  Avg Non-persistent ratio: 0.48
  Avg Connection 2 duration: 0.436675 sec
  Avg Throughput Persistent: 687.43 Mbps
  Avg Throughput Non-Persistent: 468.18 Mbps
  Avg Persistent packets: 35700.74
  Avg Non-Persistent packets: 24081.24

Summary for Connections 5001 to 5050:
  Avg Non-persistent count: 11704.86
  Avg Persistent count: 12794.16
  Avg Total when both present: 24499.02
  Avg Only persistent count: 13331.58
  Avg Only non-persistent count: 1314.68
  Avg Persistent bytes read: 37542151.20
  Avg Non-persistent bytes read: 25424720.16
  Avg Persistent ratio: 0.52
  Avg Non-persistent ratio: 0.48
  Avg Connection 2 duration: 0.436690 sec
  Avg Throughput Persistent: 688.42 Mbps
  Avg Throughput Non-Persistent: 462.71 Mbps
  Avg Persistent packets: 35706.00
  Avg Non-Persistent packets: 24076.44

Summary for Connections 5051 to 5100:
  Avg Non-persistent count: 11616.20
  Avg Persistent count: 12889.78
  Avg Total when both present: 24505.98
  Avg Only persistent count: 13342.32
  Avg Only non-persistent count: 1307.28
  Avg Persistent bytes read: 37561564.32
  Avg Non-persistent bytes read: 25425483.04
  Avg Persistent ratio: 0.55
  Avg Non-persistent ratio: 0.45
  Avg Connection 2 duration: 0.436961 sec
  Avg Throughput Persistent: 689.12 Mbps
  Avg Throughput Non-Persistent: 463.14 Mbps
  Avg Persistent packets: 35721.60
  Avg Non-Persistent packets: 24074.84

Summary for Connections 5101 to 5150:
  Avg Non-persistent count: 11707.42
  Avg Persistent count: 12808.18
  Avg Total when both present: 24515.60
  Avg Only persistent count: 13323.08
  Avg Only non-persistent count: 1316.56
  Avg Persistent bytes read: 37542209.12
  Avg Non-persistent bytes read: 25434801.92
  Avg Persistent ratio: 0.51
  Avg Non-persistent ratio: 0.49
  Avg Connection 2 duration: 0.436843 sec
  Avg Throughput Persistent: 692.91 Mbps
  Avg Throughput Non-Persistent: 459.19 Mbps
  Avg Persistent packets: 35710.62
  Avg Non-Persistent packets: 24091.46

Summary for Connections 5151 to 5200:
  Avg Non-persistent count: 11849.58
  Avg Persistent count: 12668.10
  Avg Total when both present: 24517.68
  Avg Only persistent count: 13364.44
  Avg Only non-persistent count: 1330.60
  Avg Persistent bytes read: 37572203.20
  Avg Non-persistent bytes read: 25438275.68
  Avg Persistent ratio: 0.52
  Avg Non-persistent ratio: 0.48
  Avg Connection 2 duration: 0.437095 sec
  Avg Throughput Persistent: 688.95 Mbps
  Avg Throughput Non-Persistent: 462.96 Mbps
  Avg Persistent packets: 35746.94
  Avg Non-Persistent packets: 24103.24

Summary for Connections 5201 to 5250:
  Avg Non-persistent count: 11907.18
  Avg Persistent count: 12599.24
  Avg Total when both present: 24506.42
  Avg Only persistent count: 13330.76
  Avg Only non-persistent count: 1328.84
  Avg Persistent bytes read: 37519368.16
  Avg Non-persistent bytes read: 25421099.52
  Avg Persistent ratio: 0.51
  Avg Non-persistent ratio: 0.49
  Avg Connection 2 duration: 0.436451 sec
  Avg Throughput Persistent: 684.69 Mbps
  Avg Throughput Non-Persistent: 467.34 Mbps
  Avg Persistent packets: 35701.62
  Avg Non-Persistent packets: 24090.40

Summary for Connections 5251 to 5300:
  Avg Non-persistent count: 11909.56
  Avg Persistent count: 12625.92
  Avg Total when both present: 24535.48
  Avg Only persistent count: 13281.86
  Avg Only non-persistent count: 1307.68
  Avg Persistent bytes read: 37500506.72
  Avg Non-persistent bytes read: 25430764.64
  Avg Persistent ratio: 0.52
  Avg Non-persistent ratio: 0.48
  Avg Connection 2 duration: 0.436444 sec
  Avg Throughput Persistent: 687.05 Mbps
  Avg Throughput Non-Persistent: 467.25 Mbps
  Avg Persistent packets: 35684.66
  Avg Non-Persistent packets: 24101.12

Summary for Connections 5301 to 5350:
  Avg Non-persistent count: 11705.60
  Avg Persistent count: 12807.68
  Avg Total when both present: 24513.28
  Avg Only persistent count: 13408.84
  Avg Only non-persistent count: 1310.40
  Avg Persistent bytes read: 37626866.24
  Avg Non-persistent bytes read: 25428034.88
  Avg Persistent ratio: 0.51
  Avg Non-persistent ratio: 0.49
  Avg Connection 2 duration: 0.437498 sec
  Avg Throughput Persistent: 688.49 Mbps
  Avg Throughput Non-Persistent: 464.27 Mbps
  Avg Persistent packets: 35796.50
  Avg Non-Persistent packets: 24086.20

Summary for Connections 5351 to 5400:
  Avg Non-persistent count: 12014.48
  Avg Persistent count: 12654.60
  Avg Total when both present: 24669.08
  Avg Only persistent count: 13277.34
  Avg Only non-persistent count: 1241.44
  Avg Persistent bytes read: 37575419.20
  Avg Non-persistent bytes read: 25438728.64
  Avg Persistent ratio: 0.50
  Avg Non-persistent ratio: 0.50
  Avg Connection 2 duration: 0.437119 sec
  Avg Throughput Persistent: 689.30 Mbps
  Avg Throughput Non-Persistent: 463.82 Mbps
  Avg Persistent packets: 35803.82
  Avg Non-Persistent packets: 24160.80

Summary for Connections 5401 to 5450:
  Avg Non-persistent count: 11988.48
  Avg Persistent count: 12512.08
  Avg Total when both present: 24500.56
  Avg Only persistent count: 13324.56
  Avg Only non-persistent count: 1343.10
  Avg Persistent bytes read: 37499319.36
  Avg Non-persistent bytes read: 25422097.28
  Avg Persistent ratio: 0.51
  Avg Non-persistent ratio: 0.49
  Avg Connection 2 duration: 0.436402 sec
  Avg Throughput Persistent: 688.11 Mbps
  Avg Throughput Non-Persistent: 466.50 Mbps
  Avg Persistent packets: 35684.72
  Avg Non-Persistent packets: 24094.80

Summary for Connections 5451 to 5500:
  Avg Non-persistent count: 12019.10
  Avg Persistent count: 12490.78
  Avg Total when both present: 24509.88
  Avg Only persistent count: 13346.04
  Avg Only non-persistent count: 1332.20
  Avg Persistent bytes read: 37523443.04
  Avg Non-persistent bytes read: 25415154.72
  Avg Persistent ratio: 0.52
  Avg Non-persistent ratio: 0.48
  Avg Connection 2 duration: 0.436456 sec
  Avg Throughput Persistent: 687.75 Mbps
  Avg Throughput Non-Persistent: 467.52 Mbps
  Avg Persistent packets: 35713.80
  Avg Non-Persistent packets: 24093.54

Summary for Connections 5501 to 5550:
  Avg Non-persistent count: 11863.10
  Avg Persistent count: 12651.20
  Avg Total when both present: 24514.30
  Avg Only persistent count: 13336.52
  Avg Only non-persistent count: 1330.52
  Avg Persistent bytes read: 37538096.80
  Avg Non-persistent bytes read: 25435080.00
  Avg Persistent ratio: 0.54
  Avg Non-persistent ratio: 0.46
  Avg Connection 2 duration: 0.436790 sec
  Avg Throughput Persistent: 687.61 Mbps
  Avg Throughput Non-Persistent: 465.60 Mbps
  Avg Persistent packets: 35718.16
  Avg Non-Persistent packets: 24103.04

Summary for Connections 5551 to 5600:
  Avg Non-persistent count: 11813.86
  Avg Persistent count: 12677.38
  Avg Total when both present: 24491.24
  Avg Only persistent count: 13298.30
  Avg Only non-persistent count: 1327.08
  Avg Persistent bytes read: 37498732.32
  Avg Non-persistent bytes read: 25428332.96
  Avg Persistent ratio: 0.51
  Avg Non-persistent ratio: 0.49
  Avg Connection 2 duration: 0.436438 sec
  Avg Throughput Persistent: 686.59 Mbps
  Avg Throughput Non-Persistent: 466.79 Mbps
  Avg Persistent packets: 35665.14
  Avg Non-Persistent packets: 24082.12

Summary for Connections 5601 to 5650:
  Avg Non-persistent count: 11991.76
  Avg Persistent count: 12617.92
  Avg Total when both present: 24609.68
  Avg Only persistent count: 13233.48
  Avg Only non-persistent count: 1264.84
  Avg Persistent bytes read: 37495099.04
  Avg Non-persistent bytes read: 25423683.84
  Avg Persistent ratio: 0.51
  Avg Non-persistent ratio: 0.49
  Avg Connection 2 duration: 0.436281 sec
  Avg Throughput Persistent: 688.40 Mbps
  Avg Throughput Non-Persistent: 463.33 Mbps
  Avg Persistent packets: 35704.34
  Avg Non-Persistent packets: 24127.88

Summary for Connections 5651 to 5700:
  Avg Non-persistent count: 11693.54
  Avg Persistent count: 12807.64
  Avg Total when both present: 24501.18
  Avg Only persistent count: 13314.34
  Avg Only non-persistent count: 1321.26
  Avg Persistent bytes read: 37530243.68
  Avg Non-persistent bytes read: 25439073.60
  Avg Persistent ratio: 0.53
  Avg Non-persistent ratio: 0.47
  Avg Connection 2 duration: 0.436809 sec
  Avg Throughput Persistent: 686.07 Mbps
  Avg Throughput Non-Persistent: 467.51 Mbps
  Avg Persistent packets: 35692.78
  Avg Non-Persistent packets: 24086.32

Summary for Connections 5701 to 5750:
  Avg Non-persistent count: 11722.30
  Avg Persistent count: 12782.56
  Avg Total when both present: 24504.86
  Avg Only persistent count: 13234.18
  Avg Only non-persistent count: 1310.30
  Avg Persistent bytes read: 37447286.72
  Avg Non-persistent bytes read: 25428736.32
  Avg Persistent ratio: 0.53
  Avg Non-persistent ratio: 0.47
  Avg Connection 2 duration: 0.436005 sec
  Avg Throughput Persistent: 686.67 Mbps
  Avg Throughput Non-Persistent: 467.45 Mbps
  Avg Persistent packets: 35621.44
  Avg Non-Persistent packets: 24082.92

Summary for Connections 5751 to 5800:
  Avg Non-persistent count: 11810.92
  Avg Persistent count: 12699.96
  Avg Total when both present: 24510.88
  Avg Only persistent count: 13308.50
  Avg Only non-persistent count: 1308.54
  Avg Persistent bytes read: 37510755.04
  Avg Non-persistent bytes read: 25414684.00
  Avg Persistent ratio: 0.51
  Avg Non-persistent ratio: 0.49
  Avg Connection 2 duration: 0.436404 sec
  Avg Throughput Persistent: 685.47 Mbps
  Avg Throughput Non-Persistent: 467.86 Mbps
  Avg Persistent packets: 35687.56
  Avg Non-Persistent packets: 24078.78

Summary for Connections 5801 to 5850:
  Avg Non-persistent count: 11861.84
  Avg Persistent count: 12640.34
  Avg Total when both present: 24502.18
  Avg Only persistent count: 13327.80
  Avg Only non-persistent count: 1332.02
  Avg Persistent bytes read: 37527381.60
  Avg Non-persistent bytes read: 25432485.76
  Avg Persistent ratio: 0.52
  Avg Non-persistent ratio: 0.48
  Avg Connection 2 duration: 0.436699 sec
  Avg Throughput Persistent: 685.95 Mbps
  Avg Throughput Non-Persistent: 467.03 Mbps
  Avg Persistent packets: 35701.30
  Avg Non-Persistent packets: 24093.90

Summary for Connections 5851 to 5900:
  Avg Non-persistent count: 11792.06
  Avg Persistent count: 12674.98
  Avg Total when both present: 24467.04
  Avg Only persistent count: 13355.76
  Avg Only non-persistent count: 1342.82
  Avg Persistent bytes read: 37534911.20
  Avg Non-persistent bytes read: 25422729.60
  Avg Persistent ratio: 0.53
  Avg Non-persistent ratio: 0.47
  Avg Connection 2 duration: 0.436623 sec
  Avg Throughput Persistent: 689.76 Mbps
  Avg Throughput Non-Persistent: 462.77 Mbps
  Avg Persistent packets: 35697.92
  Avg Non-Persistent packets: 24072.74

Summary for Connections 5901 to 5950:
  Avg Non-persistent count: 11680.22
  Avg Persistent count: 12831.00
  Avg Total when both present: 24511.22
  Avg Only persistent count: 13278.82
  Avg Only non-persistent count: 1310.08
  Avg Persistent bytes read: 37498127.04
  Avg Non-persistent bytes read: 25430880.96
  Avg Persistent ratio: 0.53
  Avg Non-persistent ratio: 0.47
  Avg Connection 2 duration: 0.436441 sec
  Avg Throughput Persistent: 689.57 Mbps
  Avg Throughput Non-Persistent: 463.19 Mbps
  Avg Persistent packets: 35667.00
  Avg Non-Persistent packets: 24086.14

Summary for Connections 5951 to 6000:
  Avg Non-persistent count: 11883.46
  Avg Persistent count: 12705.92
  Avg Total when both present: 24589.38
  Avg Only persistent count: 13259.12
  Avg Only non-persistent count: 1273.52
  Avg Persistent bytes read: 37510444.96
  Avg Non-persistent bytes read: 25423924.32
  Avg Persistent ratio: 0.51
  Avg Non-persistent ratio: 0.49
  Avg Connection 2 duration: 0.436446 sec
  Avg Throughput Persistent: 686.77 Mbps
  Avg Throughput Non-Persistent: 468.52 Mbps
  Avg Persistent packets: 35711.26
  Avg Non-Persistent packets: 24117.10

Summary for Connections 6001 to 6050:
  Avg Non-persistent count: 11982.14
  Avg Persistent count: 12621.62
  Avg Total when both present: 24603.76
  Avg Only persistent count: 13242.88
  Avg Only non-persistent count: 1281.68
  Avg Persistent bytes read: 37499058.72
  Avg Non-persistent bytes read: 25439816.96
  Avg Persistent ratio: 0.50
  Avg Non-persistent ratio: 0.50
  Avg Connection 2 duration: 0.436570 sec
  Avg Throughput Persistent: 686.51 Mbps
  Avg Throughput Non-Persistent: 467.09 Mbps
  Avg Persistent packets: 35705.84
  Avg Non-Persistent packets: 24136.64

Summary for Connections 6051 to 6100:
  Avg Non-persistent count: 11976.36
  Avg Persistent count: 12549.44
  Avg Total when both present: 24525.80
  Avg Only persistent count: 13270.88
  Avg Only non-persistent count: 1323.84
  Avg Persistent bytes read: 37461468.64
  Avg Non-persistent bytes read: 25415418.40
  Avg Persistent ratio: 0.53
  Avg Non-persistent ratio: 0.47
  Avg Connection 2 duration: 0.435953 sec
  Avg Throughput Persistent: 686.44 Mbps
  Avg Throughput Non-Persistent: 467.09 Mbps
  Avg Persistent packets: 35657.72
  Avg Non-Persistent packets: 24102.96

Summary for Connections 6101 to 6150:
  Avg Non-persistent count: 12011.74
  Avg Persistent count: 12513.76
  Avg Total when both present: 24525.50
  Avg Only persistent count: 13389.58
  Avg Only non-persistent count: 1329.34
  Avg Persistent bytes read: 37580935.68
  Avg Non-persistent bytes read: 25422992.48
  Avg Persistent ratio: 0.50
  Avg Non-persistent ratio: 0.50
  Avg Connection 2 duration: 0.437025 sec
  Avg Throughput Persistent: 688.09 Mbps
  Avg Throughput Non-Persistent: 464.14 Mbps
  Avg Persistent packets: 35771.64
  Avg Non-Persistent packets: 24104.94

Summary for Connections 6151 to 6200:
  Avg Non-persistent count: 11752.42
  Avg Persistent count: 12729.52
  Avg Total when both present: 24481.94
  Avg Only persistent count: 13321.64
  Avg Only non-persistent count: 1329.74
  Avg Persistent bytes read: 37517324.00
  Avg Non-persistent bytes read: 25428395.20
  Avg Persistent ratio: 0.53
  Avg Non-persistent ratio: 0.47
  Avg Connection 2 duration: 0.436533 sec
  Avg Throughput Persistent: 687.38 Mbps
  Avg Throughput Non-Persistent: 466.91 Mbps
  Avg Persistent packets: 35681.48
  Avg Non-Persistent packets: 24077.62

Summary for Connections 6201 to 6250:
  Avg Non-persistent count: 11678.48
  Avg Persistent count: 12804.20
  Avg Total when both present: 24482.68
  Avg Only persistent count: 13396.38
  Avg Only non-persistent count: 1327.94
  Avg Persistent bytes read: 37589183.68
  Avg Non-persistent bytes read: 25425569.92
  Avg Persistent ratio: 0.53
  Avg Non-persistent ratio: 0.47
  Avg Connection 2 duration: 0.437148 sec
  Avg Throughput Persistent: 689.48 Mbps
  Avg Throughput Non-Persistent: 462.92 Mbps
  Avg Persistent packets: 35753.04
  Avg Non-Persistent packets: 24073.30

Summary for Connections 6251 to 6300:
  Avg Non-persistent count: 11750.22
  Avg Persistent count: 12707.88
  Avg Total when both present: 24458.10
  Avg Only persistent count: 13307.72
  Avg Only non-persistent count: 1344.30
  Avg Persistent bytes read: 37487851.20
  Avg Non-persistent bytes read: 25423530.88
  Avg Persistent ratio: 0.50
  Avg Non-persistent ratio: 0.50
  Avg Connection 2 duration: 0.436213 sec
  Avg Throughput Persistent: 690.04 Mbps
  Avg Throughput Non-Persistent: 463.80 Mbps
  Avg Persistent packets: 35649.96
  Avg Non-Persistent packets: 24071.84

Summary for Connections 6301 to 6350:
  Avg Non-persistent count: 11899.28
  Avg Persistent count: 12581.52
  Avg Total when both present: 24480.80
  Avg Only persistent count: 13286.56
  Avg Only non-persistent count: 1352.82
  Avg Persistent bytes read: 37456168.96
  Avg Non-persistent bytes read: 25428661.28
  Avg Persistent ratio: 0.52
  Avg Non-persistent ratio: 0.48
  Avg Connection 2 duration: 0.436097 sec
  Avg Throughput Persistent: 686.74 Mbps
  Avg Throughput Non-Persistent: 468.04 Mbps
  Avg Persistent packets: 35637.42
  Avg Non-Persistent packets: 24092.90

Summary for Connections 6351 to 6400:
  Avg Non-persistent count: 11893.76
  Avg Persistent count: 12670.22
  Avg Total when both present: 24563.98
  Avg Only persistent count: 13291.22
  Avg Only non-persistent count: 1291.74
  Avg Persistent bytes read: 37525097.28
  Avg Non-persistent bytes read: 25425994.24
  Avg Persistent ratio: 0.54
  Avg Non-persistent ratio: 0.46
  Avg Connection 2 duration: 0.436645 sec
  Avg Throughput Persistent: 687.18 Mbps
  Avg Throughput Non-Persistent: 463.19 Mbps
  Avg Persistent packets: 35718.32
  Avg Non-Persistent packets: 24109.54

Summary for Connections 6401 to 6450:
  Avg Non-persistent count: 11738.48
  Avg Persistent count: 12714.82
  Avg Total when both present: 24453.30
  Avg Only persistent count: 13362.30
  Avg Only non-persistent count: 1357.54
  Avg Persistent bytes read: 37535139.36
  Avg Non-persistent bytes read: 25433121.12
  Avg Persistent ratio: 0.54
  Avg Non-persistent ratio: 0.46
  Avg Connection 2 duration: 0.436859 sec
  Avg Throughput Persistent: 686.49 Mbps
  Avg Throughput Non-Persistent: 468.93 Mbps
  Avg Persistent packets: 35692.68
  Avg Non-Persistent packets: 24075.76

Summary for Connections 6451 to 6500:
  Avg Non-persistent count: 11731.28
  Avg Persistent count: 12810.18
  Avg Total when both present: 24541.46
  Avg Only persistent count: 13285.48
  Avg Only non-persistent count: 1305.24
  Avg Persistent bytes read: 37533608.00
  Avg Non-persistent bytes read: 25452095.52
  Avg Persistent ratio: 0.52
  Avg Non-persistent ratio: 0.48
  Avg Connection 2 duration: 0.437012 sec
  Avg Throughput Persistent: 686.97 Mbps
  Avg Throughput Non-Persistent: 466.93 Mbps
  Avg Persistent packets: 35700.92
  Avg Non-Persistent packets: 24107.60

Summary for Connections 6501 to 6550:
  Avg Non-persistent count: 11768.48
  Avg Persistent count: 12665.10
  Avg Total when both present: 24433.58
  Avg Only persistent count: 13337.14
  Avg Only non-persistent count: 1353.14
  Avg Persistent bytes read: 37487329.92
  Avg Non-persistent bytes read: 25402831.20
  Avg Persistent ratio: 0.52
  Avg Non-persistent ratio: 0.48
  Avg Connection 2 duration: 0.436012 sec
  Avg Throughput Persistent: 688.07 Mbps
  Avg Throughput Non-Persistent: 466.70 Mbps
  Avg Persistent packets: 35649.90
  Avg Non-Persistent packets: 24052.36

Summary for Connections 6551 to 6600:
  Avg Non-persistent count: 11893.82
  Avg Persistent count: 12656.08
  Avg Total when both present: 24549.90
  Avg Only persistent count: 13265.76
  Avg Only non-persistent count: 1302.54
  Avg Persistent bytes read: 37486490.08
  Avg Non-persistent bytes read: 25429484.16
  Avg Persistent ratio: 0.52
  Avg Non-persistent ratio: 0.48
  Avg Connection 2 duration: 0.436324 sec
  Avg Throughput Persistent: 689.28 Mbps
  Avg Throughput Non-Persistent: 463.47 Mbps
  Avg Persistent packets: 35680.14
  Avg Non-Persistent packets: 24106.34

Summary for Connections 6601 to 6650:
  Avg Non-persistent count: 11942.90
  Avg Persistent count: 12599.52
  Avg Total when both present: 24542.42
  Avg Only persistent count: 13348.46
  Avg Only non-persistent count: 1301.28
  Avg Persistent bytes read: 37557673.76
  Avg Non-persistent bytes read: 25410013.76
  Avg Persistent ratio: 0.51
  Avg Non-persistent ratio: 0.49
  Avg Connection 2 duration: 0.436703 sec
  Avg Throughput Persistent: 688.42 Mbps
  Avg Throughput Non-Persistent: 464.81 Mbps
  Avg Persistent packets: 35748.96
  Avg Non-Persistent packets: 24095.36

Summary for Connections 6651 to 6663:
  Avg Non-persistent count: 11565.46
  Avg Persistent count: 12426.46
  Avg Total when both present: 23991.92
  Avg Only persistent count: 13231.85
  Avg Only non-persistent count: 1850.00
  Avg Persistent bytes read: 36917478.77
  Avg Non-persistent bytes read: 25438665.23
  Avg Persistent ratio: 0.53
  Avg Non-persistent ratio: 0.47
  Avg Connection 2 duration: 0.431498 sec
  Avg Throughput Persistent: 642.72 Mbps
  Avg Throughput Non-Persistent: 544.24 Mbps
  Avg Persistent packets: 35128.77
  Avg Non-Persistent packets: 24118.92


Overall Statistics (Averaged):
Average events when both were present: 24432.00
Average Persistent count: 12620.61
Average Non-Persistent count: 11811.39
Average Persistent Ratio: 0.52
Average Non-Persistent Ratio: 0.48
Rejected connections: 0
Average Only Persistent count: 14039.06
Average Only Non Persistent count: 1396.70
Average persistent bytes per connection: 38164632.15
Average non-persistent bytes per connection: 25418532.61
Average persistent packets per connection: 36318.19
Average non-persistent packets per connection: 24080.39
Total persistent duration: 3600.005075 sec
Total non-persistent duration: 2940.653109 sec
Average Throughput Persistent: 565.09 Mbps
Average Throughput Non-Persistent: 460.75 Mbps
