Summary for Connections 1 to 50:
  Avg Non-persistent count: 18801.20
  Avg Persistent count: 18986.56
  Avg Total when both present: 37787.76
  Avg Only persistent count: 61406.14
  Avg Only non-persistent count: 38256.42
  Avg Persistent bytes read: 100216669.76
  Avg Non-persistent bytes read: 76681877.28
  Avg Persistent ratio: 0.55
  Avg Non-persistent ratio: 0.45
  Avg Connection 2 duration: 1.326732 sec
  Avg Throughput Persistent: 549.21 Mbps
  Avg Throughput Non-Persistent: 463.24 Mbps
  Avg Persistent packets: 96384.04
  Avg Non-Persistent packets: 73674.74

Summary for Connections 51 to 100:
  Avg Non-persistent count: 18481.14
  Avg Persistent count: 19027.64
  Avg Total when both present: 37508.78
  Avg Only persistent count: 52880.24
  Avg Only non-persistent count: 38536.00
  Avg Persistent bytes read: 91275288.16
  Avg Non-persistent bytes read: 76680179.52
  Avg Persistent ratio: 0.51
  Avg Non-persistent ratio: 0.49
  Avg Connection 2 duration: 1.327988 sec
  Avg Throughput Persistent: 549.13 Mbps
  Avg Throughput Non-Persistent: 462.21 Mbps
  Avg Persistent packets: 87771.72
  Avg Non-Persistent packets: 73673.16

Summary for Connections 101 to 150:
  Avg Non-persistent count: 18840.88
  Avg Persistent count: 19051.02
  Avg Total when both present: 37891.90
  Avg Only persistent count: 52564.92
  Avg Only non-persistent count: 38164.76
  Avg Persistent bytes read: 91349918.08
  Avg Non-persistent bytes read: 76695900.96
  Avg Persistent ratio: 0.49
  Avg Non-persistent ratio: 0.51
  Avg Connection 2 duration: 1.328743 sec
  Avg Throughput Persistent: 550.15 Mbps
  Avg Throughput Non-Persistent: 461.21 Mbps
  Avg Persistent packets: 87838.34
  Avg Non-Persistent packets: 73684.40

Summary for Connections 151 to 200:
  Avg Non-persistent count: 18677.56
  Avg Persistent count: 19112.20
  Avg Total when both present: 37789.76
  Avg Only persistent count: 52604.82
  Avg Only non-persistent count: 38270.04
  Avg Persistent bytes read: 91286727.36
  Avg Non-persistent bytes read: 76696933.92
  Avg Persistent ratio: 0.49
  Avg Non-persistent ratio: 0.51
  Avg Connection 2 duration: 1.328212 sec
  Avg Throughput Persistent: 550.21 Mbps
  Avg Throughput Non-Persistent: 461.73 Mbps
  Avg Persistent packets: 87778.64
  Avg Non-Persistent packets: 73688.72

Summary for Connections 201 to 250:
  Avg Non-persistent count: 18893.58
  Avg Persistent count: 18999.78
  Avg Total when both present: 37893.36
  Avg Only persistent count: 52545.68
  Avg Only non-persistent count: 38169.28
  Avg Persistent bytes read: 91324867.68
  Avg Non-persistent bytes read: 76700705.28
  Avg Persistent ratio: 0.46
  Avg Non-persistent ratio: 0.54
  Avg Connection 2 duration: 1.328578 sec
  Avg Throughput Persistent: 549.82 Mbps
  Avg Throughput Non-Persistent: 461.87 Mbps
  Avg Persistent packets: 87817.00
  Avg Non-Persistent packets: 73690.44

Summary for Connections 251 to 300:
  Avg Non-persistent count: 19027.64
  Avg Persistent count: 19099.08
  Avg Total when both present: 38126.72
  Avg Only persistent count: 52315.18
  Avg Only non-persistent count: 37932.84
  Avg Persistent bytes read: 91328999.04
  Avg Non-persistent bytes read: 76693694.88
  Avg Persistent ratio: 0.52
  Avg Non-persistent ratio: 0.48
  Avg Connection 2 duration: 1.328513 sec
  Avg Throughput Persistent: 549.29 Mbps
  Avg Throughput Non-Persistent: 462.67 Mbps
  Avg Persistent packets: 87818.34
  Avg Non-Persistent packets: 73686.36

Summary for Connections 301 to 350:
  Avg Non-persistent count: 18885.90
  Avg Persistent count: 19047.48
  Avg Total when both present: 37933.38
  Avg Only persistent count: 52501.44
  Avg Only non-persistent count: 38127.40
  Avg Persistent bytes read: 91319954.40
  Avg Non-persistent bytes read: 76700379.68
  Avg Persistent ratio: 0.48
  Avg Non-persistent ratio: 0.52
  Avg Connection 2 duration: 1.328564 sec
  Avg Throughput Persistent: 550.85 Mbps
  Avg Throughput Non-Persistent: 461.36 Mbps
  Avg Persistent packets: 87811.08
  Avg Non-Persistent packets: 73687.60

Summary for Connections 351 to 400:
  Avg Non-persistent count: 18603.10
  Avg Persistent count: 18680.36
  Avg Total when both present: 37283.46
  Avg Only persistent count: 53091.42
  Avg Only non-persistent count: 38758.18
  Avg Persistent bytes read: 91258737.12
  Avg Non-persistent bytes read: 76677201.28
  Avg Persistent ratio: 0.50
  Avg Non-persistent ratio: 0.50
  Avg Connection 2 duration: 1.327741 sec
  Avg Throughput Persistent: 551.01 Mbps
  Avg Throughput Non-Persistent: 461.08 Mbps
  Avg Persistent packets: 87752.80
  Avg Non-Persistent packets: 73667.58

Summary for Connections 401 to 450:
  Avg Non-persistent count: 18899.68
  Avg Persistent count: 18989.12
  Avg Total when both present: 37888.80
  Avg Only persistent count: 52528.28
  Avg Only non-persistent count: 38155.76
  Avg Persistent bytes read: 91304697.44
  Avg Non-persistent bytes read: 76683844.80
  Avg Persistent ratio: 0.50
  Avg Non-persistent ratio: 0.50
  Avg Connection 2 duration: 1.328231 sec
  Avg Throughput Persistent: 549.95 Mbps
  Avg Throughput Non-Persistent: 461.75 Mbps
  Avg Persistent packets: 87796.56
  Avg Non-Persistent packets: 73673.52

Summary for Connections 451 to 500:
  Avg Non-persistent count: 18402.80
  Avg Persistent count: 18685.22
  Avg Total when both present: 37088.02
  Avg Only persistent count: 53384.00
  Avg Only non-persistent count: 38981.08
  Avg Persistent bytes read: 91359127.36
  Avg Non-persistent bytes read: 76704117.60
  Avg Persistent ratio: 0.49
  Avg Non-persistent ratio: 0.51
  Avg Connection 2 duration: 1.328882 sec
  Avg Throughput Persistent: 550.72 Mbps
  Avg Throughput Non-Persistent: 461.17 Mbps
  Avg Persistent packets: 87847.24
  Avg Non-Persistent packets: 73694.40

Summary for Connections 501 to 550:
  Avg Non-persistent count: 18855.32
  Avg Persistent count: 18856.64
  Avg Total when both present: 37711.96
  Avg Only persistent count: 52753.42
  Avg Only non-persistent count: 38344.24
  Avg Persistent bytes read: 91351545.28
  Avg Non-persistent bytes read: 76690860.32
  Avg Persistent ratio: 0.50
  Avg Non-persistent ratio: 0.50
  Avg Connection 2 duration: 1.328533 sec
  Avg Throughput Persistent: 550.43 Mbps
  Avg Throughput Non-Persistent: 462.11 Mbps
  Avg Persistent packets: 87842.52
  Avg Non-Persistent packets: 73680.84

Summary for Connections 551 to 600:
  Avg Non-persistent count: 18684.66
  Avg Persistent count: 19050.68
  Avg Total when both present: 37735.34
  Avg Only persistent count: 52718.16
  Avg Only non-persistent count: 38326.94
  Avg Persistent bytes read: 91341514.24
  Avg Non-persistent bytes read: 76701212.80
  Avg Persistent ratio: 0.51
  Avg Non-persistent ratio: 0.49
  Avg Connection 2 duration: 1.328740 sec
  Avg Throughput Persistent: 549.69 Mbps
  Avg Throughput Non-Persistent: 462.06 Mbps
  Avg Persistent packets: 87828.56
  Avg Non-Persistent packets: 73688.04

Summary for Connections 601 to 650:
  Avg Non-persistent count: 18620.54
  Avg Persistent count: 19123.24
  Avg Total when both present: 37743.78
  Avg Only persistent count: 52639.34
  Avg Only non-persistent count: 38308.26
  Avg Persistent bytes read: 91271465.44
  Avg Non-persistent bytes read: 76686157.92
  Avg Persistent ratio: 0.50
  Avg Non-persistent ratio: 0.50
  Avg Connection 2 duration: 1.327919 sec
  Avg Throughput Persistent: 549.87 Mbps
  Avg Throughput Non-Persistent: 462.09 Mbps
  Avg Persistent packets: 87761.74
  Avg Non-Persistent packets: 73679.74

Summary for Connections 651 to 700:
  Avg Non-persistent count: 18772.56
  Avg Persistent count: 18880.08
  Avg Total when both present: 37652.64
  Avg Only persistent count: 52765.72
  Avg Only non-persistent count: 38376.38
  Avg Persistent bytes read: 91305174.88
  Avg Non-persistent bytes read: 76665507.84
  Avg Persistent ratio: 0.49
  Avg Non-persistent ratio: 0.51
  Avg Connection 2 duration: 1.327941 sec
  Avg Throughput Persistent: 549.48 Mbps
  Avg Throughput Non-Persistent: 462.33 Mbps
  Avg Persistent packets: 87795.14
  Avg Non-Persistent packets: 73657.96

Summary for Connections 701 to 750:
  Avg Non-persistent count: 18943.14
  Avg Persistent count: 19049.52
  Avg Total when both present: 37992.66
  Avg Only persistent count: 52396.56
  Avg Only non-persistent count: 38063.86
  Avg Persistent bytes read: 91277325.92
  Avg Non-persistent bytes read: 76693571.52
  Avg Persistent ratio: 0.53
  Avg Non-persistent ratio: 0.47
  Avg Connection 2 duration: 1.328150 sec
  Avg Throughput Persistent: 550.15 Mbps
  Avg Throughput Non-Persistent: 461.63 Mbps
  Avg Persistent packets: 87767.40
  Avg Non-Persistent packets: 73685.08

Summary for Connections 751 to 800:
  Avg Non-persistent count: 18504.64
  Avg Persistent count: 18713.32
  Avg Total when both present: 37217.96
  Avg Only persistent count: 53188.94
  Avg Only non-persistent count: 38832.10
  Avg Persistent bytes read: 91290684.32
  Avg Non-persistent bytes read: 76685887.68
  Avg Persistent ratio: 0.53
  Avg Non-persistent ratio: 0.47
  Avg Connection 2 duration: 1.327989 sec
  Avg Throughput Persistent: 551.40 Mbps
  Avg Throughput Non-Persistent: 460.69 Mbps
  Avg Persistent packets: 87785.06
  Avg Non-Persistent packets: 73675.24

Summary for Connections 801 to 850:
  Avg Non-persistent count: 19001.44
  Avg Persistent count: 19267.46
  Avg Total when both present: 38268.90
  Avg Only persistent count: 52105.50
  Avg Only non-persistent count: 37783.84
  Avg Persistent bytes read: 91260426.72
  Avg Non-persistent bytes read: 76690468.32
  Avg Persistent ratio: 0.49
  Avg Non-persistent ratio: 0.51
  Avg Connection 2 duration: 1.327848 sec
  Avg Throughput Persistent: 549.55 Mbps
  Avg Throughput Non-Persistent: 461.62 Mbps
  Avg Persistent packets: 87753.54
  Avg Non-Persistent packets: 73682.98

Summary for Connections 851 to 900:
  Avg Non-persistent count: 18748.22
  Avg Persistent count: 19031.82
  Avg Total when both present: 37780.04
  Avg Only persistent count: 52654.00
  Avg Only non-persistent count: 38290.12
  Avg Persistent bytes read: 91320210.08
  Avg Non-persistent bytes read: 76704645.76
  Avg Persistent ratio: 0.50
  Avg Non-persistent ratio: 0.50
  Avg Connection 2 duration: 1.328542 sec
  Avg Throughput Persistent: 549.54 Mbps
  Avg Throughput Non-Persistent: 462.27 Mbps
  Avg Persistent packets: 87811.68
  Avg Non-Persistent packets: 73696.36

Summary for Connections 901 to 950:
  Avg Non-persistent count: 18640.56
  Avg Persistent count: 19048.00
  Avg Total when both present: 37688.56
  Avg Only persistent count: 52753.68
  Avg Only non-persistent count: 38378.80
  Avg Persistent bytes read: 91329531.52
  Avg Non-persistent bytes read: 76702652.64
  Avg Persistent ratio: 0.53
  Avg Non-persistent ratio: 0.47
  Avg Connection 2 duration: 1.328615 sec
  Avg Throughput Persistent: 549.42 Mbps
  Avg Throughput Non-Persistent: 461.95 Mbps
  Avg Persistent packets: 87820.32
  Avg Non-Persistent packets: 73695.02

Summary for Connections 951 to 1000:
  Avg Non-persistent count: 18433.20
  Avg Persistent count: 18950.58
  Avg Total when both present: 37383.78
  Avg Only persistent count: 53037.70
  Avg Only non-persistent count: 38656.10
  Avg Persistent bytes read: 91304489.12
  Avg Non-persistent bytes read: 76677089.76
  Avg Persistent ratio: 0.51
  Avg Non-persistent ratio: 0.49
  Avg Connection 2 duration: 1.328042 sec
  Avg Throughput Persistent: 550.07 Mbps
  Avg Throughput Non-Persistent: 462.35 Mbps
  Avg Persistent packets: 87796.80
  Avg Non-Persistent packets: 73667.32

Summary for Connections 1001 to 1050:
  Avg Non-persistent count: 18740.08
  Avg Persistent count: 18824.68
  Avg Total when both present: 37564.76
  Avg Only persistent count: 52849.54
  Avg Only non-persistent count: 38483.62
  Avg Persistent bytes read: 91301631.20
  Avg Non-persistent bytes read: 76686832.00
  Avg Persistent ratio: 0.52
  Avg Non-persistent ratio: 0.48
  Avg Connection 2 duration: 1.328133 sec
  Avg Throughput Persistent: 549.51 Mbps
  Avg Throughput Non-Persistent: 461.83 Mbps
  Avg Persistent packets: 87788.14
  Avg Non-Persistent packets: 73675.82

Summary for Connections 1051 to 1100:
  Avg Non-persistent count: 18832.98
  Avg Persistent count: 19140.62
  Avg Total when both present: 37973.60
  Avg Only persistent count: 52403.80
  Avg Only non-persistent count: 38066.18
  Avg Persistent bytes read: 91264949.44
  Avg Non-persistent bytes read: 76677342.08
  Avg Persistent ratio: 0.49
  Avg Non-persistent ratio: 0.51
  Avg Connection 2 duration: 1.327828 sec
  Avg Throughput Persistent: 550.12 Mbps
  Avg Throughput Non-Persistent: 461.69 Mbps
  Avg Persistent packets: 87754.70
  Avg Non-Persistent packets: 73669.26

Summary for Connections 1101 to 1150:
  Avg Non-persistent count: 18826.34
  Avg Persistent count: 19010.32
  Avg Total when both present: 37836.66
  Avg Only persistent count: 52545.42
  Avg Only non-persistent count: 38201.24
  Avg Persistent bytes read: 91265325.92
  Avg Non-persistent bytes read: 76672927.68
  Avg Persistent ratio: 0.49
  Avg Non-persistent ratio: 0.51
  Avg Connection 2 duration: 1.327774 sec
  Avg Throughput Persistent: 550.77 Mbps
  Avg Throughput Non-Persistent: 461.41 Mbps
  Avg Persistent packets: 87761.66
  Avg Non-Persistent packets: 73666.12

Summary for Connections 1151 to 1200:
  Avg Non-persistent count: 19287.36
  Avg Persistent count: 19070.90
  Avg Total when both present: 38358.26
  Avg Only persistent count: 52021.60
  Avg Only non-persistent count: 37702.32
  Avg Persistent bytes read: 91267816.48
  Avg Non-persistent bytes read: 76699382.08
  Avg Persistent ratio: 0.50
  Avg Non-persistent ratio: 0.50
  Avg Connection 2 duration: 1.328053 sec
  Avg Throughput Persistent: 548.84 Mbps
  Avg Throughput Non-Persistent: 462.66 Mbps
  Avg Persistent packets: 87761.42
  Avg Non-Persistent packets: 73689.96

Summary for Connections 1201 to 1250:
  Avg Non-persistent count: 18656.90
  Avg Persistent count: 19165.02
  Avg Total when both present: 37821.92
  Avg Only persistent count: 52531.52
  Avg Only non-persistent count: 38222.62
  Avg Persistent bytes read: 91242355.68
  Avg Non-persistent bytes read: 76681602.16
  Avg Persistent ratio: 0.47
  Avg Non-persistent ratio: 0.53
  Avg Connection 2 duration: 1.327701 sec
  Avg Throughput Persistent: 549.29 Mbps
  Avg Throughput Non-Persistent: 462.07 Mbps
  Avg Persistent packets: 87733.38
  Avg Non-Persistent packets: 73672.78

Summary for Connections 1251 to 1300:
  Avg Non-persistent count: 18683.52
  Avg Persistent count: 18606.08
  Avg Total when both present: 37289.60
  Avg Only persistent count: 53072.08
  Avg Only non-persistent count: 38755.96
  Avg Persistent bytes read: 91244711.36
  Avg Non-persistent bytes read: 76684779.04
  Avg Persistent ratio: 0.50
  Avg Non-persistent ratio: 0.50
  Avg Connection 2 duration: 1.327706 sec
  Avg Throughput Persistent: 549.68 Mbps
  Avg Throughput Non-Persistent: 462.32 Mbps
  Avg Persistent packets: 87738.00
  Avg Non-Persistent packets: 73671.00

Summary for Connections 1301 to 1350:
  Avg Non-persistent count: 18830.10
  Avg Persistent count: 19208.30
  Avg Total when both present: 38038.40
  Avg Only persistent count: 52354.50
  Avg Only non-persistent count: 37996.88
  Avg Persistent bytes read: 91278531.68
  Avg Non-persistent bytes read: 76671044.88
  Avg Persistent ratio: 0.48
  Avg Non-persistent ratio: 0.52
  Avg Connection 2 duration: 1.327921 sec
  Avg Throughput Persistent: 550.22 Mbps
  Avg Throughput Non-Persistent: 462.21 Mbps
  Avg Persistent packets: 87772.02
  Avg Non-Persistent packets: 73663.04

Summary for Connections 1351 to 1400:
  Avg Non-persistent count: 19001.12
  Avg Persistent count: 18950.90
  Avg Total when both present: 37952.02
  Avg Only persistent count: 52485.26
  Avg Only non-persistent count: 38109.22
  Avg Persistent bytes read: 91324636.00
  Avg Non-persistent bytes read: 76701344.48
  Avg Persistent ratio: 0.54
  Avg Non-persistent ratio: 0.46
  Avg Connection 2 duration: 1.328647 sec
  Avg Throughput Persistent: 550.44 Mbps
  Avg Throughput Non-Persistent: 461.04 Mbps
  Avg Persistent packets: 87814.62
  Avg Non-Persistent packets: 73688.98

Summary for Connections 1401 to 1450:
  Avg Non-persistent count: 18982.74
  Avg Persistent count: 19426.68
  Avg Total when both present: 38409.42
  Avg Only persistent count: 52016.86
  Avg Only non-persistent count: 37644.42
  Avg Persistent bytes read: 91316092.80
  Avg Non-persistent bytes read: 76692353.60
  Avg Persistent ratio: 0.52
  Avg Non-persistent ratio: 0.48
  Avg Connection 2 duration: 1.328347 sec
  Avg Throughput Persistent: 549.62 Mbps
  Avg Throughput Non-Persistent: 462.00 Mbps
  Avg Persistent packets: 87802.64
  Avg Non-Persistent packets: 73681.66

Summary for Connections 1451 to 1500:
  Avg Non-persistent count: 18849.02
  Avg Persistent count: 18548.70
  Avg Total when both present: 37397.72
  Avg Only persistent count: 53030.62
  Avg Only non-persistent count: 38654.52
  Avg Persistent bytes read: 91314342.40
  Avg Non-persistent bytes read: 76685387.68
  Avg Persistent ratio: 0.53
  Avg Non-persistent ratio: 0.47
  Avg Connection 2 duration: 1.328348 sec
  Avg Throughput Persistent: 550.85 Mbps
  Avg Throughput Non-Persistent: 461.25 Mbps
  Avg Persistent packets: 87804.66
  Avg Non-Persistent packets: 73678.38

Summary for Connections 1501 to 1550:
  Avg Non-persistent count: 18923.74
  Avg Persistent count: 19129.88
  Avg Total when both present: 38053.62
  Avg Only persistent count: 52414.60
  Avg Only non-persistent count: 37993.14
  Avg Persistent bytes read: 91353537.44
  Avg Non-persistent bytes read: 76688484.32
  Avg Persistent ratio: 0.46
  Avg Non-persistent ratio: 0.54
  Avg Connection 2 duration: 1.328566 sec
  Avg Throughput Persistent: 550.47 Mbps
  Avg Throughput Non-Persistent: 461.63 Mbps
  Avg Persistent packets: 87843.52
  Avg Non-Persistent packets: 73672.06

Summary for Connections 1551 to 1600:
  Avg Non-persistent count: 18724.28
  Avg Persistent count: 18753.68
  Avg Total when both present: 37477.96
  Avg Only persistent count: 52958.74
  Avg Only non-persistent count: 38578.32
  Avg Persistent bytes read: 91324852.16
  Avg Non-persistent bytes read: 76692812.16
  Avg Persistent ratio: 0.49
  Avg Non-persistent ratio: 0.51
  Avg Connection 2 duration: 1.328411 sec
  Avg Throughput Persistent: 550.88 Mbps
  Avg Throughput Non-Persistent: 461.47 Mbps
  Avg Persistent packets: 87813.18
  Avg Non-Persistent packets: 73682.84

Summary for Connections 1601 to 1650:
  Avg Non-persistent count: 18756.48
  Avg Persistent count: 18880.08
  Avg Total when both present: 37636.56
  Avg Only persistent count: 52780.66
  Avg Only non-persistent count: 38423.38
  Avg Persistent bytes read: 91305174.88
  Avg Non-persistent bytes read: 76696891.04
  Avg Persistent ratio: 0.47
  Avg Non-persistent ratio: 0.53
  Avg Connection 2 duration: 1.328367 sec
  Avg Throughput Persistent: 549.57 Mbps
  Avg Throughput Non-Persistent: 462.31 Mbps
  Avg Persistent packets: 87794.30
  Avg Non-Persistent packets: 73685.54

Summary for Connections 1651 to 1700:
  Avg Non-persistent count: 18785.54
  Avg Persistent count: 18966.88
  Avg Total when both present: 37752.42
  Avg Only persistent count: 52732.18
  Avg Only non-persistent count: 38313.78
  Avg Persistent bytes read: 91374997.44
  Avg Non-persistent bytes read: 76704402.40
  Avg Persistent ratio: 0.54
  Avg Non-persistent ratio: 0.46
  Avg Connection 2 duration: 1.328979 sec
  Avg Throughput Persistent: 550.14 Mbps
  Avg Throughput Non-Persistent: 461.74 Mbps
  Avg Persistent packets: 87860.88
  Avg Non-Persistent packets: 73693.80

Summary for Connections 1701 to 1750:
  Avg Non-persistent count: 18455.86
  Avg Persistent count: 18938.24
  Avg Total when both present: 37394.10
  Avg Only persistent count: 52954.20
  Avg Only non-persistent count: 38645.32
  Avg Persistent bytes read: 91239406.72
  Avg Non-persistent bytes read: 76677008.96
  Avg Persistent ratio: 0.53
  Avg Non-persistent ratio: 0.47
  Avg Connection 2 duration: 1.327614 sec
  Avg Throughput Persistent: 549.50 Mbps
  Avg Throughput Non-Persistent: 462.31 Mbps
  Avg Persistent packets: 87729.04
  Avg Non-Persistent packets: 73667.72

Summary for Connections 1751 to 1800:
  Avg Non-persistent count: 18871.40
  Avg Persistent count: 18827.10
  Avg Total when both present: 37698.50
  Avg Only persistent count: 52637.34
  Avg Only non-persistent count: 38358.48
  Avg Persistent bytes read: 91223102.24
  Avg Non-persistent bytes read: 76687759.84
  Avg Persistent ratio: 0.51
  Avg Non-persistent ratio: 0.49
  Avg Connection 2 duration: 1.327792 sec
  Avg Throughput Persistent: 548.72 Mbps
  Avg Throughput Non-Persistent: 462.78 Mbps
  Avg Persistent packets: 87712.30
  Avg Non-Persistent packets: 73680.06

Summary for Connections 1801 to 1850:
  Avg Non-persistent count: 18694.18
  Avg Persistent count: 19142.94
  Avg Total when both present: 37837.12
  Avg Only persistent count: 52560.78
  Avg Only non-persistent count: 38220.60
  Avg Persistent bytes read: 91288551.84
  Avg Non-persistent bytes read: 76695327.20
  Avg Persistent ratio: 0.52
  Avg Non-persistent ratio: 0.48
  Avg Connection 2 duration: 1.328188 sec
  Avg Throughput Persistent: 550.05 Mbps
  Avg Throughput Non-Persistent: 461.81 Mbps
  Avg Persistent packets: 87778.14
  Avg Non-Persistent packets: 73686.52

Summary for Connections 1851 to 1900:
  Avg Non-persistent count: 18641.98
  Avg Persistent count: 19137.92
  Avg Total when both present: 37779.90
  Avg Only persistent count: 52643.88
  Avg Only non-persistent count: 38277.16
  Avg Persistent bytes read: 91315397.76
  Avg Non-persistent bytes read: 76697881.28
  Avg Persistent ratio: 0.56
  Avg Non-persistent ratio: 0.44
  Avg Connection 2 duration: 1.328438 sec
  Avg Throughput Persistent: 550.20 Mbps
  Avg Throughput Non-Persistent: 461.23 Mbps
  Avg Persistent packets: 87801.26
  Avg Non-Persistent packets: 73684.42

Summary for Connections 1901 to 1950:
  Avg Non-persistent count: 18680.58
  Avg Persistent count: 19169.42
  Avg Total when both present: 37850.00
  Avg Only persistent count: 52480.02
  Avg Only non-persistent count: 38195.98
  Avg Persistent bytes read: 91216267.68
  Avg Non-persistent bytes read: 76682166.40
  Avg Persistent ratio: 0.54
  Avg Non-persistent ratio: 0.46
  Avg Connection 2 duration: 1.327485 sec
  Avg Throughput Persistent: 549.52 Mbps
  Avg Throughput Non-Persistent: 462.30 Mbps
  Avg Persistent packets: 87709.48
  Avg Non-Persistent packets: 73674.38

Summary for Connections 1951 to 2000:
  Avg Non-persistent count: 18815.08
  Avg Persistent count: 19246.48
  Avg Total when both present: 38061.56
  Avg Only persistent count: 52257.64
  Avg Only non-persistent count: 37985.28
  Avg Persistent bytes read: 91206392.32
  Avg Non-persistent bytes read: 76684738.24
  Avg Persistent ratio: 0.55
  Avg Non-persistent ratio: 0.45
  Avg Connection 2 duration: 1.327447 sec
  Avg Throughput Persistent: 549.06 Mbps
  Avg Throughput Non-Persistent: 462.66 Mbps
  Avg Persistent packets: 87698.94
  Avg Non-Persistent packets: 73674.06

Summary for Connections 2001 to 2050:
  Avg Non-persistent count: 18667.66
  Avg Persistent count: 19158.60
  Avg Total when both present: 37826.26
  Avg Only persistent count: 52451.74
  Avg Only non-persistent count: 38220.70
  Avg Persistent bytes read: 91163952.48
  Avg Non-persistent bytes read: 76683749.76
  Avg Persistent ratio: 0.53
  Avg Non-persistent ratio: 0.47
  Avg Connection 2 duration: 1.327050 sec
  Avg Throughput Persistent: 550.00 Mbps
  Avg Throughput Non-Persistent: 461.99 Mbps
  Avg Persistent packets: 87660.12
  Avg Non-Persistent packets: 73675.78

Summary for Connections 2051 to 2100:
  Avg Non-persistent count: 18598.18
  Avg Persistent count: 19053.54
  Avg Total when both present: 37651.72
  Avg Only persistent count: 52731.58
  Avg Only non-persistent count: 38401.48
  Avg Persistent bytes read: 91273477.12
  Avg Non-persistent bytes read: 76691381.60
  Avg Persistent ratio: 0.50
  Avg Non-persistent ratio: 0.50
  Avg Connection 2 duration: 1.328144 sec
  Avg Throughput Persistent: 550.74 Mbps
  Avg Throughput Non-Persistent: 461.00 Mbps
  Avg Persistent packets: 87763.40
  Avg Non-Persistent packets: 73679.52

Summary for Connections 2101 to 2150:
  Avg Non-persistent count: 19172.50
  Avg Persistent count: 19048.52
  Avg Total when both present: 38221.02
  Avg Only persistent count: 52147.36
  Avg Only non-persistent count: 37832.44
  Avg Persistent bytes read: 91257217.12
  Avg Non-persistent bytes read: 76690359.68
  Avg Persistent ratio: 0.48
  Avg Non-persistent ratio: 0.52
  Avg Connection 2 duration: 1.327810 sec
  Avg Throughput Persistent: 549.55 Mbps
  Avg Throughput Non-Persistent: 461.92 Mbps
  Avg Persistent packets: 87747.54
  Avg Non-Persistent packets: 73682.74

Summary for Connections 2151 to 2200:
  Avg Non-persistent count: 18616.70
  Avg Persistent count: 19474.52
  Avg Total when both present: 38091.22
  Avg Only persistent count: 52252.44
  Avg Only non-persistent count: 37959.42
  Avg Persistent bytes read: 91227822.72
  Avg Non-persistent bytes read: 76690606.56
  Avg Persistent ratio: 0.50
  Avg Non-persistent ratio: 0.50
  Avg Connection 2 duration: 1.327697 sec
  Avg Throughput Persistent: 544.84 Mbps
  Avg Throughput Non-Persistent: 468.31 Mbps
  Avg Persistent packets: 87721.72
  Avg Non-Persistent packets: 73679.02

Summary for Connections 2201 to 2250:
  Avg Non-persistent count: 18590.96
  Avg Persistent count: 19056.08
  Avg Total when both present: 37647.04
  Avg Only persistent count: 52776.04
  Avg Only non-persistent count: 38411.92
  Avg Persistent bytes read: 91313891.84
  Avg Non-persistent bytes read: 76697052.96
  Avg Persistent ratio: 0.53
  Avg Non-persistent ratio: 0.47
  Avg Connection 2 duration: 1.328373 sec
  Avg Throughput Persistent: 549.85 Mbps
  Avg Throughput Non-Persistent: 461.78 Mbps
  Avg Persistent packets: 87803.00
  Avg Non-Persistent packets: 73685.56

Summary for Connections 2251 to 2300:
  Avg Non-persistent count: 18625.50
  Avg Persistent count: 19075.70
  Avg Total when both present: 37701.20
  Avg Only persistent count: 52775.58
  Avg Only non-persistent count: 38350.90
  Avg Persistent bytes read: 91359967.20
  Avg Non-persistent bytes read: 76688778.56
  Avg Persistent ratio: 0.50
  Avg Non-persistent ratio: 0.50
  Avg Connection 2 duration: 1.328724 sec
  Avg Throughput Persistent: 550.10 Mbps
  Avg Throughput Non-Persistent: 461.99 Mbps
  Avg Persistent packets: 87850.70
  Avg Non-Persistent packets: 73677.56

Summary for Connections 2301 to 2350:
  Avg Non-persistent count: 18566.86
  Avg Persistent count: 18862.70
  Avg Total when both present: 37429.56
  Avg Only persistent count: 52955.54
  Avg Only non-persistent count: 38600.12
  Avg Persistent bytes read: 91268395.68
  Avg Non-persistent bytes read: 76665005.28
  Avg Persistent ratio: 0.52
  Avg Non-persistent ratio: 0.48
  Avg Connection 2 duration: 1.327684 sec
  Avg Throughput Persistent: 549.38 Mbps
  Avg Throughput Non-Persistent: 462.61 Mbps
  Avg Persistent packets: 87762.66
  Avg Non-Persistent packets: 73657.50

Summary for Connections 2351 to 2400:
  Avg Non-persistent count: 18711.78
  Avg Persistent count: 19082.68
  Avg Total when both present: 37794.46
  Avg Only persistent count: 52614.10
  Avg Only non-persistent count: 38259.06
  Avg Persistent bytes read: 91294633.44
  Avg Non-persistent bytes read: 76694078.88
  Avg Persistent ratio: 0.49
  Avg Non-persistent ratio: 0.51
  Avg Connection 2 duration: 1.328264 sec
  Avg Throughput Persistent: 549.40 Mbps
  Avg Throughput Non-Persistent: 462.15 Mbps
  Avg Persistent packets: 87786.68
  Avg Non-Persistent packets: 73681.54

Summary for Connections 2401 to 2450:
  Avg Non-persistent count: 18627.34
  Avg Persistent count: 18509.30
  Avg Total when both present: 37136.64
  Avg Only persistent count: 53250.46
  Avg Only non-persistent count: 38922.42
  Avg Persistent bytes read: 91272797.60
  Avg Non-persistent bytes read: 76694183.20
  Avg Persistent ratio: 0.51
  Avg Non-persistent ratio: 0.49
  Avg Connection 2 duration: 1.328058 sec
  Avg Throughput Persistent: 550.43 Mbps
  Avg Throughput Non-Persistent: 461.19 Mbps
  Avg Persistent packets: 87765.84
  Avg Non-Persistent packets: 73684.66

Summary for Connections 2451 to 2500:
  Avg Non-persistent count: 18733.22
  Avg Persistent count: 19305.44
  Avg Total when both present: 38038.66
  Avg Only persistent count: 52414.76
  Avg Only non-persistent count: 38023.28
  Avg Persistent bytes read: 91341288.00
  Avg Non-persistent bytes read: 76700501.92
  Avg Persistent ratio: 0.50
  Avg Non-persistent ratio: 0.50
  Avg Connection 2 duration: 1.328599 sec
  Avg Throughput Persistent: 549.61 Mbps
  Avg Throughput Non-Persistent: 461.80 Mbps
  Avg Persistent packets: 87833.68
  Avg Non-Persistent packets: 73690.52

Summary for Connections 2501 to 2520:
  Avg Non-persistent count: 18316.55
  Avg Persistent count: 18949.55
  Avg Total when both present: 37266.10
  Avg Only persistent count: 51352.80
  Avg Only non-persistent count: 38768.40
  Avg Persistent bytes read: 89489863.60
  Avg Non-persistent bytes read: 76685029.40
  Avg Persistent ratio: 0.50
  Avg Non-persistent ratio: 0.50
  Avg Connection 2 duration: 1.312859 sec
  Avg Throughput Persistent: 436.53 Mbps
  Avg Throughput Non-Persistent: 595.75 Mbps
  Avg Persistent packets: 86055.75
  Avg Non-Persistent packets: 73678.50


Overall Statistics (Averaged):
Average events when both were present: 37757.85
Average Persistent count: 19007.97
Average Non-Persistent count: 18749.89
Average Persistent Ratio: 0.50
Average Non-Persistent Ratio: 0.50
Rejected connections: 0
Average Only Persistent count: 52807.09
Average Only Non Persistent count: 38294.24
Average persistent bytes per connection: 91454659.05
Average non-persistent bytes per connection: 76689346.58
Average persistent packets per connection: 87939.85
Average non-persistent packets per connection: 73679.64
Total persistent duration: 3600.008911 sec
Total non-persistent duration: 3346.589779 sec
Average Throughput Persistent: 512.14 Mbps
Average Throughput Non-Persistent: 461.98 Mbps
