Summary for Connections 1 to 50:
  Avg Non-persistent count: 12285.92
  Avg Persistent count: 12604.72
  Avg Total when both present: 24890.64
  Avg Only persistent count: 46205.68
  Avg Only non-persistent count: 25650.84
  Avg Persistent bytes read: 71854801.12
  Avg Non-persistent bytes read: 50952444.32
  Avg Persistent ratio: 0.50
  Avg Non-persistent ratio: 0.50
  Avg Connection 2 duration: 0.891022 sec
  Avg Throughput Persistent: 588.98 Mbps
  Avg Throughput Non-Persistent: 457.18 Mbps
  Avg Persistent packets: 69113.70
  Avg Non-Persistent packets: 48939.04

Summary for Connections 51 to 100:
  Avg Non-persistent count: 12251.32
  Avg Persistent count: 12407.98
  Avg Total when both present: 24659.30
  Avg Only persistent count: 40230.44
  Avg Only non-persistent count: 25878.12
  Avg Persistent bytes read: 65554029.76
  Avg Non-persistent bytes read: 50948878.72
  Avg Persistent ratio: 0.51
  Avg Non-persistent ratio: 0.49
  Avg Connection 2 duration: 0.890818 sec
  Avg Throughput Persistent: 588.82 Mbps
  Avg Throughput Non-Persistent: 457.23 Mbps
  Avg Persistent packets: 63045.66
  Avg Non-Persistent packets: 48935.78

Summary for Connections 101 to 150:
  Avg Non-persistent count: 12623.02
  Avg Persistent count: 12501.28
  Avg Total when both present: 25124.30
  Avg Only persistent count: 39724.20
  Avg Only non-persistent count: 25420.54
  Avg Persistent bytes read: 65510966.24
  Avg Non-persistent bytes read: 50955595.36
  Avg Persistent ratio: 0.51
  Avg Non-persistent ratio: 0.49
  Avg Connection 2 duration: 0.890473 sec
  Avg Throughput Persistent: 588.89 Mbps
  Avg Throughput Non-Persistent: 457.48 Mbps
  Avg Persistent packets: 63003.32
  Avg Non-Persistent packets: 48942.46

Summary for Connections 151 to 200:
  Avg Non-persistent count: 12411.42
  Avg Persistent count: 12770.98
  Avg Total when both present: 25182.40
  Avg Only persistent count: 39700.06
  Avg Only non-persistent count: 25351.94
  Avg Persistent bytes read: 65547282.08
  Avg Non-persistent bytes read: 50948102.08
  Avg Persistent ratio: 0.52
  Avg Non-persistent ratio: 0.48
  Avg Connection 2 duration: 0.890831 sec
  Avg Throughput Persistent: 589.10 Mbps
  Avg Throughput Non-Persistent: 456.83 Mbps
  Avg Persistent packets: 63039.34
  Avg Non-Persistent packets: 48934.08

Summary for Connections 201 to 250:
  Avg Non-persistent count: 12499.92
  Avg Persistent count: 12623.98
  Avg Total when both present: 25123.90
  Avg Only persistent count: 39812.46
  Avg Only non-persistent count: 25414.98
  Avg Persistent bytes read: 65602204.96
  Avg Non-persistent bytes read: 50950020.48
  Avg Persistent ratio: 0.49
  Avg Non-persistent ratio: 0.51
  Avg Connection 2 duration: 0.891189 sec
  Avg Throughput Persistent: 589.24 Mbps
  Avg Throughput Non-Persistent: 456.58 Mbps
  Avg Persistent packets: 63090.80
  Avg Non-Persistent packets: 48937.22

Summary for Connections 251 to 300:
  Avg Non-persistent count: 12064.18
  Avg Persistent count: 12647.56
  Avg Total when both present: 24711.74
  Avg Only persistent count: 40195.06
  Avg Only non-persistent count: 25827.92
  Avg Persistent bytes read: 65569363.84
  Avg Non-persistent bytes read: 50952337.12
  Avg Persistent ratio: 0.53
  Avg Non-persistent ratio: 0.47
  Avg Connection 2 duration: 0.890939 sec
  Avg Throughput Persistent: 588.64 Mbps
  Avg Throughput Non-Persistent: 457.46 Mbps
  Avg Persistent packets: 63061.30
  Avg Non-Persistent packets: 48938.04

Summary for Connections 301 to 350:
  Avg Non-persistent count: 12219.22
  Avg Persistent count: 12676.64
  Avg Total when both present: 24895.86
  Avg Only persistent count: 40031.80
  Avg Only non-persistent count: 25647.16
  Avg Persistent bytes read: 65596369.28
  Avg Non-persistent bytes read: 50952208.48
  Avg Persistent ratio: 0.54
  Avg Non-persistent ratio: 0.46
  Avg Connection 2 duration: 0.891187 sec
  Avg Throughput Persistent: 588.94 Mbps
  Avg Throughput Non-Persistent: 457.70 Mbps
  Avg Persistent packets: 63083.52
  Avg Non-Persistent packets: 48939.78

Summary for Connections 351 to 400:
  Avg Non-persistent count: 12144.50
  Avg Persistent count: 12410.72
  Avg Total when both present: 24555.22
  Avg Only persistent count: 40338.64
  Avg Only non-persistent count: 25979.76
  Avg Persistent bytes read: 65560256.16
  Avg Non-persistent bytes read: 50943669.76
  Avg Persistent ratio: 0.49
  Avg Non-persistent ratio: 0.51
  Avg Connection 2 duration: 0.890730 sec
  Avg Throughput Persistent: 588.11 Mbps
  Avg Throughput Non-Persistent: 458.35 Mbps
  Avg Persistent packets: 63049.16
  Avg Non-Persistent packets: 48932.76

Summary for Connections 401 to 450:
  Avg Non-persistent count: 12436.56
  Avg Persistent count: 12870.90
  Avg Total when both present: 25307.46
  Avg Only persistent count: 39581.66
  Avg Only non-persistent count: 25234.70
  Avg Persistent bytes read: 65557765.60
  Avg Non-persistent bytes read: 50957181.76
  Avg Persistent ratio: 0.55
  Avg Non-persistent ratio: 0.45
  Avg Connection 2 duration: 0.890950 sec
  Avg Throughput Persistent: 588.73 Mbps
  Avg Throughput Non-Persistent: 457.10 Mbps
  Avg Persistent packets: 63047.84
  Avg Non-Persistent packets: 48943.22

Summary for Connections 451 to 500:
  Avg Non-persistent count: 12309.26
  Avg Persistent count: 12815.60
  Avg Total when both present: 25124.86
  Avg Only persistent count: 39741.54
  Avg Only non-persistent count: 25413.56
  Avg Persistent bytes read: 65530485.28
  Avg Non-persistent bytes read: 50949385.60
  Avg Persistent ratio: 0.47
  Avg Non-persistent ratio: 0.53
  Avg Connection 2 duration: 0.890510 sec
  Avg Throughput Persistent: 589.86 Mbps
  Avg Throughput Non-Persistent: 456.84 Mbps
  Avg Persistent packets: 63023.22
  Avg Non-Persistent packets: 48938.42

Summary for Connections 501 to 550:
  Avg Non-persistent count: 12516.06
  Avg Persistent count: 12703.26
  Avg Total when both present: 25219.32
  Avg Only persistent count: 39688.30
  Avg Only non-persistent count: 25328.16
  Avg Persistent bytes read: 65572680.00
  Avg Non-persistent bytes read: 50956802.40
  Avg Persistent ratio: 0.50
  Avg Non-persistent ratio: 0.50
  Avg Connection 2 duration: 0.891040 sec
  Avg Throughput Persistent: 587.79 Mbps
  Avg Throughput Non-Persistent: 458.95 Mbps
  Avg Persistent packets: 63061.78
  Avg Non-Persistent packets: 48946.06

Summary for Connections 551 to 600:
  Avg Non-persistent count: 12360.14
  Avg Persistent count: 12648.56
  Avg Total when both present: 25008.70
  Avg Only persistent count: 39903.76
  Avg Only non-persistent count: 25529.52
  Avg Persistent bytes read: 65577805.92
  Avg Non-persistent bytes read: 50951966.16
  Avg Persistent ratio: 0.52
  Avg Non-persistent ratio: 0.48
  Avg Connection 2 duration: 0.891009 sec
  Avg Throughput Persistent: 589.21 Mbps
  Avg Throughput Non-Persistent: 456.77 Mbps
  Avg Persistent packets: 63067.28
  Avg Non-Persistent packets: 48937.76

Summary for Connections 601 to 650:
  Avg Non-persistent count: 12408.26
  Avg Persistent count: 12700.54
  Avg Total when both present: 25108.80
  Avg Only persistent count: 39812.72
  Avg Only non-persistent count: 25429.48
  Avg Persistent bytes read: 65587449.60
  Avg Non-persistent bytes read: 50952324.16
  Avg Persistent ratio: 0.50
  Avg Non-persistent ratio: 0.50
  Avg Connection 2 duration: 0.891153 sec
  Avg Throughput Persistent: 588.41 Mbps
  Avg Throughput Non-Persistent: 457.28 Mbps
  Avg Persistent packets: 63074.34
  Avg Non-Persistent packets: 48936.20

Summary for Connections 651 to 700:
  Avg Non-persistent count: 12238.46
  Avg Persistent count: 12304.56
  Avg Total when both present: 24543.02
  Avg Only persistent count: 40333.34
  Avg Only non-persistent count: 25992.32
  Avg Persistent bytes read: 65542822.24
  Avg Non-persistent bytes read: 50944960.64
  Avg Persistent ratio: 0.45
  Avg Non-persistent ratio: 0.55
  Avg Connection 2 duration: 0.890695 sec
  Avg Throughput Persistent: 589.11 Mbps
  Avg Throughput Non-Persistent: 456.97 Mbps
  Avg Persistent packets: 63032.24
  Avg Non-Persistent packets: 48932.42

Summary for Connections 701 to 750:
  Avg Non-persistent count: 12191.04
  Avg Persistent count: 12429.08
  Avg Total when both present: 24620.12
  Avg Only persistent count: 40295.98
  Avg Only non-persistent count: 25911.38
  Avg Persistent bytes read: 65581425.92
  Avg Non-persistent bytes read: 50944654.72
  Avg Persistent ratio: 0.49
  Avg Non-persistent ratio: 0.51
  Avg Connection 2 duration: 0.890975 sec
  Avg Throughput Persistent: 590.13 Mbps
  Avg Throughput Non-Persistent: 456.89 Mbps
  Avg Persistent packets: 63069.60
  Avg Non-Persistent packets: 48929.10

Summary for Connections 751 to 800:
  Avg Non-persistent count: 12165.44
  Avg Persistent count: 12665.98
  Avg Total when both present: 24831.42
  Avg Only persistent count: 40095.70
  Avg Only non-persistent count: 25707.38
  Avg Persistent bytes read: 65590142.88
  Avg Non-persistent bytes read: 50953697.60
  Avg Persistent ratio: 0.54
  Avg Non-persistent ratio: 0.46
  Avg Connection 2 duration: 0.891166 sec
  Avg Throughput Persistent: 587.65 Mbps
  Avg Throughput Non-Persistent: 458.24 Mbps
  Avg Persistent packets: 63079.84
  Avg Non-Persistent packets: 48938.16

Summary for Connections 801 to 850:
  Avg Non-persistent count: 12199.80
  Avg Persistent count: 12264.48
  Avg Total when both present: 24464.28
  Avg Only persistent count: 40488.20
  Avg Only non-persistent count: 26071.40
  Avg Persistent bytes read: 65618784.32
  Avg Non-persistent bytes read: 50948567.84
  Avg Persistent ratio: 0.50
  Avg Non-persistent ratio: 0.50
  Avg Connection 2 duration: 0.891274 sec
  Avg Throughput Persistent: 587.34 Mbps
  Avg Throughput Non-Persistent: 458.95 Mbps
  Avg Persistent packets: 63104.32
  Avg Non-Persistent packets: 48934.08

Summary for Connections 851 to 900:
  Avg Non-persistent count: 12150.34
  Avg Persistent count: 12296.50
  Avg Total when both present: 24446.84
  Avg Only persistent count: 40452.02
  Avg Only non-persistent count: 26086.94
  Avg Persistent bytes read: 65561501.44
  Avg Non-persistent bytes read: 50946044.96
  Avg Persistent ratio: 0.50
  Avg Non-persistent ratio: 0.50
  Avg Connection 2 duration: 0.890798 sec
  Avg Throughput Persistent: 588.41 Mbps
  Avg Throughput Non-Persistent: 457.73 Mbps
  Avg Persistent packets: 63053.38
  Avg Non-Persistent packets: 48932.10

Summary for Connections 901 to 950:
  Avg Non-persistent count: 12055.84
  Avg Persistent count: 12609.88
  Avg Total when both present: 24665.72
  Avg Only persistent count: 40271.74
  Avg Only non-persistent count: 25870.88
  Avg Persistent bytes read: 65603087.20
  Avg Non-persistent bytes read: 50951907.36
  Avg Persistent ratio: 0.51
  Avg Non-persistent ratio: 0.49
  Avg Connection 2 duration: 0.891228 sec
  Avg Throughput Persistent: 588.64 Mbps
  Avg Throughput Non-Persistent: 457.46 Mbps
  Avg Persistent packets: 63090.30
  Avg Non-Persistent packets: 48936.40

Summary for Connections 951 to 1000:
  Avg Non-persistent count: 12443.32
  Avg Persistent count: 12602.02
  Avg Total when both present: 25045.34
  Avg Only persistent count: 39877.72
  Avg Only non-persistent count: 25498.66
  Avg Persistent bytes read: 65584670.24
  Avg Non-persistent bytes read: 50958183.36
  Avg Persistent ratio: 0.51
  Avg Non-persistent ratio: 0.49
  Avg Connection 2 duration: 0.891172 sec
  Avg Throughput Persistent: 588.36 Mbps
  Avg Throughput Non-Persistent: 457.98 Mbps
  Avg Persistent packets: 63076.28
  Avg Non-Persistent packets: 48943.46

Summary for Connections 1001 to 1050:
  Avg Non-persistent count: 12457.86
  Avg Persistent count: 12680.56
  Avg Total when both present: 25138.42
  Avg Only persistent count: 39779.30
  Avg Only non-persistent count: 25399.68
  Avg Persistent bytes read: 65585567.20
  Avg Non-persistent bytes read: 50949508.64
  Avg Persistent ratio: 0.57
  Avg Non-persistent ratio: 0.43
  Avg Connection 2 duration: 0.891073 sec
  Avg Throughput Persistent: 590.10 Mbps
  Avg Throughput Non-Persistent: 456.93 Mbps
  Avg Persistent packets: 63073.80
  Avg Non-Persistent packets: 48935.76

Summary for Connections 1051 to 1100:
  Avg Non-persistent count: 12203.98
  Avg Persistent count: 12534.60
  Avg Total when both present: 24738.58
  Avg Only persistent count: 40169.42
  Avg Only non-persistent count: 25804.30
  Avg Persistent bytes read: 65569349.60
  Avg Non-persistent bytes read: 50953652.32
  Avg Persistent ratio: 0.51
  Avg Non-persistent ratio: 0.49
  Avg Connection 2 duration: 0.891038 sec
  Avg Throughput Persistent: 588.86 Mbps
  Avg Throughput Non-Persistent: 456.93 Mbps
  Avg Persistent packets: 63061.32
  Avg Non-Persistent packets: 48940.58

Summary for Connections 1101 to 1150:
  Avg Non-persistent count: 12368.62
  Avg Persistent count: 12720.60
  Avg Total when both present: 25089.22
  Avg Only persistent count: 39829.54
  Avg Only non-persistent count: 25439.90
  Avg Persistent bytes read: 65584379.84
  Avg Non-persistent bytes read: 50941397.12
  Avg Persistent ratio: 0.51
  Avg Non-persistent ratio: 0.49
  Avg Connection 2 duration: 0.890902 sec
  Avg Throughput Persistent: 588.57 Mbps
  Avg Throughput Non-Persistent: 457.42 Mbps
  Avg Persistent packets: 63072.40
  Avg Non-Persistent packets: 48927.30

Summary for Connections 1151 to 1200:
  Avg Non-persistent count: 12303.72
  Avg Persistent count: 12534.28
  Avg Total when both present: 24838.00
  Avg Only persistent count: 40076.98
  Avg Only non-persistent count: 25714.80
  Avg Persistent bytes read: 65579282.88
  Avg Non-persistent bytes read: 50966055.68
  Avg Persistent ratio: 0.49
  Avg Non-persistent ratio: 0.51
  Avg Connection 2 duration: 0.891310 sec
  Avg Throughput Persistent: 589.27 Mbps
  Avg Throughput Non-Persistent: 456.85 Mbps
  Avg Persistent packets: 63068.22
  Avg Non-Persistent packets: 48949.04

Summary for Connections 1201 to 1250:
  Avg Non-persistent count: 12623.90
  Avg Persistent count: 12658.64
  Avg Total when both present: 25282.54
  Avg Only persistent count: 39616.08
  Avg Only non-persistent count: 25258.08
  Avg Persistent bytes read: 65566598.40
  Avg Non-persistent bytes read: 50954359.52
  Avg Persistent ratio: 0.53
  Avg Non-persistent ratio: 0.47
  Avg Connection 2 duration: 0.890943 sec
  Avg Throughput Persistent: 588.97 Mbps
  Avg Throughput Non-Persistent: 456.83 Mbps
  Avg Persistent packets: 63054.78
  Avg Non-Persistent packets: 48940.90

Summary for Connections 1251 to 1300:
  Avg Non-persistent count: 12517.42
  Avg Persistent count: 12654.62
  Avg Total when both present: 25172.04
  Avg Only persistent count: 39777.12
  Avg Only non-persistent count: 25365.96
  Avg Persistent bytes read: 65615396.00
  Avg Non-persistent bytes read: 50951754.08
  Avg Persistent ratio: 0.48
  Avg Non-persistent ratio: 0.52
  Avg Connection 2 duration: 0.891304 sec
  Avg Throughput Persistent: 590.12 Mbps
  Avg Throughput Non-Persistent: 457.07 Mbps
  Avg Persistent packets: 63102.82
  Avg Non-Persistent packets: 48940.44

Summary for Connections 1301 to 1350:
  Avg Non-persistent count: 12644.34
  Avg Persistent count: 12610.18
  Avg Total when both present: 25254.52
  Avg Only persistent count: 39644.88
  Avg Only non-persistent count: 25287.40
  Avg Persistent bytes read: 65563383.84
  Avg Non-persistent bytes read: 50952797.92
  Avg Persistent ratio: 0.49
  Avg Non-persistent ratio: 0.51
  Avg Connection 2 duration: 0.890930 sec
  Avg Throughput Persistent: 588.65 Mbps
  Avg Throughput Non-Persistent: 457.44 Mbps
  Avg Persistent packets: 63056.82
  Avg Non-Persistent packets: 48940.14

Summary for Connections 1351 to 1400:
  Avg Non-persistent count: 12177.82
  Avg Persistent count: 12559.80
  Avg Total when both present: 24737.62
  Avg Only persistent count: 40178.68
  Avg Only non-persistent count: 25799.92
  Avg Persistent bytes read: 65580991.52
  Avg Non-persistent bytes read: 50948560.64
  Avg Persistent ratio: 0.49
  Avg Non-persistent ratio: 0.51
  Avg Connection 2 duration: 0.891037 sec
  Avg Throughput Persistent: 588.97 Mbps
  Avg Throughput Non-Persistent: 457.08 Mbps
  Avg Persistent packets: 63070.44
  Avg Non-Persistent packets: 48937.30

Summary for Connections 1401 to 1450:
  Avg Non-persistent count: 12619.32
  Avg Persistent count: 12479.70
  Avg Total when both present: 25099.02
  Avg Only persistent count: 39829.12
  Avg Only non-persistent count: 25437.68
  Avg Persistent bytes read: 65595355.68
  Avg Non-persistent bytes read: 50947883.36
  Avg Persistent ratio: 0.51
  Avg Non-persistent ratio: 0.49
  Avg Connection 2 duration: 0.891055 sec
  Avg Throughput Persistent: 587.50 Mbps
  Avg Throughput Non-Persistent: 458.76 Mbps
  Avg Persistent packets: 63084.34
  Avg Non-Persistent packets: 48934.86

Summary for Connections 1451 to 1500:
  Avg Non-persistent count: 12350.52
  Avg Persistent count: 12772.42
  Avg Total when both present: 25122.94
  Avg Only persistent count: 39799.44
  Avg Only non-persistent count: 25412.18
  Avg Persistent bytes read: 65587267.20
  Avg Non-persistent bytes read: 50950589.12
  Avg Persistent ratio: 0.50
  Avg Non-persistent ratio: 0.50
  Avg Connection 2 duration: 0.891121 sec
  Avg Throughput Persistent: 588.98 Mbps
  Avg Throughput Non-Persistent: 457.02 Mbps
  Avg Persistent packets: 63077.40
  Avg Non-Persistent packets: 48935.66

Summary for Connections 1501 to 1550:
  Avg Non-persistent count: 12233.08
  Avg Persistent count: 12381.52
  Avg Total when both present: 24614.60
  Avg Only persistent count: 40254.46
  Avg Only non-persistent count: 25919.16
  Avg Persistent bytes read: 65534041.12
  Avg Non-persistent bytes read: 50944704.80
  Avg Persistent ratio: 0.53
  Avg Non-persistent ratio: 0.47
  Avg Connection 2 duration: 0.890610 sec
  Avg Throughput Persistent: 588.46 Mbps
  Avg Throughput Non-Persistent: 457.83 Mbps
  Avg Persistent packets: 63025.40
  Avg Non-Persistent packets: 48933.50

Summary for Connections 1551 to 1600:
  Avg Non-persistent count: 12545.92
  Avg Persistent count: 12512.76
  Avg Total when both present: 25058.68
  Avg Only persistent count: 39854.52
  Avg Only non-persistent count: 25477.34
  Avg Persistent bytes read: 65577125.76
  Avg Non-persistent bytes read: 50948126.24
  Avg Persistent ratio: 0.47
  Avg Non-persistent ratio: 0.53
  Avg Connection 2 duration: 0.890987 sec
  Avg Throughput Persistent: 589.42 Mbps
  Avg Throughput Non-Persistent: 456.45 Mbps
  Avg Persistent packets: 63067.40
  Avg Non-Persistent packets: 48935.02

Summary for Connections 1601 to 1650:
  Avg Non-persistent count: 12424.46
  Avg Persistent count: 12840.02
  Avg Total when both present: 25264.48
  Avg Only persistent count: 39670.06
  Avg Only non-persistent count: 25265.82
  Avg Persistent bytes read: 65598628.16
  Avg Non-persistent bytes read: 50945793.76
  Avg Persistent ratio: 0.53
  Avg Non-persistent ratio: 0.47
  Avg Connection 2 duration: 0.891126 sec
  Avg Throughput Persistent: 589.03 Mbps
  Avg Throughput Non-Persistent: 457.05 Mbps
  Avg Persistent packets: 63088.12
  Avg Non-Persistent packets: 48930.22

Summary for Connections 1651 to 1700:
  Avg Non-persistent count: 12404.88
  Avg Persistent count: 12755.88
  Avg Total when both present: 25160.76
  Avg Only persistent count: 39790.62
  Avg Only non-persistent count: 25379.82
  Avg Persistent bytes read: 65617973.44
  Avg Non-persistent bytes read: 50955346.24
  Avg Persistent ratio: 0.50
  Avg Non-persistent ratio: 0.50
  Avg Connection 2 duration: 0.891399 sec
  Avg Throughput Persistent: 588.77 Mbps
  Avg Throughput Non-Persistent: 457.51 Mbps
  Avg Persistent packets: 63104.94
  Avg Non-Persistent packets: 48939.02

Summary for Connections 1701 to 1750:
  Avg Non-persistent count: 12449.18
  Avg Persistent count: 12578.00
  Avg Total when both present: 25027.18
  Avg Only persistent count: 39822.88
  Avg Only non-persistent count: 25507.50
  Avg Persistent bytes read: 65512732.80
  Avg Non-persistent bytes read: 50944655.84
  Avg Persistent ratio: 0.50
  Avg Non-persistent ratio: 0.50
  Avg Connection 2 duration: 0.890322 sec
  Avg Throughput Persistent: 588.26 Mbps
  Avg Throughput Non-Persistent: 457.52 Mbps
  Avg Persistent packets: 63005.94
  Avg Non-Persistent packets: 48932.98

Summary for Connections 1751 to 1800:
  Avg Non-persistent count: 12681.86
  Avg Persistent count: 12760.78
  Avg Total when both present: 25442.64
  Avg Only persistent count: 39376.60
  Avg Only non-persistent count: 25097.68
  Avg Persistent bytes read: 65484003.04
  Avg Non-persistent bytes read: 50954031.68
  Avg Persistent ratio: 0.47
  Avg Non-persistent ratio: 0.53
  Avg Connection 2 duration: 0.890515 sec
  Avg Throughput Persistent: 587.94 Mbps
  Avg Throughput Non-Persistent: 457.35 Mbps
  Avg Persistent packets: 62977.70
  Avg Non-Persistent packets: 48941.24

Summary for Connections 1801 to 1850:
  Avg Non-persistent count: 12333.98
  Avg Persistent count: 12549.92
  Avg Total when both present: 24883.90
  Avg Only persistent count: 40023.70
  Avg Only non-persistent count: 25655.38
  Avg Persistent bytes read: 65571523.04
  Avg Non-persistent bytes read: 50953771.20
  Avg Persistent ratio: 0.49
  Avg Non-persistent ratio: 0.51
  Avg Connection 2 duration: 0.891065 sec
  Avg Throughput Persistent: 588.98 Mbps
  Avg Throughput Non-Persistent: 457.32 Mbps
  Avg Persistent packets: 63063.54
  Avg Non-Persistent packets: 48939.08

Summary for Connections 1851 to 1900:
  Avg Non-persistent count: 12317.38
  Avg Persistent count: 12492.58
  Avg Total when both present: 24809.96
  Avg Only persistent count: 40127.04
  Avg Only non-persistent count: 25729.42
  Avg Persistent bytes read: 65600105.12
  Avg Non-persistent bytes read: 50951092.32
  Avg Persistent ratio: 0.51
  Avg Non-persistent ratio: 0.49
  Avg Connection 2 duration: 0.891237 sec
  Avg Throughput Persistent: 588.80 Mbps
  Avg Throughput Non-Persistent: 457.41 Mbps
  Avg Persistent packets: 63089.96
  Avg Non-Persistent packets: 48937.66

Summary for Connections 1901 to 1950:
  Avg Non-persistent count: 12326.84
  Avg Persistent count: 12589.94
  Avg Total when both present: 24916.78
  Avg Only persistent count: 40034.94
  Avg Only non-persistent count: 25619.74
  Avg Persistent bytes read: 65618784.32
  Avg Non-persistent bytes read: 50947790.56
  Avg Persistent ratio: 0.51
  Avg Non-persistent ratio: 0.49
  Avg Connection 2 duration: 0.891335 sec
  Avg Throughput Persistent: 588.59 Mbps
  Avg Throughput Non-Persistent: 457.75 Mbps
  Avg Persistent packets: 63105.42
  Avg Non-Persistent packets: 48934.00

Summary for Connections 1951 to 2000:
  Avg Non-persistent count: 12237.68
  Avg Persistent count: 12312.24
  Avg Total when both present: 24549.92
  Avg Only persistent count: 40362.68
  Avg Only non-persistent count: 25991.02
  Avg Persistent bytes read: 65579891.04
  Avg Non-persistent bytes read: 50953385.76
  Avg Persistent ratio: 0.50
  Avg Non-persistent ratio: 0.50
  Avg Connection 2 duration: 0.891102 sec
  Avg Throughput Persistent: 588.24 Mbps
  Avg Throughput Non-Persistent: 458.13 Mbps
  Avg Persistent packets: 63066.58
  Avg Non-Persistent packets: 48938.62

Summary for Connections 2001 to 2050:
  Avg Non-persistent count: 12324.62
  Avg Persistent count: 12679.76
  Avg Total when both present: 25004.38
  Avg Only persistent count: 39919.98
  Avg Only non-persistent count: 25534.56
  Avg Persistent bytes read: 65593096.80
  Avg Non-persistent bytes read: 50949766.40
  Avg Persistent ratio: 0.52
  Avg Non-persistent ratio: 0.48
  Avg Connection 2 duration: 0.891134 sec
  Avg Throughput Persistent: 588.48 Mbps
  Avg Throughput Non-Persistent: 457.28 Mbps
  Avg Persistent packets: 63080.22
  Avg Non-Persistent packets: 48937.82

Summary for Connections 2051 to 2100:
  Avg Non-persistent count: 12108.48
  Avg Persistent count: 12404.24
  Avg Total when both present: 24512.72
  Avg Only persistent count: 40421.72
  Avg Only non-persistent count: 26031.50
  Avg Persistent bytes read: 65598251.68
  Avg Non-persistent bytes read: 50951914.24
  Avg Persistent ratio: 0.51
  Avg Non-persistent ratio: 0.49
  Avg Connection 2 duration: 0.891211 sec
  Avg Throughput Persistent: 588.59 Mbps
  Avg Throughput Non-Persistent: 457.45 Mbps
  Avg Persistent packets: 63088.46
  Avg Non-Persistent packets: 48941.64

Summary for Connections 2101 to 2150:
  Avg Non-persistent count: 12441.12
  Avg Persistent count: 12959.44
  Avg Total when both present: 25400.56
  Avg Only persistent count: 39486.48
  Avg Only non-persistent count: 25138.98
  Avg Persistent bytes read: 65553218.88
  Avg Non-persistent bytes read: 50951904.48
  Avg Persistent ratio: 0.50
  Avg Non-persistent ratio: 0.50
  Avg Connection 2 duration: 0.890855 sec
  Avg Throughput Persistent: 588.26 Mbps
  Avg Throughput Non-Persistent: 457.60 Mbps
  Avg Persistent packets: 63045.50
  Avg Non-Persistent packets: 48938.52

Summary for Connections 2151 to 2200:
  Avg Non-persistent count: 12227.82
  Avg Persistent count: 12900.50
  Avg Total when both present: 25128.32
  Avg Only persistent count: 39826.52
  Avg Only non-persistent count: 25407.50
  Avg Persistent bytes read: 65620377.12
  Avg Non-persistent bytes read: 50949791.20
  Avg Persistent ratio: 0.51
  Avg Non-persistent ratio: 0.49
  Avg Connection 2 duration: 0.891364 sec
  Avg Throughput Persistent: 589.08 Mbps
  Avg Throughput Non-Persistent: 457.05 Mbps
  Avg Persistent packets: 63110.56
  Avg Non-Persistent packets: 48936.34

Summary for Connections 2201 to 2250:
  Avg Non-persistent count: 12261.94
  Avg Persistent count: 12561.02
  Avg Total when both present: 24822.96
  Avg Only persistent count: 40067.70
  Avg Only non-persistent count: 25714.14
  Avg Persistent bytes read: 65555217.12
  Avg Non-persistent bytes read: 50949334.72
  Avg Persistent ratio: 0.47
  Avg Non-persistent ratio: 0.53
  Avg Connection 2 duration: 0.890812 sec
  Avg Throughput Persistent: 589.88 Mbps
  Avg Throughput Non-Persistent: 457.03 Mbps
  Avg Persistent packets: 63045.18
  Avg Non-Persistent packets: 48935.02

Summary for Connections 2251 to 2300:
  Avg Non-persistent count: 12438.64
  Avg Persistent count: 12826.64
  Avg Total when both present: 25265.28
  Avg Only persistent count: 39659.70
  Avg Only non-persistent count: 25280.72
  Avg Persistent bytes read: 65591417.12
  Avg Non-persistent bytes read: 50960432.32
  Avg Persistent ratio: 0.54
  Avg Non-persistent ratio: 0.46
  Avg Connection 2 duration: 0.891261 sec
  Avg Throughput Persistent: 588.20 Mbps
  Avg Throughput Non-Persistent: 457.74 Mbps
  Avg Persistent packets: 63080.12
  Avg Non-Persistent packets: 48944.24

Summary for Connections 2301 to 2350:
  Avg Non-persistent count: 11994.50
  Avg Persistent count: 12615.18
  Avg Total when both present: 24609.68
  Avg Only persistent count: 40297.22
  Avg Only non-persistent count: 25926.16
  Avg Persistent bytes read: 65572390.40
  Avg Non-persistent bytes read: 50948290.08
  Avg Persistent ratio: 0.45
  Avg Non-persistent ratio: 0.55
  Avg Connection 2 duration: 0.890937 sec
  Avg Throughput Persistent: 588.89 Mbps
  Avg Throughput Non-Persistent: 457.23 Mbps
  Avg Persistent packets: 63062.30
  Avg Non-Persistent packets: 48934.06

Summary for Connections 2351 to 2400:
  Avg Non-persistent count: 12327.72
  Avg Persistent count: 12783.60
  Avg Total when both present: 25111.32
  Avg Only persistent count: 39799.34
  Avg Only non-persistent count: 25420.32
  Avg Persistent bytes read: 65578935.36
  Avg Non-persistent bytes read: 50944617.12
  Avg Persistent ratio: 0.53
  Avg Non-persistent ratio: 0.47
  Avg Connection 2 duration: 0.890886 sec
  Avg Throughput Persistent: 589.80 Mbps
  Avg Throughput Non-Persistent: 456.20 Mbps
  Avg Persistent packets: 63067.08
  Avg Non-Persistent packets: 48930.70

Summary for Connections 2401 to 2450:
  Avg Non-persistent count: 12269.56
  Avg Persistent count: 12574.30
  Avg Total when both present: 24843.86
  Avg Only persistent count: 40086.46
  Avg Only non-persistent count: 25694.30
  Avg Persistent bytes read: 65597716.96
  Avg Non-persistent bytes read: 50948221.60
  Avg Persistent ratio: 0.49
  Avg Non-persistent ratio: 0.51
  Avg Connection 2 duration: 0.891168 sec
  Avg Throughput Persistent: 589.12 Mbps
  Avg Throughput Non-Persistent: 456.53 Mbps
  Avg Persistent packets: 63083.36
  Avg Non-Persistent packets: 48936.04

Summary for Connections 2451 to 2500:
  Avg Non-persistent count: 12366.42
  Avg Persistent count: 12750.92
  Avg Total when both present: 25117.34
  Avg Only persistent count: 39822.76
  Avg Only non-persistent count: 25420.36
  Avg Persistent bytes read: 65605302.40
  Avg Non-persistent bytes read: 50949823.36
  Avg Persistent ratio: 0.48
  Avg Non-persistent ratio: 0.52
  Avg Connection 2 duration: 0.891219 sec
  Avg Throughput Persistent: 589.02 Mbps
  Avg Throughput Non-Persistent: 456.95 Mbps
  Avg Persistent packets: 63093.76
  Avg Non-Persistent packets: 48937.50

Summary for Connections 2501 to 2550:
  Avg Non-persistent count: 12553.34
  Avg Persistent count: 12791.80
  Avg Total when both present: 25345.14
  Avg Only persistent count: 39609.98
  Avg Only non-persistent count: 25195.00
  Avg Persistent bytes read: 65622201.60
  Avg Non-persistent bytes read: 50953856.48
  Avg Persistent ratio: 0.48
  Avg Non-persistent ratio: 0.52
  Avg Connection 2 duration: 0.891352 sec
  Avg Throughput Persistent: 588.68 Mbps
  Avg Throughput Non-Persistent: 457.19 Mbps
  Avg Persistent packets: 63107.54
  Avg Non-Persistent packets: 48941.84

Summary for Connections 2551 to 2600:
  Avg Non-persistent count: 12509.52
  Avg Persistent count: 12886.22
  Avg Total when both present: 25395.74
  Avg Only persistent count: 39535.56
  Avg Only non-persistent count: 25142.44
  Avg Persistent bytes read: 65597614.56
  Avg Non-persistent bytes read: 50950977.76
  Avg Persistent ratio: 0.53
  Avg Non-persistent ratio: 0.47
  Avg Connection 2 duration: 0.891205 sec
  Avg Throughput Persistent: 588.29 Mbps
  Avg Throughput Non-Persistent: 458.07 Mbps
  Avg Persistent packets: 63087.58
  Avg Non-Persistent packets: 48937.06

Summary for Connections 2601 to 2650:
  Avg Non-persistent count: 12519.88
  Avg Persistent count: 12535.90
  Avg Total when both present: 25055.78
  Avg Only persistent count: 39854.84
  Avg Only non-persistent count: 25478.42
  Avg Persistent bytes read: 65573519.84
  Avg Non-persistent bytes read: 50949554.40
  Avg Persistent ratio: 0.46
  Avg Non-persistent ratio: 0.54
  Avg Connection 2 duration: 0.890989 sec
  Avg Throughput Persistent: 589.25 Mbps
  Avg Throughput Non-Persistent: 456.79 Mbps
  Avg Persistent packets: 63064.28
  Avg Non-Persistent packets: 48934.28

Summary for Connections 2651 to 2700:
  Avg Non-persistent count: 12332.18
  Avg Persistent count: 12471.56
  Avg Total when both present: 24803.74
  Avg Only persistent count: 40128.56
  Avg Only non-persistent count: 25735.62
  Avg Persistent bytes read: 65598048.96
  Avg Non-persistent bytes read: 50951867.84
  Avg Persistent ratio: 0.51
  Avg Non-persistent ratio: 0.49
  Avg Connection 2 duration: 0.891212 sec
  Avg Throughput Persistent: 588.69 Mbps
  Avg Throughput Non-Persistent: 457.65 Mbps
  Avg Persistent packets: 63086.38
  Avg Non-Persistent packets: 48937.56

Summary for Connections 2701 to 2750:
  Avg Non-persistent count: 12135.84
  Avg Persistent count: 12455.88
  Avg Total when both present: 24591.72
  Avg Only persistent count: 40332.56
  Avg Only non-persistent count: 25943.22
  Avg Persistent bytes read: 65589894.24
  Avg Non-persistent bytes read: 50946102.08
  Avg Persistent ratio: 0.53
  Avg Non-persistent ratio: 0.47
  Avg Connection 2 duration: 0.891062 sec
  Avg Throughput Persistent: 588.61 Mbps
  Avg Throughput Non-Persistent: 457.96 Mbps
  Avg Persistent packets: 63078.30
  Avg Non-Persistent packets: 48934.02

Summary for Connections 2751 to 2800:
  Avg Non-persistent count: 11948.22
  Avg Persistent count: 12417.86
  Avg Total when both present: 24366.08
  Avg Only persistent count: 40553.56
  Avg Only non-persistent count: 26177.14
  Avg Persistent bytes read: 65582919.84
  Avg Non-persistent bytes read: 50952024.00
  Avg Persistent ratio: 0.49
  Avg Non-persistent ratio: 0.51
  Avg Connection 2 duration: 0.891351 sec
  Avg Throughput Persistent: 588.03 Mbps
  Avg Throughput Non-Persistent: 458.39 Mbps
  Avg Persistent packets: 63070.98
  Avg Non-Persistent packets: 48938.10

Summary for Connections 2801 to 2850:
  Avg Non-persistent count: 12362.70
  Avg Persistent count: 12610.98
  Avg Total when both present: 24973.68
  Avg Only persistent count: 39866.26
  Avg Only non-persistent count: 25564.72
  Avg Persistent bytes read: 65502973.28
  Avg Non-persistent bytes read: 50951373.44
  Avg Persistent ratio: 0.49
  Avg Non-persistent ratio: 0.51
  Avg Connection 2 duration: 0.890504 sec
  Avg Throughput Persistent: 588.90 Mbps
  Avg Throughput Non-Persistent: 457.11 Mbps
  Avg Persistent packets: 62996.06
  Avg Non-Persistent packets: 48938.54

Summary for Connections 2851 to 2900:
  Avg Non-persistent count: 12270.82
  Avg Persistent count: 12594.34
  Avg Total when both present: 24865.16
  Avg Only persistent count: 40037.68
  Avg Only non-persistent count: 25671.30
  Avg Persistent bytes read: 65566627.36
  Avg Non-persistent bytes read: 50950761.76
  Avg Persistent ratio: 0.51
  Avg Non-persistent ratio: 0.49
  Avg Connection 2 duration: 0.890888 sec
  Avg Throughput Persistent: 588.88 Mbps
  Avg Throughput Non-Persistent: 457.50 Mbps
  Avg Persistent packets: 63056.12
  Avg Non-Persistent packets: 48936.10

Summary for Connections 2901 to 2950:
  Avg Non-persistent count: 12303.44
  Avg Persistent count: 12533.38
  Avg Total when both present: 24836.82
  Avg Only persistent count: 40093.60
  Avg Only non-persistent count: 25705.64
  Avg Persistent bytes read: 65596224.48
  Avg Non-persistent bytes read: 50953230.40
  Avg Persistent ratio: 0.50
  Avg Non-persistent ratio: 0.50
  Avg Connection 2 duration: 0.891246 sec
  Avg Throughput Persistent: 589.03 Mbps
  Avg Throughput Non-Persistent: 456.76 Mbps
  Avg Persistent packets: 63084.30
  Avg Non-Persistent packets: 48939.48

Summary for Connections 2951 to 3000:
  Avg Non-persistent count: 12172.84
  Avg Persistent count: 12466.46
  Avg Total when both present: 24639.30
  Avg Only persistent count: 40287.74
  Avg Only non-persistent count: 25894.58
  Avg Persistent bytes read: 65594328.64
  Avg Non-persistent bytes read: 50947759.04
  Avg Persistent ratio: 0.50
  Avg Non-persistent ratio: 0.50
  Avg Connection 2 duration: 0.891047 sec
  Avg Throughput Persistent: 589.14 Mbps
  Avg Throughput Non-Persistent: 456.71 Mbps
  Avg Persistent packets: 63082.26
  Avg Non-Persistent packets: 48932.86

Summary for Connections 3001 to 3050:
  Avg Non-persistent count: 12289.74
  Avg Persistent count: 12286.00
  Avg Total when both present: 24575.74
  Avg Only persistent count: 40354.74
  Avg Only non-persistent count: 25961.74
  Avg Persistent bytes read: 65597251.52
  Avg Non-persistent bytes read: 50949849.28
  Avg Persistent ratio: 0.53
  Avg Non-persistent ratio: 0.47
  Avg Connection 2 duration: 0.891136 sec
  Avg Throughput Persistent: 589.46 Mbps
  Avg Throughput Non-Persistent: 457.81 Mbps
  Avg Persistent packets: 63083.92
  Avg Non-Persistent packets: 48937.34

Summary for Connections 3051 to 3100:
  Avg Non-persistent count: 12313.84
  Avg Persistent count: 12556.20
  Avg Total when both present: 24870.04
  Avg Only persistent count: 40074.68
  Avg Only non-persistent count: 25671.70
  Avg Persistent bytes read: 65611066.08
  Avg Non-persistent bytes read: 50950777.28
  Avg Persistent ratio: 0.52
  Avg Non-persistent ratio: 0.48
  Avg Connection 2 duration: 0.891327 sec
  Avg Throughput Persistent: 589.01 Mbps
  Avg Throughput Non-Persistent: 456.97 Mbps
  Avg Persistent packets: 63099.40
  Avg Non-Persistent packets: 48939.22

Summary for Connections 3101 to 3150:
  Avg Non-persistent count: 12139.84
  Avg Persistent count: 12692.78
  Avg Total when both present: 24832.62
  Avg Only persistent count: 40098.00
  Avg Only non-persistent count: 25707.32
  Avg Persistent bytes read: 65593980.96
  Avg Non-persistent bytes read: 50952148.16
  Avg Persistent ratio: 0.50
  Avg Non-persistent ratio: 0.50
  Avg Connection 2 duration: 0.891200 sec
  Avg Throughput Persistent: 589.15 Mbps
  Avg Throughput Non-Persistent: 457.01 Mbps
  Avg Persistent packets: 63083.32
  Avg Non-Persistent packets: 48938.92

Summary for Connections 3151 to 3200:
  Avg Non-persistent count: 12271.92
  Avg Persistent count: 12392.40
  Avg Total when both present: 24664.32
  Avg Only persistent count: 40274.58
  Avg Only non-persistent count: 25871.18
  Avg Persistent bytes read: 65604535.52
  Avg Non-persistent bytes read: 50946979.04
  Avg Persistent ratio: 0.50
  Avg Non-persistent ratio: 0.50
  Avg Connection 2 duration: 0.891202 sec
  Avg Throughput Persistent: 588.74 Mbps
  Avg Throughput Non-Persistent: 457.46 Mbps
  Avg Persistent packets: 63093.18
  Avg Non-Persistent packets: 48932.48

Summary for Connections 3201 to 3250:
  Avg Non-persistent count: 12138.04
  Avg Persistent count: 12326.14
  Avg Total when both present: 24464.18
  Avg Only persistent count: 40469.94
  Avg Only non-persistent count: 26068.92
  Avg Persistent bytes read: 65596108.64
  Avg Non-persistent bytes read: 50945742.24
  Avg Persistent ratio: 0.51
  Avg Non-persistent ratio: 0.49
  Avg Connection 2 duration: 0.891093 sec
  Avg Throughput Persistent: 589.96 Mbps
  Avg Throughput Non-Persistent: 457.06 Mbps
  Avg Persistent packets: 63088.48
  Avg Non-Persistent packets: 48933.00

Summary for Connections 3251 to 3300:
  Avg Non-persistent count: 12443.44
  Avg Persistent count: 12410.84
  Avg Total when both present: 24854.28
  Avg Only persistent count: 40069.82
  Avg Only non-persistent count: 25682.80
  Avg Persistent bytes read: 65586030.56
  Avg Non-persistent bytes read: 50949566.40
  Avg Persistent ratio: 0.48
  Avg Non-persistent ratio: 0.52
  Avg Connection 2 duration: 0.891110 sec
  Avg Throughput Persistent: 589.13 Mbps
  Avg Throughput Non-Persistent: 457.01 Mbps
  Avg Persistent packets: 63078.42
  Avg Non-Persistent packets: 48935.62

Summary for Connections 3301 to 3350:
  Avg Non-persistent count: 12316.80
  Avg Persistent count: 12205.78
  Avg Total when both present: 24522.58
  Avg Only persistent count: 40393.20
  Avg Only non-persistent count: 26012.80
  Avg Persistent bytes read: 65577690.08
  Avg Non-persistent bytes read: 50946197.28
  Avg Persistent ratio: 0.46
  Avg Non-persistent ratio: 0.54
  Avg Connection 2 duration: 0.890966 sec
  Avg Throughput Persistent: 588.06 Mbps
  Avg Throughput Non-Persistent: 457.89 Mbps
  Avg Persistent packets: 63068.40
  Avg Non-Persistent packets: 48932.80

Summary for Connections 3351 to 3400:
  Avg Non-persistent count: 12301.02
  Avg Persistent count: 12404.14
  Avg Total when both present: 24705.16
  Avg Only persistent count: 40216.56
  Avg Only non-persistent count: 25826.98
  Avg Persistent bytes read: 65586493.92
  Avg Non-persistent bytes read: 50945822.88
  Avg Persistent ratio: 0.46
  Avg Non-persistent ratio: 0.54
  Avg Connection 2 duration: 0.891023 sec
  Avg Throughput Persistent: 588.84 Mbps
  Avg Throughput Non-Persistent: 457.53 Mbps
  Avg Persistent packets: 63076.40
  Avg Non-Persistent packets: 48929.42

Summary for Connections 3401 to 3450:
  Avg Non-persistent count: 12668.72
  Avg Persistent count: 12702.94
  Avg Total when both present: 25371.66
  Avg Only persistent count: 39555.26
  Avg Only non-persistent count: 25164.96
  Avg Persistent bytes read: 65594313.12
  Avg Non-persistent bytes read: 50946699.84
  Avg Persistent ratio: 0.49
  Avg Non-persistent ratio: 0.51
  Avg Connection 2 duration: 0.891127 sec
  Avg Throughput Persistent: 588.80 Mbps
  Avg Throughput Non-Persistent: 457.32 Mbps
  Avg Persistent packets: 63084.24
  Avg Non-Persistent packets: 48937.82

Summary for Connections 3451 to 3500:
  Avg Non-persistent count: 12535.80
  Avg Persistent count: 12642.06
  Avg Total when both present: 25177.86
  Avg Only persistent count: 39756.78
  Avg Only non-persistent count: 25382.00
  Avg Persistent bytes read: 65601300.16
  Avg Non-persistent bytes read: 50974178.56
  Avg Persistent ratio: 0.51
  Avg Non-persistent ratio: 0.49
  Avg Connection 2 duration: 0.891473 sec
  Avg Throughput Persistent: 587.22 Mbps
  Avg Throughput Non-Persistent: 459.02 Mbps
  Avg Persistent packets: 63091.42
  Avg Non-Persistent packets: 48959.40

Summary for Connections 3501 to 3550:
  Avg Non-persistent count: 12269.32
  Avg Persistent count: 12502.82
  Avg Total when both present: 24772.14
  Avg Only persistent count: 40153.74
  Avg Only non-persistent count: 25769.46
  Avg Persistent bytes read: 65593407.68
  Avg Non-persistent bytes read: 50950939.68
  Avg Persistent ratio: 0.50
  Avg Non-persistent ratio: 0.50
  Avg Connection 2 duration: 0.891146 sec
  Avg Throughput Persistent: 588.89 Mbps
  Avg Throughput Non-Persistent: 458.10 Mbps
  Avg Persistent packets: 63079.72
  Avg Non-Persistent packets: 48939.88

Summary for Connections 3551 to 3600:
  Avg Non-persistent count: 12350.22
  Avg Persistent count: 12469.94
  Avg Total when both present: 24820.16
  Avg Only persistent count: 40090.88
  Avg Only non-persistent count: 25717.90
  Avg Persistent bytes read: 65575373.28
  Avg Non-persistent bytes read: 50949922.72
  Avg Persistent ratio: 0.51
  Avg Non-persistent ratio: 0.49
  Avg Connection 2 duration: 0.890979 sec
  Avg Throughput Persistent: 588.37 Mbps
  Avg Throughput Non-Persistent: 457.71 Mbps
  Avg Persistent packets: 63063.14
  Avg Non-Persistent packets: 48938.88

Summary for Connections 3601 to 3633:
  Avg Non-persistent count: 12402.91
  Avg Persistent count: 12764.91
  Avg Total when both present: 25167.82
  Avg Only persistent count: 39811.12
  Avg Only non-persistent count: 25371.00
  Avg Persistent bytes read: 65643061.58
  Avg Non-persistent bytes read: 50951560.97
  Avg Persistent ratio: 0.52
  Avg Non-persistent ratio: 0.48
  Avg Connection 2 duration: 0.891587 sec
  Avg Throughput Persistent: 588.97 Mbps
  Avg Throughput Non-Persistent: 456.98 Mbps
  Avg Persistent packets: 63134.48
  Avg Non-Persistent packets: 48938.45


Overall Statistics (Averaged):
Average events when both were present: 24919.65
Average Persistent count: 12584.24
Average Non-Persistent count: 12335.41
Average Persistent Ratio: 0.50
Average Non-Persistent Ratio: 0.50
Rejected connections: 0
Average Only Persistent count: 40082.69
Average Only Non Persistent count: 25618.88
Average persistent bytes per connection: 65668840.96
Average non-persistent bytes per connection: 50950765.84
Average persistent packets per connection: 63155.08
Average non-persistent packets per connection: 48937.32
Total persistent duration: 3599.996354 sec
Total non-persistent duration: 3237.175090 sec
Average Throughput Persistent: 530.17 Mbps
Average Throughput Non-Persistent: 457.45 Mbps
