Summary for Connections 1 to 50:
  Avg Non-persistent count: 23843.68
  Avg Persistent count: 24353.12
  Avg Total when both present: 48196.80
  Avg Only persistent count: 25651.12
  Avg Only non-persistent count: 3449.32
  Avg Persistent bytes read: 73274957.12
  Avg Non-persistent bytes read: 50896354.72
  Avg Persistent ratio: 0.49
  Avg Non-persistent ratio: 0.51
  Avg Connection 2 duration: 0.885858 sec
  Avg Throughput Persistent: 588.20 Mbps
  Avg Throughput Non-Persistent: 458.90 Mbps
  Avg Persistent packets: 69632.24
  Avg Non-Persistent packets: 48142.48

Summary for Connections 51 to 100:
  Avg Non-persistent count: 23846.40
  Avg Persistent count: 24342.24
  Avg Total when both present: 48188.64
  Avg Only persistent count: 17601.56
  Avg Only non-persistent count: 3450.42
  Avg Persistent bytes read: 65163526.08
  Avg Non-persistent bytes read: 50891883.84
  Avg Persistent ratio: 0.50
  Avg Non-persistent ratio: 0.50
  Avg Connection 2 duration: 0.886507 sec
  Avg Throughput Persistent: 588.50 Mbps
  Avg Throughput Non-Persistent: 458.78 Mbps
  Avg Persistent packets: 61846.84
  Avg Non-Persistent packets: 48135.40

Summary for Connections 101 to 150:
  Avg Non-persistent count: 23837.18
  Avg Persistent count: 24489.50
  Avg Total when both present: 48326.68
  Avg Only persistent count: 17507.82
  Avg Only non-persistent count: 3358.36
  Avg Persistent bytes read: 65174740.64
  Avg Non-persistent bytes read: 50901022.56
  Avg Persistent ratio: 0.51
  Avg Non-persistent ratio: 0.49
  Avg Connection 2 duration: 0.886713 sec
  Avg Throughput Persistent: 588.76 Mbps
  Avg Throughput Non-Persistent: 458.23 Mbps
  Avg Persistent packets: 61887.24
  Avg Non-Persistent packets: 48178.72

Summary for Connections 151 to 200:
  Avg Non-persistent count: 23747.02
  Avg Persistent count: 24484.90
  Avg Total when both present: 48231.92
  Avg Only persistent count: 17541.58
  Avg Only non-persistent count: 3428.98
  Avg Persistent bytes read: 65131503.36
  Avg Non-persistent bytes read: 50897565.12
  Avg Persistent ratio: 0.50
  Avg Non-persistent ratio: 0.50
  Avg Connection 2 duration: 0.886312 sec
  Avg Throughput Persistent: 586.70 Mbps
  Avg Throughput Non-Persistent: 460.95 Mbps
  Avg Persistent packets: 61831.04
  Avg Non-Persistent packets: 48160.30

Summary for Connections 201 to 250:
  Avg Non-persistent count: 23831.88
  Avg Persistent count: 24365.38
  Avg Total when both present: 48197.26
  Avg Only persistent count: 17575.66
  Avg Only non-persistent count: 3453.26
  Avg Persistent bytes read: 65138135.20
  Avg Non-persistent bytes read: 50902526.24
  Avg Persistent ratio: 0.50
  Avg Non-persistent ratio: 0.50
  Avg Connection 2 duration: 0.886407 sec
  Avg Throughput Persistent: 588.27 Mbps
  Avg Throughput Non-Persistent: 458.71 Mbps
  Avg Persistent packets: 61827.28
  Avg Non-Persistent packets: 48145.18

Summary for Connections 251 to 300:
  Avg Non-persistent count: 24342.08
  Avg Persistent count: 24186.50
  Avg Total when both present: 48528.58
  Avg Only persistent count: 15498.80
  Avg Only non-persistent count: 3187.56
  Avg Persistent bytes read: 63339255.84
  Avg Non-persistent bytes read: 50937556.96
  Avg Persistent ratio: 0.50
  Avg Non-persistent ratio: 0.50
  Avg Connection 2 duration: 0.872572 sec
  Avg Throughput Persistent: 578.07 Mbps
  Avg Throughput Non-Persistent: 470.72 Mbps
  Avg Persistent packets: 60141.54
  Avg Non-Persistent packets: 48237.96

Summary for Connections 301 to 350:
  Avg Non-persistent count: 24484.72
  Avg Persistent count: 24191.52
  Avg Total when both present: 48676.24
  Avg Only persistent count: 14601.04
  Avg Only non-persistent count: 3093.40
  Avg Persistent bytes read: 62558117.76
  Avg Non-persistent bytes read: 50969662.72
  Avg Persistent ratio: 0.50
  Avg Non-persistent ratio: 0.50
  Avg Connection 2 duration: 0.866627 sec
  Avg Throughput Persistent: 577.51 Mbps
  Avg Throughput Non-Persistent: 470.87 Mbps
  Avg Persistent packets: 59415.50
  Avg Non-Persistent packets: 48297.88

Summary for Connections 351 to 400:
  Avg Non-persistent count: 24379.16
  Avg Persistent count: 24210.92
  Avg Total when both present: 48590.08
  Avg Only persistent count: 14662.20
  Avg Only non-persistent count: 3149.72
  Avg Persistent bytes read: 62559058.56
  Avg Non-persistent bytes read: 50966781.44
  Avg Persistent ratio: 0.50
  Avg Non-persistent ratio: 0.50
  Avg Connection 2 duration: 0.866521 sec
  Avg Throughput Persistent: 577.61 Mbps
  Avg Throughput Non-Persistent: 470.15 Mbps
  Avg Persistent packets: 59395.28
  Avg Non-Persistent packets: 48271.08

Summary for Connections 401 to 450:
  Avg Non-persistent count: 24501.60
  Avg Persistent count: 24248.88
  Avg Total when both present: 48750.48
  Avg Only persistent count: 14549.74
  Avg Only non-persistent count: 3028.52
  Avg Persistent bytes read: 62564851.36
  Avg Non-persistent bytes read: 50961490.08
  Avg Persistent ratio: 0.48
  Avg Non-persistent ratio: 0.52
  Avg Connection 2 duration: 0.866561 sec
  Avg Throughput Persistent: 577.29 Mbps
  Avg Throughput Non-Persistent: 471.33 Mbps
  Avg Persistent packets: 59436.82
  Avg Non-Persistent packets: 48305.70

Summary for Connections 451 to 500:
  Avg Non-persistent count: 24482.44
  Avg Persistent count: 24287.26
  Avg Total when both present: 48769.70
  Avg Only persistent count: 14526.66
  Avg Only non-persistent count: 3018.86
  Avg Persistent bytes read: 62546794.40
  Avg Non-persistent bytes read: 50958851.20
  Avg Persistent ratio: 0.50
  Avg Non-persistent ratio: 0.50
  Avg Connection 2 duration: 0.866437 sec
  Avg Throughput Persistent: 577.27 Mbps
  Avg Throughput Non-Persistent: 470.76 Mbps
  Avg Persistent packets: 59435.06
  Avg Non-Persistent packets: 48318.04

Summary for Connections 501 to 550:
  Avg Non-persistent count: 24437.66
  Avg Persistent count: 24352.82
  Avg Total when both present: 48790.48
  Avg Only persistent count: 14541.32
  Avg Only non-persistent count: 2990.04
  Avg Persistent bytes read: 62589597.28
  Avg Non-persistent bytes read: 50958000.32
  Avg Persistent ratio: 0.50
  Avg Non-persistent ratio: 0.50
  Avg Connection 2 duration: 0.866696 sec
  Avg Throughput Persistent: 578.10 Mbps
  Avg Throughput Non-Persistent: 469.84 Mbps
  Avg Persistent packets: 59469.02
  Avg Non-Persistent packets: 48309.04

Summary for Connections 551 to 600:
  Avg Non-persistent count: 24560.48
  Avg Persistent count: 24250.12
  Avg Total when both present: 48810.60
  Avg Only persistent count: 14522.66
  Avg Only non-persistent count: 2992.38
  Avg Persistent bytes read: 62572163.36
  Avg Non-persistent bytes read: 50959810.40
  Avg Persistent ratio: 0.49
  Avg Non-persistent ratio: 0.51
  Avg Connection 2 duration: 0.866569 sec
  Avg Throughput Persistent: 577.68 Mbps
  Avg Throughput Non-Persistent: 470.65 Mbps
  Avg Persistent packets: 59470.62
  Avg Non-Persistent packets: 48330.50

Summary for Connections 601 to 650:
  Avg Non-persistent count: 24361.86
  Avg Persistent count: 24382.78
  Avg Total when both present: 48744.64
  Avg Only persistent count: 14584.00
  Avg Only non-persistent count: 3045.50
  Avg Persistent bytes read: 62589394.56
  Avg Non-persistent bytes read: 50973420.32
  Avg Persistent ratio: 0.50
  Avg Non-persistent ratio: 0.50
  Avg Connection 2 duration: 0.866921 sec
  Avg Throughput Persistent: 577.22 Mbps
  Avg Throughput Non-Persistent: 470.92 Mbps
  Avg Persistent packets: 59463.64
  Avg Non-Persistent packets: 48316.24

Summary for Connections 651 to 700:
  Avg Non-persistent count: 24421.82
  Avg Persistent count: 24278.90
  Avg Total when both present: 48700.72
  Avg Only persistent count: 14594.02
  Avg Only non-persistent count: 3064.04
  Avg Persistent bytes read: 62558622.08
  Avg Non-persistent bytes read: 50951636.64
  Avg Persistent ratio: 0.50
  Avg Non-persistent ratio: 0.50
  Avg Connection 2 duration: 0.866413 sec
  Avg Throughput Persistent: 577.85 Mbps
  Avg Throughput Non-Persistent: 470.66 Mbps
  Avg Persistent packets: 59431.78
  Avg Non-Persistent packets: 48291.06

Summary for Connections 701 to 750:
  Avg Non-persistent count: 24375.28
  Avg Persistent count: 24271.78
  Avg Total when both present: 48647.06
  Avg Only persistent count: 14626.58
  Avg Only non-persistent count: 3103.04
  Avg Persistent bytes read: 62557381.76
  Avg Non-persistent bytes read: 50957504.64
  Avg Persistent ratio: 0.50
  Avg Non-persistent ratio: 0.50
  Avg Connection 2 duration: 0.866431 sec
  Avg Throughput Persistent: 577.36 Mbps
  Avg Throughput Non-Persistent: 470.88 Mbps
  Avg Persistent packets: 59412.16
  Avg Non-Persistent packets: 48278.22

Summary for Connections 751 to 800:
  Avg Non-persistent count: 24418.00
  Avg Persistent count: 24397.98
  Avg Total when both present: 48815.98
  Avg Only persistent count: 14532.12
  Avg Only non-persistent count: 2989.74
  Avg Persistent bytes read: 62596055.36
  Avg Non-persistent bytes read: 50961669.92
  Avg Persistent ratio: 0.50
  Avg Non-persistent ratio: 0.50
  Avg Connection 2 duration: 0.866924 sec
  Avg Throughput Persistent: 577.95 Mbps
  Avg Throughput Non-Persistent: 469.66 Mbps
  Avg Persistent packets: 59483.88
  Avg Non-Persistent packets: 48332.52

Summary for Connections 801 to 850:
  Avg Non-persistent count: 24530.32
  Avg Persistent count: 24337.82
  Avg Total when both present: 48868.14
  Avg Only persistent count: 14474.26
  Avg Only non-persistent count: 2951.02
  Avg Persistent bytes read: 62573417.76
  Avg Non-persistent bytes read: 50965579.68
  Avg Persistent ratio: 0.50
  Avg Non-persistent ratio: 0.50
  Avg Connection 2 duration: 0.866640 sec
  Avg Throughput Persistent: 577.97 Mbps
  Avg Throughput Non-Persistent: 470.03 Mbps
  Avg Persistent packets: 59480.70
  Avg Non-Persistent packets: 48346.40

Summary for Connections 851 to 900:
  Avg Non-persistent count: 24494.38
  Avg Persistent count: 24319.94
  Avg Total when both present: 48814.32
  Avg Only persistent count: 14518.06
  Avg Only non-persistent count: 2992.60
  Avg Persistent bytes read: 62577142.40
  Avg Non-persistent bytes read: 50965414.24
  Avg Persistent ratio: 0.50
  Avg Non-persistent ratio: 0.50
  Avg Connection 2 duration: 0.866737 sec
  Avg Throughput Persistent: 577.88 Mbps
  Avg Throughput Non-Persistent: 470.34 Mbps
  Avg Persistent packets: 59468.44
  Avg Non-Persistent packets: 48332.42

Summary for Connections 901 to 950:
  Avg Non-persistent count: 24524.62
  Avg Persistent count: 24351.08
  Avg Total when both present: 48875.70
  Avg Only persistent count: 14467.44
  Avg Only non-persistent count: 2946.46
  Avg Persistent bytes read: 62569098.56
  Avg Non-persistent bytes read: 50968604.96
  Avg Persistent ratio: 0.49
  Avg Non-persistent ratio: 0.51
  Avg Connection 2 duration: 0.866660 sec
  Avg Throughput Persistent: 577.79 Mbps
  Avg Throughput Non-Persistent: 470.29 Mbps
  Avg Persistent packets: 59479.40
  Avg Non-Persistent packets: 48349.00

Summary for Connections 951 to 1000:
  Avg Non-persistent count: 24509.00
  Avg Persistent count: 24355.22
  Avg Total when both present: 48864.22
  Avg Only persistent count: 14480.56
  Avg Only non-persistent count: 2955.02
  Avg Persistent bytes read: 62578232.96
  Avg Non-persistent bytes read: 50962080.32
  Avg Persistent ratio: 0.50
  Avg Non-persistent ratio: 0.50
  Avg Connection 2 duration: 0.866703 sec
  Avg Throughput Persistent: 577.53 Mbps
  Avg Throughput Non-Persistent: 470.42 Mbps
  Avg Persistent packets: 59481.62
  Avg Non-Persistent packets: 48347.28

Summary for Connections 1001 to 1050:
  Avg Non-persistent count: 24591.34
  Avg Persistent count: 24237.58
  Avg Total when both present: 48828.92
  Avg Only persistent count: 14484.14
  Avg Only non-persistent count: 2985.94
  Avg Persistent bytes read: 62549371.84
  Avg Non-persistent bytes read: 50969120.96
  Avg Persistent ratio: 0.49
  Avg Non-persistent ratio: 0.51
  Avg Connection 2 duration: 0.866475 sec
  Avg Throughput Persistent: 577.00 Mbps
  Avg Throughput Non-Persistent: 470.71 Mbps
  Avg Persistent packets: 59452.12
  Avg Non-Persistent packets: 48346.20

Summary for Connections 1051 to 1100:
  Avg Non-persistent count: 24405.74
  Avg Persistent count: 24458.10
  Avg Total when both present: 48863.84
  Avg Only persistent count: 14471.66
  Avg Only non-persistent count: 2960.80
  Avg Persistent bytes read: 62565734.24
  Avg Non-persistent bytes read: 50970458.24
  Avg Persistent ratio: 0.50
  Avg Non-persistent ratio: 0.50
  Avg Connection 2 duration: 0.866646 sec
  Avg Throughput Persistent: 577.91 Mbps
  Avg Throughput Non-Persistent: 470.19 Mbps
  Avg Persistent packets: 59473.02
  Avg Non-Persistent packets: 48353.42

Summary for Connections 1101 to 1150:
  Avg Non-persistent count: 24426.24
  Avg Persistent count: 24444.84
  Avg Total when both present: 48871.08
  Avg Only persistent count: 14450.14
  Avg Only non-persistent count: 2949.80
  Avg Persistent bytes read: 62550385.44
  Avg Non-persistent bytes read: 50969520.64
  Avg Persistent ratio: 0.51
  Avg Non-persistent ratio: 0.49
  Avg Connection 2 duration: 0.866584 sec
  Avg Throughput Persistent: 577.89 Mbps
  Avg Throughput Non-Persistent: 469.82 Mbps
  Avg Persistent packets: 59459.94
  Avg Non-Persistent packets: 48351.08

Summary for Connections 1151 to 1200:
  Avg Non-persistent count: 24579.16
  Avg Persistent count: 24305.96
  Avg Total when both present: 48885.12
  Avg Only persistent count: 14444.86
  Avg Only non-persistent count: 2931.02
  Avg Persistent bytes read: 62555945.76
  Avg Non-persistent bytes read: 50957372.32
  Avg Persistent ratio: 0.49
  Avg Non-persistent ratio: 0.51
  Avg Connection 2 duration: 0.866459 sec
  Avg Throughput Persistent: 577.29 Mbps
  Avg Throughput Non-Persistent: 470.71 Mbps
  Avg Persistent packets: 59468.04
  Avg Non-Persistent packets: 48345.20

Summary for Connections 1201 to 1250:
  Avg Non-persistent count: 24567.22
  Avg Persistent count: 24313.38
  Avg Total when both present: 48880.60
  Avg Only persistent count: 14452.54
  Avg Only non-persistent count: 2942.88
  Avg Persistent bytes read: 62553566.08
  Avg Non-persistent bytes read: 50958469.92
  Avg Persistent ratio: 0.50
  Avg Non-persistent ratio: 0.50
  Avg Connection 2 duration: 0.866361 sec
  Avg Throughput Persistent: 577.28 Mbps
  Avg Throughput Non-Persistent: 470.80 Mbps
  Avg Persistent packets: 59471.58
  Avg Non-Persistent packets: 48351.32

Summary for Connections 1251 to 1300:
  Avg Non-persistent count: 24548.36
  Avg Persistent count: 24318.82
  Avg Total when both present: 48867.18
  Avg Only persistent count: 14481.34
  Avg Only non-persistent count: 2945.48
  Avg Persistent bytes read: 62580190.24
  Avg Non-persistent bytes read: 50961072.48
  Avg Persistent ratio: 0.49
  Avg Non-persistent ratio: 0.51
  Avg Connection 2 duration: 0.866707 sec
  Avg Throughput Persistent: 577.72 Mbps
  Avg Throughput Non-Persistent: 470.13 Mbps
  Avg Persistent packets: 59486.64
  Avg Non-Persistent packets: 48338.80

Summary for Connections 1301 to 1350:
  Avg Non-persistent count: 24547.12
  Avg Persistent count: 24341.04
  Avg Total when both present: 48888.16
  Avg Only persistent count: 14442.94
  Avg Only non-persistent count: 2935.16
  Avg Persistent bytes read: 62548763.68
  Avg Non-persistent bytes read: 50957551.36
  Avg Persistent ratio: 0.51
  Avg Non-persistent ratio: 0.49
  Avg Connection 2 duration: 0.866387 sec
  Avg Throughput Persistent: 577.78 Mbps
  Avg Throughput Non-Persistent: 470.24 Mbps
  Avg Persistent packets: 59467.68
  Avg Non-Persistent packets: 48350.48

Summary for Connections 1351 to 1400:
  Avg Non-persistent count: 24522.48
  Avg Persistent count: 24292.68
  Avg Total when both present: 48815.16
  Avg Only persistent count: 14507.30
  Avg Only non-persistent count: 2982.94
  Avg Persistent bytes read: 62558117.76
  Avg Non-persistent bytes read: 50950469.44
  Avg Persistent ratio: 0.50
  Avg Non-persistent ratio: 0.50
  Avg Connection 2 duration: 0.866354 sec
  Avg Throughput Persistent: 577.79 Mbps
  Avg Throughput Non-Persistent: 470.38 Mbps
  Avg Persistent packets: 59459.64
  Avg Non-Persistent packets: 48326.00

Summary for Connections 1401 to 1450:
  Avg Non-persistent count: 24579.34
  Avg Persistent count: 24208.32
  Avg Total when both present: 48787.66
  Avg Only persistent count: 14504.74
  Avg Only non-persistent count: 3012.46
  Avg Persistent bytes read: 62539120.00
  Avg Non-persistent bytes read: 50958959.36
  Avg Persistent ratio: 0.50
  Avg Non-persistent ratio: 0.50
  Avg Connection 2 duration: 0.866351 sec
  Avg Throughput Persistent: 577.99 Mbps
  Avg Throughput Non-Persistent: 470.09 Mbps
  Avg Persistent packets: 59431.38
  Avg Non-Persistent packets: 48329.06

Summary for Connections 1451 to 1500:
  Avg Non-persistent count: 24614.42
  Avg Persistent count: 24280.68
  Avg Total when both present: 48895.10
  Avg Only persistent count: 14463.64
  Avg Only non-persistent count: 2932.28
  Avg Persistent bytes read: 62584048.96
  Avg Non-persistent bytes read: 50968859.52
  Avg Persistent ratio: 0.50
  Avg Non-persistent ratio: 0.50
  Avg Connection 2 duration: 0.866842 sec
  Avg Throughput Persistent: 577.73 Mbps
  Avg Throughput Non-Persistent: 470.05 Mbps
  Avg Persistent packets: 59496.24
  Avg Non-Persistent packets: 48354.46

Summary for Connections 1501 to 1550:
  Avg Non-persistent count: 24491.16
  Avg Persistent count: 24340.92
  Avg Total when both present: 48832.08
  Avg Only persistent count: 14544.20
  Avg Only non-persistent count: 2972.82
  Avg Persistent bytes read: 62620688.32
  Avg Non-persistent bytes read: 50963313.44
  Avg Persistent ratio: 0.50
  Avg Non-persistent ratio: 0.50
  Avg Connection 2 duration: 0.867057 sec
  Avg Throughput Persistent: 577.31 Mbps
  Avg Throughput Non-Persistent: 470.69 Mbps
  Avg Persistent packets: 59512.20
  Avg Non-Persistent packets: 48332.06

Summary for Connections 1551 to 1600:
  Avg Non-persistent count: 24484.02
  Avg Persistent count: 24378.24
  Avg Total when both present: 48862.26
  Avg Only persistent count: 14504.62
  Avg Only non-persistent count: 2954.52
  Avg Persistent bytes read: 62598024.64
  Avg Non-persistent bytes read: 50967450.24
  Avg Persistent ratio: 0.49
  Avg Non-persistent ratio: 0.51
  Avg Connection 2 duration: 0.866970 sec
  Avg Throughput Persistent: 577.46 Mbps
  Avg Throughput Non-Persistent: 470.84 Mbps
  Avg Persistent packets: 59501.90
  Avg Non-Persistent packets: 48341.96

Summary for Connections 1601 to 1650:
  Avg Non-persistent count: 24544.90
  Avg Persistent count: 24432.44
  Avg Total when both present: 48977.34
  Avg Only persistent count: 14404.94
  Avg Only non-persistent count: 2866.98
  Avg Persistent bytes read: 62585314.72
  Avg Non-persistent bytes read: 50970535.04
  Avg Persistent ratio: 0.50
  Avg Non-persistent ratio: 0.50
  Avg Connection 2 duration: 0.866813 sec
  Avg Throughput Persistent: 577.56 Mbps
  Avg Throughput Non-Persistent: 470.83 Mbps
  Avg Persistent packets: 59518.44
  Avg Non-Persistent packets: 48370.66

Summary for Connections 1651 to 1700:
  Avg Non-persistent count: 24486.08
  Avg Persistent count: 24315.16
  Avg Total when both present: 48801.24
  Avg Only persistent count: 14516.36
  Avg Only non-persistent count: 2992.52
  Avg Persistent bytes read: 62555172.32
  Avg Non-persistent bytes read: 50951723.20
  Avg Persistent ratio: 0.50
  Avg Non-persistent ratio: 0.50
  Avg Connection 2 duration: 0.866368 sec
  Avg Throughput Persistent: 576.41 Mbps
  Avg Throughput Non-Persistent: 470.68 Mbps
  Avg Persistent packets: 59455.06
  Avg Non-Persistent packets: 48322.74

Summary for Connections 1701 to 1750:
  Avg Non-persistent count: 24468.58
  Avg Persistent count: 24401.18
  Avg Total when both present: 48869.76
  Avg Only persistent count: 14498.28
  Avg Only non-persistent count: 2950.76
  Avg Persistent bytes read: 62591960.00
  Avg Non-persistent bytes read: 50963316.96
  Avg Persistent ratio: 0.49
  Avg Non-persistent ratio: 0.51
  Avg Connection 2 duration: 0.866826 sec
  Avg Throughput Persistent: 577.72 Mbps
  Avg Throughput Non-Persistent: 470.01 Mbps
  Avg Persistent packets: 59505.10
  Avg Non-Persistent packets: 48349.16

Summary for Connections 1751 to 1800:
  Avg Non-persistent count: 24445.38
  Avg Persistent count: 24377.98
  Avg Total when both present: 48823.36
  Avg Only persistent count: 14515.14
  Avg Only non-persistent count: 2980.66
  Avg Persistent bytes read: 62586151.04
  Avg Non-persistent bytes read: 50969064.00
  Avg Persistent ratio: 0.51
  Avg Non-persistent ratio: 0.49
  Avg Connection 2 duration: 0.866984 sec
  Avg Throughput Persistent: 578.01 Mbps
  Avg Throughput Non-Persistent: 470.18 Mbps
  Avg Persistent packets: 59476.36
  Avg Non-Persistent packets: 48333.86

Summary for Connections 1801 to 1850:
  Avg Non-persistent count: 24371.54
  Avg Persistent count: 24367.60
  Avg Total when both present: 48739.14
  Avg Only persistent count: 14572.44
  Avg Only non-persistent count: 3035.50
  Avg Persistent bytes read: 62574660.96
  Avg Non-persistent bytes read: 50958988.00
  Avg Persistent ratio: 0.50
  Avg Non-persistent ratio: 0.50
  Avg Connection 2 duration: 0.866654 sec
  Avg Throughput Persistent: 577.57 Mbps
  Avg Throughput Non-Persistent: 470.45 Mbps
  Avg Persistent packets: 59448.82
  Avg Non-Persistent packets: 48302.14

Summary for Connections 1851 to 1900:
  Avg Non-persistent count: 24467.20
  Avg Persistent count: 24344.24
  Avg Total when both present: 48811.44
  Avg Only persistent count: 14511.88
  Avg Only non-persistent count: 2995.00
  Avg Persistent bytes read: 62568275.68
  Avg Non-persistent bytes read: 50960207.20
  Avg Persistent ratio: 0.51
  Avg Non-persistent ratio: 0.49
  Avg Connection 2 duration: 0.866589 sec
  Avg Throughput Persistent: 577.41 Mbps
  Avg Throughput Non-Persistent: 470.61 Mbps
  Avg Persistent packets: 59460.88
  Avg Non-Persistent packets: 48334.84

Summary for Connections 1901 to 1950:
  Avg Non-persistent count: 24513.86
  Avg Persistent count: 24313.60
  Avg Total when both present: 48827.46
  Avg Only persistent count: 14500.84
  Avg Only non-persistent count: 2983.94
  Avg Persistent bytes read: 62564807.52
  Avg Non-persistent bytes read: 50961963.20
  Avg Persistent ratio: 0.50
  Avg Non-persistent ratio: 0.50
  Avg Connection 2 duration: 0.866556 sec
  Avg Throughput Persistent: 577.09 Mbps
  Avg Throughput Non-Persistent: 471.19 Mbps
  Avg Persistent packets: 59466.12
  Avg Non-Persistent packets: 48338.86

Summary for Connections 1951 to 2000:
  Avg Non-persistent count: 24472.10
  Avg Persistent count: 24304.90
  Avg Total when both present: 48777.00
  Avg Only persistent count: 14537.08
  Avg Only non-persistent count: 3017.80
  Avg Persistent bytes read: 62570338.88
  Avg Non-persistent bytes read: 50962081.60
  Avg Persistent ratio: 0.50
  Avg Non-persistent ratio: 0.50
  Avg Connection 2 duration: 0.866689 sec
  Avg Throughput Persistent: 578.38 Mbps
  Avg Throughput Non-Persistent: 469.35 Mbps
  Avg Persistent packets: 59451.42
  Avg Non-Persistent packets: 48321.80

Summary for Connections 2001 to 2050:
  Avg Non-persistent count: 24571.24
  Avg Persistent count: 24242.56
  Avg Total when both present: 48813.80
  Avg Only persistent count: 14509.78
  Avg Only non-persistent count: 2980.76
  Avg Persistent bytes read: 62560116.00
  Avg Non-persistent bytes read: 50954253.92
  Avg Persistent ratio: 0.50
  Avg Non-persistent ratio: 0.50
  Avg Connection 2 duration: 0.866485 sec
  Avg Throughput Persistent: 577.68 Mbps
  Avg Throughput Non-Persistent: 470.29 Mbps
  Avg Persistent packets: 59461.26
  Avg Non-Persistent packets: 48322.30

Summary for Connections 2051 to 2100:
  Avg Non-persistent count: 24514.60
  Avg Persistent count: 24303.90
  Avg Total when both present: 48818.50
  Avg Only persistent count: 14510.92
  Avg Only non-persistent count: 2980.90
  Avg Persistent bytes read: 62578844.64
  Avg Non-persistent bytes read: 50960717.76
  Avg Persistent ratio: 0.50
  Avg Non-persistent ratio: 0.50
  Avg Connection 2 duration: 0.866637 sec
  Avg Throughput Persistent: 577.48 Mbps
  Avg Throughput Non-Persistent: 470.87 Mbps
  Avg Persistent packets: 59467.20
  Avg Non-Persistent packets: 48327.78

Summary for Connections 2101 to 2150:
  Avg Non-persistent count: 24448.28
  Avg Persistent count: 24392.46
  Avg Total when both present: 48840.74
  Avg Only persistent count: 14509.62
  Avg Only non-persistent count: 2972.62
  Avg Persistent bytes read: 62585435.52
  Avg Non-persistent bytes read: 50960841.92
  Avg Persistent ratio: 0.50
  Avg Non-persistent ratio: 0.50
  Avg Connection 2 duration: 0.866755 sec
  Avg Throughput Persistent: 577.62 Mbps
  Avg Throughput Non-Persistent: 470.33 Mbps
  Avg Persistent packets: 59485.88
  Avg Non-Persistent packets: 48341.32

Summary for Connections 2151 to 2200:
  Avg Non-persistent count: 24567.30
  Avg Persistent count: 24233.72
  Avg Total when both present: 48801.02
  Avg Only persistent count: 14510.40
  Avg Only non-persistent count: 3006.22
  Avg Persistent bytes read: 62559751.52
  Avg Non-persistent bytes read: 50974302.56
  Avg Persistent ratio: 0.48
  Avg Non-persistent ratio: 0.52
  Avg Connection 2 duration: 0.866661 sec
  Avg Throughput Persistent: 576.23 Mbps
  Avg Throughput Non-Persistent: 470.80 Mbps
  Avg Persistent packets: 59448.64
  Avg Non-Persistent packets: 48334.28

Summary for Connections 2201 to 2250:
  Avg Non-persistent count: 24511.46
  Avg Persistent count: 24293.64
  Avg Total when both present: 48805.10
  Avg Only persistent count: 14520.32
  Avg Only non-persistent count: 3003.14
  Avg Persistent bytes read: 62569950.40
  Avg Non-persistent bytes read: 50966160.00
  Avg Persistent ratio: 0.49
  Avg Non-persistent ratio: 0.51
  Avg Connection 2 duration: 0.866654 sec
  Avg Throughput Persistent: 577.03 Mbps
  Avg Throughput Non-Persistent: 471.02 Mbps
  Avg Persistent packets: 59463.92
  Avg Non-Persistent packets: 48335.24

Summary for Connections 2251 to 2300:
  Avg Non-persistent count: 24553.92
  Avg Persistent count: 24301.80
  Avg Total when both present: 48855.72
  Avg Only persistent count: 14474.40
  Avg Only non-persistent count: 2971.04
  Avg Persistent bytes read: 62559768.48
  Avg Non-persistent bytes read: 50972175.52
  Avg Persistent ratio: 0.50
  Avg Non-persistent ratio: 0.50
  Avg Connection 2 duration: 0.866664 sec
  Avg Throughput Persistent: 577.43 Mbps
  Avg Throughput Non-Persistent: 470.61 Mbps
  Avg Persistent packets: 59468.94
  Avg Non-Persistent packets: 48355.72

Summary for Connections 2301 to 2350:
  Avg Non-persistent count: 24542.32
  Avg Persistent count: 24231.64
  Avg Total when both present: 48773.96
  Avg Only persistent count: 14516.44
  Avg Only non-persistent count: 3023.72
  Avg Persistent bytes read: 62542913.76
  Avg Non-persistent bytes read: 50964773.60
  Avg Persistent ratio: 0.49
  Avg Non-persistent ratio: 0.51
  Avg Connection 2 duration: 0.866496 sec
  Avg Throughput Persistent: 577.38 Mbps
  Avg Throughput Non-Persistent: 470.24 Mbps
  Avg Persistent packets: 59427.30
  Avg Non-Persistent packets: 48324.48

Summary for Connections 2351 to 2400:
  Avg Non-persistent count: 24509.94
  Avg Persistent count: 24352.72
  Avg Total when both present: 48862.66
  Avg Only persistent count: 14451.18
  Avg Only non-persistent count: 2950.04
  Avg Persistent bytes read: 62540596.96
  Avg Non-persistent bytes read: 50956265.92
  Avg Persistent ratio: 0.50
  Avg Non-persistent ratio: 0.50
  Avg Connection 2 duration: 0.866530 sec
  Avg Throughput Persistent: 577.62 Mbps
  Avg Throughput Non-Persistent: 470.67 Mbps
  Avg Persistent packets: 59451.88
  Avg Non-Persistent packets: 48341.02

Summary for Connections 2401 to 2450:
  Avg Non-persistent count: 24482.66
  Avg Persistent count: 24373.46
  Avg Total when both present: 48856.12
  Avg Only persistent count: 14487.96
  Avg Only non-persistent count: 2968.32
  Avg Persistent bytes read: 62574856.64
  Avg Non-persistent bytes read: 50969284.96
  Avg Persistent ratio: 0.50
  Avg Non-persistent ratio: 0.50
  Avg Connection 2 duration: 0.866747 sec
  Avg Throughput Persistent: 577.53 Mbps
  Avg Throughput Non-Persistent: 470.80 Mbps
  Avg Persistent packets: 59479.70
  Avg Non-Persistent packets: 48351.40

Summary for Connections 2451 to 2500:
  Avg Non-persistent count: 24500.74
  Avg Persistent count: 24314.72
  Avg Total when both present: 48815.46
  Avg Only persistent count: 14521.56
  Avg Only non-persistent count: 2995.48
  Avg Persistent bytes read: 62571223.20
  Avg Non-persistent bytes read: 50959192.64
  Avg Persistent ratio: 0.50
  Avg Non-persistent ratio: 0.50
  Avg Connection 2 duration: 0.866718 sec
  Avg Throughput Persistent: 577.01 Mbps
  Avg Throughput Non-Persistent: 470.88 Mbps
  Avg Persistent packets: 59476.12
  Avg Non-Persistent packets: 48340.82

Summary for Connections 2501 to 2550:
  Avg Non-persistent count: 24487.88
  Avg Persistent count: 24373.26
  Avg Total when both present: 48861.14
  Avg Only persistent count: 14471.98
  Avg Only non-persistent count: 2952.34
  Avg Persistent bytes read: 62573528.00
  Avg Non-persistent bytes read: 50966658.08
  Avg Persistent ratio: 0.50
  Avg Non-persistent ratio: 0.50
  Avg Connection 2 duration: 0.866720 sec
  Avg Throughput Persistent: 577.64 Mbps
  Avg Throughput Non-Persistent: 470.65 Mbps
  Avg Persistent packets: 59470.28
  Avg Non-Persistent packets: 48340.78

Summary for Connections 2551 to 2600:
  Avg Non-persistent count: 24536.70
  Avg Persistent count: 24282.56
  Avg Total when both present: 48819.26
  Avg Only persistent count: 14512.10
  Avg Only non-persistent count: 2983.92
  Avg Persistent bytes read: 62570434.24
  Avg Non-persistent bytes read: 50958142.88
  Avg Persistent ratio: 0.49
  Avg Non-persistent ratio: 0.51
  Avg Connection 2 duration: 0.866514 sec
  Avg Throughput Persistent: 577.57 Mbps
  Avg Throughput Non-Persistent: 470.57 Mbps
  Avg Persistent packets: 59468.42
  Avg Non-Persistent packets: 48329.52

Summary for Connections 2601 to 2650:
  Avg Non-persistent count: 24391.00
  Avg Persistent count: 24343.56
  Avg Total when both present: 48734.56
  Avg Only persistent count: 14574.94
  Avg Only non-persistent count: 3049.74
  Avg Persistent bytes read: 62576537.76
  Avg Non-persistent bytes read: 50970371.84
  Avg Persistent ratio: 0.50
  Avg Non-persistent ratio: 0.50
  Avg Connection 2 duration: 0.866787 sec
  Avg Throughput Persistent: 577.24 Mbps
  Avg Throughput Non-Persistent: 471.10 Mbps
  Avg Persistent packets: 59447.44
  Avg Non-Persistent packets: 48312.72

Summary for Connections 2651 to 2700:
  Avg Non-persistent count: 24491.04
  Avg Persistent count: 24381.20
  Avg Total when both present: 48872.24
  Avg Only persistent count: 14490.40
  Avg Only non-persistent count: 2951.38
  Avg Persistent bytes read: 62589655.20
  Avg Non-persistent bytes read: 50967608.80
  Avg Persistent ratio: 0.50
  Avg Non-persistent ratio: 0.50
  Avg Connection 2 duration: 0.866837 sec
  Avg Throughput Persistent: 577.74 Mbps
  Avg Throughput Non-Persistent: 470.50 Mbps
  Avg Persistent packets: 59498.76
  Avg Non-Persistent packets: 48350.98

Summary for Connections 2701 to 2750:
  Avg Non-persistent count: 24512.30
  Avg Persistent count: 24325.88
  Avg Total when both present: 48838.18
  Avg Only persistent count: 14485.30
  Avg Only non-persistent count: 2973.86
  Avg Persistent bytes read: 62552354.72
  Avg Non-persistent bytes read: 50955469.92
  Avg Persistent ratio: 0.49
  Avg Non-persistent ratio: 0.51
  Avg Connection 2 duration: 0.866388 sec
  Avg Throughput Persistent: 576.18 Mbps
  Avg Throughput Non-Persistent: 471.01 Mbps
  Avg Persistent packets: 59460.44
  Avg Non-Persistent packets: 48340.50

Summary for Connections 2751 to 2800:
  Avg Non-persistent count: 24493.48
  Avg Persistent count: 24278.74
  Avg Total when both present: 48772.22
  Avg Only persistent count: 14536.82
  Avg Only non-persistent count: 3028.98
  Avg Persistent bytes read: 62556785.60
  Avg Non-persistent bytes read: 50964054.40
  Avg Persistent ratio: 0.50
  Avg Non-persistent ratio: 0.50
  Avg Connection 2 duration: 0.866566 sec
  Avg Throughput Persistent: 577.04 Mbps
  Avg Throughput Non-Persistent: 471.05 Mbps
  Avg Persistent packets: 59447.36
  Avg Non-Persistent packets: 48331.00

Summary for Connections 2801 to 2850:
  Avg Non-persistent count: 24573.50
  Avg Persistent count: 24184.22
  Avg Total when both present: 48757.72
  Avg Only persistent count: 14535.52
  Avg Only non-persistent count: 3047.24
  Avg Persistent bytes read: 62550066.88
  Avg Non-persistent bytes read: 50973705.28
  Avg Persistent ratio: 0.49
  Avg Non-persistent ratio: 0.51
  Avg Connection 2 duration: 0.866551 sec
  Avg Throughput Persistent: 577.66 Mbps
  Avg Throughput Non-Persistent: 470.49 Mbps
  Avg Persistent packets: 59431.02
  Avg Non-Persistent packets: 48331.78

Summary for Connections 2851 to 2900:
  Avg Non-persistent count: 24452.50
  Avg Persistent count: 24229.84
  Avg Total when both present: 48682.34
  Avg Only persistent count: 14629.76
  Avg Only non-persistent count: 3069.62
  Avg Persistent bytes read: 62594839.04
  Avg Non-persistent bytes read: 50951648.16
  Avg Persistent ratio: 0.51
  Avg Non-persistent ratio: 0.49
  Avg Connection 2 duration: 0.866723 sec
  Avg Throughput Persistent: 578.38 Mbps
  Avg Throughput Non-Persistent: 469.75 Mbps
  Avg Persistent packets: 59452.62
  Avg Non-Persistent packets: 48283.34

Summary for Connections 2901 to 2950:
  Avg Non-persistent count: 24613.40
  Avg Persistent count: 24125.94
  Avg Total when both present: 48739.34
  Avg Only persistent count: 14541.66
  Avg Only non-persistent count: 3041.30
  Avg Persistent bytes read: 62544043.20
  Avg Non-persistent bytes read: 50957958.88
  Avg Persistent ratio: 0.51
  Avg Non-persistent ratio: 0.49
  Avg Connection 2 duration: 0.866391 sec
  Avg Throughput Persistent: 577.67 Mbps
  Avg Throughput Non-Persistent: 470.29 Mbps
  Avg Persistent packets: 59419.40
  Avg Non-Persistent packets: 48308.42

Summary for Connections 2951 to 3000:
  Avg Non-persistent count: 24484.68
  Avg Persistent count: 24206.34
  Avg Total when both present: 48691.02
  Avg Only persistent count: 14611.08
  Avg Only non-persistent count: 3080.84
  Avg Persistent bytes read: 62568137.92
  Avg Non-persistent bytes read: 50962749.60
  Avg Persistent ratio: 0.51
  Avg Non-persistent ratio: 0.49
  Avg Connection 2 duration: 0.866590 sec
  Avg Throughput Persistent: 578.05 Mbps
  Avg Throughput Non-Persistent: 469.85 Mbps
  Avg Persistent packets: 59436.28
  Avg Non-Persistent packets: 48298.34

Summary for Connections 3001 to 3050:
  Avg Non-persistent count: 24648.52
  Avg Persistent count: 24222.18
  Avg Total when both present: 48870.70
  Avg Only persistent count: 14497.30
  Avg Only non-persistent count: 2956.76
  Avg Persistent bytes read: 62601367.04
  Avg Non-persistent bytes read: 50975732.80
  Avg Persistent ratio: 0.49
  Avg Non-persistent ratio: 0.51
  Avg Connection 2 duration: 0.867019 sec
  Avg Throughput Persistent: 577.36 Mbps
  Avg Throughput Non-Persistent: 470.66 Mbps
  Avg Persistent packets: 59504.34
  Avg Non-Persistent packets: 48352.94

Summary for Connections 3051 to 3100:
  Avg Non-persistent count: 24427.22
  Avg Persistent count: 24295.60
  Avg Total when both present: 48722.82
  Avg Only persistent count: 14564.88
  Avg Only non-persistent count: 3056.78
  Avg Persistent bytes read: 62552094.08
  Avg Non-persistent bytes read: 50962218.72
  Avg Persistent ratio: 0.49
  Avg Non-persistent ratio: 0.51
  Avg Connection 2 duration: 0.866499 sec
  Avg Throughput Persistent: 577.34 Mbps
  Avg Throughput Non-Persistent: 470.67 Mbps
  Avg Persistent packets: 59424.50
  Avg Non-Persistent packets: 48306.94

Summary for Connections 3101 to 3150:
  Avg Non-persistent count: 24447.56
  Avg Persistent count: 24217.94
  Avg Total when both present: 48665.50
  Avg Only persistent count: 14619.90
  Avg Only non-persistent count: 3100.06
  Avg Persistent bytes read: 62560190.88
  Avg Non-persistent bytes read: 50958201.92
  Avg Persistent ratio: 0.49
  Avg Non-persistent ratio: 0.51
  Avg Connection 2 duration: 0.866503 sec
  Avg Throughput Persistent: 577.23 Mbps
  Avg Throughput Non-Persistent: 471.09 Mbps
  Avg Persistent packets: 59422.22
  Avg Non-Persistent packets: 48292.56

Summary for Connections 3151 to 3200:
  Avg Non-persistent count: 24447.16
  Avg Persistent count: 24386.96
  Avg Total when both present: 48834.12
  Avg Only persistent count: 14522.16
  Avg Only non-persistent count: 2976.48
  Avg Persistent bytes read: 62596445.92
  Avg Non-persistent bytes read: 50964437.12
  Avg Persistent ratio: 0.49
  Avg Non-persistent ratio: 0.51
  Avg Connection 2 duration: 0.866893 sec
  Avg Throughput Persistent: 577.56 Mbps
  Avg Throughput Non-Persistent: 470.51 Mbps
  Avg Persistent packets: 59491.82
  Avg Non-Persistent packets: 48337.86

Summary for Connections 3201 to 3250:
  Avg Non-persistent count: 24451.18
  Avg Persistent count: 24216.98
  Avg Total when both present: 48668.16
  Avg Only persistent count: 14636.60
  Avg Only non-persistent count: 3083.02
  Avg Persistent bytes read: 62590017.60
  Avg Non-persistent bytes read: 50950873.92
  Avg Persistent ratio: 0.49
  Avg Non-persistent ratio: 0.51
  Avg Connection 2 duration: 0.866649 sec
  Avg Throughput Persistent: 577.48 Mbps
  Avg Throughput Non-Persistent: 470.96 Mbps
  Avg Persistent packets: 59440.88
  Avg Non-Persistent packets: 48278.64

Summary for Connections 3251 to 3300:
  Avg Non-persistent count: 24439.52
  Avg Persistent count: 24154.28
  Avg Total when both present: 48593.80
  Avg Only persistent count: 14679.32
  Avg Only non-persistent count: 3144.58
  Avg Persistent bytes read: 62577289.28
  Avg Non-persistent bytes read: 50966504.64
  Avg Persistent ratio: 0.49
  Avg Non-persistent ratio: 0.51
  Avg Connection 2 duration: 0.866667 sec
  Avg Throughput Persistent: 577.91 Mbps
  Avg Throughput Non-Persistent: 469.92 Mbps
  Avg Persistent packets: 59407.12
  Avg Non-Persistent packets: 48263.52

Summary for Connections 3301 to 3350:
  Avg Non-persistent count: 24357.00
  Avg Persistent count: 24206.00
  Avg Total when both present: 48563.00
  Avg Only persistent count: 14670.62
  Avg Only non-persistent count: 3179.12
  Avg Persistent bytes read: 62544534.08
  Avg Non-persistent bytes read: 50976438.72
  Avg Persistent ratio: 0.50
  Avg Non-persistent ratio: 0.50
  Avg Connection 2 duration: 0.866516 sec
  Avg Throughput Persistent: 577.32 Mbps
  Avg Throughput Non-Persistent: 470.81 Mbps
  Avg Persistent packets: 59371.94
  Avg Non-Persistent packets: 48271.70

Summary for Connections 3351 to 3400:
  Avg Non-persistent count: 24336.88
  Avg Persistent count: 24247.64
  Avg Total when both present: 48584.52
  Avg Only persistent count: 14666.34
  Avg Only non-persistent count: 3157.98
  Avg Persistent bytes read: 62559364.48
  Avg Non-persistent bytes read: 50973260.96
  Avg Persistent ratio: 0.50
  Avg Non-persistent ratio: 0.50
  Avg Connection 2 duration: 0.866588 sec
  Avg Throughput Persistent: 577.86 Mbps
  Avg Throughput Non-Persistent: 470.09 Mbps
  Avg Persistent packets: 59386.76
  Avg Non-Persistent packets: 48270.24

Summary for Connections 3401 to 3450:
  Avg Non-persistent count: 24446.64
  Avg Persistent count: 24193.42
  Avg Total when both present: 48640.06
  Avg Only persistent count: 14650.92
  Avg Only non-persistent count: 3099.90
  Avg Persistent bytes read: 62593275.20
  Avg Non-persistent bytes read: 50962685.92
  Avg Persistent ratio: 0.51
  Avg Non-persistent ratio: 0.49
  Avg Connection 2 duration: 0.866864 sec
  Avg Throughput Persistent: 577.78 Mbps
  Avg Throughput Non-Persistent: 470.26 Mbps
  Avg Persistent packets: 59429.42
  Avg Non-Persistent packets: 48268.74

Summary for Connections 3451 to 3500:
  Avg Non-persistent count: 24498.00
  Avg Persistent count: 24166.12
  Avg Total when both present: 48664.12
  Avg Only persistent count: 14602.46
  Avg Only non-persistent count: 3093.32
  Avg Persistent bytes read: 62557756.80
  Avg Non-persistent bytes read: 50961307.68
  Avg Persistent ratio: 0.49
  Avg Non-persistent ratio: 0.51
  Avg Connection 2 duration: 0.866488 sec
  Avg Throughput Persistent: 577.52 Mbps
  Avg Throughput Non-Persistent: 470.63 Mbps
  Avg Persistent packets: 59408.28
  Avg Non-Persistent packets: 48287.22

Summary for Connections 3501 to 3550:
  Avg Non-persistent count: 24476.30
  Avg Persistent count: 24183.10
  Avg Total when both present: 48659.40
  Avg Only persistent count: 14599.42
  Avg Only non-persistent count: 3108.34
  Avg Persistent bytes read: 62538612.16
  Avg Non-persistent bytes read: 50969091.04
  Avg Persistent ratio: 0.49
  Avg Non-persistent ratio: 0.51
  Avg Connection 2 duration: 0.866398 sec
  Avg Throughput Persistent: 576.29 Mbps
  Avg Throughput Non-Persistent: 472.40 Mbps
  Avg Persistent packets: 59396.52
  Avg Non-Persistent packets: 48296.60

Summary for Connections 3551 to 3600:
  Avg Non-persistent count: 24404.34
  Avg Persistent count: 24186.30
  Avg Total when both present: 48590.64
  Avg Only persistent count: 14667.72
  Avg Only non-persistent count: 3140.62
  Avg Persistent bytes read: 62559652.64
  Avg Non-persistent bytes read: 50957195.04
  Avg Persistent ratio: 0.50
  Avg Non-persistent ratio: 0.50
  Avg Connection 2 duration: 0.866480 sec
  Avg Throughput Persistent: 577.79 Mbps
  Avg Throughput Non-Persistent: 470.30 Mbps
  Avg Persistent packets: 59396.10
  Avg Non-Persistent packets: 48259.34

Summary for Connections 3601 to 3650:
  Avg Non-persistent count: 24399.86
  Avg Persistent count: 24261.14
  Avg Total when both present: 48661.00
  Avg Only persistent count: 14607.86
  Avg Only non-persistent count: 3092.30
  Avg Persistent bytes read: 62554845.28
  Avg Non-persistent bytes read: 50958100.00
  Avg Persistent ratio: 0.51
  Avg Non-persistent ratio: 0.49
  Avg Connection 2 duration: 0.866521 sec
  Avg Throughput Persistent: 577.78 Mbps
  Avg Throughput Non-Persistent: 470.17 Mbps
  Avg Persistent packets: 59409.52
  Avg Non-Persistent packets: 48282.56

Summary for Connections 3651 to 3700:
  Avg Non-persistent count: 24524.86
  Avg Persistent count: 24425.38
  Avg Total when both present: 48950.24
  Avg Only persistent count: 14418.70
  Avg Only non-persistent count: 2886.08
  Avg Persistent bytes read: 62584139.36
  Avg Non-persistent bytes read: 50963493.92
  Avg Persistent ratio: 0.49
  Avg Non-persistent ratio: 0.51
  Avg Connection 2 duration: 0.866734 sec
  Avg Throughput Persistent: 577.35 Mbps
  Avg Throughput Non-Persistent: 470.69 Mbps
  Avg Persistent packets: 59505.82
  Avg Non-Persistent packets: 48364.32

Summary for Connections 3701 to 3723:
  Avg Non-persistent count: 23694.91
  Avg Persistent count: 23537.87
  Avg Total when both present: 47232.78
  Avg Only persistent count: 14413.39
  Avg Only non-persistent count: 4549.83
  Avg Persistent bytes read: 60898719.65
  Avg Non-persistent bytes read: 50967051.48
  Avg Persistent ratio: 0.48
  Avg Non-persistent ratio: 0.52
  Avg Connection 2 duration: 0.852423 sec
  Avg Throughput Persistent: 344.58 Mbps
  Avg Throughput Non-Persistent: 771.97 Mbps
  Avg Persistent packets: 57898.13
  Avg Non-Persistent packets: 48367.30


Overall Statistics (Averaged):
Average events when both were present: 48733.53
Average Persistent count: 24297.60
Average Non-Persistent count: 24435.93
Average Persistent Ratio: 0.50
Average Non-Persistent Ratio: 0.50
Rejected connections: 0
Average Only Persistent count: 14857.68
Average Only Non Persistent count: 3051.00
Average persistent bytes per connection: 62851403.71
Average non-persistent bytes per connection: 50958482.89
Average persistent packets per connection: 59719.90
Average non-persistent packets per connection: 48310.55
Total persistent duration: 3600.008098 sec
Total non-persistent duration: 3231.361512 sec
Average Throughput Persistent: 519.99 Mbps
Average Throughput Non-Persistent: 469.69 Mbps
