Summary for Connections 1 to 50:
  Avg Non-persistent count: 47659.12
  Avg Persistent count: 48483.44
  Avg Total when both present: 96142.56
  Avg Only persistent count: 24649.30
  Avg Only non-persistent count: 7612.30
  Avg Persistent bytes read: 119421466.88
  Avg Non-persistent bytes read: 102241462.40
  Avg Persistent ratio: 0.50
  Avg Non-persistent ratio: 0.50
  Avg Connection 2 duration: 1.758883 sec
  Avg Throughput Persistent: 528.81 Mbps
  Avg Throughput Non-Persistent: 466.21 Mbps
  Avg Persistent packets: 113189.98
  Avg Non-Persistent packets: 96696.24

Summary for Connections 51 to 100:
  Avg Non-persistent count: 47668.28
  Avg Persistent count: 48290.18
  Avg Total when both present: 95958.46
  Avg Only persistent count: 21960.22
  Avg Only non-persistent count: 7800.70
  Avg Persistent bytes read: 116535334.56
  Avg Non-persistent bytes read: 102238740.96
  Avg Persistent ratio: 0.50
  Avg Non-persistent ratio: 0.50
  Avg Connection 2 duration: 1.759906 sec
  Avg Throughput Persistent: 529.43 Mbps
  Avg Throughput Non-Persistent: 465.41 Mbps
  Avg Persistent packets: 110414.84
  Avg Non-Persistent packets: 96694.90

Summary for Connections 101 to 150:
  Avg Non-persistent count: 47597.38
  Avg Persistent count: 48263.16
  Avg Total when both present: 95860.54
  Avg Only persistent count: 21977.76
  Avg Only non-persistent count: 7905.12
  Avg Persistent bytes read: 116439778.56
  Avg Non-persistent bytes read: 102241237.12
  Avg Persistent ratio: 0.51
  Avg Non-persistent ratio: 0.49
  Avg Connection 2 duration: 1.759144 sec
  Avg Throughput Persistent: 530.20 Mbps
  Avg Throughput Non-Persistent: 464.61 Mbps
  Avg Persistent packets: 110330.90
  Avg Non-Persistent packets: 96696.60

Summary for Connections 151 to 200:
  Avg Non-persistent count: 47502.22
  Avg Persistent count: 48363.20
  Avg Total when both present: 95865.42
  Avg Only persistent count: 22067.52
  Avg Only non-persistent count: 7905.12
  Avg Persistent bytes read: 116539310.56
  Avg Non-persistent bytes read: 102251127.52
  Avg Persistent ratio: 0.51
  Avg Non-persistent ratio: 0.49
  Avg Connection 2 duration: 1.759619 sec
  Avg Throughput Persistent: 529.84 Mbps
  Avg Throughput Non-Persistent: 464.76 Mbps
  Avg Persistent packets: 110422.78
  Avg Non-Persistent packets: 96700.98

Summary for Connections 201 to 250:
  Avg Non-persistent count: 47515.86
  Avg Persistent count: 48374.30
  Avg Total when both present: 95890.16
  Avg Only persistent count: 22055.38
  Avg Only non-persistent count: 7875.48
  Avg Persistent bytes read: 116551344.48
  Avg Non-persistent bytes read: 102238639.84
  Avg Persistent ratio: 0.51
  Avg Non-persistent ratio: 0.49
  Avg Connection 2 duration: 1.760206 sec
  Avg Throughput Persistent: 529.26 Mbps
  Avg Throughput Non-Persistent: 465.69 Mbps
  Avg Persistent packets: 110437.46
  Avg Non-Persistent packets: 96698.78

Summary for Connections 251 to 300:
  Avg Non-persistent count: 47546.22
  Avg Persistent count: 48204.72
  Avg Total when both present: 95750.94
  Avg Only persistent count: 22252.30
  Avg Only non-persistent count: 8023.92
  Avg Persistent bytes read: 116603329.76
  Avg Non-persistent bytes read: 102243613.76
  Avg Persistent ratio: 0.52
  Avg Non-persistent ratio: 0.48
  Avg Connection 2 duration: 1.760079 sec
  Avg Throughput Persistent: 531.57 Mbps
  Avg Throughput Non-Persistent: 463.04 Mbps
  Avg Persistent packets: 110483.24
  Avg Non-Persistent packets: 96694.86

Summary for Connections 301 to 350:
  Avg Non-persistent count: 47525.94
  Avg Persistent count: 48256.58
  Avg Total when both present: 95782.52
  Avg Only persistent count: 22199.68
  Avg Only non-persistent count: 7992.30
  Avg Persistent bytes read: 116581113.28
  Avg Non-persistent bytes read: 102250981.76
  Avg Persistent ratio: 0.51
  Avg Non-persistent ratio: 0.49
  Avg Connection 2 duration: 1.759940 sec
  Avg Throughput Persistent: 530.59 Mbps
  Avg Throughput Non-Persistent: 464.17 Mbps
  Avg Persistent packets: 110467.40
  Avg Non-Persistent packets: 96701.42

Summary for Connections 351 to 400:
  Avg Non-persistent count: 47510.64
  Avg Persistent count: 48364.56
  Avg Total when both present: 95875.20
  Avg Only persistent count: 22005.52
  Avg Only non-persistent count: 7885.28
  Avg Persistent bytes read: 116490760.16
  Avg Non-persistent bytes read: 102243163.68
  Avg Persistent ratio: 0.50
  Avg Non-persistent ratio: 0.50
  Avg Connection 2 duration: 1.759170 sec
  Avg Throughput Persistent: 529.33 Mbps
  Avg Throughput Non-Persistent: 465.52 Mbps
  Avg Persistent packets: 110374.60
  Avg Non-Persistent packets: 96693.90

Summary for Connections 401 to 450:
  Avg Non-persistent count: 47540.68
  Avg Persistent count: 48251.42
  Avg Total when both present: 95792.10
  Avg Only persistent count: 22211.44
  Avg Only non-persistent count: 7961.48
  Avg Persistent bytes read: 116628536.96
  Avg Non-persistent bytes read: 102242070.56
  Avg Persistent ratio: 0.50
  Avg Non-persistent ratio: 0.50
  Avg Connection 2 duration: 1.760230 sec
  Avg Throughput Persistent: 529.68 Mbps
  Avg Throughput Non-Persistent: 465.15 Mbps
  Avg Persistent packets: 110489.54
  Avg Non-Persistent packets: 96678.52

Summary for Connections 451 to 500:
  Avg Non-persistent count: 47621.70
  Avg Persistent count: 48333.38
  Avg Total when both present: 95955.08
  Avg Only persistent count: 21939.74
  Avg Only non-persistent count: 7817.90
  Avg Persistent bytes read: 116500273.92
  Avg Non-persistent bytes read: 102250891.52
  Avg Persistent ratio: 0.50
  Avg Non-persistent ratio: 0.50
  Avg Connection 2 duration: 1.759162 sec
  Avg Throughput Persistent: 530.21 Mbps
  Avg Throughput Non-Persistent: 464.37 Mbps
  Avg Persistent packets: 110389.56
  Avg Non-Persistent packets: 96706.66

Summary for Connections 501 to 550:
  Avg Non-persistent count: 47565.92
  Avg Persistent count: 48387.78
  Avg Total when both present: 95953.70
  Avg Only persistent count: 22026.18
  Avg Only non-persistent count: 7802.16
  Avg Persistent bytes read: 116587237.92
  Avg Non-persistent bytes read: 102230908.00
  Avg Persistent ratio: 0.51
  Avg Non-persistent ratio: 0.49
  Avg Connection 2 duration: 1.759840 sec
  Avg Throughput Persistent: 529.18 Mbps
  Avg Throughput Non-Persistent: 463.01 Mbps
  Avg Persistent packets: 110472.04
  Avg Non-Persistent packets: 96688.34

Summary for Connections 551 to 600:
  Avg Non-persistent count: 47626.48
  Avg Persistent count: 48359.60
  Avg Total when both present: 95986.08
  Avg Only persistent count: 21963.86
  Avg Only non-persistent count: 7781.56
  Avg Persistent bytes read: 116558167.04
  Avg Non-persistent bytes read: 102245190.24
  Avg Persistent ratio: 0.51
  Avg Non-persistent ratio: 0.49
  Avg Connection 2 duration: 1.760102 sec
  Avg Throughput Persistent: 530.51 Mbps
  Avg Throughput Non-Persistent: 464.31 Mbps
  Avg Persistent packets: 110445.32
  Avg Non-Persistent packets: 96700.82

Summary for Connections 601 to 650:
  Avg Non-persistent count: 47598.42
  Avg Persistent count: 48190.04
  Avg Total when both present: 95788.46
  Avg Only persistent count: 22112.84
  Avg Only non-persistent count: 7967.32
  Avg Persistent bytes read: 116506890.88
  Avg Non-persistent bytes read: 102236404.32
  Avg Persistent ratio: 0.50
  Avg Non-persistent ratio: 0.50
  Avg Connection 2 duration: 1.759321 sec
  Avg Throughput Persistent: 528.89 Mbps
  Avg Throughput Non-Persistent: 466.14 Mbps
  Avg Persistent packets: 110393.14
  Avg Non-Persistent packets: 96684.30

Summary for Connections 651 to 700:
  Avg Non-persistent count: 47709.96
  Avg Persistent count: 48205.92
  Avg Total when both present: 95915.88
  Avg Only persistent count: 21988.00
  Avg Only non-persistent count: 7850.92
  Avg Persistent bytes read: 116511872.00
  Avg Non-persistent bytes read: 102246202.24
  Avg Persistent ratio: 0.51
  Avg Non-persistent ratio: 0.49
  Avg Connection 2 duration: 1.759297 sec
  Avg Throughput Persistent: 530.09 Mbps
  Avg Throughput Non-Persistent: 464.67 Mbps
  Avg Persistent packets: 110394.58
  Avg Non-Persistent packets: 96700.38

Summary for Connections 701 to 750:
  Avg Non-persistent count: 47604.48
  Avg Persistent count: 48355.38
  Avg Total when both present: 95959.86
  Avg Only persistent count: 22025.92
  Avg Only non-persistent count: 7801.98
  Avg Persistent bytes read: 116598494.88
  Avg Non-persistent bytes read: 102240446.24
  Avg Persistent ratio: 0.50
  Avg Non-persistent ratio: 0.50
  Avg Connection 2 duration: 1.760548 sec
  Avg Throughput Persistent: 529.56 Mbps
  Avg Throughput Non-Persistent: 465.21 Mbps
  Avg Persistent packets: 110474.16
  Avg Non-Persistent packets: 96694.72

Summary for Connections 751 to 800:
  Avg Non-persistent count: 47638.34
  Avg Persistent count: 48252.30
  Avg Total when both present: 95890.64
  Avg Only persistent count: 21940.82
  Avg Only non-persistent count: 7871.66
  Avg Persistent bytes read: 116443746.08
  Avg Non-persistent bytes read: 102248557.44
  Avg Persistent ratio: 0.51
  Avg Non-persistent ratio: 0.49
  Avg Connection 2 duration: 1.758702 sec
  Avg Throughput Persistent: 530.30 Mbps
  Avg Throughput Non-Persistent: 464.36 Mbps
  Avg Persistent packets: 110326.18
  Avg Non-Persistent packets: 96693.22

Summary for Connections 801 to 850:
  Avg Non-persistent count: 47671.30
  Avg Persistent count: 48275.24
  Avg Total when both present: 95946.54
  Avg Only persistent count: 21971.56
  Avg Only non-persistent count: 7813.34
  Avg Persistent bytes read: 116524950.56
  Avg Non-persistent bytes read: 102251019.84
  Avg Persistent ratio: 0.51
  Avg Non-persistent ratio: 0.49
  Avg Connection 2 duration: 1.759350 sec
  Avg Throughput Persistent: 530.54 Mbps
  Avg Throughput Non-Persistent: 464.21 Mbps
  Avg Persistent packets: 110409.62
  Avg Non-Persistent packets: 96695.66

Summary for Connections 851 to 900:
  Avg Non-persistent count: 47596.00
  Avg Persistent count: 48318.84
  Avg Total when both present: 95914.84
  Avg Only persistent count: 22009.04
  Avg Only non-persistent count: 7854.82
  Avg Persistent bytes read: 116538737.76
  Avg Non-persistent bytes read: 102249518.24
  Avg Persistent ratio: 0.50
  Avg Non-persistent ratio: 0.50
  Avg Connection 2 duration: 1.759814 sec
  Avg Throughput Persistent: 529.12 Mbps
  Avg Throughput Non-Persistent: 465.55 Mbps
  Avg Persistent packets: 110416.90
  Avg Non-Persistent packets: 96701.98

Summary for Connections 901 to 950:
  Avg Non-persistent count: 47451.72
  Avg Persistent count: 48352.82
  Avg Total when both present: 95804.54
  Avg Only persistent count: 22111.80
  Avg Only non-persistent count: 7967.76
  Avg Persistent bytes read: 116520400.32
  Avg Non-persistent bytes read: 102245737.28
  Avg Persistent ratio: 0.51
  Avg Non-persistent ratio: 0.49
  Avg Connection 2 duration: 1.759630 sec
  Avg Throughput Persistent: 530.26 Mbps
  Avg Throughput Non-Persistent: 464.60 Mbps
  Avg Persistent packets: 110401.32
  Avg Non-Persistent packets: 96698.06

Summary for Connections 951 to 1000:
  Avg Non-persistent count: 47581.02
  Avg Persistent count: 48297.52
  Avg Total when both present: 95878.54
  Avg Only persistent count: 21961.80
  Avg Only non-persistent count: 7881.52
  Avg Persistent bytes read: 116450106.72
  Avg Non-persistent bytes read: 102239765.12
  Avg Persistent ratio: 0.50
  Avg Non-persistent ratio: 0.50
  Avg Connection 2 duration: 1.758911 sec
  Avg Throughput Persistent: 531.00 Mbps
  Avg Throughput Non-Persistent: 463.85 Mbps
  Avg Persistent packets: 110334.72
  Avg Non-Persistent packets: 96695.78

Summary for Connections 1001 to 1050:
  Avg Non-persistent count: 47626.98
  Avg Persistent count: 48320.78
  Avg Total when both present: 95947.76
  Avg Only persistent count: 22014.20
  Avg Only non-persistent count: 7819.30
  Avg Persistent bytes read: 116568228.16
  Avg Non-persistent bytes read: 102245346.72
  Avg Persistent ratio: 0.50
  Avg Non-persistent ratio: 0.50
  Avg Connection 2 duration: 1.760068 sec
  Avg Throughput Persistent: 530.34 Mbps
  Avg Throughput Non-Persistent: 464.37 Mbps
  Avg Persistent packets: 110452.22
  Avg Non-Persistent packets: 96698.56

Summary for Connections 1051 to 1100:
  Avg Non-persistent count: 47511.86
  Avg Persistent count: 48246.56
  Avg Total when both present: 95758.42
  Avg Only persistent count: 22182.44
  Avg Only non-persistent count: 8007.30
  Avg Persistent bytes read: 116547521.76
  Avg Non-persistent bytes read: 102246136.96
  Avg Persistent ratio: 0.50
  Avg Non-persistent ratio: 0.50
  Avg Connection 2 duration: 1.759729 sec
  Avg Throughput Persistent: 529.97 Mbps
  Avg Throughput Non-Persistent: 464.88 Mbps
  Avg Persistent packets: 110427.32
  Avg Non-Persistent packets: 96694.96

Summary for Connections 1101 to 1150:
  Avg Non-persistent count: 47615.28
  Avg Persistent count: 48192.92
  Avg Total when both present: 95808.20
  Avg Only persistent count: 21926.12
  Avg Only non-persistent count: 7946.96
  Avg Persistent bytes read: 116337396.48
  Avg Non-persistent bytes read: 102238720.32
  Avg Persistent ratio: 0.51
  Avg Non-persistent ratio: 0.49
  Avg Connection 2 duration: 1.758316 sec
  Avg Throughput Persistent: 528.16 Mbps
  Avg Throughput Non-Persistent: 466.92 Mbps
  Avg Persistent packets: 110231.48
  Avg Non-Persistent packets: 96694.60

Summary for Connections 1151 to 1200:
  Avg Non-persistent count: 47623.74
  Avg Persistent count: 48420.74
  Avg Total when both present: 96044.48
  Avg Only persistent count: 21921.48
  Avg Only non-persistent count: 7714.94
  Avg Persistent bytes read: 116567417.28
  Avg Non-persistent bytes read: 102238646.08
  Avg Persistent ratio: 0.51
  Avg Non-persistent ratio: 0.49
  Avg Connection 2 duration: 1.759582 sec
  Avg Throughput Persistent: 530.01 Mbps
  Avg Throughput Non-Persistent: 464.78 Mbps
  Avg Persistent packets: 110458.36
  Avg Non-Persistent packets: 96695.68

Summary for Connections 1201 to 1250:
  Avg Non-persistent count: 47721.56
  Avg Persistent count: 48357.16
  Avg Total when both present: 96078.72
  Avg Only persistent count: 21776.44
  Avg Only non-persistent count: 7681.32
  Avg Persistent bytes read: 116456384.64
  Avg Non-persistent bytes read: 102243169.44
  Avg Persistent ratio: 0.49
  Avg Non-persistent ratio: 0.51
  Avg Connection 2 duration: 1.758896 sec
  Avg Throughput Persistent: 529.73 Mbps
  Avg Throughput Non-Persistent: 465.02 Mbps
  Avg Persistent packets: 110353.90
  Avg Non-Persistent packets: 96703.08

Summary for Connections 1251 to 1300:
  Avg Non-persistent count: 47658.18
  Avg Persistent count: 48264.92
  Avg Total when both present: 95923.10
  Avg Only persistent count: 21999.14
  Avg Only non-persistent count: 7843.82
  Avg Persistent bytes read: 116523166.40
  Avg Non-persistent bytes read: 102250939.68
  Avg Persistent ratio: 0.50
  Avg Non-persistent ratio: 0.50
  Avg Connection 2 duration: 1.759390 sec
  Avg Throughput Persistent: 529.17 Mbps
  Avg Throughput Non-Persistent: 465.82 Mbps
  Avg Persistent packets: 110410.70
  Avg Non-Persistent packets: 96699.62

Summary for Connections 1301 to 1350:
  Avg Non-persistent count: 47661.64
  Avg Persistent count: 48366.84
  Avg Total when both present: 96028.48
  Avg Only persistent count: 21792.10
  Avg Only non-persistent count: 7743.42
  Avg Persistent bytes read: 116421082.40
  Avg Non-persistent bytes read: 102244301.12
  Avg Persistent ratio: 0.50
  Avg Non-persistent ratio: 0.50
  Avg Connection 2 duration: 1.758555 sec
  Avg Throughput Persistent: 529.65 Mbps
  Avg Throughput Non-Persistent: 465.17 Mbps
  Avg Persistent packets: 110318.12
  Avg Non-Persistent packets: 96711.64

Summary for Connections 1351 to 1400:
  Avg Non-persistent count: 47696.00
  Avg Persistent count: 48287.74
  Avg Total when both present: 95983.74
  Avg Only persistent count: 21919.24
  Avg Only non-persistent count: 7775.90
  Avg Persistent bytes read: 116504400.32
  Avg Non-persistent bytes read: 102242620.00
  Avg Persistent ratio: 0.50
  Avg Non-persistent ratio: 0.50
  Avg Connection 2 duration: 1.759865 sec
  Avg Throughput Persistent: 530.43 Mbps
  Avg Throughput Non-Persistent: 464.23 Mbps
  Avg Persistent packets: 110398.38
  Avg Non-Persistent packets: 96697.58

Summary for Connections 1401 to 1450:
  Avg Non-persistent count: 47560.72
  Avg Persistent count: 48400.40
  Avg Total when both present: 95961.12
  Avg Only persistent count: 21962.50
  Avg Only non-persistent count: 7803.44
  Avg Persistent bytes read: 116514861.92
  Avg Non-persistent bytes read: 102239855.36
  Avg Persistent ratio: 0.51
  Avg Non-persistent ratio: 0.49
  Avg Connection 2 duration: 1.759794 sec
  Avg Throughput Persistent: 530.48 Mbps
  Avg Throughput Non-Persistent: 464.21 Mbps
  Avg Persistent packets: 110417.02
  Avg Non-Persistent packets: 96701.36

Summary for Connections 1451 to 1500:
  Avg Non-persistent count: 47583.16
  Avg Persistent count: 48246.04
  Avg Total when both present: 95829.20
  Avg Only persistent count: 22050.24
  Avg Only non-persistent count: 7935.08
  Avg Persistent bytes read: 116488030.88
  Avg Non-persistent bytes read: 102246369.92
  Avg Persistent ratio: 0.50
  Avg Non-persistent ratio: 0.50
  Avg Connection 2 duration: 1.759247 sec
  Avg Throughput Persistent: 529.50 Mbps
  Avg Throughput Non-Persistent: 465.40 Mbps
  Avg Persistent packets: 110372.78
  Avg Non-Persistent packets: 96696.82

Summary for Connections 1501 to 1550:
  Avg Non-persistent count: 47651.92
  Avg Persistent count: 48427.90
  Avg Total when both present: 96079.82
  Avg Only persistent count: 21811.84
  Avg Only non-persistent count: 7690.72
  Avg Persistent bytes read: 116497855.36
  Avg Non-persistent bytes read: 102257310.56
  Avg Persistent ratio: 0.51
  Avg Non-persistent ratio: 0.49
  Avg Connection 2 duration: 1.759372 sec
  Avg Throughput Persistent: 530.46 Mbps
  Avg Throughput Non-Persistent: 464.17 Mbps
  Avg Persistent packets: 110386.54
  Avg Non-Persistent packets: 96709.06

Summary for Connections 1551 to 1600:
  Avg Non-persistent count: 47878.68
  Avg Persistent count: 48101.48
  Avg Total when both present: 95980.16
  Avg Only persistent count: 21884.22
  Avg Only non-persistent count: 7789.70
  Avg Persistent bytes read: 116458962.08
  Avg Non-persistent bytes read: 102240867.20
  Avg Persistent ratio: 0.50
  Avg Non-persistent ratio: 0.50
  Avg Connection 2 duration: 1.759153 sec
  Avg Throughput Persistent: 530.39 Mbps
  Avg Throughput Non-Persistent: 464.40 Mbps
  Avg Persistent packets: 110360.44
  Avg Non-Persistent packets: 96710.44

Summary for Connections 1601 to 1650:
  Avg Non-persistent count: 47596.94
  Avg Persistent count: 48386.92
  Avg Total when both present: 95983.86
  Avg Only persistent count: 21944.60
  Avg Only non-persistent count: 7775.10
  Avg Persistent bytes read: 116529798.24
  Avg Non-persistent bytes read: 102237274.40
  Avg Persistent ratio: 0.51
  Avg Non-persistent ratio: 0.49
  Avg Connection 2 duration: 1.759689 sec
  Avg Throughput Persistent: 529.91 Mbps
  Avg Throughput Non-Persistent: 464.81 Mbps
  Avg Persistent packets: 110421.70
  Avg Non-Persistent packets: 96698.10

Summary for Connections 1651 to 1700:
  Avg Non-persistent count: 47667.90
  Avg Persistent count: 48249.70
  Avg Total when both present: 95917.60
  Avg Only persistent count: 21992.60
  Avg Only non-persistent count: 7846.68
  Avg Persistent bytes read: 116507643.84
  Avg Non-persistent bytes read: 102237036.80
  Avg Persistent ratio: 0.50
  Avg Non-persistent ratio: 0.50
  Avg Connection 2 duration: 1.759550 sec
  Avg Throughput Persistent: 530.72 Mbps
  Avg Throughput Non-Persistent: 464.02 Mbps
  Avg Persistent packets: 110401.38
  Avg Non-Persistent packets: 96700.62

Summary for Connections 1701 to 1750:
  Avg Non-persistent count: 47771.76
  Avg Persistent count: 48283.84
  Avg Total when both present: 96055.60
  Avg Only persistent count: 21882.38
  Avg Only non-persistent count: 7721.18
  Avg Persistent bytes read: 116538828.80
  Avg Non-persistent bytes read: 102249672.96
  Avg Persistent ratio: 0.51
  Avg Non-persistent ratio: 0.49
  Avg Connection 2 duration: 1.759753 sec
  Avg Throughput Persistent: 527.54 Mbps
  Avg Throughput Non-Persistent: 461.76 Mbps
  Avg Persistent packets: 110428.96
  Avg Non-Persistent packets: 96715.34

Summary for Connections 1751 to 1800:
  Avg Non-persistent count: 47754.78
  Avg Persistent count: 48299.60
  Avg Total when both present: 96054.38
  Avg Only persistent count: 21849.48
  Avg Only non-persistent count: 7705.10
  Avg Persistent bytes read: 116504093.76
  Avg Non-persistent bytes read: 102242380.64
  Avg Persistent ratio: 0.51
  Avg Non-persistent ratio: 0.49
  Avg Connection 2 duration: 1.759309 sec
  Avg Throughput Persistent: 529.33 Mbps
  Avg Throughput Non-Persistent: 465.44 Mbps
  Avg Persistent packets: 110401.40
  Avg Non-Persistent packets: 96699.42

Summary for Connections 1801 to 1850:
  Avg Non-persistent count: 47552.58
  Avg Persistent count: 48456.62
  Avg Total when both present: 96009.20
  Avg Only persistent count: 21958.68
  Avg Only non-persistent count: 7760.38
  Avg Persistent bytes read: 116558548.48
  Avg Non-persistent bytes read: 102242249.28
  Avg Persistent ratio: 0.52
  Avg Non-persistent ratio: 0.48
  Avg Connection 2 duration: 1.759882 sec
  Avg Throughput Persistent: 530.16 Mbps
  Avg Throughput Non-Persistent: 464.50 Mbps
  Avg Persistent packets: 110457.56
  Avg Non-Persistent packets: 96705.08

Summary for Connections 1851 to 1900:
  Avg Non-persistent count: 47569.12
  Avg Persistent count: 48263.08
  Avg Total when both present: 95832.20
  Avg Only persistent count: 22021.08
  Avg Only non-persistent count: 7933.12
  Avg Persistent bytes read: 116455771.52
  Avg Non-persistent bytes read: 102241854.88
  Avg Persistent ratio: 0.51
  Avg Non-persistent ratio: 0.49
  Avg Connection 2 duration: 1.758686 sec
  Avg Throughput Persistent: 530.30 Mbps
  Avg Throughput Non-Persistent: 464.42 Mbps
  Avg Persistent packets: 110349.26
  Avg Non-Persistent packets: 96701.72

Summary for Connections 1901 to 1936:
  Avg Non-persistent count: 47351.56
  Avg Persistent count: 47919.44
  Avg Total when both present: 95271.00
  Avg Only persistent count: 22066.36
  Avg Only non-persistent count: 8485.92
  Avg Persistent bytes read: 115948481.11
  Avg Non-persistent bytes read: 102245610.44
  Avg Persistent ratio: 0.49
  Avg Non-persistent ratio: 0.51
  Avg Connection 2 duration: 1.754566 sec
  Avg Throughput Persistent: 484.91 Mbps
  Avg Throughput Non-Persistent: 515.74 Mbps
  Avg Persistent packets: 109863.58
  Avg Non-Persistent packets: 96705.44


Overall Statistics (Averaged):
Average events when both were present: 95913.82
Average Persistent count: 48302.06
Average Non-Persistent count: 47611.77
Average Persistent Ratio: 0.50
Average Non-Persistent Ratio: 0.50
Rejected connections: 0
Average Only Persistent count: 22061.14
Average Only Non Persistent count: 7850.62
Average persistent bytes per connection: 116580442.98
Average non-persistent bytes per connection: 102243731.14
Average persistent packets per connection: 110465.33
Average non-persistent packets per connection: 96698.80
Total persistent duration: 3600.009495 sec
Total non-persistent duration: 3406.198721 sec
Average Throughput Persistent: 501.55 Mbps
Average Throughput Non-Persistent: 464.90 Mbps
