Summary for Connections 1 to 50:
  Avg Non-persistent count: 11160.66
  Avg Persistent count: 11460.34
  Avg Total when both present: 22621.00
  Avg Only persistent count: 19457.80
  Avg Only non-persistent count: 2665.66
  Avg Persistent bytes read: 42408049.92
  Avg Non-persistent bytes read: 25351522.88
  Avg Persistent ratio: 0.49
  Avg Non-persistent ratio: 0.51
  Avg Connection 2 duration: 0.435637 sec
  Avg Throughput Persistent: 689.69 Mbps
  Avg Throughput Non-Persistent: 463.43 Mbps
  Avg Persistent packets: 40669.30
  Avg Non-Persistent packets: 24202.68

Summary for Connections 51 to 100:
  Avg Non-persistent count: 11082.06
  Avg Persistent count: 11124.76
  Avg Total when both present: 22206.82
  Avg Only persistent count: 15117.86
  Avg Only non-persistent count: 3055.74
  Avg Persistent bytes read: 37609544.64
  Avg Non-persistent bytes read: 25350981.60
  Avg Persistent ratio: 0.50
  Avg Non-persistent ratio: 0.50
  Avg Connection 2 duration: 0.436615 sec
  Avg Throughput Persistent: 690.64 Mbps
  Avg Throughput Non-Persistent: 461.30 Mbps
  Avg Persistent packets: 36078.90
  Avg Non-Persistent packets: 24222.94

Summary for Connections 101 to 150:
  Avg Non-persistent count: 11076.18
  Avg Persistent count: 11416.72
  Avg Total when both present: 22492.90
  Avg Only persistent count: 14839.82
  Avg Only non-persistent count: 2782.50
  Avg Persistent bytes read: 37606050.40
  Avg Non-persistent bytes read: 25353249.60
  Avg Persistent ratio: 0.51
  Avg Non-persistent ratio: 0.49
  Avg Connection 2 duration: 0.436681 sec
  Avg Throughput Persistent: 690.07 Mbps
  Avg Throughput Non-Persistent: 463.73 Mbps
  Avg Persistent packets: 36055.52
  Avg Non-Persistent packets: 24216.14

Summary for Connections 151 to 200:
  Avg Non-persistent count: 11136.24
  Avg Persistent count: 11321.36
  Avg Total when both present: 22457.60
  Avg Only persistent count: 14832.88
  Avg Only non-persistent count: 2823.48
  Avg Persistent bytes read: 37564482.08
  Avg Non-persistent bytes read: 25360649.44
  Avg Persistent ratio: 0.49
  Avg Non-persistent ratio: 0.51
  Avg Connection 2 duration: 0.436376 sec
  Avg Throughput Persistent: 688.85 Mbps
  Avg Throughput Non-Persistent: 463.17 Mbps
  Avg Persistent packets: 36019.24
  Avg Non-Persistent packets: 24221.60

Summary for Connections 201 to 250:
  Avg Non-persistent count: 10976.52
  Avg Persistent count: 11077.88
  Avg Total when both present: 22054.40
  Avg Only persistent count: 15269.16
  Avg Only non-persistent count: 3200.98
  Avg Persistent bytes read: 37627030.24
  Avg Non-persistent bytes read: 25365919.68
  Avg Persistent ratio: 0.49
  Avg Non-persistent ratio: 0.51
  Avg Connection 2 duration: 0.436979 sec
  Avg Throughput Persistent: 688.85 Mbps
  Avg Throughput Non-Persistent: 462.21 Mbps
  Avg Persistent packets: 36124.00
  Avg Non-Persistent packets: 24258.10

Summary for Connections 251 to 300:
  Avg Non-persistent count: 11051.62
  Avg Persistent count: 11063.78
  Avg Total when both present: 22115.40
  Avg Only persistent count: 15194.80
  Avg Only non-persistent count: 3143.02
  Avg Persistent bytes read: 37603633.28
  Avg Non-persistent bytes read: 25358532.48
  Avg Persistent ratio: 0.54
  Avg Non-persistent ratio: 0.46
  Avg Connection 2 duration: 0.436739 sec
  Avg Throughput Persistent: 684.76 Mbps
  Avg Throughput Non-Persistent: 467.25 Mbps
  Avg Persistent packets: 36093.96
  Avg Non-Persistent packets: 24247.10

Summary for Connections 301 to 350:
  Avg Non-persistent count: 10951.64
  Avg Persistent count: 11222.88
  Avg Total when both present: 22174.52
  Avg Only persistent count: 15206.82
  Avg Only non-persistent count: 3081.36
  Avg Persistent bytes read: 37679363.68
  Avg Non-persistent bytes read: 25355689.76
  Avg Persistent ratio: 0.48
  Avg Non-persistent ratio: 0.52
  Avg Connection 2 duration: 0.437273 sec
  Avg Throughput Persistent: 690.31 Mbps
  Avg Throughput Non-Persistent: 461.94 Mbps
  Avg Persistent packets: 36165.22
  Avg Non-Persistent packets: 24241.06

Summary for Connections 351 to 400:
  Avg Non-persistent count: 11000.08
  Avg Persistent count: 11177.80
  Avg Total when both present: 22177.88
  Avg Only persistent count: 15087.56
  Avg Only non-persistent count: 3070.60
  Avg Persistent bytes read: 37551416.96
  Avg Non-persistent bytes read: 25344330.72
  Avg Persistent ratio: 0.51
  Avg Non-persistent ratio: 0.49
  Avg Connection 2 duration: 0.436237 sec
  Avg Throughput Persistent: 686.97 Mbps
  Avg Throughput Non-Persistent: 468.20 Mbps
  Avg Persistent packets: 36043.96
  Avg Non-Persistent packets: 24235.94

Summary for Connections 401 to 450:
  Avg Non-persistent count: 10957.88
  Avg Persistent count: 11065.54
  Avg Total when both present: 22023.42
  Avg Only persistent count: 15293.78
  Avg Only non-persistent count: 3224.04
  Avg Persistent bytes read: 37613654.88
  Avg Non-persistent bytes read: 25353107.84
  Avg Persistent ratio: 0.49
  Avg Non-persistent ratio: 0.51
  Avg Connection 2 duration: 0.436748 sec
  Avg Throughput Persistent: 687.80 Mbps
  Avg Throughput Non-Persistent: 467.48 Mbps
  Avg Persistent packets: 36105.38
  Avg Non-Persistent packets: 24240.76

Summary for Connections 451 to 500:
  Avg Non-persistent count: 10866.98
  Avg Persistent count: 11212.06
  Avg Total when both present: 22079.04
  Avg Only persistent count: 15253.78
  Avg Only non-persistent count: 3157.94
  Avg Persistent bytes read: 37638153.60
  Avg Non-persistent bytes read: 25341866.08
  Avg Persistent ratio: 0.51
  Avg Non-persistent ratio: 0.49
  Avg Connection 2 duration: 0.436999 sec
  Avg Throughput Persistent: 690.82 Mbps
  Avg Throughput Non-Persistent: 461.36 Mbps
  Avg Persistent packets: 36136.80
  Avg Non-Persistent packets: 24237.16

Summary for Connections 501 to 550:
  Avg Non-persistent count: 11130.76
  Avg Persistent count: 11204.92
  Avg Total when both present: 22335.68
  Avg Only persistent count: 14979.94
  Avg Only non-persistent count: 2910.96
  Avg Persistent bytes read: 37598739.04
  Avg Non-persistent bytes read: 25336253.92
  Avg Persistent ratio: 0.51
  Avg Non-persistent ratio: 0.49
  Avg Connection 2 duration: 0.436545 sec
  Avg Throughput Persistent: 689.68 Mbps
  Avg Throughput Non-Persistent: 464.25 Mbps
  Avg Persistent packets: 36074.36
  Avg Non-Persistent packets: 24214.06

Summary for Connections 551 to 600:
  Avg Non-persistent count: 11132.78
  Avg Persistent count: 11261.40
  Avg Total when both present: 22394.18
  Avg Only persistent count: 14909.30
  Avg Only non-persistent count: 2874.50
  Avg Persistent bytes read: 37587908.00
  Avg Non-persistent bytes read: 25352788.00
  Avg Persistent ratio: 0.49
  Avg Non-persistent ratio: 0.51
  Avg Connection 2 duration: 0.436540 sec
  Avg Throughput Persistent: 687.67 Mbps
  Avg Throughput Non-Persistent: 466.89 Mbps
  Avg Persistent packets: 36046.84
  Avg Non-Persistent packets: 24219.06

Summary for Connections 601 to 650:
  Avg Non-persistent count: 11260.42
  Avg Persistent count: 11344.40
  Avg Total when both present: 22604.82
  Avg Only persistent count: 14755.34
  Avg Only non-persistent count: 2661.82
  Avg Persistent bytes read: 37634061.76
  Avg Non-persistent bytes read: 25336398.56
  Avg Persistent ratio: 0.49
  Avg Non-persistent ratio: 0.51
  Avg Connection 2 duration: 0.436834 sec
  Avg Throughput Persistent: 688.66 Mbps
  Avg Throughput Non-Persistent: 465.60 Mbps
  Avg Persistent packets: 36075.64
  Avg Non-Persistent packets: 24193.40

Summary for Connections 651 to 700:
  Avg Non-persistent count: 11155.38
  Avg Persistent count: 11249.78
  Avg Total when both present: 22405.16
  Avg Only persistent count: 14969.46
  Avg Only non-persistent count: 2854.62
  Avg Persistent bytes read: 37648843.36
  Avg Non-persistent bytes read: 25333847.36
  Avg Persistent ratio: 0.48
  Avg Non-persistent ratio: 0.52
  Avg Connection 2 duration: 0.436810 sec
  Avg Throughput Persistent: 690.27 Mbps
  Avg Throughput Non-Persistent: 462.53 Mbps
  Avg Persistent packets: 36099.24
  Avg Non-Persistent packets: 24193.70

Summary for Connections 701 to 750:
  Avg Non-persistent count: 11064.58
  Avg Persistent count: 11273.78
  Avg Total when both present: 22338.36
  Avg Only persistent count: 15024.70
  Avg Only non-persistent count: 2909.90
  Avg Persistent bytes read: 37655302.88
  Avg Non-persistent bytes read: 25344000.32
  Avg Persistent ratio: 0.51
  Avg Non-persistent ratio: 0.49
  Avg Connection 2 duration: 0.437079 sec
  Avg Throughput Persistent: 690.37 Mbps
  Avg Throughput Non-Persistent: 461.61 Mbps
  Avg Persistent packets: 36133.30
  Avg Non-Persistent packets: 24223.12

Summary for Connections 751 to 800:
  Avg Non-persistent count: 10901.02
  Avg Persistent count: 11030.46
  Avg Total when both present: 21931.48
  Avg Only persistent count: 15390.80
  Avg Only non-persistent count: 3303.46
  Avg Persistent bytes read: 37630334.40
  Avg Non-persistent bytes read: 25346660.64
  Avg Persistent ratio: 0.50
  Avg Non-persistent ratio: 0.50
  Avg Connection 2 duration: 0.436933 sec
  Avg Throughput Persistent: 686.13 Mbps
  Avg Throughput Non-Persistent: 469.22 Mbps
  Avg Persistent packets: 36140.62
  Avg Non-Persistent packets: 24244.54

Summary for Connections 801 to 850:
  Avg Non-persistent count: 10898.90
  Avg Persistent count: 11015.16
  Avg Total when both present: 21914.06
  Avg Only persistent count: 15350.04
  Avg Only non-persistent count: 3310.14
  Avg Persistent bytes read: 37564982.24
  Avg Non-persistent bytes read: 25333138.24
  Avg Persistent ratio: 0.51
  Avg Non-persistent ratio: 0.49
  Avg Connection 2 duration: 0.436254 sec
  Avg Throughput Persistent: 688.97 Mbps
  Avg Throughput Non-Persistent: 466.52 Mbps
  Avg Persistent packets: 36061.48
  Avg Non-Persistent packets: 24229.30

Summary for Connections 851 to 900:
  Avg Non-persistent count: 11166.86
  Avg Persistent count: 11263.80
  Avg Total when both present: 22430.66
  Avg Only persistent count: 14940.14
  Avg Only non-persistent count: 2824.32
  Avg Persistent bytes read: 37647570.56
  Avg Non-persistent bytes read: 25337954.08
  Avg Persistent ratio: 0.51
  Avg Non-persistent ratio: 0.49
  Avg Connection 2 duration: 0.436968 sec
  Avg Throughput Persistent: 688.52 Mbps
  Avg Throughput Non-Persistent: 465.13 Mbps
  Avg Persistent packets: 36096.50
  Avg Non-Persistent packets: 24194.14

Summary for Connections 901 to 950:
  Avg Non-persistent count: 11005.86
  Avg Persistent count: 11105.42
  Avg Total when both present: 22111.28
  Avg Only persistent count: 15255.12
  Avg Only non-persistent count: 3125.04
  Avg Persistent bytes read: 37665302.56
  Avg Non-persistent bytes read: 25341800.96
  Avg Persistent ratio: 0.50
  Avg Non-persistent ratio: 0.50
  Avg Connection 2 duration: 0.437008 sec
  Avg Throughput Persistent: 691.97 Mbps
  Avg Throughput Non-Persistent: 457.58 Mbps
  Avg Persistent packets: 36153.80
  Avg Non-Persistent packets: 24230.14

Summary for Connections 951 to 1000:
  Avg Non-persistent count: 11171.38
  Avg Persistent count: 11278.76
  Avg Total when both present: 22450.14
  Avg Only persistent count: 14914.30
  Avg Only non-persistent count: 2828.00
  Avg Persistent bytes read: 37643916.64
  Avg Non-persistent bytes read: 25360244.64
  Avg Persistent ratio: 0.51
  Avg Non-persistent ratio: 0.49
  Avg Connection 2 duration: 0.437232 sec
  Avg Throughput Persistent: 687.58 Mbps
  Avg Throughput Non-Persistent: 465.43 Mbps
  Avg Persistent packets: 36092.42
  Avg Non-Persistent packets: 24219.70

Summary for Connections 1001 to 1050:
  Avg Non-persistent count: 11263.18
  Avg Persistent count: 11235.76
  Avg Total when both present: 22498.94
  Avg Only persistent count: 14788.94
  Avg Only non-persistent count: 2763.80
  Avg Persistent bytes read: 37562380.80
  Avg Non-persistent bytes read: 25340278.40
  Avg Persistent ratio: 0.49
  Avg Non-persistent ratio: 0.51
  Avg Connection 2 duration: 0.436166 sec
  Avg Throughput Persistent: 692.03 Mbps
  Avg Throughput Non-Persistent: 459.50 Mbps
  Avg Persistent packets: 36009.28
  Avg Non-Persistent packets: 24198.88

Summary for Connections 1051 to 1100:
  Avg Non-persistent count: 11148.54
  Avg Persistent count: 11256.50
  Avg Total when both present: 22405.04
  Avg Only persistent count: 14946.98
  Avg Only non-persistent count: 2866.56
  Avg Persistent bytes read: 37628223.84
  Avg Non-persistent bytes read: 25348437.92
  Avg Persistent ratio: 0.51
  Avg Non-persistent ratio: 0.49
  Avg Connection 2 duration: 0.436751 sec
  Avg Throughput Persistent: 690.37 Mbps
  Avg Throughput Non-Persistent: 461.93 Mbps
  Avg Persistent packets: 36082.02
  Avg Non-Persistent packets: 24214.16

Summary for Connections 1101 to 1150:
  Avg Non-persistent count: 11066.18
  Avg Persistent count: 11228.46
  Avg Total when both present: 22294.64
  Avg Only persistent count: 14995.22
  Avg Only non-persistent count: 2967.70
  Avg Persistent bytes read: 37570918.40
  Avg Non-persistent bytes read: 25348253.12
  Avg Persistent ratio: 0.51
  Avg Non-persistent ratio: 0.49
  Avg Connection 2 duration: 0.436407 sec
  Avg Throughput Persistent: 690.05 Mbps
  Avg Throughput Non-Persistent: 464.83 Mbps
  Avg Persistent packets: 36041.52
  Avg Non-Persistent packets: 24224.82

Summary for Connections 1151 to 1200:
  Avg Non-persistent count: 11210.06
  Avg Persistent count: 11265.04
  Avg Total when both present: 22475.10
  Avg Only persistent count: 14811.54
  Avg Only non-persistent count: 2791.64
  Avg Persistent bytes read: 37566960.00
  Avg Non-persistent bytes read: 25349492.96
  Avg Persistent ratio: 0.48
  Avg Non-persistent ratio: 0.52
  Avg Connection 2 duration: 0.436260 sec
  Avg Throughput Persistent: 689.63 Mbps
  Avg Throughput Non-Persistent: 461.41 Mbps
  Avg Persistent packets: 36022.18
  Avg Non-Persistent packets: 24214.48

Summary for Connections 1201 to 1250:
  Avg Non-persistent count: 11318.44
  Avg Persistent count: 11254.28
  Avg Total when both present: 22572.72
  Avg Only persistent count: 14710.20
  Avg Only non-persistent count: 2716.78
  Avg Persistent bytes read: 37548812.00
  Avg Non-persistent bytes read: 25353196.16
  Avg Persistent ratio: 0.51
  Avg Non-persistent ratio: 0.49
  Avg Connection 2 duration: 0.436235 sec
  Avg Throughput Persistent: 686.53 Mbps
  Avg Throughput Non-Persistent: 470.31 Mbps
  Avg Persistent packets: 35986.94
  Avg Non-Persistent packets: 24201.40

Summary for Connections 1251 to 1300:
  Avg Non-persistent count: 11171.78
  Avg Persistent count: 11358.48
  Avg Total when both present: 22530.26
  Avg Only persistent count: 14811.58
  Avg Only non-persistent count: 2746.72
  Avg Persistent bytes read: 37613718.40
  Avg Non-persistent bytes read: 25349535.04
  Avg Persistent ratio: 0.51
  Avg Non-persistent ratio: 0.49
  Avg Connection 2 duration: 0.436698 sec
  Avg Throughput Persistent: 690.90 Mbps
  Avg Throughput Non-Persistent: 467.51 Mbps
  Avg Persistent packets: 36059.70
  Avg Non-Persistent packets: 24209.06

Summary for Connections 1301 to 1350:
  Avg Non-persistent count: 11208.62
  Avg Persistent count: 11311.26
  Avg Total when both present: 22519.88
  Avg Only persistent count: 14764.98
  Avg Only non-persistent count: 2760.02
  Avg Persistent bytes read: 37555359.84
  Avg Non-persistent bytes read: 25357858.08
  Avg Persistent ratio: 0.48
  Avg Non-persistent ratio: 0.52
  Avg Connection 2 duration: 0.436305 sec
  Avg Throughput Persistent: 690.06 Mbps
  Avg Throughput Non-Persistent: 463.47 Mbps
  Avg Persistent packets: 36000.90
  Avg Non-Persistent packets: 24214.38

Summary for Connections 1351 to 1400:
  Avg Non-persistent count: 11131.32
  Avg Persistent count: 11277.32
  Avg Total when both present: 22408.64
  Avg Only persistent count: 14895.20
  Avg Only non-persistent count: 2857.84
  Avg Persistent bytes read: 37578896.48
  Avg Non-persistent bytes read: 25347110.24
  Avg Persistent ratio: 0.50
  Avg Non-persistent ratio: 0.50
  Avg Connection 2 duration: 0.436321 sec
  Avg Throughput Persistent: 687.98 Mbps
  Avg Throughput Non-Persistent: 466.55 Mbps
  Avg Persistent packets: 36033.32
  Avg Non-Persistent packets: 24208.10

Summary for Connections 1401 to 1450:
  Avg Non-persistent count: 11096.74
  Avg Persistent count: 11423.16
  Avg Total when both present: 22519.90
  Avg Only persistent count: 14820.76
  Avg Only non-persistent count: 2767.10
  Avg Persistent bytes read: 37603696.16
  Avg Non-persistent bytes read: 25353595.68
  Avg Persistent ratio: 0.54
  Avg Non-persistent ratio: 0.46
  Avg Connection 2 duration: 0.436758 sec
  Avg Throughput Persistent: 691.76 Mbps
  Avg Throughput Non-Persistent: 461.40 Mbps
  Avg Persistent packets: 36040.50
  Avg Non-Persistent packets: 24200.72

Summary for Connections 1451 to 1500:
  Avg Non-persistent count: 11214.28
  Avg Persistent count: 11143.44
  Avg Total when both present: 22357.72
  Avg Only persistent count: 14928.96
  Avg Only non-persistent count: 2918.88
  Avg Persistent bytes read: 37562939.52
  Avg Non-persistent bytes read: 25356091.68
  Avg Persistent ratio: 0.51
  Avg Non-persistent ratio: 0.49
  Avg Connection 2 duration: 0.436340 sec
  Avg Throughput Persistent: 686.87 Mbps
  Avg Throughput Non-Persistent: 466.82 Mbps
  Avg Persistent packets: 36015.42
  Avg Non-Persistent packets: 24218.20

Summary for Connections 1501 to 1550:
  Avg Non-persistent count: 11188.74
  Avg Persistent count: 11344.40
  Avg Total when both present: 22533.14
  Avg Only persistent count: 14814.10
  Avg Only non-persistent count: 2748.50
  Avg Persistent bytes read: 37611441.12
  Avg Non-persistent bytes read: 25347869.28
  Avg Persistent ratio: 0.52
  Avg Non-persistent ratio: 0.48
  Avg Connection 2 duration: 0.436719 sec
  Avg Throughput Persistent: 691.95 Mbps
  Avg Throughput Non-Persistent: 459.71 Mbps
  Avg Persistent packets: 36044.80
  Avg Non-Persistent packets: 24194.78

Summary for Connections 1551 to 1600:
  Avg Non-persistent count: 11151.68
  Avg Persistent count: 11433.50
  Avg Total when both present: 22585.18
  Avg Only persistent count: 14681.68
  Avg Only non-persistent count: 2699.84
  Avg Persistent bytes read: 37539300.48
  Avg Non-persistent bytes read: 25356901.28
  Avg Persistent ratio: 0.51
  Avg Non-persistent ratio: 0.49
  Avg Connection 2 duration: 0.436200 sec
  Avg Throughput Persistent: 689.95 Mbps
  Avg Throughput Non-Persistent: 463.07 Mbps
  Avg Persistent packets: 35973.48
  Avg Non-Persistent packets: 24203.68

Summary for Connections 1601 to 1650:
  Avg Non-persistent count: 11209.90
  Avg Persistent count: 11381.32
  Avg Total when both present: 22591.22
  Avg Only persistent count: 14723.02
  Avg Only non-persistent count: 2688.08
  Avg Persistent bytes read: 37585334.56
  Avg Non-persistent bytes read: 25349154.40
  Avg Persistent ratio: 0.50
  Avg Non-persistent ratio: 0.50
  Avg Connection 2 duration: 0.436538 sec
  Avg Throughput Persistent: 691.30 Mbps
  Avg Throughput Non-Persistent: 460.12 Mbps
  Avg Persistent packets: 36028.92
  Avg Non-Persistent packets: 24202.54

Summary for Connections 1651 to 1700:
  Avg Non-persistent count: 11141.26
  Avg Persistent count: 11287.36
  Avg Total when both present: 22428.62
  Avg Only persistent count: 14856.76
  Avg Only non-persistent count: 2845.76
  Avg Persistent bytes read: 37557825.12
  Avg Non-persistent bytes read: 25352590.24
  Avg Persistent ratio: 0.51
  Avg Non-persistent ratio: 0.49
  Avg Connection 2 duration: 0.436340 sec
  Avg Throughput Persistent: 688.55 Mbps
  Avg Throughput Non-Persistent: 463.33 Mbps
  Avg Persistent packets: 36009.96
  Avg Non-Persistent packets: 24212.24

Summary for Connections 1701 to 1750:
  Avg Non-persistent count: 11067.64
  Avg Persistent count: 11133.88
  Avg Total when both present: 22201.52
  Avg Only persistent count: 15126.34
  Avg Only non-persistent count: 3052.80
  Avg Persistent bytes read: 37609936.00
  Avg Non-persistent bytes read: 25341673.12
  Avg Persistent ratio: 0.52
  Avg Non-persistent ratio: 0.48
  Avg Connection 2 duration: 0.436648 sec
  Avg Throughput Persistent: 688.93 Mbps
  Avg Throughput Non-Persistent: 463.10 Mbps
  Avg Persistent packets: 36084.62
  Avg Non-Persistent packets: 24216.38

Summary for Connections 1751 to 1800:
  Avg Non-persistent count: 11017.80
  Avg Persistent count: 11221.48
  Avg Total when both present: 22239.28
  Avg Only persistent count: 15097.36
  Avg Only non-persistent count: 3024.84
  Avg Persistent bytes read: 37632136.96
  Avg Non-persistent bytes read: 25357407.84
  Avg Persistent ratio: 0.51
  Avg Non-persistent ratio: 0.49
  Avg Connection 2 duration: 0.436946 sec
  Avg Throughput Persistent: 691.61 Mbps
  Avg Throughput Non-Persistent: 462.16 Mbps
  Avg Persistent packets: 36109.60
  Avg Non-Persistent packets: 24237.36

Summary for Connections 1801 to 1850:
  Avg Non-persistent count: 11047.64
  Avg Persistent count: 11160.54
  Avg Total when both present: 22208.18
  Avg Only persistent count: 15138.82
  Avg Only non-persistent count: 3038.76
  Avg Persistent bytes read: 37640115.84
  Avg Non-persistent bytes read: 25343882.88
  Avg Persistent ratio: 0.50
  Avg Non-persistent ratio: 0.50
  Avg Connection 2 duration: 0.436875 sec
  Avg Throughput Persistent: 688.31 Mbps
  Avg Throughput Non-Persistent: 466.62 Mbps
  Avg Persistent packets: 36121.30
  Avg Non-Persistent packets: 24226.96

Summary for Connections 1851 to 1900:
  Avg Non-persistent count: 11174.72
  Avg Persistent count: 11300.60
  Avg Total when both present: 22475.32
  Avg Only persistent count: 14751.62
  Avg Only non-persistent count: 2808.74
  Avg Persistent bytes read: 37503733.92
  Avg Non-persistent bytes read: 25364578.72
  Avg Persistent ratio: 0.51
  Avg Non-persistent ratio: 0.49
  Avg Connection 2 duration: 0.436077 sec
  Avg Throughput Persistent: 686.65 Mbps
  Avg Throughput Non-Persistent: 468.26 Mbps
  Avg Persistent packets: 35963.20
  Avg Non-Persistent packets: 24230.64

Summary for Connections 1901 to 1950:
  Avg Non-persistent count: 10978.28
  Avg Persistent count: 11113.38
  Avg Total when both present: 22091.66
  Avg Only persistent count: 15201.04
  Avg Only non-persistent count: 3142.98
  Avg Persistent bytes read: 37587113.44
  Avg Non-persistent bytes read: 25341212.00
  Avg Persistent ratio: 0.47
  Avg Non-persistent ratio: 0.53
  Avg Connection 2 duration: 0.436496 sec
  Avg Throughput Persistent: 686.29 Mbps
  Avg Throughput Non-Persistent: 467.32 Mbps
  Avg Persistent packets: 36078.44
  Avg Non-Persistent packets: 24231.12

Summary for Connections 1951 to 2000:
  Avg Non-persistent count: 10979.80
  Avg Persistent count: 11138.92
  Avg Total when both present: 22118.72
  Avg Only persistent count: 15158.94
  Avg Only non-persistent count: 3134.96
  Avg Persistent bytes read: 37563176.16
  Avg Non-persistent bytes read: 25343660.16
  Avg Persistent ratio: 0.50
  Avg Non-persistent ratio: 0.50
  Avg Connection 2 duration: 0.436229 sec
  Avg Throughput Persistent: 688.00 Mbps
  Avg Throughput Non-Persistent: 468.72 Mbps
  Avg Persistent packets: 36040.12
  Avg Non-Persistent packets: 24217.60

Summary for Connections 2001 to 2050:
  Avg Non-persistent count: 10944.80
  Avg Persistent count: 11079.12
  Avg Total when both present: 22023.92
  Avg Only persistent count: 15323.76
  Avg Only non-persistent count: 3231.72
  Avg Persistent bytes read: 37644652.64
  Avg Non-persistent bytes read: 25361213.12
  Avg Persistent ratio: 0.51
  Avg Non-persistent ratio: 0.49
  Avg Connection 2 duration: 0.437179 sec
  Avg Throughput Persistent: 687.43 Mbps
  Avg Throughput Non-Persistent: 467.45 Mbps
  Avg Persistent packets: 36136.00
  Avg Non-Persistent packets: 24255.06

Summary for Connections 2051 to 2100:
  Avg Non-persistent count: 11164.26
  Avg Persistent count: 11435.26
  Avg Total when both present: 22599.52
  Avg Only persistent count: 14732.96
  Avg Only non-persistent count: 2674.84
  Avg Persistent bytes read: 37591631.84
  Avg Non-persistent bytes read: 25333873.12
  Avg Persistent ratio: 0.48
  Avg Non-persistent ratio: 0.52
  Avg Connection 2 duration: 0.436481 sec
  Avg Throughput Persistent: 690.93 Mbps
  Avg Throughput Non-Persistent: 465.36 Mbps
  Avg Persistent packets: 36019.82
  Avg Non-Persistent packets: 24176.22

Summary for Connections 2101 to 2150:
  Avg Non-persistent count: 11196.90
  Avg Persistent count: 11169.66
  Avg Total when both present: 22366.56
  Avg Only persistent count: 14924.52
  Avg Only non-persistent count: 2902.12
  Avg Persistent bytes read: 37556886.88
  Avg Non-persistent bytes read: 25337781.44
  Avg Persistent ratio: 0.47
  Avg Non-persistent ratio: 0.53
  Avg Connection 2 duration: 0.436231 sec
  Avg Throughput Persistent: 687.16 Mbps
  Avg Throughput Non-Persistent: 465.22 Mbps
  Avg Persistent packets: 35997.42
  Avg Non-Persistent packets: 24187.30

Summary for Connections 2151 to 2200:
  Avg Non-persistent count: 11283.26
  Avg Persistent count: 11338.50
  Avg Total when both present: 22621.76
  Avg Only persistent count: 14732.32
  Avg Only non-persistent count: 2670.88
  Avg Persistent bytes read: 37602595.68
  Avg Non-persistent bytes read: 25342580.96
  Avg Persistent ratio: 0.49
  Avg Non-persistent ratio: 0.51
  Avg Connection 2 duration: 0.436616 sec
  Avg Throughput Persistent: 687.01 Mbps
  Avg Throughput Non-Persistent: 466.94 Mbps
  Avg Persistent packets: 36018.72
  Avg Non-Persistent packets: 24176.80

Summary for Connections 2201 to 2250:
  Avg Non-persistent count: 11177.32
  Avg Persistent count: 11489.74
  Avg Total when both present: 22667.06
  Avg Only persistent count: 15014.34
  Avg Only non-persistent count: 2636.26
  Avg Persistent bytes read: 37934471.52
  Avg Non-persistent bytes read: 25349312.64
  Avg Persistent ratio: 0.52
  Avg Non-persistent ratio: 0.48
  Avg Connection 2 duration: 0.439420 sec
  Avg Throughput Persistent: 694.12 Mbps
  Avg Throughput Non-Persistent: 458.27 Mbps
  Avg Persistent packets: 36338.42
  Avg Non-Persistent packets: 24178.12

Summary for Connections 2251 to 2300:
  Avg Non-persistent count: 11070.02
  Avg Persistent count: 11581.94
  Avg Total when both present: 22651.96
  Avg Only persistent count: 15976.34
  Avg Only non-persistent count: 2629.16
  Avg Persistent bytes read: 38895481.76
  Avg Non-persistent bytes read: 25318169.76
  Avg Persistent ratio: 0.52
  Avg Non-persistent ratio: 0.48
  Avg Connection 2 duration: 0.446603 sec
  Avg Throughput Persistent: 699.04 Mbps
  Avg Throughput Non-Persistent: 451.28 Mbps
  Avg Persistent packets: 37266.38
  Avg Non-Persistent packets: 24139.62

Summary for Connections 2301 to 2350:
  Avg Non-persistent count: 11029.90
  Avg Persistent count: 11460.40
  Avg Total when both present: 22490.30
  Avg Only persistent count: 16225.68
  Avg Only non-persistent count: 2806.42
  Avg Persistent bytes read: 39004593.76
  Avg Non-persistent bytes read: 25358550.56
  Avg Persistent ratio: 0.51
  Avg Non-persistent ratio: 0.49
  Avg Connection 2 duration: 0.447929 sec
  Avg Throughput Persistent: 697.26 Mbps
  Avg Throughput Non-Persistent: 451.29 Mbps
  Avg Persistent packets: 37410.64
  Avg Non-Persistent packets: 24210.52

Summary for Connections 2351 to 2400:
  Avg Non-persistent count: 10704.76
  Avg Persistent count: 11283.62
  Avg Total when both present: 21988.38
  Avg Only persistent count: 16700.52
  Avg Only non-persistent count: 3277.38
  Avg Persistent bytes read: 39005680.00
  Avg Non-persistent bytes read: 25352870.72
  Avg Persistent ratio: 0.50
  Avg Non-persistent ratio: 0.50
  Avg Connection 2 duration: 0.448062 sec
  Avg Throughput Persistent: 700.16 Mbps
  Avg Throughput Non-Persistent: 447.53 Mbps
  Avg Persistent packets: 37458.56
  Avg Non-Persistent packets: 24235.48

Summary for Connections 2401 to 2450:
  Avg Non-persistent count: 10937.48
  Avg Persistent count: 11445.94
  Avg Total when both present: 22383.42
  Avg Only persistent count: 16317.76
  Avg Only non-persistent count: 2890.44
  Avg Persistent bytes read: 38999710.24
  Avg Non-persistent bytes read: 25339871.44
  Avg Persistent ratio: 0.51
  Avg Non-persistent ratio: 0.49
  Avg Connection 2 duration: 0.447819 sec
  Avg Throughput Persistent: 696.63 Mbps
  Avg Throughput Non-Persistent: 450.61 Mbps
  Avg Persistent packets: 37412.58
  Avg Non-Persistent packets: 24193.48

Summary for Connections 2451 to 2500:
  Avg Non-persistent count: 10939.26
  Avg Persistent count: 11472.70
  Avg Total when both present: 22411.96
  Avg Only persistent count: 16328.72
  Avg Only non-persistent count: 2868.46
  Avg Persistent bytes read: 39029102.40
  Avg Non-persistent bytes read: 25338298.08
  Avg Persistent ratio: 0.50
  Avg Non-persistent ratio: 0.50
  Avg Connection 2 duration: 0.447953 sec
  Avg Throughput Persistent: 698.06 Mbps
  Avg Throughput Non-Persistent: 451.47 Mbps
  Avg Persistent packets: 37431.48
  Avg Non-Persistent packets: 24184.22

Summary for Connections 2501 to 2550:
  Avg Non-persistent count: 11179.70
  Avg Persistent count: 11733.46
  Avg Total when both present: 22913.16
  Avg Only persistent count: 15814.24
  Avg Only non-persistent count: 2383.96
  Avg Persistent bytes read: 38996633.28
  Avg Non-persistent bytes read: 25327524.64
  Avg Persistent ratio: 0.54
  Avg Non-persistent ratio: 0.46
  Avg Connection 2 duration: 0.447414 sec
  Avg Throughput Persistent: 696.98 Mbps
  Avg Throughput Non-Persistent: 450.89 Mbps
  Avg Persistent packets: 37358.20
  Avg Non-Persistent packets: 24146.52

Summary for Connections 2551 to 2600:
  Avg Non-persistent count: 11082.62
  Avg Persistent count: 11598.70
  Avg Total when both present: 22681.32
  Avg Only persistent count: 16006.22
  Avg Only non-persistent count: 2630.00
  Avg Persistent bytes read: 38965134.72
  Avg Non-persistent bytes read: 25359560.80
  Avg Persistent ratio: 0.53
  Avg Non-persistent ratio: 0.47
  Avg Connection 2 duration: 0.447899 sec
  Avg Throughput Persistent: 694.27 Mbps
  Avg Throughput Non-Persistent: 455.25 Mbps
  Avg Persistent packets: 37347.62
  Avg Non-Persistent packets: 24189.66

Summary for Connections 2601 to 2650:
  Avg Non-persistent count: 10913.28
  Avg Persistent count: 11393.06
  Avg Total when both present: 22306.34
  Avg Only persistent count: 16431.64
  Avg Only non-persistent count: 2965.90
  Avg Persistent bytes read: 39039759.68
  Avg Non-persistent bytes read: 25342398.24
  Avg Persistent ratio: 0.50
  Avg Non-persistent ratio: 0.50
  Avg Connection 2 duration: 0.448170 sec
  Avg Throughput Persistent: 696.54 Mbps
  Avg Throughput Non-Persistent: 455.72 Mbps
  Avg Persistent packets: 37454.24
  Avg Non-Persistent packets: 24197.62

Summary for Connections 2651 to 2700:
  Avg Non-persistent count: 11137.18
  Avg Persistent count: 11582.24
  Avg Total when both present: 22719.42
  Avg Only persistent count: 15827.42
  Avg Only non-persistent count: 2561.20
  Avg Persistent bytes read: 38818727.04
  Avg Non-persistent bytes read: 25322596.16
  Avg Persistent ratio: 0.49
  Avg Non-persistent ratio: 0.51
  Avg Connection 2 duration: 0.445968 sec
  Avg Throughput Persistent: 691.43 Mbps
  Avg Throughput Non-Persistent: 464.08 Mbps
  Avg Persistent packets: 37199.42
  Avg Non-Persistent packets: 24153.36

Summary for Connections 2701 to 2750:
  Avg Non-persistent count: 11175.06
  Avg Persistent count: 11521.22
  Avg Total when both present: 22696.28
  Avg Only persistent count: 16085.78
  Avg Only non-persistent count: 2608.50
  Avg Persistent bytes read: 39052801.60
  Avg Non-persistent bytes read: 25342937.44
  Avg Persistent ratio: 0.51
  Avg Non-persistent ratio: 0.49
  Avg Connection 2 duration: 0.448192 sec
  Avg Throughput Persistent: 700.42 Mbps
  Avg Throughput Non-Persistent: 447.53 Mbps
  Avg Persistent packets: 37429.38
  Avg Non-Persistent packets: 24173.96

Summary for Connections 2751 to 2800:
  Avg Non-persistent count: 11044.40
  Avg Persistent count: 11579.48
  Avg Total when both present: 22623.88
  Avg Only persistent count: 16103.48
  Avg Only non-persistent count: 2677.72
  Avg Persistent bytes read: 39006383.52
  Avg Non-persistent bytes read: 25354619.20
  Avg Persistent ratio: 0.50
  Avg Non-persistent ratio: 0.50
  Avg Connection 2 duration: 0.447920 sec
  Avg Throughput Persistent: 691.70 Mbps
  Avg Throughput Non-Persistent: 463.75 Mbps
  Avg Persistent packets: 37390.46
  Avg Non-Persistent packets: 24188.66

Summary for Connections 2801 to 2850:
  Avg Non-persistent count: 11032.74
  Avg Persistent count: 11647.76
  Avg Total when both present: 22680.50
  Avg Only persistent count: 16098.76
  Avg Only non-persistent count: 2628.28
  Avg Persistent bytes read: 39046759.52
  Avg Non-persistent bytes read: 25347022.40
  Avg Persistent ratio: 0.51
  Avg Non-persistent ratio: 0.49
  Avg Connection 2 duration: 0.448138 sec
  Avg Throughput Persistent: 696.17 Mbps
  Avg Throughput Non-Persistent: 455.29 Mbps
  Avg Persistent packets: 37411.34
  Avg Non-Persistent packets: 24167.64

Summary for Connections 2851 to 2900:
  Avg Non-persistent count: 11082.70
  Avg Persistent count: 11554.30
  Avg Total when both present: 22637.00
  Avg Only persistent count: 15994.18
  Avg Only non-persistent count: 2654.08
  Avg Persistent bytes read: 38903599.04
  Avg Non-persistent bytes read: 25330128.32
  Avg Persistent ratio: 0.49
  Avg Non-persistent ratio: 0.51
  Avg Connection 2 duration: 0.446852 sec
  Avg Throughput Persistent: 698.53 Mbps
  Avg Throughput Non-Persistent: 450.47 Mbps
  Avg Persistent packets: 37286.20
  Avg Non-Persistent packets: 24155.32

Summary for Connections 2901 to 2950:
  Avg Non-persistent count: 10962.40
  Avg Persistent count: 11498.16
  Avg Total when both present: 22460.56
  Avg Only persistent count: 16031.90
  Avg Only non-persistent count: 2815.98
  Avg Persistent bytes read: 38749188.48
  Avg Non-persistent bytes read: 25320751.60
  Avg Persistent ratio: 0.52
  Avg Non-persistent ratio: 0.48
  Avg Connection 2 duration: 0.445383 sec
  Avg Throughput Persistent: 691.36 Mbps
  Avg Throughput Non-Persistent: 462.64 Mbps
  Avg Persistent packets: 37142.72
  Avg Non-Persistent packets: 24157.22

Summary for Connections 2951 to 3000:
  Avg Non-persistent count: 10910.42
  Avg Persistent count: 11427.86
  Avg Total when both present: 22338.28
  Avg Only persistent count: 16419.12
  Avg Only non-persistent count: 2945.52
  Avg Persistent bytes read: 39040524.64
  Avg Non-persistent bytes read: 25334708.48
  Avg Persistent ratio: 0.53
  Avg Non-persistent ratio: 0.47
  Avg Connection 2 duration: 0.448051 sec
  Avg Throughput Persistent: 698.61 Mbps
  Avg Throughput Non-Persistent: 450.97 Mbps
  Avg Persistent packets: 37433.66
  Avg Non-Persistent packets: 24170.04

Summary for Connections 3001 to 3050:
  Avg Non-persistent count: 10994.42
  Avg Persistent count: 11708.14
  Avg Total when both present: 22702.56
  Avg Only persistent count: 16134.36
  Avg Only non-persistent count: 2603.90
  Avg Persistent bytes read: 39104357.44
  Avg Non-persistent bytes read: 25340499.84
  Avg Persistent ratio: 0.51
  Avg Non-persistent ratio: 0.49
  Avg Connection 2 duration: 0.448622 sec
  Avg Throughput Persistent: 698.51 Mbps
  Avg Throughput Non-Persistent: 450.48 Mbps
  Avg Persistent packets: 37466.02
  Avg Non-Persistent packets: 24155.52

Summary for Connections 3051 to 3100:
  Avg Non-persistent count: 11146.30
  Avg Persistent count: 11547.48
  Avg Total when both present: 22693.78
  Avg Only persistent count: 16283.46
  Avg Only non-persistent count: 2598.58
  Avg Persistent bytes read: 39239616.16
  Avg Non-persistent bytes read: 25323372.96
  Avg Persistent ratio: 0.49
  Avg Non-persistent ratio: 0.51
  Avg Connection 2 duration: 0.449556 sec
  Avg Throughput Persistent: 700.05 Mbps
  Avg Throughput Non-Persistent: 446.06 Mbps
  Avg Persistent packets: 37596.56
  Avg Non-Persistent packets: 24140.00

Summary for Connections 3101 to 3150:
  Avg Non-persistent count: 10975.28
  Avg Persistent count: 11369.96
  Avg Total when both present: 22345.24
  Avg Only persistent count: 16269.98
  Avg Only non-persistent count: 2940.52
  Avg Persistent bytes read: 38895448.48
  Avg Non-persistent bytes read: 25341990.40
  Avg Persistent ratio: 0.51
  Avg Non-persistent ratio: 0.49
  Avg Connection 2 duration: 0.446722 sec
  Avg Throughput Persistent: 698.17 Mbps
  Avg Throughput Non-Persistent: 451.39 Mbps
  Avg Persistent packets: 37292.32
  Avg Non-Persistent packets: 24182.86

Summary for Connections 3151 to 3200:
  Avg Non-persistent count: 11082.18
  Avg Persistent count: 11545.56
  Avg Total when both present: 22627.74
  Avg Only persistent count: 16172.26
  Avg Only non-persistent count: 2672.74
  Avg Persistent bytes read: 39070573.12
  Avg Non-persistent bytes read: 25337178.40
  Avg Persistent ratio: 0.52
  Avg Non-persistent ratio: 0.48
  Avg Connection 2 duration: 0.448286 sec
  Avg Throughput Persistent: 695.37 Mbps
  Avg Throughput Non-Persistent: 453.93 Mbps
  Avg Persistent packets: 37435.46
  Avg Non-Persistent packets: 24157.98

Summary for Connections 3201 to 3250:
  Avg Non-persistent count: 11009.00
  Avg Persistent count: 11526.88
  Avg Total when both present: 22535.88
  Avg Only persistent count: 16001.34
  Avg Only non-persistent count: 2743.64
  Avg Persistent bytes read: 38818863.36
  Avg Non-persistent bytes read: 25332760.32
  Avg Persistent ratio: 0.51
  Avg Non-persistent ratio: 0.49
  Avg Connection 2 duration: 0.446186 sec
  Avg Throughput Persistent: 688.75 Mbps
  Avg Throughput Non-Persistent: 469.22 Mbps
  Avg Persistent packets: 37221.98
  Avg Non-Persistent packets: 24172.98

Summary for Connections 3251 to 3300:
  Avg Non-persistent count: 11098.40
  Avg Persistent count: 11617.06
  Avg Total when both present: 22715.46
  Avg Only persistent count: 16102.90
  Avg Only non-persistent count: 2586.08
  Avg Persistent bytes read: 39098335.20
  Avg Non-persistent bytes read: 25345048.48
  Avg Persistent ratio: 0.54
  Avg Non-persistent ratio: 0.46
  Avg Connection 2 duration: 0.448570 sec
  Avg Throughput Persistent: 698.65 Mbps
  Avg Throughput Non-Persistent: 445.13 Mbps
  Avg Persistent packets: 37476.42
  Avg Non-Persistent packets: 24174.94

Summary for Connections 3301 to 3350:
  Avg Non-persistent count: 11058.72
  Avg Persistent count: 11605.94
  Avg Total when both present: 22664.66
  Avg Only persistent count: 16037.50
  Avg Only non-persistent count: 2642.44
  Avg Persistent bytes read: 38976829.60
  Avg Non-persistent bytes read: 25350815.84
  Avg Persistent ratio: 0.52
  Avg Non-persistent ratio: 0.48
  Avg Connection 2 duration: 0.447506 sec
  Avg Throughput Persistent: 697.82 Mbps
  Avg Throughput Non-Persistent: 451.62 Mbps
  Avg Persistent packets: 37360.26
  Avg Non-Persistent packets: 24185.12

Summary for Connections 3351 to 3400:
  Avg Non-persistent count: 10691.36
  Avg Persistent count: 11244.38
  Avg Total when both present: 21935.74
  Avg Only persistent count: 16704.78
  Avg Only non-persistent count: 3328.68
  Avg Persistent bytes read: 38947891.36
  Avg Non-persistent bytes read: 25347588.40
  Avg Persistent ratio: 0.51
  Avg Non-persistent ratio: 0.49
  Avg Connection 2 duration: 0.447550 sec
  Avg Throughput Persistent: 696.29 Mbps
  Avg Throughput Non-Persistent: 453.50 Mbps
  Avg Persistent packets: 37394.10
  Avg Non-Persistent packets: 24226.14

Summary for Connections 3401 to 3450:
  Avg Non-persistent count: 10923.84
  Avg Persistent count: 11381.24
  Avg Total when both present: 22305.08
  Avg Only persistent count: 16406.46
  Avg Only non-persistent count: 2966.20
  Avg Persistent bytes read: 38993095.36
  Avg Non-persistent bytes read: 25328007.68
  Avg Persistent ratio: 0.51
  Avg Non-persistent ratio: 0.49
  Avg Connection 2 duration: 0.447650 sec
  Avg Throughput Persistent: 698.42 Mbps
  Avg Throughput Non-Persistent: 451.38 Mbps
  Avg Persistent packets: 37401.06
  Avg Non-Persistent packets: 24174.84

Summary for Connections 3451 to 3500:
  Avg Non-persistent count: 10924.32
  Avg Persistent count: 11467.36
  Avg Total when both present: 22391.68
  Avg Only persistent count: 16429.22
  Avg Only non-persistent count: 2882.24
  Avg Persistent bytes read: 39097754.56
  Avg Non-persistent bytes read: 25326860.64
  Avg Persistent ratio: 0.51
  Avg Non-persistent ratio: 0.49
  Avg Connection 2 duration: 0.448459 sec
  Avg Throughput Persistent: 695.86 Mbps
  Avg Throughput Non-Persistent: 456.31 Mbps
  Avg Persistent packets: 37486.80
  Avg Non-Persistent packets: 24160.30

Summary for Connections 3501 to 3550:
  Avg Non-persistent count: 10963.44
  Avg Persistent count: 11575.70
  Avg Total when both present: 22539.14
  Avg Only persistent count: 16168.82
  Avg Only non-persistent count: 2746.28
  Avg Persistent bytes read: 38980751.20
  Avg Non-persistent bytes read: 25337332.32
  Avg Persistent ratio: 0.53
  Avg Non-persistent ratio: 0.47
  Avg Connection 2 duration: 0.447479 sec
  Avg Throughput Persistent: 696.69 Mbps
  Avg Throughput Non-Persistent: 451.67 Mbps
  Avg Persistent packets: 37360.00
  Avg Non-Persistent packets: 24164.02

Summary for Connections 3551 to 3600:
  Avg Non-persistent count: 11096.30
  Avg Persistent count: 11709.98
  Avg Total when both present: 22806.28
  Avg Only persistent count: 15942.30
  Avg Only non-persistent count: 2480.86
  Avg Persistent bytes read: 39025040.16
  Avg Non-persistent bytes read: 25329725.28
  Avg Persistent ratio: 0.51
  Avg Non-persistent ratio: 0.49
  Avg Connection 2 duration: 0.447590 sec
  Avg Throughput Persistent: 704.85 Mbps
  Avg Throughput Non-Persistent: 450.97 Mbps
  Avg Persistent packets: 37393.86
  Avg Non-Persistent packets: 24153.56

Summary for Connections 3601 to 3650:
  Avg Non-persistent count: 11009.36
  Avg Persistent count: 11683.42
  Avg Total when both present: 22692.78
  Avg Only persistent count: 15994.60
  Avg Only non-persistent count: 2600.78
  Avg Persistent bytes read: 38962750.88
  Avg Non-persistent bytes read: 25334000.48
  Avg Persistent ratio: 0.52
  Avg Non-persistent ratio: 0.48
  Avg Connection 2 duration: 0.447328 sec
  Avg Throughput Persistent: 696.48 Mbps
  Avg Throughput Non-Persistent: 452.88 Mbps
  Avg Persistent packets: 37344.44
  Avg Non-Persistent packets: 24162.78

Summary for Connections 3651 to 3700:
  Avg Non-persistent count: 11052.00
  Avg Persistent count: 11463.90
  Avg Total when both present: 22515.90
  Avg Only persistent count: 16201.24
  Avg Only non-persistent count: 2765.92
  Avg Persistent bytes read: 39006596.16
  Avg Non-persistent bytes read: 25342169.44
  Avg Persistent ratio: 0.50
  Avg Non-persistent ratio: 0.50
  Avg Connection 2 duration: 0.447669 sec
  Avg Throughput Persistent: 690.18 Mbps
  Avg Throughput Non-Persistent: 464.32 Mbps
  Avg Persistent packets: 37402.62
  Avg Non-Persistent packets: 24184.10

Summary for Connections 3701 to 3750:
  Avg Non-persistent count: 11112.48
  Avg Persistent count: 11598.76
  Avg Total when both present: 22711.24
  Avg Only persistent count: 16021.38
  Avg Only non-persistent count: 2596.28
  Avg Persistent bytes read: 39002395.68
  Avg Non-persistent bytes read: 25344600.56
  Avg Persistent ratio: 0.54
  Avg Non-persistent ratio: 0.46
  Avg Connection 2 duration: 0.447918 sec
  Avg Throughput Persistent: 698.34 Mbps
  Avg Throughput Non-Persistent: 447.65 Mbps
  Avg Persistent packets: 37374.54
  Avg Non-Persistent packets: 24168.30

Summary for Connections 3751 to 3800:
  Avg Non-persistent count: 11055.84
  Avg Persistent count: 11535.42
  Avg Total when both present: 22591.26
  Avg Only persistent count: 16184.04
  Avg Only non-persistent count: 2709.44
  Avg Persistent bytes read: 39046575.20
  Avg Non-persistent bytes read: 25343132.96
  Avg Persistent ratio: 0.51
  Avg Non-persistent ratio: 0.49
  Avg Connection 2 duration: 0.448170 sec
  Avg Throughput Persistent: 691.55 Mbps
  Avg Throughput Non-Persistent: 463.82 Mbps
  Avg Persistent packets: 37425.14
  Avg Non-Persistent packets: 24171.58

Summary for Connections 3801 to 3850:
  Avg Non-persistent count: 10985.72
  Avg Persistent count: 11498.40
  Avg Total when both present: 22484.12
  Avg Only persistent count: 16260.00
  Avg Only non-persistent count: 2819.00
  Avg Persistent bytes read: 39026496.00
  Avg Non-persistent bytes read: 25353991.68
  Avg Persistent ratio: 0.52
  Avg Non-persistent ratio: 0.48
  Avg Connection 2 duration: 0.448091 sec
  Avg Throughput Persistent: 693.56 Mbps
  Avg Throughput Non-Persistent: 458.30 Mbps
  Avg Persistent packets: 37428.46
  Avg Non-Persistent packets: 24201.22

Summary for Connections 3851 to 3900:
  Avg Non-persistent count: 11012.36
  Avg Persistent count: 11678.34
  Avg Total when both present: 22690.70
  Avg Only persistent count: 16060.18
  Avg Only non-persistent count: 2610.28
  Avg Persistent bytes read: 39023339.36
  Avg Non-persistent bytes read: 25340284.64
  Avg Persistent ratio: 0.52
  Avg Non-persistent ratio: 0.48
  Avg Connection 2 duration: 0.447790 sec
  Avg Throughput Persistent: 698.37 Mbps
  Avg Throughput Non-Persistent: 451.38 Mbps
  Avg Persistent packets: 37391.54
  Avg Non-Persistent packets: 24166.20

Summary for Connections 3901 to 3950:
  Avg Non-persistent count: 11050.36
  Avg Persistent count: 11532.70
  Avg Total when both present: 22583.06
  Avg Only persistent count: 16148.12
  Avg Only non-persistent count: 2711.16
  Avg Persistent bytes read: 39007150.72
  Avg Non-persistent bytes read: 25339835.84
  Avg Persistent ratio: 0.49
  Avg Non-persistent ratio: 0.51
  Avg Connection 2 duration: 0.447750 sec
  Avg Throughput Persistent: 695.92 Mbps
  Avg Throughput Non-Persistent: 456.19 Mbps
  Avg Persistent packets: 37394.00
  Avg Non-Persistent packets: 24171.50

Summary for Connections 3951 to 4000:
  Avg Non-persistent count: 11085.08
  Avg Persistent count: 11655.98
  Avg Total when both present: 22741.06
  Avg Only persistent count: 16076.20
  Avg Only non-persistent count: 2556.90
  Avg Persistent bytes read: 39078131.68
  Avg Non-persistent bytes read: 25324610.08
  Avg Persistent ratio: 0.53
  Avg Non-persistent ratio: 0.47
  Avg Connection 2 duration: 0.448063 sec
  Avg Throughput Persistent: 700.89 Mbps
  Avg Throughput Non-Persistent: 445.50 Mbps
  Avg Persistent packets: 37432.24
  Avg Non-Persistent packets: 24138.02

Summary for Connections 4001 to 4050:
  Avg Non-persistent count: 10972.12
  Avg Persistent count: 11574.52
  Avg Total when both present: 22546.64
  Avg Only persistent count: 16136.86
  Avg Only non-persistent count: 2732.60
  Avg Persistent bytes read: 38961641.60
  Avg Non-persistent bytes read: 25324999.84
  Avg Persistent ratio: 0.53
  Avg Non-persistent ratio: 0.47
  Avg Connection 2 duration: 0.447171 sec
  Avg Throughput Persistent: 696.89 Mbps
  Avg Throughput Non-Persistent: 451.23 Mbps
  Avg Persistent packets: 37342.60
  Avg Non-Persistent packets: 24153.76

Summary for Connections 4051 to 4100:
  Avg Non-persistent count: 10849.82
  Avg Persistent count: 11491.00
  Avg Total when both present: 22340.82
  Avg Only persistent count: 16239.34
  Avg Only non-persistent count: 2935.70
  Avg Persistent bytes read: 38857440.48
  Avg Non-persistent bytes read: 25329786.72
  Avg Persistent ratio: 0.49
  Avg Non-persistent ratio: 0.51
  Avg Connection 2 duration: 0.446441 sec
  Avg Throughput Persistent: 693.53 Mbps
  Avg Throughput Non-Persistent: 458.96 Mbps
  Avg Persistent packets: 37259.32
  Avg Non-Persistent packets: 24174.30

Summary for Connections 4101 to 4150:
  Avg Non-persistent count: 11038.18
  Avg Persistent count: 11556.90
  Avg Total when both present: 22595.08
  Avg Only persistent count: 16164.08
  Avg Only non-persistent count: 2712.56
  Avg Persistent bytes read: 39024768.96
  Avg Non-persistent bytes read: 25348863.20
  Avg Persistent ratio: 0.52
  Avg Non-persistent ratio: 0.48
  Avg Connection 2 duration: 0.448078 sec
  Avg Throughput Persistent: 699.03 Mbps
  Avg Throughput Non-Persistent: 449.21 Mbps
  Avg Persistent packets: 37393.92
  Avg Non-Persistent packets: 24169.40

Summary for Connections 4151 to 4200:
  Avg Non-persistent count: 11023.24
  Avg Persistent count: 11538.64
  Avg Total when both present: 22561.88
  Avg Only persistent count: 16147.80
  Avg Only non-persistent count: 2723.24
  Avg Persistent bytes read: 38986444.32
  Avg Non-persistent bytes read: 25336903.68
  Avg Persistent ratio: 0.53
  Avg Non-persistent ratio: 0.47
  Avg Connection 2 duration: 0.447595 sec
  Avg Throughput Persistent: 698.20 Mbps
  Avg Throughput Non-Persistent: 450.93 Mbps
  Avg Persistent packets: 37365.32
  Avg Non-Persistent packets: 24165.58

Summary for Connections 4201 to 4250:
  Avg Non-persistent count: 10883.84
  Avg Persistent count: 11474.02
  Avg Total when both present: 22357.86
  Avg Only persistent count: 16363.54
  Avg Only non-persistent count: 2905.90
  Avg Persistent bytes read: 39014565.76
  Avg Non-persistent bytes read: 25330720.64
  Avg Persistent ratio: 0.55
  Avg Non-persistent ratio: 0.45
  Avg Connection 2 duration: 0.447800 sec
  Avg Throughput Persistent: 698.05 Mbps
  Avg Throughput Non-Persistent: 446.72 Mbps
  Avg Persistent packets: 37422.80
  Avg Non-Persistent packets: 24179.66

Summary for Connections 4251 to 4300:
  Avg Non-persistent count: 10956.22
  Avg Persistent count: 11391.06
  Avg Total when both present: 22347.28
  Avg Only persistent count: 16181.56
  Avg Only non-persistent count: 2915.84
  Avg Persistent bytes read: 38825675.36
  Avg Non-persistent bytes read: 25329977.76
  Avg Persistent ratio: 0.52
  Avg Non-persistent ratio: 0.48
  Avg Connection 2 duration: 0.446243 sec
  Avg Throughput Persistent: 691.29 Mbps
  Avg Throughput Non-Persistent: 462.87 Mbps
  Avg Persistent packets: 37243.46
  Avg Non-Persistent packets: 24185.14

Summary for Connections 4301 to 4350:
  Avg Non-persistent count: 11012.60
  Avg Persistent count: 11632.60
  Avg Total when both present: 22645.20
  Avg Only persistent count: 16163.20
  Avg Only non-persistent count: 2651.52
  Avg Persistent bytes read: 39082644.64
  Avg Non-persistent bytes read: 25340780.80
  Avg Persistent ratio: 0.52
  Avg Non-persistent ratio: 0.48
  Avg Connection 2 duration: 0.448202 sec
  Avg Throughput Persistent: 697.82 Mbps
  Avg Throughput Non-Persistent: 451.81 Mbps
  Avg Persistent packets: 37450.12
  Avg Non-Persistent packets: 24161.70

Summary for Connections 4351 to 4400:
  Avg Non-persistent count: 10932.38
  Avg Persistent count: 11345.86
  Avg Total when both present: 22278.24
  Avg Only persistent count: 16391.74
  Avg Only non-persistent count: 2977.14
  Avg Persistent bytes read: 38972265.12
  Avg Non-persistent bytes read: 25329869.04
  Avg Persistent ratio: 0.51
  Avg Non-persistent ratio: 0.49
  Avg Connection 2 duration: 0.447425 sec
  Avg Throughput Persistent: 695.95 Mbps
  Avg Throughput Non-Persistent: 454.13 Mbps
  Avg Persistent packets: 37390.06
  Avg Non-Persistent packets: 24190.04

Summary for Connections 4401 to 4450:
  Avg Non-persistent count: 10826.42
  Avg Persistent count: 11281.86
  Avg Total when both present: 22108.28
  Avg Only persistent count: 16462.72
  Avg Only non-persistent count: 3155.32
  Avg Persistent bytes read: 38865426.24
  Avg Non-persistent bytes read: 25339302.72
  Avg Persistent ratio: 0.52
  Avg Non-persistent ratio: 0.48
  Avg Connection 2 duration: 0.446614 sec
  Avg Throughput Persistent: 699.33 Mbps
  Avg Throughput Non-Persistent: 451.00 Mbps
  Avg Persistent packets: 37298.06
  Avg Non-Persistent packets: 24206.68

Summary for Connections 4451 to 4500:
  Avg Non-persistent count: 10804.36
  Avg Persistent count: 11249.72
  Avg Total when both present: 22054.08
  Avg Only persistent count: 16558.02
  Avg Only non-persistent count: 3205.34
  Avg Persistent bytes read: 38919013.44
  Avg Non-persistent bytes read: 25346985.44
  Avg Persistent ratio: 0.50
  Avg Non-persistent ratio: 0.50
  Avg Connection 2 duration: 0.447225 sec
  Avg Throughput Persistent: 692.38 Mbps
  Avg Throughput Non-Persistent: 457.61 Mbps
  Avg Persistent packets: 37366.06
  Avg Non-Persistent packets: 24225.24

Summary for Connections 4501 to 4550:
  Avg Non-persistent count: 10957.22
  Avg Persistent count: 11271.34
  Avg Total when both present: 22228.56
  Avg Only persistent count: 16479.74
  Avg Only non-persistent count: 3023.28
  Avg Persistent bytes read: 39000345.12
  Avg Non-persistent bytes read: 25320669.76
  Avg Persistent ratio: 0.51
  Avg Non-persistent ratio: 0.49
  Avg Connection 2 duration: 0.447661 sec
  Avg Throughput Persistent: 689.20 Mbps
  Avg Throughput Non-Persistent: 467.79 Mbps
  Avg Persistent packets: 37417.02
  Avg Non-Persistent packets: 24181.18

Summary for Connections 4551 to 4600:
  Avg Non-persistent count: 11049.10
  Avg Persistent count: 11551.80
  Avg Total when both present: 22600.90
  Avg Only persistent count: 16107.32
  Avg Only non-persistent count: 2681.14
  Avg Persistent bytes read: 38989543.04
  Avg Non-persistent bytes read: 25327734.88
  Avg Persistent ratio: 0.54
  Avg Non-persistent ratio: 0.46
  Avg Connection 2 duration: 0.447552 sec
  Avg Throughput Persistent: 697.85 Mbps
  Avg Throughput Non-Persistent: 451.61 Mbps
  Avg Persistent packets: 37373.80
  Avg Non-Persistent packets: 24163.50

Summary for Connections 4601 to 4650:
  Avg Non-persistent count: 10893.56
  Avg Persistent count: 11682.56
  Avg Total when both present: 22576.12
  Avg Only persistent count: 16273.60
  Avg Only non-persistent count: 2729.24
  Avg Persistent bytes read: 39127279.52
  Avg Non-persistent bytes read: 25346705.44
  Avg Persistent ratio: 0.50
  Avg Non-persistent ratio: 0.50
  Avg Connection 2 duration: 0.448843 sec
  Avg Throughput Persistent: 696.52 Mbps
  Avg Throughput Non-Persistent: 452.74 Mbps
  Avg Persistent packets: 37500.52
  Avg Non-Persistent packets: 24167.46

Summary for Connections 4651 to 4700:
  Avg Non-persistent count: 10900.72
  Avg Persistent count: 11477.06
  Avg Total when both present: 22377.78
  Avg Only persistent count: 16318.40
  Avg Only non-persistent count: 2894.80
  Avg Persistent bytes read: 38988874.24
  Avg Non-persistent bytes read: 25334007.20
  Avg Persistent ratio: 0.50
  Avg Non-persistent ratio: 0.50
  Avg Connection 2 duration: 0.447728 sec
  Avg Throughput Persistent: 694.83 Mbps
  Avg Throughput Non-Persistent: 455.45 Mbps
  Avg Persistent packets: 37390.06
  Avg Non-Persistent packets: 24182.62

Summary for Connections 4701 to 4750:
  Avg Non-persistent count: 11073.70
  Avg Persistent count: 11677.28
  Avg Total when both present: 22750.98
  Avg Only persistent count: 16066.40
  Avg Only non-persistent count: 2535.06
  Avg Persistent bytes read: 39095594.56
  Avg Non-persistent bytes read: 25330674.08
  Avg Persistent ratio: 0.54
  Avg Non-persistent ratio: 0.46
  Avg Connection 2 duration: 0.448390 sec
  Avg Throughput Persistent: 695.28 Mbps
  Avg Throughput Non-Persistent: 454.69 Mbps
  Avg Persistent packets: 37469.82
  Avg Non-Persistent packets: 24158.20

Summary for Connections 4751 to 4800:
  Avg Non-persistent count: 10994.24
  Avg Persistent count: 11557.96
  Avg Total when both present: 22552.20
  Avg Only persistent count: 16064.04
  Avg Only non-persistent count: 2718.66
  Avg Persistent bytes read: 38898477.12
  Avg Non-persistent bytes read: 25325349.68
  Avg Persistent ratio: 0.51
  Avg Non-persistent ratio: 0.49
  Avg Connection 2 duration: 0.446727 sec
  Avg Throughput Persistent: 691.80 Mbps
  Avg Throughput Non-Persistent: 460.17 Mbps
  Avg Persistent packets: 37298.70
  Avg Non-Persistent packets: 24173.28

Summary for Connections 4801 to 4850:
  Avg Non-persistent count: 10739.18
  Avg Persistent count: 11338.20
  Avg Total when both present: 22077.38
  Avg Only persistent count: 16636.92
  Avg Only non-persistent count: 3182.54
  Avg Persistent bytes read: 39021459.20
  Avg Non-persistent bytes read: 25338132.80
  Avg Persistent ratio: 0.52
  Avg Non-persistent ratio: 0.48
  Avg Connection 2 duration: 0.447893 sec
  Avg Throughput Persistent: 696.54 Mbps
  Avg Throughput Non-Persistent: 454.71 Mbps
  Avg Persistent packets: 37457.00
  Avg Non-Persistent packets: 24208.00

Summary for Connections 4851 to 4900:
  Avg Non-persistent count: 10780.84
  Avg Persistent count: 11211.64
  Avg Total when both present: 21992.48
  Avg Only persistent count: 16697.16
  Avg Only non-persistent count: 3263.38
  Avg Persistent bytes read: 39009986.56
  Avg Non-persistent bytes read: 25348724.96
  Avg Persistent ratio: 0.53
  Avg Non-persistent ratio: 0.47
  Avg Connection 2 duration: 0.447986 sec
  Avg Throughput Persistent: 698.34 Mbps
  Avg Throughput Non-Persistent: 447.19 Mbps
  Avg Persistent packets: 37461.68
  Avg Non-Persistent packets: 24232.50

Summary for Connections 4901 to 4950:
  Avg Non-persistent count: 10958.78
  Avg Persistent count: 11549.00
  Avg Total when both present: 22507.78
  Avg Only persistent count: 16241.22
  Avg Only non-persistent count: 2760.92
  Avg Persistent bytes read: 39039891.20
  Avg Non-persistent bytes read: 25324415.36
  Avg Persistent ratio: 0.52
  Avg Non-persistent ratio: 0.48
  Avg Connection 2 duration: 0.447836 sec
  Avg Throughput Persistent: 695.82 Mbps
  Avg Throughput Non-Persistent: 451.72 Mbps
  Avg Persistent packets: 37433.28
  Avg Non-Persistent packets: 24163.42

Summary for Connections 4951 to 5000:
  Avg Non-persistent count: 10842.82
  Avg Persistent count: 11526.30
  Avg Total when both present: 22369.12
  Avg Only persistent count: 16262.94
  Avg Only non-persistent count: 2886.40
  Avg Persistent bytes read: 38932784.16
  Avg Non-persistent bytes read: 25328517.76
  Avg Persistent ratio: 0.55
  Avg Non-persistent ratio: 0.45
  Avg Connection 2 duration: 0.447064 sec
  Avg Throughput Persistent: 698.83 Mbps
  Avg Throughput Non-Persistent: 450.58 Mbps
  Avg Persistent packets: 37354.00
  Avg Non-Persistent packets: 24188.04

Summary for Connections 5001 to 5050:
  Avg Non-persistent count: 10782.36
  Avg Persistent count: 11176.06
  Avg Total when both present: 21958.42
  Avg Only persistent count: 16612.78
  Avg Only non-persistent count: 3297.36
  Avg Persistent bytes read: 38878199.68
  Avg Non-persistent bytes read: 25340870.08
  Avg Persistent ratio: 0.52
  Avg Non-persistent ratio: 0.48
  Avg Connection 2 duration: 0.446868 sec
  Avg Throughput Persistent: 695.41 Mbps
  Avg Throughput Non-Persistent: 451.57 Mbps
  Avg Persistent packets: 37326.16
  Avg Non-Persistent packets: 24217.46

Summary for Connections 5051 to 5100:
  Avg Non-persistent count: 10752.30
  Avg Persistent count: 11486.92
  Avg Total when both present: 22239.22
  Avg Only persistent count: 16423.44
  Avg Only non-persistent count: 3032.16
  Avg Persistent bytes read: 38954606.72
  Avg Non-persistent bytes read: 25336608.64
  Avg Persistent ratio: 0.50
  Avg Non-persistent ratio: 0.50
  Avg Connection 2 duration: 0.447597 sec
  Avg Throughput Persistent: 697.89 Mbps
  Avg Throughput Non-Persistent: 449.98 Mbps
  Avg Persistent packets: 37375.48
  Avg Non-Persistent packets: 24195.52

Summary for Connections 5101 to 5150:
  Avg Non-persistent count: 10799.04
  Avg Persistent count: 11372.76
  Avg Total when both present: 22171.80
  Avg Only persistent count: 16495.76
  Avg Only non-persistent count: 3091.38
  Avg Persistent bytes read: 38975555.36
  Avg Non-persistent bytes read: 25342973.52
  Avg Persistent ratio: 0.52
  Avg Non-persistent ratio: 0.48
  Avg Connection 2 duration: 0.447646 sec
  Avg Throughput Persistent: 697.46 Mbps
  Avg Throughput Non-Persistent: 450.26 Mbps
  Avg Persistent packets: 37415.12
  Avg Non-Persistent packets: 24213.90

Summary for Connections 5151 to 5200:
  Avg Non-persistent count: 10788.48
  Avg Persistent count: 11516.84
  Avg Total when both present: 22305.32
  Avg Only persistent count: 16359.84
  Avg Only non-persistent count: 2950.62
  Avg Persistent bytes read: 38965400.96
  Avg Non-persistent bytes read: 25326448.48
  Avg Persistent ratio: 0.53
  Avg Non-persistent ratio: 0.47
  Avg Connection 2 duration: 0.447401 sec
  Avg Throughput Persistent: 695.64 Mbps
  Avg Throughput Non-Persistent: 453.75 Mbps
  Avg Persistent packets: 37382.42
  Avg Non-Persistent packets: 24185.64

Summary for Connections 5201 to 5250:
  Avg Non-persistent count: 10878.24
  Avg Persistent count: 11299.80
  Avg Total when both present: 22178.04
  Avg Only persistent count: 16494.92
  Avg Only non-persistent count: 3099.54
  Avg Persistent bytes read: 38979268.48
  Avg Non-persistent bytes read: 25357420.64
  Avg Persistent ratio: 0.52
  Avg Non-persistent ratio: 0.48
  Avg Connection 2 duration: 0.447797 sec
  Avg Throughput Persistent: 700.40 Mbps
  Avg Throughput Non-Persistent: 446.43 Mbps
  Avg Persistent packets: 37412.52
  Avg Non-Persistent packets: 24228.32

Summary for Connections 5251 to 5300:
  Avg Non-persistent count: 11021.82
  Avg Persistent count: 11621.24
  Avg Total when both present: 22643.06
  Avg Only persistent count: 16186.80
  Avg Only non-persistent count: 2658.40
  Avg Persistent bytes read: 39100414.08
  Avg Non-persistent bytes read: 25336785.60
  Avg Persistent ratio: 0.51
  Avg Non-persistent ratio: 0.49
  Avg Connection 2 duration: 0.448440 sec
  Avg Throughput Persistent: 699.57 Mbps
  Avg Throughput Non-Persistent: 447.17 Mbps
  Avg Persistent packets: 37463.06
  Avg Non-Persistent packets: 24154.76

Summary for Connections 5301 to 5350:
  Avg Non-persistent count: 10963.50
  Avg Persistent count: 11478.92
  Avg Total when both present: 22442.42
  Avg Only persistent count: 16159.92
  Avg Only non-persistent count: 2846.88
  Avg Persistent bytes read: 38898174.24
  Avg Non-persistent bytes read: 25356875.68
  Avg Persistent ratio: 0.47
  Avg Non-persistent ratio: 0.53
  Avg Connection 2 duration: 0.447047 sec
  Avg Throughput Persistent: 688.41 Mbps
  Avg Throughput Non-Persistent: 467.23 Mbps
  Avg Persistent packets: 37313.70
  Avg Non-Persistent packets: 24208.38

Summary for Connections 5351 to 5400:
  Avg Non-persistent count: 10945.84
  Avg Persistent count: 11532.80
  Avg Total when both present: 22478.64
  Avg Only persistent count: 15712.58
  Avg Only non-persistent count: 2801.40
  Avg Persistent bytes read: 38479431.68
  Avg Non-persistent bytes read: 25348117.44
  Avg Persistent ratio: 0.51
  Avg Non-persistent ratio: 0.49
  Avg Connection 2 duration: 0.443515 sec
  Avg Throughput Persistent: 687.51 Mbps
  Avg Throughput Non-Persistent: 468.83 Mbps
  Avg Persistent packets: 36904.24
  Avg Non-Persistent packets: 24205.92

Summary for Connections 5401 to 5450:
  Avg Non-persistent count: 10827.32
  Avg Persistent count: 11374.32
  Avg Total when both present: 22201.64
  Avg Only persistent count: 16436.48
  Avg Only non-persistent count: 3058.66
  Avg Persistent bytes read: 38941006.08
  Avg Non-persistent bytes read: 25333012.64
  Avg Persistent ratio: 0.52
  Avg Non-persistent ratio: 0.48
  Avg Connection 2 duration: 0.447285 sec
  Avg Throughput Persistent: 698.83 Mbps
  Avg Throughput Non-Persistent: 451.07 Mbps
  Avg Persistent packets: 37361.84
  Avg Non-Persistent packets: 24196.16

Summary for Connections 5451 to 5500:
  Avg Non-persistent count: 11023.34
  Avg Persistent count: 11660.86
  Avg Total when both present: 22684.20
  Avg Only persistent count: 15985.66
  Avg Only non-persistent count: 2597.58
  Avg Persistent bytes read: 38940738.40
  Avg Non-persistent bytes read: 25321588.48
  Avg Persistent ratio: 0.53
  Avg Non-persistent ratio: 0.47
  Avg Connection 2 duration: 0.446856 sec
  Avg Throughput Persistent: 695.35 Mbps
  Avg Throughput Non-Persistent: 454.21 Mbps
  Avg Persistent packets: 37322.16
  Avg Non-Persistent packets: 24149.98

Summary for Connections 5501 to 5550:
  Avg Non-persistent count: 11326.70
  Avg Persistent count: 11175.90
  Avg Total when both present: 22502.60
  Avg Only persistent count: 14351.50
  Avg Only non-persistent count: 2785.74
  Avg Persistent bytes read: 37116311.36
  Avg Non-persistent bytes read: 25368323.04
  Avg Persistent ratio: 0.49
  Avg Non-persistent ratio: 0.51
  Avg Connection 2 duration: 0.432539 sec
  Avg Throughput Persistent: 685.05 Mbps
  Avg Throughput Non-Persistent: 469.24 Mbps
  Avg Persistent packets: 35582.28
  Avg Non-Persistent packets: 24235.44

Summary for Connections 5551 to 5600:
  Avg Non-persistent count: 11004.60
  Avg Persistent count: 10979.52
  Avg Total when both present: 21984.12
  Avg Only persistent count: 14682.30
  Avg Only non-persistent count: 3251.82
  Avg Persistent bytes read: 36962574.72
  Avg Non-persistent bytes read: 25353080.00
  Avg Persistent ratio: 0.52
  Avg Non-persistent ratio: 0.48
  Avg Connection 2 duration: 0.431336 sec
  Avg Throughput Persistent: 684.76 Mbps
  Avg Throughput Non-Persistent: 469.39 Mbps
  Avg Persistent packets: 35487.50
  Avg Non-Persistent packets: 24261.10

Summary for Connections 5601 to 5650:
  Avg Non-persistent count: 11016.08
  Avg Persistent count: 10983.28
  Avg Total when both present: 21999.36
  Avg Only persistent count: 14721.98
  Avg Only non-persistent count: 3242.98
  Avg Persistent bytes read: 37009982.24
  Avg Non-persistent bytes read: 25352812.80
  Avg Persistent ratio: 0.51
  Avg Non-persistent ratio: 0.49
  Avg Connection 2 duration: 0.431693 sec
  Avg Throughput Persistent: 685.35 Mbps
  Avg Throughput Non-Persistent: 469.93 Mbps
  Avg Persistent packets: 35528.08
  Avg Non-Persistent packets: 24250.44

Summary for Connections 5651 to 5700:
  Avg Non-persistent count: 11238.68
  Avg Persistent count: 11261.62
  Avg Total when both present: 22500.30
  Avg Only persistent count: 14228.66
  Avg Only non-persistent count: 2777.72
  Avg Persistent bytes read: 36989826.08
  Avg Non-persistent bytes read: 25354507.52
  Avg Persistent ratio: 0.48
  Avg Non-persistent ratio: 0.52
  Avg Connection 2 duration: 0.431310 sec
  Avg Throughput Persistent: 685.82 Mbps
  Avg Throughput Non-Persistent: 471.39 Mbps
  Avg Persistent packets: 35445.80
  Avg Non-Persistent packets: 24214.92

Summary for Connections 5701 to 5750:
  Avg Non-persistent count: 11298.58
  Avg Persistent count: 11110.08
  Avg Total when both present: 22408.66
  Avg Only persistent count: 14313.92
  Avg Only non-persistent count: 2863.30
  Avg Persistent bytes read: 36984671.20
  Avg Non-persistent bytes read: 25349908.16
  Avg Persistent ratio: 0.54
  Avg Non-persistent ratio: 0.46
  Avg Connection 2 duration: 0.431250 sec
  Avg Throughput Persistent: 686.87 Mbps
  Avg Throughput Non-Persistent: 469.17 Mbps
  Avg Persistent packets: 35453.38
  Avg Non-Persistent packets: 24212.46

Summary for Connections 5751 to 5800:
  Avg Non-persistent count: 11243.44
  Avg Persistent count: 11170.76
  Avg Total when both present: 22414.20
  Avg Only persistent count: 14357.38
  Avg Only non-persistent count: 2861.68
  Avg Persistent bytes read: 37016961.60
  Avg Non-persistent bytes read: 25347443.04
  Avg Persistent ratio: 0.48
  Avg Non-persistent ratio: 0.52
  Avg Connection 2 duration: 0.431594 sec
  Avg Throughput Persistent: 685.44 Mbps
  Avg Throughput Non-Persistent: 471.13 Mbps
  Avg Persistent packets: 35475.04
  Avg Non-Persistent packets: 24203.98

Summary for Connections 5801 to 5850:
  Avg Non-persistent count: 11316.52
  Avg Persistent count: 11169.50
  Avg Total when both present: 22486.02
  Avg Only persistent count: 14213.72
  Avg Only non-persistent count: 2764.94
  Avg Persistent bytes read: 36956406.24
  Avg Non-persistent bytes read: 25330198.40
  Avg Persistent ratio: 0.51
  Avg Non-persistent ratio: 0.49
  Avg Connection 2 duration: 0.431044 sec
  Avg Throughput Persistent: 684.65 Mbps
  Avg Throughput Non-Persistent: 470.31 Mbps
  Avg Persistent packets: 35408.76
  Avg Non-Persistent packets: 24184.16

Summary for Connections 5851 to 5900:
  Avg Non-persistent count: 11371.32
  Avg Persistent count: 11226.10
  Avg Total when both present: 22597.42
  Avg Only persistent count: 14121.44
  Avg Only non-persistent count: 2681.90
  Avg Persistent bytes read: 36969554.08
  Avg Non-persistent bytes read: 25349542.08
  Avg Persistent ratio: 0.48
  Avg Non-persistent ratio: 0.52
  Avg Connection 2 duration: 0.431223 sec
  Avg Throughput Persistent: 686.14 Mbps
  Avg Throughput Non-Persistent: 470.17 Mbps
  Avg Persistent packets: 35411.62
  Avg Non-Persistent packets: 24194.36

Summary for Connections 5901 to 5950:
  Avg Non-persistent count: 11421.76
  Avg Persistent count: 11238.64
  Avg Total when both present: 22660.40
  Avg Only persistent count: 14027.38
  Avg Only non-persistent count: 2616.42
  Avg Persistent bytes read: 36941231.20
  Avg Non-persistent bytes read: 25342448.96
  Avg Persistent ratio: 0.49
  Avg Non-persistent ratio: 0.51
  Avg Connection 2 duration: 0.431036 sec
  Avg Throughput Persistent: 685.92 Mbps
  Avg Throughput Non-Persistent: 469.53 Mbps
  Avg Persistent packets: 35387.44
  Avg Non-Persistent packets: 24188.48

Summary for Connections 5951 to 6000:
  Avg Non-persistent count: 11213.00
  Avg Persistent count: 11150.44
  Avg Total when both present: 22363.44
  Avg Only persistent count: 14386.84
  Avg Only non-persistent count: 2906.08
  Avg Persistent bytes read: 37018468.16
  Avg Non-persistent bytes read: 25361067.04
  Avg Persistent ratio: 0.52
  Avg Non-persistent ratio: 0.48
  Avg Connection 2 duration: 0.431664 sec
  Avg Throughput Persistent: 685.67 Mbps
  Avg Throughput Non-Persistent: 470.86 Mbps
  Avg Persistent packets: 35499.04
  Avg Non-Persistent packets: 24234.56

Summary for Connections 6001 to 6050:
  Avg Non-persistent count: 11463.90
  Avg Persistent count: 11427.48
  Avg Total when both present: 22891.38
  Avg Only persistent count: 13869.60
  Avg Only non-persistent count: 2414.34
  Avg Persistent bytes read: 36992813.92
  Avg Non-persistent bytes read: 25352260.32
  Avg Persistent ratio: 0.50
  Avg Non-persistent ratio: 0.50
  Avg Connection 2 duration: 0.431299 sec
  Avg Throughput Persistent: 685.14 Mbps
  Avg Throughput Non-Persistent: 470.45 Mbps
  Avg Persistent packets: 35394.06
  Avg Non-Persistent packets: 24162.60

Summary for Connections 6051 to 6100:
  Avg Non-persistent count: 11263.96
  Avg Persistent count: 11114.44
  Avg Total when both present: 22378.40
  Avg Only persistent count: 14370.70
  Avg Only non-persistent count: 2889.14
  Avg Persistent bytes read: 37019533.44
  Avg Non-persistent bytes read: 25352206.24
  Avg Persistent ratio: 0.47
  Avg Non-persistent ratio: 0.53
  Avg Connection 2 duration: 0.431666 sec
  Avg Throughput Persistent: 687.33 Mbps
  Avg Throughput Non-Persistent: 468.68 Mbps
  Avg Persistent packets: 35499.26
  Avg Non-Persistent packets: 24228.36

Summary for Connections 6101 to 6150:
  Avg Non-persistent count: 11374.98
  Avg Persistent count: 11280.68
  Avg Total when both present: 22655.66
  Avg Only persistent count: 14037.14
  Avg Only non-persistent count: 2621.64
  Avg Persistent bytes read: 36946501.92
  Avg Non-persistent bytes read: 25350083.68
  Avg Persistent ratio: 0.51
  Avg Non-persistent ratio: 0.49
  Avg Connection 2 duration: 0.431193 sec
  Avg Throughput Persistent: 685.83 Mbps
  Avg Throughput Non-Persistent: 470.55 Mbps
  Avg Persistent packets: 35400.36
  Avg Non-Persistent packets: 24207.48

Summary for Connections 6151 to 6200:
  Avg Non-persistent count: 11223.14
  Avg Persistent count: 11166.62
  Avg Total when both present: 22389.76
  Avg Only persistent count: 14329.08
  Avg Only non-persistent count: 2891.14
  Avg Persistent bytes read: 36972995.36
  Avg Non-persistent bytes read: 25349695.68
  Avg Persistent ratio: 0.49
  Avg Non-persistent ratio: 0.51
  Avg Connection 2 duration: 0.431332 sec
  Avg Throughput Persistent: 685.32 Mbps
  Avg Throughput Non-Persistent: 471.38 Mbps
  Avg Persistent packets: 35435.96
  Avg Non-Persistent packets: 24212.80

Summary for Connections 6201 to 6250:
  Avg Non-persistent count: 11352.10
  Avg Persistent count: 11255.16
  Avg Total when both present: 22607.26
  Avg Only persistent count: 14151.36
  Avg Only non-persistent count: 2694.02
  Avg Persistent bytes read: 37009961.76
  Avg Non-persistent bytes read: 25368042.56
  Avg Persistent ratio: 0.51
  Avg Non-persistent ratio: 0.49
  Avg Connection 2 duration: 0.431771 sec
  Avg Throughput Persistent: 685.48 Mbps
  Avg Throughput Non-Persistent: 470.43 Mbps
  Avg Persistent packets: 35456.28
  Avg Non-Persistent packets: 24214.42

Summary for Connections 6251 to 6300:
  Avg Non-persistent count: 11365.98
  Avg Persistent count: 11271.86
  Avg Total when both present: 22637.84
  Avg Only persistent count: 14057.18
  Avg Only non-persistent count: 2637.00
  Avg Persistent bytes read: 36961528.64
  Avg Non-persistent bytes read: 25350085.60
  Avg Persistent ratio: 0.49
  Avg Non-persistent ratio: 0.51
  Avg Connection 2 duration: 0.431208 sec
  Avg Throughput Persistent: 685.59 Mbps
  Avg Throughput Non-Persistent: 470.51 Mbps
  Avg Persistent packets: 35418.86
  Avg Non-Persistent packets: 24206.34

Summary for Connections 6301 to 6350:
  Avg Non-persistent count: 11437.16
  Avg Persistent count: 11233.78
  Avg Total when both present: 22670.94
  Avg Only persistent count: 14072.44
  Avg Only non-persistent count: 2612.70
  Avg Persistent bytes read: 36996776.48
  Avg Non-persistent bytes read: 25354640.80
  Avg Persistent ratio: 0.51
  Avg Non-persistent ratio: 0.49
  Avg Connection 2 duration: 0.431497 sec
  Avg Throughput Persistent: 686.61 Mbps
  Avg Throughput Non-Persistent: 470.44 Mbps
  Avg Persistent packets: 35441.28
  Avg Non-Persistent packets: 24207.32

Summary for Connections 6351 to 6400:
  Avg Non-persistent count: 11313.00
  Avg Persistent count: 11348.42
  Avg Total when both present: 22661.42
  Avg Only persistent count: 14067.64
  Avg Only non-persistent count: 2624.10
  Avg Persistent bytes read: 36992722.08
  Avg Non-persistent bytes read: 25360151.68
  Avg Persistent ratio: 0.49
  Avg Non-persistent ratio: 0.51
  Avg Connection 2 duration: 0.431613 sec
  Avg Throughput Persistent: 685.46 Mbps
  Avg Throughput Non-Persistent: 468.69 Mbps
  Avg Persistent packets: 35453.10
  Avg Non-Persistent packets: 24216.32

Summary for Connections 6401 to 6450:
  Avg Non-persistent count: 11298.30
  Avg Persistent count: 11236.06
  Avg Total when both present: 22534.36
  Avg Only persistent count: 14167.34
  Avg Only non-persistent count: 2728.76
  Avg Persistent bytes read: 36965123.20
  Avg Non-persistent bytes read: 25343917.76
  Avg Persistent ratio: 0.52
  Avg Non-persistent ratio: 0.48
  Avg Connection 2 duration: 0.431185 sec
  Avg Throughput Persistent: 685.89 Mbps
  Avg Throughput Non-Persistent: 469.44 Mbps
  Avg Persistent packets: 35435.18
  Avg Non-Persistent packets: 24204.34

Summary for Connections 6451 to 6500:
  Avg Non-persistent count: 11206.52
  Avg Persistent count: 11185.50
  Avg Total when both present: 22392.02
  Avg Only persistent count: 14313.90
  Avg Only non-persistent count: 2865.82
  Avg Persistent bytes read: 36983947.20
  Avg Non-persistent bytes read: 25350429.44
  Avg Persistent ratio: 0.48
  Avg Non-persistent ratio: 0.52
  Avg Connection 2 duration: 0.431438 sec
  Avg Throughput Persistent: 687.23 Mbps
  Avg Throughput Non-Persistent: 470.14 Mbps
  Avg Persistent packets: 35464.92
  Avg Non-Persistent packets: 24229.42

Summary for Connections 6501 to 6550:
  Avg Non-persistent count: 11026.96
  Avg Persistent count: 10869.12
  Avg Total when both present: 21896.08
  Avg Only persistent count: 14826.86
  Avg Only non-persistent count: 3349.34
  Avg Persistent bytes read: 37015224.00
  Avg Non-persistent bytes read: 25357558.72
  Avg Persistent ratio: 0.50
  Avg Non-persistent ratio: 0.50
  Avg Connection 2 duration: 0.431662 sec
  Avg Throughput Persistent: 685.04 Mbps
  Avg Throughput Non-Persistent: 469.79 Mbps
  Avg Persistent packets: 35539.18
  Avg Non-Persistent packets: 24267.40

Summary for Connections 6551 to 6600:
  Avg Non-persistent count: 11274.70
  Avg Persistent count: 11002.46
  Avg Total when both present: 22277.16
  Avg Only persistent count: 14421.34
  Avg Only non-persistent count: 2989.74
  Avg Persistent bytes read: 36965615.52
  Avg Non-persistent bytes read: 25351704.32
  Avg Persistent ratio: 0.48
  Avg Non-persistent ratio: 0.52
  Avg Connection 2 duration: 0.431316 sec
  Avg Throughput Persistent: 684.24 Mbps
  Avg Throughput Non-Persistent: 469.89 Mbps
  Avg Persistent packets: 35449.40
  Avg Non-Persistent packets: 24228.48

Summary for Connections 6601 to 6650:
  Avg Non-persistent count: 11347.84
  Avg Persistent count: 11078.82
  Avg Total when both present: 22426.66
  Avg Only persistent count: 14291.20
  Avg Only non-persistent count: 2844.20
  Avg Persistent bytes read: 36972739.68
  Avg Non-persistent bytes read: 25348734.72
  Avg Persistent ratio: 0.49
  Avg Non-persistent ratio: 0.51
  Avg Connection 2 duration: 0.431320 sec
  Avg Throughput Persistent: 685.43 Mbps
  Avg Throughput Non-Persistent: 471.83 Mbps
  Avg Persistent packets: 35430.56
  Avg Non-Persistent packets: 24209.52

Summary for Connections 6651 to 6667:
  Avg Non-persistent count: 10904.35
  Avg Persistent count: 10643.29
  Avg Total when both present: 21547.65
  Avg Only persistent count: 13861.59
  Avg Only non-persistent count: 3750.88
  Avg Persistent bytes read: 35630257.41
  Avg Non-persistent bytes read: 25365390.59
  Avg Persistent ratio: 0.51
  Avg Non-persistent ratio: 0.49
  Avg Connection 2 duration: 0.420108 sec
  Avg Throughput Persistent: 479.15 Mbps
  Avg Throughput Non-Persistent: 845.24 Mbps
  Avg Persistent packets: 34126.76
  Avg Non-Persistent packets: 24214.24


Overall Statistics (Averaged):
Average events when both were present: 22421.95
Average Persistent count: 11355.44
Average Non-Persistent count: 11066.51
Average Persistent Ratio: 0.51
Average Non-Persistent Ratio: 0.49
Rejected connections: 0
Average Only Persistent count: 15499.29
Average Only Non Persistent count: 2852.75
Average persistent bytes per connection: 38200760.04
Average non-persistent bytes per connection: 25343836.73
Average persistent packets per connection: 36630.41
Average non-persistent packets per connection: 24198.32
Total persistent duration: 3600.008663 sec
Total non-persistent duration: 2940.299196 sec
Average Throughput Persistent: 565.96 Mbps
Average Throughput Non-Persistent: 459.73 Mbps
