Summary for Connections 1 to 50:
  Avg Non-persistent count: 236623.42
  Avg Persistent count: 242594.98
  Avg Total when both present: 479218.40
  Avg Only persistent count: 81776.02
  Avg Only non-persistent count: 73195.22
  Avg Persistent bytes read: 520787944.96
  Avg Non-persistent bytes read: 511789342.80
  Avg Persistent ratio: 0.51
  Avg Non-persistent ratio: 0.49
  Avg Connection 2 duration: 8.693248 sec
  Avg Throughput Persistent: 480.15 Mbps
  Avg Throughput Non-Persistent: 470.46 Mbps
  Avg Persistent packets: 437021.96
  Avg Non-Persistent packets: 428078.80

Summary for Connections 51 to 100:
  Avg Non-persistent count: 237353.10
  Avg Persistent count: 243585.70
  Avg Total when both present: 480938.80
  Avg Only persistent count: 82865.40
  Avg Only non-persistent count: 72769.88
  Avg Persistent bytes read: 522322975.84
  Avg Non-persistent bytes read: 511779323.36
  Avg Persistent ratio: 0.50
  Avg Non-persistent ratio: 0.50
  Avg Connection 2 duration: 8.701583 sec
  Avg Throughput Persistent: 480.11 Mbps
  Avg Throughput Non-Persistent: 470.60 Mbps
  Avg Persistent packets: 437349.06
  Avg Non-Persistent packets: 426873.30

Summary for Connections 101 to 150:
  Avg Non-persistent count: 237815.30
  Avg Persistent count: 243460.60
  Avg Total when both present: 481275.90
  Avg Only persistent count: 82954.86
  Avg Only non-persistent count: 72991.76
  Avg Persistent bytes read: 522185074.72
  Avg Non-persistent bytes read: 511773851.76
  Avg Persistent ratio: 0.51
  Avg Non-persistent ratio: 0.49
  Avg Connection 2 duration: 8.700370 sec
  Avg Throughput Persistent: 480.23 Mbps
  Avg Throughput Non-Persistent: 470.49 Mbps
  Avg Persistent packets: 436749.40
  Avg Non-Persistent packets: 426385.00

Summary for Connections 151 to 200:
  Avg Non-persistent count: 237151.10
  Avg Persistent count: 243229.80
  Avg Total when both present: 480380.90
  Avg Only persistent count: 82662.28
  Avg Only non-persistent count: 72530.52
  Avg Persistent bytes read: 522373636.48
  Avg Non-persistent bytes read: 511787400.08
  Avg Persistent ratio: 0.51
  Avg Non-persistent ratio: 0.49
  Avg Connection 2 duration: 8.702219 sec
  Avg Throughput Persistent: 480.02 Mbps
  Avg Throughput Non-Persistent: 470.72 Mbps
  Avg Persistent packets: 438091.60
  Avg Non-Persistent packets: 427531.14

Summary for Connections 201 to 250:
  Avg Non-persistent count: 237508.40
  Avg Persistent count: 243191.26
  Avg Total when both present: 480699.66
  Avg Only persistent count: 82558.46
  Avg Only non-persistent count: 72505.98
  Avg Persistent bytes read: 522303962.88
  Avg Non-persistent bytes read: 511785967.12
  Avg Persistent ratio: 0.50
  Avg Non-persistent ratio: 0.50
  Avg Connection 2 duration: 8.701327 sec
  Avg Throughput Persistent: 479.74 Mbps
  Avg Throughput Non-Persistent: 470.98 Mbps
  Avg Persistent packets: 437748.90
  Avg Non-Persistent packets: 427299.94

Summary for Connections 251 to 300:
  Avg Non-persistent count: 237750.34
  Avg Persistent count: 243978.60
  Avg Total when both present: 481728.94
  Avg Only persistent count: 83526.38
  Avg Only non-persistent count: 73312.84
  Avg Persistent bytes read: 522482535.04
  Avg Non-persistent bytes read: 511788232.80
  Avg Persistent ratio: 0.51
  Avg Non-persistent ratio: 0.49
  Avg Connection 2 duration: 8.702800 sec
  Avg Throughput Persistent: 480.15 Mbps
  Avg Throughput Non-Persistent: 470.58 Mbps
  Avg Persistent packets: 436428.48
  Avg Non-Persistent packets: 425805.38

Summary for Connections 301 to 350:
  Avg Non-persistent count: 237482.90
  Avg Persistent count: 243254.86
  Avg Total when both present: 480737.76
  Avg Only persistent count: 82493.78
  Avg Only non-persistent count: 72172.74
  Avg Persistent bytes read: 522616758.72
  Avg Non-persistent bytes read: 511775887.04
  Avg Persistent ratio: 0.51
  Avg Non-persistent ratio: 0.49
  Avg Connection 2 duration: 8.703843 sec
  Avg Throughput Persistent: 479.89 Mbps
  Avg Throughput Non-Persistent: 470.88 Mbps
  Avg Persistent packets: 438433.08
  Avg Non-Persistent packets: 427614.06

Summary for Connections 351 to 400:
  Avg Non-persistent count: 237641.24
  Avg Persistent count: 243781.68
  Avg Total when both present: 481422.92
  Avg Only persistent count: 83031.84
  Avg Only non-persistent count: 72942.08
  Avg Persistent bytes read: 522442523.44
  Avg Non-persistent bytes read: 511780451.36
  Avg Persistent ratio: 0.51
  Avg Non-persistent ratio: 0.49
  Avg Connection 2 duration: 8.702411 sec
  Avg Throughput Persistent: 480.42 Mbps
  Avg Throughput Non-Persistent: 470.34 Mbps
  Avg Persistent packets: 436996.94
  Avg Non-Persistent packets: 426415.28

Summary for Connections 401 to 410:
  Avg Non-persistent count: 218609.10
  Avg Persistent count: 224398.00
  Avg Total when both present: 443007.10
  Avg Only persistent count: 77955.00
  Avg Only non-persistent count: 107534.40
  Avg Persistent bytes read: 481633819.60
  Avg Non-persistent bytes read: 511779800.80
  Avg Persistent ratio: 0.51
  Avg Non-persistent ratio: 0.49
  Avg Connection 2 duration: 8.416549 sec
  Avg Throughput Persistent: 155.39 Mbps
  Avg Throughput Non-Persistent: 701.34 Mbps
  Avg Persistent packets: 402524.60
  Avg Non-Persistent packets: 431749.00


Overall Statistics (Averaged):
Average events when both were present: 479878.62
Average Persistent count: 242921.60
Average Non-Persistent count: 236957.03
Average Persistent Ratio: 0.51
Average Non-Persistent Ratio: 0.49
Rejected connections: 0
Average Only Persistent count: 82617.08
Average Only Non Persistent count: 73649.74
Average persistent bytes per connection: 521200265.37
Average non-persistent bytes per connection: 511782489.81
Average persistent packets per connection: 436502.97
Average non-persistent packets per connection: 427116.18
Total persistent duration: 3600.005337 sec
Total non-persistent duration: 3564.555568 sec
Average Throughput Persistent: 474.87 Mbps
Average Throughput Non-Persistent: 470.93 Mbps
