Summary for Connections 1 to 50:
  Avg Non-persistent count: 48986.64
  Avg Persistent count: 49423.66
  Avg Total when both present: 98410.30
  Avg Only persistent count: 23530.24
  Avg Only non-persistent count: 5660.78
  Avg Persistent bytes read: 120271217.60
  Avg Non-persistent bytes read: 102244500.64
  Avg Persistent ratio: 0.50
  Avg Non-persistent ratio: 0.50
  Avg Connection 2 duration: 1.759224 sec
  Avg Throughput Persistent: 530.04 Mbps
  Avg Throughput Non-Persistent: 464.76 Mbps
  Avg Persistent packets: 114384.58
  Avg Non-Persistent packets: 97080.98

Summary for Connections 51 to 100:
  Avg Non-persistent count: 49751.64
  Avg Persistent count: 49989.24
  Avg Total when both present: 99740.88
  Avg Only persistent count: 16823.12
  Avg Only non-persistent count: 4556.78
  Avg Persistent bytes read: 114545731.68
  Avg Non-persistent bytes read: 102191400.16
  Avg Persistent ratio: 0.50
  Avg Non-persistent ratio: 0.50
  Avg Connection 2 duration: 1.743173 sec
  Avg Throughput Persistent: 524.38 Mbps
  Avg Throughput Non-Persistent: 470.25 Mbps
  Avg Persistent packets: 109204.50
  Avg Non-Persistent packets: 97342.94

Summary for Connections 101 to 150:
  Avg Non-persistent count: 49591.88
  Avg Persistent count: 50227.30
  Avg Total when both present: 99819.18
  Avg Only persistent count: 16083.14
  Avg Only non-persistent count: 4512.82
  Avg Persistent bytes read: 113803231.20
  Avg Non-persistent bytes read: 102159522.56
  Avg Persistent ratio: 0.50
  Avg Non-persistent ratio: 0.50
  Avg Connection 2 duration: 1.736999 sec
  Avg Throughput Persistent: 523.99 Mbps
  Avg Throughput Non-Persistent: 470.74 Mbps
  Avg Persistent packets: 108553.66
  Avg Non-Persistent packets: 97375.86

Summary for Connections 151 to 200:
  Avg Non-persistent count: 49606.82
  Avg Persistent count: 49894.78
  Avg Total when both present: 99501.60
  Avg Only persistent count: 16284.46
  Avg Only non-persistent count: 4735.34
  Avg Persistent bytes read: 113773016.00
  Avg Non-persistent bytes read: 102155006.88
  Avg Persistent ratio: 0.50
  Avg Non-persistent ratio: 0.50
  Avg Connection 2 duration: 1.736632 sec
  Avg Throughput Persistent: 524.06 Mbps
  Avg Throughput Non-Persistent: 470.62 Mbps
  Avg Persistent packets: 108450.52
  Avg Non-Persistent packets: 97295.70

Summary for Connections 201 to 250:
  Avg Non-persistent count: 49623.06
  Avg Persistent count: 49764.88
  Avg Total when both present: 99387.94
  Avg Only persistent count: 16335.32
  Avg Only non-persistent count: 4797.60
  Avg Persistent bytes read: 113762075.52
  Avg Non-persistent bytes read: 102160591.20
  Avg Persistent ratio: 0.52
  Avg Non-persistent ratio: 0.48
  Avg Connection 2 duration: 1.736614 sec
  Avg Throughput Persistent: 523.65 Mbps
  Avg Throughput Non-Persistent: 470.59 Mbps
  Avg Persistent packets: 108377.80
  Avg Non-Persistent packets: 97230.40

Summary for Connections 251 to 300:
  Avg Non-persistent count: 49458.58
  Avg Persistent count: 50529.88
  Avg Total when both present: 99988.46
  Avg Only persistent count: 16021.98
  Avg Only non-persistent count: 4389.94
  Avg Persistent bytes read: 113867369.12
  Avg Non-persistent bytes read: 102151350.88
  Avg Persistent ratio: 0.51
  Avg Non-persistent ratio: 0.49
  Avg Connection 2 duration: 1.737628 sec
  Avg Throughput Persistent: 524.31 Mbps
  Avg Throughput Non-Persistent: 470.43 Mbps
  Avg Persistent packets: 108661.42
  Avg Non-Persistent packets: 97420.90

Summary for Connections 301 to 350:
  Avg Non-persistent count: 49195.32
  Avg Persistent count: 49404.52
  Avg Total when both present: 98599.84
  Avg Only persistent count: 16852.46
  Avg Only non-persistent count: 5343.70
  Avg Persistent bytes read: 113739965.60
  Avg Non-persistent bytes read: 102165722.08
  Avg Persistent ratio: 0.52
  Avg Non-persistent ratio: 0.48
  Avg Connection 2 duration: 1.736442 sec
  Avg Throughput Persistent: 524.16 Mbps
  Avg Throughput Non-Persistent: 470.43 Mbps
  Avg Persistent packets: 108126.96
  Avg Non-Persistent packets: 97008.50

Summary for Connections 351 to 400:
  Avg Non-persistent count: 49189.88
  Avg Persistent count: 49847.92
  Avg Total when both present: 99037.80
  Avg Only persistent count: 16599.98
  Avg Only non-persistent count: 5061.60
  Avg Persistent bytes read: 113773819.84
  Avg Non-persistent bytes read: 102159289.76
  Avg Persistent ratio: 0.50
  Avg Non-persistent ratio: 0.50
  Avg Connection 2 duration: 1.736664 sec
  Avg Throughput Persistent: 524.15 Mbps
  Avg Throughput Non-Persistent: 470.64 Mbps
  Avg Persistent packets: 108297.98
  Avg Non-Persistent packets: 97150.62

Summary for Connections 401 to 450:
  Avg Non-persistent count: 49471.70
  Avg Persistent count: 50550.22
  Avg Total when both present: 100021.92
  Avg Only persistent count: 15901.24
  Avg Only non-persistent count: 4380.78
  Avg Persistent bytes read: 113766641.28
  Avg Non-persistent bytes read: 102166180.64
  Avg Persistent ratio: 0.50
  Avg Non-persistent ratio: 0.50
  Avg Connection 2 duration: 1.736706 sec
  Avg Throughput Persistent: 524.03 Mbps
  Avg Throughput Non-Persistent: 470.80 Mbps
  Avg Persistent packets: 108575.16
  Avg Non-Persistent packets: 97447.26

Summary for Connections 451 to 500:
  Avg Non-persistent count: 49359.82
  Avg Persistent count: 49465.72
  Avg Total when both present: 98825.54
  Avg Only persistent count: 16726.42
  Avg Only non-persistent count: 5195.28
  Avg Persistent bytes read: 113774899.84
  Avg Non-persistent bytes read: 102171840.16
  Avg Persistent ratio: 0.49
  Avg Non-persistent ratio: 0.51
  Avg Connection 2 duration: 1.736806 sec
  Avg Throughput Persistent: 523.33 Mbps
  Avg Throughput Non-Persistent: 471.45 Mbps
  Avg Persistent packets: 108215.56
  Avg Non-Persistent packets: 97076.12

Summary for Connections 501 to 550:
  Avg Non-persistent count: 49173.08
  Avg Persistent count: 49325.60
  Avg Total when both present: 98498.68
  Avg Only persistent count: 17007.88
  Avg Only non-persistent count: 5441.16
  Avg Persistent bytes read: 113786383.52
  Avg Non-persistent bytes read: 102160108.80
  Avg Persistent ratio: 0.50
  Avg Non-persistent ratio: 0.50
  Avg Connection 2 duration: 1.736769 sec
  Avg Throughput Persistent: 524.23 Mbps
  Avg Throughput Non-Persistent: 470.38 Mbps
  Avg Persistent packets: 108182.54
  Avg Non-Persistent packets: 97002.40

Summary for Connections 551 to 600:
  Avg Non-persistent count: 49427.68
  Avg Persistent count: 49636.44
  Avg Total when both present: 99064.12
  Avg Only persistent count: 16566.36
  Avg Only non-persistent count: 5053.00
  Avg Persistent bytes read: 113732427.52
  Avg Non-persistent bytes read: 102153529.12
  Avg Persistent ratio: 0.49
  Avg Non-persistent ratio: 0.51
  Avg Connection 2 duration: 1.736257 sec
  Avg Throughput Persistent: 523.80 Mbps
  Avg Throughput Non-Persistent: 470.88 Mbps
  Avg Persistent packets: 108299.72
  Avg Non-Persistent packets: 97179.44

Summary for Connections 601 to 650:
  Avg Non-persistent count: 49355.08
  Avg Persistent count: 49331.00
  Avg Total when both present: 98686.08
  Avg Only persistent count: 16764.36
  Avg Only non-persistent count: 5248.44
  Avg Persistent bytes read: 113737186.88
  Avg Non-persistent bytes read: 102153329.76
  Avg Persistent ratio: 0.51
  Avg Non-persistent ratio: 0.49
  Avg Connection 2 duration: 1.737081 sec
  Avg Throughput Persistent: 524.62 Mbps
  Avg Throughput Non-Persistent: 469.98 Mbps
  Avg Persistent packets: 108126.96
  Avg Non-Persistent packets: 96998.50

Summary for Connections 651 to 700:
  Avg Non-persistent count: 49441.48
  Avg Persistent count: 49417.54
  Avg Total when both present: 98859.02
  Avg Only persistent count: 16733.00
  Avg Only non-persistent count: 5198.28
  Avg Persistent bytes read: 113769090.88
  Avg Non-persistent bytes read: 102171019.36
  Avg Persistent ratio: 0.49
  Avg Non-persistent ratio: 0.51
  Avg Connection 2 duration: 1.736894 sec
  Avg Throughput Persistent: 524.68 Mbps
  Avg Throughput Non-Persistent: 469.97 Mbps
  Avg Persistent packets: 108251.86
  Avg Non-Persistent packets: 97108.30

Summary for Connections 701 to 750:
  Avg Non-persistent count: 49175.86
  Avg Persistent count: 48813.04
  Avg Total when both present: 97988.90
  Avg Only persistent count: 17319.68
  Avg Only non-persistent count: 5792.84
  Avg Persistent bytes read: 113763518.56
  Avg Non-persistent bytes read: 102169991.52
  Avg Persistent ratio: 0.49
  Avg Non-persistent ratio: 0.51
  Avg Connection 2 duration: 1.736667 sec
  Avg Throughput Persistent: 524.04 Mbps
  Avg Throughput Non-Persistent: 470.68 Mbps
  Avg Persistent packets: 107989.42
  Avg Non-Persistent packets: 96848.28

Summary for Connections 751 to 800:
  Avg Non-persistent count: 49382.32
  Avg Persistent count: 49434.10
  Avg Total when both present: 98816.42
  Avg Only persistent count: 16735.36
  Avg Only non-persistent count: 5217.62
  Avg Persistent bytes read: 113764723.52
  Avg Non-persistent bytes read: 102177910.88
  Avg Persistent ratio: 0.50
  Avg Non-persistent ratio: 0.50
  Avg Connection 2 duration: 1.736755 sec
  Avg Throughput Persistent: 524.18 Mbps
  Avg Throughput Non-Persistent: 470.45 Mbps
  Avg Persistent packets: 108229.78
  Avg Non-Persistent packets: 97100.16

Summary for Connections 801 to 850:
  Avg Non-persistent count: 49545.44
  Avg Persistent count: 49602.86
  Avg Total when both present: 99148.30
  Avg Only persistent count: 16426.04
  Avg Only non-persistent count: 4980.86
  Avg Persistent bytes read: 113675387.68
  Avg Non-persistent bytes read: 102162265.92
  Avg Persistent ratio: 0.51
  Avg Non-persistent ratio: 0.49
  Avg Connection 2 duration: 1.735930 sec
  Avg Throughput Persistent: 524.15 Mbps
  Avg Throughput Non-Persistent: 470.44 Mbps
  Avg Persistent packets: 108247.06
  Avg Non-Persistent packets: 97192.52

Summary for Connections 851 to 900:
  Avg Non-persistent count: 49447.46
  Avg Persistent count: 49969.92
  Avg Total when both present: 99417.38
  Avg Only persistent count: 16330.24
  Avg Only non-persistent count: 4796.42
  Avg Persistent bytes read: 113769331.04
  Avg Non-persistent bytes read: 102160176.16
  Avg Persistent ratio: 0.50
  Avg Non-persistent ratio: 0.50
  Avg Connection 2 duration: 1.736636 sec
  Avg Throughput Persistent: 523.66 Mbps
  Avg Throughput Non-Persistent: 470.89 Mbps
  Avg Persistent packets: 108407.46
  Avg Non-Persistent packets: 97264.28

Summary for Connections 901 to 950:
  Avg Non-persistent count: 49544.72
  Avg Persistent count: 49872.76
  Avg Total when both present: 99417.48
  Avg Only persistent count: 16337.58
  Avg Only non-persistent count: 4798.86
  Avg Persistent bytes read: 113768939.68
  Avg Non-persistent bytes read: 102160554.72
  Avg Persistent ratio: 0.50
  Avg Non-persistent ratio: 0.50
  Avg Connection 2 duration: 1.736687 sec
  Avg Throughput Persistent: 524.25 Mbps
  Avg Throughput Non-Persistent: 470.46 Mbps
  Avg Persistent packets: 108417.12
  Avg Non-Persistent packets: 97267.62

Summary for Connections 951 to 1000:
  Avg Non-persistent count: 49222.34
  Avg Persistent count: 49219.66
  Avg Total when both present: 98442.00
  Avg Only persistent count: 17017.52
  Avg Only non-persistent count: 5467.10
  Avg Persistent bytes read: 113785389.76
  Avg Non-persistent bytes read: 102166938.40
  Avg Persistent ratio: 0.50
  Avg Non-persistent ratio: 0.50
  Avg Connection 2 duration: 1.736829 sec
  Avg Throughput Persistent: 524.20 Mbps
  Avg Throughput Non-Persistent: 470.56 Mbps
  Avg Persistent packets: 108144.78
  Avg Non-Persistent packets: 96982.54

Summary for Connections 1001 to 1050:
  Avg Non-persistent count: 49071.46
  Avg Persistent count: 49143.42
  Avg Total when both present: 98214.88
  Avg Only persistent count: 17157.76
  Avg Only non-persistent count: 5634.60
  Avg Persistent bytes read: 113748479.84
  Avg Non-persistent bytes read: 102162808.64
  Avg Persistent ratio: 0.51
  Avg Non-persistent ratio: 0.49
  Avg Connection 2 duration: 1.736434 sec
  Avg Throughput Persistent: 524.22 Mbps
  Avg Throughput Non-Persistent: 470.53 Mbps
  Avg Persistent packets: 108056.66
  Avg Non-Persistent packets: 96923.44

Summary for Connections 1051 to 1100:
  Avg Non-persistent count: 49192.88
  Avg Persistent count: 49285.12
  Avg Total when both present: 98478.00
  Avg Only persistent count: 16947.52
  Avg Only non-persistent count: 5411.94
  Avg Persistent bytes read: 113758502.08
  Avg Non-persistent bytes read: 102157232.48
  Avg Persistent ratio: 0.51
  Avg Non-persistent ratio: 0.49
  Avg Connection 2 duration: 1.736492 sec
  Avg Throughput Persistent: 524.22 Mbps
  Avg Throughput Non-Persistent: 470.50 Mbps
  Avg Persistent packets: 108106.10
  Avg Non-Persistent packets: 96958.20

Summary for Connections 1101 to 1150:
  Avg Non-persistent count: 49417.62
  Avg Persistent count: 50453.08
  Avg Total when both present: 99870.70
  Avg Only persistent count: 16013.50
  Avg Only non-persistent count: 4480.60
  Avg Persistent bytes read: 113768547.04
  Avg Non-persistent bytes read: 102165866.72
  Avg Persistent ratio: 0.50
  Avg Non-persistent ratio: 0.50
  Avg Connection 2 duration: 1.736727 sec
  Avg Throughput Persistent: 524.03 Mbps
  Avg Throughput Non-Persistent: 470.66 Mbps
  Avg Persistent packets: 108542.50
  Avg Non-Persistent packets: 97399.42

Summary for Connections 1151 to 1200:
  Avg Non-persistent count: 49427.32
  Avg Persistent count: 49024.42
  Avg Total when both present: 98451.74
  Avg Only persistent count: 17000.82
  Avg Only non-persistent count: 5472.92
  Avg Persistent bytes read: 113769707.52
  Avg Non-persistent bytes read: 102171302.56
  Avg Persistent ratio: 0.51
  Avg Non-persistent ratio: 0.49
  Avg Connection 2 duration: 1.736716 sec
  Avg Throughput Persistent: 524.21 Mbps
  Avg Throughput Non-Persistent: 470.60 Mbps
  Avg Persistent packets: 108126.64
  Avg Non-Persistent packets: 96989.46

Summary for Connections 1201 to 1250:
  Avg Non-persistent count: 49368.38
  Avg Persistent count: 49939.92
  Avg Total when both present: 99308.30
  Avg Only persistent count: 16462.58
  Avg Only non-persistent count: 4889.16
  Avg Persistent bytes read: 113800028.64
  Avg Non-persistent bytes read: 102159566.72
  Avg Persistent ratio: 0.52
  Avg Non-persistent ratio: 0.48
  Avg Connection 2 duration: 1.736885 sec
  Avg Throughput Persistent: 523.97 Mbps
  Avg Throughput Non-Persistent: 470.60 Mbps
  Avg Persistent packets: 108432.56
  Avg Non-Persistent packets: 97249.72

Summary for Connections 1251 to 1300:
  Avg Non-persistent count: 49598.94
  Avg Persistent count: 50187.28
  Avg Total when both present: 99786.22
  Avg Only persistent count: 16066.42
  Avg Only non-persistent count: 4525.72
  Avg Persistent bytes read: 113758124.16
  Avg Non-persistent bytes read: 102154666.40
  Avg Persistent ratio: 0.50
  Avg Non-persistent ratio: 0.50
  Avg Connection 2 duration: 1.736496 sec
  Avg Throughput Persistent: 524.20 Mbps
  Avg Throughput Non-Persistent: 470.62 Mbps
  Avg Persistent packets: 108506.96
  Avg Non-Persistent packets: 97359.08

Summary for Connections 1301 to 1350:
  Avg Non-persistent count: 49462.60
  Avg Persistent count: 49762.58
  Avg Total when both present: 99225.18
  Avg Only persistent count: 16466.74
  Avg Only non-persistent count: 4933.28
  Avg Persistent bytes read: 113763741.12
  Avg Non-persistent bytes read: 102164045.92
  Avg Persistent ratio: 0.49
  Avg Non-persistent ratio: 0.51
  Avg Connection 2 duration: 1.736625 sec
  Avg Throughput Persistent: 523.92 Mbps
  Avg Throughput Non-Persistent: 470.80 Mbps
  Avg Persistent packets: 108345.08
  Avg Non-Persistent packets: 97207.02

Summary for Connections 1351 to 1400:
  Avg Non-persistent count: 49438.68
  Avg Persistent count: 49747.78
  Avg Total when both present: 99186.46
  Avg Only persistent count: 16507.04
  Avg Only non-persistent count: 4969.84
  Avg Persistent bytes read: 113772363.36
  Avg Non-persistent bytes read: 102163931.04
  Avg Persistent ratio: 0.49
  Avg Non-persistent ratio: 0.51
  Avg Connection 2 duration: 1.736801 sec
  Avg Throughput Persistent: 524.63 Mbps
  Avg Throughput Non-Persistent: 470.00 Mbps
  Avg Persistent packets: 108359.46
  Avg Non-Persistent packets: 97212.76

Summary for Connections 1401 to 1450:
  Avg Non-persistent count: 49153.78
  Avg Persistent count: 48941.40
  Avg Total when both present: 98095.18
  Avg Only persistent count: 17185.76
  Avg Only non-persistent count: 5685.14
  Avg Persistent bytes read: 113757292.16
  Avg Non-persistent bytes read: 102179533.12
  Avg Persistent ratio: 0.51
  Avg Non-persistent ratio: 0.49
  Avg Connection 2 duration: 1.736720 sec
  Avg Throughput Persistent: 523.94 Mbps
  Avg Throughput Non-Persistent: 470.67 Mbps
  Avg Persistent packets: 107977.06
  Avg Non-Persistent packets: 96865.96

Summary for Connections 1451 to 1500:
  Avg Non-persistent count: 49631.40
  Avg Persistent count: 50109.74
  Avg Total when both present: 99741.14
  Avg Only persistent count: 15984.42
  Avg Only non-persistent count: 4564.42
  Avg Persistent bytes read: 113637823.68
  Avg Non-persistent bytes read: 102153782.08
  Avg Persistent ratio: 0.51
  Avg Non-persistent ratio: 0.49
  Avg Connection 2 duration: 1.735517 sec
  Avg Throughput Persistent: 524.22 Mbps
  Avg Throughput Non-Persistent: 470.38 Mbps
  Avg Persistent packets: 108387.16
  Avg Non-Persistent packets: 97361.02

Summary for Connections 1501 to 1550:
  Avg Non-persistent count: 49649.68
  Avg Persistent count: 50405.90
  Avg Total when both present: 100055.58
  Avg Only persistent count: 15860.32
  Avg Only non-persistent count: 4321.06
  Avg Persistent bytes read: 113753345.12
  Avg Non-persistent bytes read: 102154207.68
  Avg Persistent ratio: 0.51
  Avg Non-persistent ratio: 0.49
  Avg Connection 2 duration: 1.736571 sec
  Avg Throughput Persistent: 523.84 Mbps
  Avg Throughput Non-Persistent: 470.83 Mbps
  Avg Persistent packets: 108578.90
  Avg Non-Persistent packets: 97431.62

Summary for Connections 1551 to 1600:
  Avg Non-persistent count: 49312.44
  Avg Persistent count: 49496.02
  Avg Total when both present: 98808.46
  Avg Only persistent count: 16755.84
  Avg Only non-persistent count: 5207.04
  Avg Persistent bytes read: 113780972.96
  Avg Non-persistent bytes read: 102166965.92
  Avg Persistent ratio: 0.50
  Avg Non-persistent ratio: 0.50
  Avg Connection 2 duration: 1.736765 sec
  Avg Throughput Persistent: 523.95 Mbps
  Avg Throughput Non-Persistent: 470.62 Mbps
  Avg Persistent packets: 108234.16
  Avg Non-Persistent packets: 97077.04

Summary for Connections 1601 to 1650:
  Avg Non-persistent count: 49456.58
  Avg Persistent count: 49955.78
  Avg Total when both present: 99412.36
  Avg Only persistent count: 16325.00
  Avg Only non-persistent count: 4799.62
  Avg Persistent bytes read: 113752748.96
  Avg Non-persistent bytes read: 102161622.88
  Avg Persistent ratio: 0.49
  Avg Non-persistent ratio: 0.51
  Avg Connection 2 duration: 1.736529 sec
  Avg Throughput Persistent: 524.76 Mbps
  Avg Throughput Non-Persistent: 469.84 Mbps
  Avg Persistent packets: 108388.50
  Avg Non-Persistent packets: 97258.40

Summary for Connections 1651 to 1700:
  Avg Non-persistent count: 49543.18
  Avg Persistent count: 49451.46
  Avg Total when both present: 98994.64
  Avg Only persistent count: 16578.42
  Avg Only non-persistent count: 5064.48
  Avg Persistent bytes read: 113749394.56
  Avg Non-persistent bytes read: 102159913.12
  Avg Persistent ratio: 0.50
  Avg Non-persistent ratio: 0.50
  Avg Connection 2 duration: 1.736567 sec
  Avg Throughput Persistent: 524.10 Mbps
  Avg Throughput Non-Persistent: 470.58 Mbps
  Avg Persistent packets: 108239.44
  Avg Non-Persistent packets: 97114.12

Summary for Connections 1701 to 1750:
  Avg Non-persistent count: 49439.98
  Avg Persistent count: 50551.08
  Avg Total when both present: 99991.06
  Avg Only persistent count: 15872.88
  Avg Only non-persistent count: 4354.80
  Avg Persistent bytes read: 113758963.36
  Avg Non-persistent bytes read: 102164463.68
  Avg Persistent ratio: 0.51
  Avg Non-persistent ratio: 0.49
  Avg Connection 2 duration: 1.736618 sec
  Avg Throughput Persistent: 523.85 Mbps
  Avg Throughput Non-Persistent: 470.90 Mbps
  Avg Persistent packets: 108526.36
  Avg Non-Persistent packets: 97398.60

Summary for Connections 1751 to 1800:
  Avg Non-persistent count: 49766.00
  Avg Persistent count: 50554.22
  Avg Total when both present: 100320.22
  Avg Only persistent count: 15658.22
  Avg Only non-persistent count: 4131.22
  Avg Persistent bytes read: 113764505.28
  Avg Non-persistent bytes read: 102163883.52
  Avg Persistent ratio: 0.50
  Avg Non-persistent ratio: 0.50
  Avg Connection 2 duration: 1.736738 sec
  Avg Throughput Persistent: 524.05 Mbps
  Avg Throughput Non-Persistent: 470.71 Mbps
  Avg Persistent packets: 108634.08
  Avg Non-Persistent packets: 97500.96

Summary for Connections 1801 to 1850:
  Avg Non-persistent count: 49731.16
  Avg Persistent count: 49979.46
  Avg Total when both present: 99710.62
  Avg Only persistent count: 16003.24
  Avg Only non-persistent count: 4578.16
  Avg Persistent bytes read: 113652548.80
  Avg Non-persistent bytes read: 102162563.36
  Avg Persistent ratio: 0.50
  Avg Non-persistent ratio: 0.50
  Avg Connection 2 duration: 1.735663 sec
  Avg Throughput Persistent: 524.05 Mbps
  Avg Throughput Non-Persistent: 470.61 Mbps
  Avg Persistent packets: 108375.74
  Avg Non-Persistent packets: 97341.54

Summary for Connections 1851 to 1900:
  Avg Non-persistent count: 49555.68
  Avg Persistent count: 50858.12
  Avg Total when both present: 100413.80
  Avg Only persistent count: 15617.60
  Avg Only non-persistent count: 4100.78
  Avg Persistent bytes read: 113751583.52
  Avg Non-persistent bytes read: 102168492.00
  Avg Persistent ratio: 0.50
  Avg Non-persistent ratio: 0.50
  Avg Connection 2 duration: 1.736632 sec
  Avg Throughput Persistent: 523.67 Mbps
  Avg Throughput Non-Persistent: 471.02 Mbps
  Avg Persistent packets: 108687.28
  Avg Non-Persistent packets: 97562.18

Summary for Connections 1901 to 1950:
  Avg Non-persistent count: 49785.98
  Avg Persistent count: 50636.92
  Avg Total when both present: 100422.90
  Avg Only persistent count: 15626.88
  Avg Only non-persistent count: 4080.56
  Avg Persistent bytes read: 113781783.84
  Avg Non-persistent bytes read: 102164080.00
  Avg Persistent ratio: 0.52
  Avg Non-persistent ratio: 0.48
  Avg Connection 2 duration: 1.736795 sec
  Avg Throughput Persistent: 524.11 Mbps
  Avg Throughput Non-Persistent: 470.59 Mbps
  Avg Persistent packets: 108699.92
  Avg Non-Persistent packets: 97549.70

Summary for Connections 1951 to 1961:
  Avg Non-persistent count: 46788.55
  Avg Persistent count: 48057.09
  Avg Total when both present: 94845.64
  Avg Only persistent count: 15460.45
  Avg Only non-persistent count: 9436.00
  Avg Persistent bytes read: 108205878.55
  Avg Non-persistent bytes read: 102152738.18
  Avg Persistent ratio: 0.49
  Avg Non-persistent ratio: 0.51
  Avg Connection 2 duration: 1.689274 sec
  Avg Throughput Persistent: 347.96 Mbps
  Avg Throughput Non-Persistent: 669.46 Mbps
  Avg Persistent packets: 103337.55
  Avg Non-Persistent packets: 97517.64


Overall Statistics (Averaged):
Average events when both were present: 99210.23
Average Persistent count: 49790.34
Average Non-Persistent count: 49419.89
Average Persistent Ratio: 0.50
Average Non-Persistent Ratio: 0.50
Rejected connections: 0
Average Only Persistent count: 16621.33
Average Only Non Persistent count: 4944.17
Average persistent bytes per connection: 113914229.88
Average non-persistent bytes per connection: 102165572.66
Average persistent packets per connection: 108492.70
Average non-persistent packets per connection: 97210.29
Total persistent duration: 3600.011430 sec
Total non-persistent duration: 3406.466275 sec
Average Throughput Persistent: 496.41 Mbps
Average Throughput Non-Persistent: 470.51 Mbps
